<?xml version="1.0" encoding="UTF-8"?>
<testsuites name="Run All Claim MV" time="1983" tests="0" failures="2" errors="1">
   <testsuite name="Run All Claim MV" tests="0" failures="2" errors="1" time="1983" timestamp="2018-11-27 14:25:58" hostname="BTE - SMHONB17D34BTE.aab.asuransi.astra.co.id" id="Test Suites/Run All Claim MV">
      <properties>
         <property name="deviceName" value=""/>
         <property name="devicePlatform" value=""/>
         <property name="logFolder" value="D:\\BTE\\Katalon Studio\\Garda Akses\\Reports\\Run All Claim MV\\20181127_142555"/>
         <property name="logFiles" value="D:\\BTE\\Katalon Studio\\Garda Akses\\Reports\\Run All Claim MV\\20181127_142555\\execution0.log"/>
         <property name="attachments" value="D:\\BTE\\Katalon Studio\\Garda Akses\\Reports\\Run All Claim MV\\20181127_142555\\1543305540271.png"/>
         <property name="hostName" value="BTE - SMHONB17D34BTE.aab.asuransi.astra.co.id"/>
         <property name="os" value="Windows 10 64bit"/>
         <property name="katalonVersion" value="5.8.6.1"/>
         <property name="browser" value="Chrome 70.0.3538.102"/>
         <property name="dbServerInfo" value="Microsoft SQL Server 11.00.5058"/>
         <property name="hostAddress" value="10.242.10.118"/>
         <property name="sessionId" value="6f66d32f426ab578fba594f7c6ee08ce"/>
         <property name="seleniumVersion" value="3.7.1"/>
         <property name="proxyInformation" value="ProxyInformation{proxyOption=NO_PROXY, proxyServerType=HTTP, password=, proxyServerAddress=, proxyServerPort=0}"/>
         <property name="platform" value="Windows 10"/>
      </properties>
      <testcase name="Test Cases/Scenario/Claim MV - In RO" classname="Test Cases/Scenario/Claim MV - In RO" status="FAILED">
         <failure type="FAILED" message="(Stack trace: com.kms.katalon.core.exception.StepFailedException: Unable to click on object 'Object Repository/Claim MV/Claim MV/BTN_SAVE_OK' (Root cause: org.openqa.selenium.WebDriverException: chrome not reachable
  (Session info: chrome=70.0.3538.102)
  (Driver info: chromedriver=2.43.600210 (68dcf5eebde37173d4027fa8635e332711d2874a),platform=Windows NT 10.0.16299 x86_64) (WARNING: The server did not provide any stacktrace information)
Command duration or timeout: 0 milliseconds
Build info: version: '3.7.1', revision: '8a0099a', time: '2017-11-06T21:07:36.161Z'
System info: host: 'SMHONB17D34BTE', ip: '10.242.10.118', os.name: 'Windows 10', os.arch: 'amd64', os.version: '10.0', java.version: '1.8.0_181'
Driver info: com.kms.katalon.selenium.driver.CChromeDriver
Capabilities {acceptInsecureCerts: false, acceptSslCerts: false, applicationCacheEnabled: false, browserConnectionEnabled: false, browserName: chrome, chrome: {chromedriverVersion: 2.43.600210 (68dcf5eebde371..., userDataDir: C:\Users\bte\AppData\Local\...}, cssSelectorsEnabled: true, databaseEnabled: false, goog:chromeOptions: {debuggerAddress: localhost:53075}, handlesAlerts: true, hasTouchScreen: false, javascriptEnabled: true, locationContextEnabled: true, mobileEmulationEnabled: false, nativeEvents: true, networkConnectionEnabled: false, pageLoadStrategy: normal, platform: XP, platformName: XP, rotatable: false, setWindowRect: true, takesHeapSnapshot: true, takesScreenshot: true, unexpectedAlertBehaviour: , unhandledPromptBehavior: , version: 70.0.3538.102, webStorageEnabled: true}
Session ID: 2ac061aff90f4c740ef82b8d28896a62
*** Element info: {Using=xpath, value=/html/frameset/frame})
	at com.kms.katalon.core.keyword.internal.KeywordMain.stepFailed(KeywordMain.groovy:36)
	at com.kms.katalon.core.webui.keyword.internal.WebUIKeywordMain.stepFailed(WebUIKeywordMain.groovy:65)
	at com.kms.katalon.core.webui.keyword.internal.WebUIKeywordMain.runKeyword(WebUIKeywordMain.groovy:27)
	at com.kms.katalon.core.webui.keyword.builtin.ClickKeyword.click(ClickKeyword.groovy:86)
	at com.kms.katalon.core.webui.keyword.builtin.ClickKeyword.execute(ClickKeyword.groovy:67)
	at com.kms.katalon.core.keyword.internal.KeywordExecutor.executeKeywordForPlatform(KeywordExecutor.groovy:53)
	at com.kms.katalon.core.webui.keyword.WebUiBuiltInKeywords.click(WebUiBuiltInKeywords.groovy:616)
	at com.kms.katalon.core.webui.keyword.WebUiBuiltInKeywords$click$2.call(Unknown Source)
	at org.codehaus.groovy.runtime.callsite.CallSiteArray.defaultCall(CallSiteArray.java:48)
	at org.codehaus.groovy.runtime.callsite.AbstractCallSite.call(AbstractCallSite.java:113)
	at org.codehaus.groovy.runtime.callsite.AbstractCallSite.call(AbstractCallSite.java:125)
	at Script1542944761693.run(Script1542944761693.groovy:116)
	at com.kms.katalon.core.main.ScriptEngine.run(ScriptEngine.java:183)
	at com.kms.katalon.core.main.ScriptEngine.runScriptAsRawText(ScriptEngine.java:108)
	at com.kms.katalon.core.main.TestCaseExecutor.runScript(TestCaseExecutor.java:294)
	at com.kms.katalon.core.main.TestCaseExecutor.doExecute(TestCaseExecutor.java:285)
	at com.kms.katalon.core.main.TestCaseExecutor.processExecutionPhase(TestCaseExecutor.java:264)
	at com.kms.katalon.core.main.TestCaseExecutor.accessMainPhase(TestCaseExecutor.java:256)
	at com.kms.katalon.core.main.TestCaseExecutor.execute(TestCaseExecutor.java:200)
	at com.kms.katalon.core.main.TestCaseMain.runTestCase(TestCaseMain.java:99)
	at com.kms.katalon.core.keyword.builtin.CallTestCaseKeyword$_callTestCase_closure1.doCall(CallTestCaseKeyword.groovy:60)
	at com.kms.katalon.core.keyword.builtin.CallTestCaseKeyword$_callTestCase_closure1.call(CallTestCaseKeyword.groovy)
	at com.kms.katalon.core.keyword.internal.KeywordMain.runKeyword(KeywordMain.groovy:54)
	at com.kms.katalon.core.keyword.builtin.CallTestCaseKeyword.callTestCase(CallTestCaseKeyword.groovy:81)
	at com.kms.katalon.core.keyword.builtin.CallTestCaseKeyword.execute(CallTestCaseKeyword.groovy:45)
	at com.kms.katalon.core.keyword.internal.KeywordExecutor.executeKeywordForPlatform(KeywordExecutor.groovy:53)
	at com.kms.katalon.core.keyword.BuiltinKeywords.callTestCase(BuiltinKeywords.groovy:334)
	at sun.reflect.NativeMethodAccessorImpl.invoke0(Native Method)
	at sun.reflect.NativeMethodAccessorImpl.invoke(NativeMethodAccessorImpl.java:62)
	at sun.reflect.DelegatingMethodAccessorImpl.invoke(DelegatingMethodAccessorImpl.java:43)
	at java.lang.reflect.Method.invoke(Method.java:498)
	at org.codehaus.groovy.reflection.CachedMethod.invoke(CachedMethod.java:93)
	at groovy.lang.MetaMethod.doMethodInvoke(MetaMethod.java:325)
	at groovy.lang.MetaClassImpl.invokeStaticMethod(MetaClassImpl.java:1469)
	at org.codehaus.groovy.runtime.callsite.StaticMetaClassSite.call(StaticMetaClassSite.java:53)
	at org.codehaus.groovy.runtime.callsite.CallSiteArray.defaultCall(CallSiteArray.java:48)
	at org.codehaus.groovy.runtime.callsite.AbstractCallSite.call(AbstractCallSite.java:113)
	at org.codehaus.groovy.runtime.callsite.AbstractCallSite.call(AbstractCallSite.java:141)
	at Script1543289523870.run(Script1543289523870.groovy:26)
	at com.kms.katalon.core.main.ScriptEngine.run(ScriptEngine.java:183)
	at com.kms.katalon.core.main.ScriptEngine.runScriptAsRawText(ScriptEngine.java:108)
	at com.kms.katalon.core.main.TestCaseExecutor.runScript(TestCaseExecutor.java:294)
	at com.kms.katalon.core.main.TestCaseExecutor.doExecute(TestCaseExecutor.java:285)
	at com.kms.katalon.core.main.TestCaseExecutor.processExecutionPhase(TestCaseExecutor.java:264)
	at com.kms.katalon.core.main.TestCaseExecutor.accessMainPhase(TestCaseExecutor.java:256)
	at com.kms.katalon.core.main.TestCaseExecutor.execute(TestCaseExecutor.java:200)
	at com.kms.katalon.core.main.TestSuiteExecutor.accessTestCaseMainPhase(TestSuiteExecutor.java:129)
	at com.kms.katalon.core.main.TestSuiteExecutor.accessTestSuiteMainPhase(TestSuiteExecutor.java:112)
	at com.kms.katalon.core.main.TestSuiteExecutor.execute(TestSuiteExecutor.java:81)
	at com.kms.katalon.core.main.TestCaseMain.startTestSuite(TestCaseMain.java:142)
	at com.kms.katalon.core.main.TestCaseMain$startTestSuite$0.call(Unknown Source)
	at org.codehaus.groovy.runtime.callsite.CallSiteArray.defaultCall(CallSiteArray.java:48)
	at org.codehaus.groovy.runtime.callsite.AbstractCallSite.call(AbstractCallSite.java:113)
	at org.codehaus.groovy.runtime.callsite.AbstractCallSite.call(AbstractCallSite.java:141)
	at TempTestSuite1543303555032.run(TempTestSuite1543303555032.groovy:36)
	at groovy.lang.GroovyShell.runScriptOrMainOrTestOrRunnable(GroovyShell.java:263)
	at groovy.lang.GroovyShell.run(GroovyShell.java:518)
	at groovy.lang.GroovyShell.run(GroovyShell.java:507)
	at groovy.ui.GroovyMain.processOnce(GroovyMain.java:653)
	at groovy.ui.GroovyMain.run(GroovyMain.java:384)
	at groovy.ui.GroovyMain.process(GroovyMain.java:370)
	at groovy.ui.GroovyMain.processArgs(GroovyMain.java:129)
	at groovy.ui.GroovyMain.main(GroovyMain.java:109)
	at sun.reflect.NativeMethodAccessorImpl.invoke0(Native Method)
	at sun.reflect.NativeMethodAccessorImpl.invoke(NativeMethodAccessorImpl.java:62)
	at sun.reflect.DelegatingMethodAccessorImpl.invoke(DelegatingMethodAccessorImpl.java:43)
	at java.lang.reflect.Method.invoke(Method.java:498)
	at org.codehaus.groovy.tools.GroovyStarter.rootLoader(GroovyStarter.java:109)
	at org.codehaus.groovy.tools.GroovyStarter.main(GroovyStarter.java:131)
)"/>
         <system-out><![CDATA[2018-11-27 14:25:58 - [TEST_CASE][FAILED] - Test Cases/Scenario/Claim MV - In RO: Test Cases/Scenario/Claim MV - In RO FAILED because (of) (Stack trace: com.kms.katalon.core.exception.StepFailedException: Unable to click on object 'Object Repository/Claim MV/Claim MV/BTN_SAVE_OK' (Root cause: org.openqa.selenium.WebDriverException: chrome not reachable
  (Session info: chrome=70.0.3538.102)
  (Driver info: chromedriver=2.43.600210 (68dcf5eebde37173d4027fa8635e332711d2874a),platform=Windows NT 10.0.16299 x86_64) (WARNING: The server did not provide any stacktrace information)
Command duration or timeout: 0 milliseconds
Build info: version: '3.7.1', revision: '8a0099a', time: '2017-11-06T21:07:36.161Z'
System info: host: 'SMHONB17D34BTE', ip: '10.242.10.118', os.name: 'Windows 10', os.arch: 'amd64', os.version: '10.0', java.version: '1.8.0_181'
Driver info: com.kms.katalon.selenium.driver.CChromeDriver
Capabilities {acceptInsecureCerts: false, acceptSslCerts: false, applicationCacheEnabled: false, browserConnectionEnabled: false, browserName: chrome, chrome: {chromedriverVersion: 2.43.600210 (68dcf5eebde371..., userDataDir: C:\Users\bte\AppData\Local\...}, cssSelectorsEnabled: true, databaseEnabled: false, goog:chromeOptions: {debuggerAddress: localhost:53075}, handlesAlerts: true, hasTouchScreen: false, javascriptEnabled: true, locationContextEnabled: true, mobileEmulationEnabled: false, nativeEvents: true, networkConnectionEnabled: false, pageLoadStrategy: normal, platform: XP, platformName: XP, rotatable: false, setWindowRect: true, takesHeapSnapshot: true, takesScreenshot: true, unexpectedAlertBehaviour: , unhandledPromptBehavior: , version: 70.0.3538.102, webStorageEnabled: true}
Session ID: 2ac061aff90f4c740ef82b8d28896a62
*** Element info: {Using=xpath, value=/html/frameset/frame})
	at com.kms.katalon.core.keyword.internal.KeywordMain.stepFailed(KeywordMain.groovy:36)
	at com.kms.katalon.core.webui.keyword.internal.WebUIKeywordMain.stepFailed(WebUIKeywordMain.groovy:65)
	at com.kms.katalon.core.webui.keyword.internal.WebUIKeywordMain.runKeyword(WebUIKeywordMain.groovy:27)
	at com.kms.katalon.core.webui.keyword.builtin.ClickKeyword.click(ClickKeyword.groovy:86)
	at com.kms.katalon.core.webui.keyword.builtin.ClickKeyword.execute(ClickKeyword.groovy:67)
	at com.kms.katalon.core.keyword.internal.KeywordExecutor.executeKeywordForPlatform(KeywordExecutor.groovy:53)
	at com.kms.katalon.core.webui.keyword.WebUiBuiltInKeywords.click(WebUiBuiltInKeywords.groovy:616)
	at com.kms.katalon.core.webui.keyword.WebUiBuiltInKeywords$click$2.call(Unknown Source)
	at org.codehaus.groovy.runtime.callsite.CallSiteArray.defaultCall(CallSiteArray.java:48)
	at org.codehaus.groovy.runtime.callsite.AbstractCallSite.call(AbstractCallSite.java:113)
	at org.codehaus.groovy.runtime.callsite.AbstractCallSite.call(AbstractCallSite.java:125)
	at Script1542944761693.run(Script1542944761693.groovy:116)
	at com.kms.katalon.core.main.ScriptEngine.run(ScriptEngine.java:183)
	at com.kms.katalon.core.main.ScriptEngine.runScriptAsRawText(ScriptEngine.java:108)
	at com.kms.katalon.core.main.TestCaseExecutor.runScript(TestCaseExecutor.java:294)
	at com.kms.katalon.core.main.TestCaseExecutor.doExecute(TestCaseExecutor.java:285)
	at com.kms.katalon.core.main.TestCaseExecutor.processExecutionPhase(TestCaseExecutor.java:264)
	at com.kms.katalon.core.main.TestCaseExecutor.accessMainPhase(TestCaseExecutor.java:256)
	at com.kms.katalon.core.main.TestCaseExecutor.execute(TestCaseExecutor.java:200)
	at com.kms.katalon.core.main.TestCaseMain.runTestCase(TestCaseMain.java:99)
	at com.kms.katalon.core.keyword.builtin.CallTestCaseKeyword$_callTestCase_closure1.doCall(CallTestCaseKeyword.groovy:60)
	at com.kms.katalon.core.keyword.builtin.CallTestCaseKeyword$_callTestCase_closure1.call(CallTestCaseKeyword.groovy)
	at com.kms.katalon.core.keyword.internal.KeywordMain.runKeyword(KeywordMain.groovy:54)
	at com.kms.katalon.core.keyword.builtin.CallTestCaseKeyword.callTestCase(CallTestCaseKeyword.groovy:81)
	at com.kms.katalon.core.keyword.builtin.CallTestCaseKeyword.execute(CallTestCaseKeyword.groovy:45)
	at com.kms.katalon.core.keyword.internal.KeywordExecutor.executeKeywordForPlatform(KeywordExecutor.groovy:53)
	at com.kms.katalon.core.keyword.BuiltinKeywords.callTestCase(BuiltinKeywords.groovy:334)
	at sun.reflect.NativeMethodAccessorImpl.invoke0(Native Method)
	at sun.reflect.NativeMethodAccessorImpl.invoke(NativeMethodAccessorImpl.java:62)
	at sun.reflect.DelegatingMethodAccessorImpl.invoke(DelegatingMethodAccessorImpl.java:43)
	at java.lang.reflect.Method.invoke(Method.java:498)
	at org.codehaus.groovy.reflection.CachedMethod.invoke(CachedMethod.java:93)
	at groovy.lang.MetaMethod.doMethodInvoke(MetaMethod.java:325)
	at groovy.lang.MetaClassImpl.invokeStaticMethod(MetaClassImpl.java:1469)
	at org.codehaus.groovy.runtime.callsite.StaticMetaClassSite.call(StaticMetaClassSite.java:53)
	at org.codehaus.groovy.runtime.callsite.CallSiteArray.defaultCall(CallSiteArray.java:48)
	at org.codehaus.groovy.runtime.callsite.AbstractCallSite.call(AbstractCallSite.java:113)
	at org.codehaus.groovy.runtime.callsite.AbstractCallSite.call(AbstractCallSite.java:141)
	at Script1543289523870.run(Script1543289523870.groovy:26)
	at com.kms.katalon.core.main.ScriptEngine.run(ScriptEngine.java:183)
	at com.kms.katalon.core.main.ScriptEngine.runScriptAsRawText(ScriptEngine.java:108)
	at com.kms.katalon.core.main.TestCaseExecutor.runScript(TestCaseExecutor.java:294)
	at com.kms.katalon.core.main.TestCaseExecutor.doExecute(TestCaseExecutor.java:285)
	at com.kms.katalon.core.main.TestCaseExecutor.processExecutionPhase(TestCaseExecutor.java:264)
	at com.kms.katalon.core.main.TestCaseExecutor.accessMainPhase(TestCaseExecutor.java:256)
	at com.kms.katalon.core.main.TestCaseExecutor.execute(TestCaseExecutor.java:200)
	at com.kms.katalon.core.main.TestSuiteExecutor.accessTestCaseMainPhase(TestSuiteExecutor.java:129)
	at com.kms.katalon.core.main.TestSuiteExecutor.accessTestSuiteMainPhase(TestSuiteExecutor.java:112)
	at com.kms.katalon.core.main.TestSuiteExecutor.execute(TestSuiteExecutor.java:81)
	at com.kms.katalon.core.main.TestCaseMain.startTestSuite(TestCaseMain.java:142)
	at com.kms.katalon.core.main.TestCaseMain$startTestSuite$0.call(Unknown Source)
	at org.codehaus.groovy.runtime.callsite.CallSiteArray.defaultCall(CallSiteArray.java:48)
	at org.codehaus.groovy.runtime.callsite.AbstractCallSite.call(AbstractCallSite.java:113)
	at org.codehaus.groovy.runtime.callsite.AbstractCallSite.call(AbstractCallSite.java:141)
	at TempTestSuite1543303555032.run(TempTestSuite1543303555032.groovy:36)
	at groovy.lang.GroovyShell.runScriptOrMainOrTestOrRunnable(GroovyShell.java:263)
	at groovy.lang.GroovyShell.run(GroovyShell.java:518)
	at groovy.lang.GroovyShell.run(GroovyShell.java:507)
	at groovy.ui.GroovyMain.processOnce(GroovyMain.java:653)
	at groovy.ui.GroovyMain.run(GroovyMain.java:384)
	at groovy.ui.GroovyMain.process(GroovyMain.java:370)
	at groovy.ui.GroovyMain.processArgs(GroovyMain.java:129)
	at groovy.ui.GroovyMain.main(GroovyMain.java:109)
	at sun.reflect.NativeMethodAccessorImpl.invoke0(Native Method)
	at sun.reflect.NativeMethodAccessorImpl.invoke(NativeMethodAccessorImpl.java:62)
	at sun.reflect.DelegatingMethodAccessorImpl.invoke(DelegatingMethodAccessorImpl.java:43)
	at java.lang.reflect.Method.invoke(Method.java:498)
	at org.codehaus.groovy.tools.GroovyStarter.rootLoader(GroovyStarter.java:109)
	at org.codehaus.groovy.tools.GroovyStarter.main(GroovyStarter.java:131)
)

2018-11-27 14:25:59 - [TEST_STEP][PASSED] - callTestCase: Call Test Case 'Test Cases/Screen/Login' successfully

2018-11-27 14:25:59 - [TEST_CASE][PASSED] - Test Cases/Screen/Login: Test Cases/Screen/Login

2018-11-27 14:26:00 - [TEST_STEP][PASSED] - openBrowser: Browser is opened with url: ''

2018-11-27 14:26:06 - [MESSAGE][PASSED] - Browser is opened with url: ''

2018-11-27 14:26:06 - [TEST_STEP][PASSED] - navigateToUrl: Navigate to 'https://gardaakses-qc.asuransiastra.com/gardaakses' successfully

2018-11-27 14:26:39 - [MESSAGE][PASSED] - Navigate to 'https://gardaakses-qc.asuransiastra.com/gardaakses' successfully

2018-11-27 14:26:39 - [TEST_STEP][PASSED] - delay: Delayed 1 second(s)

2018-11-27 14:26:40 - [MESSAGE][PASSED] - Delayed 1 second(s)

2018-11-27 14:26:40 - [TEST_STEP][PASSED] - setText: Text 'tdi' is set on object 'Object Repository/Login/TXT_USERID'

2018-11-27 14:26:40 - [MESSAGE][PASSED] - Text 'tdi' is set on object 'Object Repository/Login/TXT_USERID'

2018-11-27 14:26:40 - [TEST_STEP][PASSED] - delay: Delayed 1 second(s)

2018-11-27 14:26:41 - [MESSAGE][PASSED] - Delayed 1 second(s)

2018-11-27 14:26:41 - [TEST_STEP][PASSED] - setText: Text 'P@ssw0rd' is set on object 'Object Repository/Login/TXT_PASSWORD'

2018-11-27 14:26:41 - [MESSAGE][PASSED] - Text 'P@ssw0rd' is set on object 'Object Repository/Login/TXT_PASSWORD'

2018-11-27 14:26:41 - [TEST_STEP][PASSED] - delay: Delayed 1 second(s)

2018-11-27 14:26:42 - [MESSAGE][PASSED] - Delayed 1 second(s)

2018-11-27 14:26:42 - [TEST_STEP][PASSED] - click: Object: 'Object Repository/Login/BTN_MASUK' is clicked on

2018-11-27 14:26:43 - [MESSAGE][PASSED] - Object: 'Object Repository/Login/BTN_MASUK' is clicked on

2018-11-27 14:26:43 - [TEST_STEP][PASSED] - delay: Delayed 5 second(s)

2018-11-27 14:26:48 - [MESSAGE][PASSED] - Delayed 5 second(s)

2018-11-27 14:26:48 - [MESSAGE][PASSED] - Call Test Case 'Test Cases/Screen/Login' successfully

2018-11-27 14:26:48 - [TEST_STEP][PASSED] - callTestCase: Call Test Case 'Test Cases/Screen/Select Claim MV' successfully

2018-11-27 14:26:48 - [TEST_CASE][PASSED] - Test Cases/Screen/Select Claim MV: Test Cases/Screen/Select Claim MV

2018-11-27 14:26:48 - [TEST_STEP][PASSED] - delay: Delayed 1 second(s)

2018-11-27 14:26:49 - [MESSAGE][PASSED] - Delayed 1 second(s)

2018-11-27 14:26:49 - [TEST_STEP][PASSED] - click: Object: 'Object Repository/Home/HDR_SERVICE_TYPE' is clicked on

2018-11-27 14:26:50 - [MESSAGE][PASSED] - Object: 'Object Repository/Home/HDR_SERVICE_TYPE' is clicked on

2018-11-27 14:26:50 - [TEST_STEP][PASSED] - delay: Delayed 1 second(s)

2018-11-27 14:26:51 - [MESSAGE][PASSED] - Delayed 1 second(s)

2018-11-27 14:26:51 - [TEST_STEP][PASSED] - click: Object: 'Object Repository/Home/BTN_CLAIM_MV' is clicked on

2018-11-27 14:27:10 - [MESSAGE][PASSED] - Object: 'Object Repository/Home/BTN_CLAIM_MV' is clicked on

2018-11-27 14:27:10 - [TEST_STEP][PASSED] - delay: Delayed 20 second(s)

2018-11-27 14:27:30 - [MESSAGE][PASSED] - Delayed 20 second(s)

2018-11-27 14:27:30 - [MESSAGE][PASSED] - Call Test Case 'Test Cases/Screen/Select Claim MV' successfully

2018-11-27 14:27:30 - [TEST_STEP][PASSED] - callTestCase: Call Test Case 'Test Cases/Screen/Create Ticket' successfully

2018-11-27 14:27:30 - [TEST_CASE][PASSED] - Test Cases/Screen/Create Ticket: Test Cases/Screen/Create Ticket

2018-11-27 14:27:30 - [TEST_STEP][PASSED] - delay: Delayed 3 second(s)

2018-11-27 14:27:33 - [MESSAGE][PASSED] - Delayed 3 second(s)

2018-11-27 14:27:33 - [TEST_STEP][PASSED] - setText: Text 'BTE' is set on object 'Object Repository/Claim MV/Create Ticket/TXT_CALLER_NAME'

2018-11-27 14:27:34 - [MESSAGE][PASSED] - Text 'BTE' is set on object 'Object Repository/Claim MV/Create Ticket/TXT_CALLER_NAME'

2018-11-27 14:27:34 - [TEST_STEP][PASSED] - delay: Delayed 1 second(s)

2018-11-27 14:27:35 - [MESSAGE][PASSED] - Delayed 1 second(s)

2018-11-27 14:27:35 - [TEST_STEP][PASSED] - click: Object: 'Object Repository/Claim MV/Create Ticket/RDB_MALE' is clicked on

2018-11-27 14:27:35 - [MESSAGE][PASSED] - Object: 'Object Repository/Claim MV/Create Ticket/RDB_MALE' is clicked on

2018-11-27 14:27:35 - [TEST_STEP][PASSED] - delay: Delayed 1 second(s)

2018-11-27 14:27:36 - [MESSAGE][PASSED] - Delayed 1 second(s)

2018-11-27 14:27:36 - [TEST_STEP][PASSED] - setText: Text 'bte@mailinator.com' is set on object 'Object Repository/Claim MV/Create Ticket/TXT_EMAIL'

2018-11-27 14:27:36 - [MESSAGE][PASSED] - Text 'bte@mailinator.com' is set on object 'Object Repository/Claim MV/Create Ticket/TXT_EMAIL'

2018-11-27 14:27:36 - [TEST_STEP][PASSED] - delay: Delayed 1 second(s)

2018-11-27 14:27:37 - [MESSAGE][PASSED] - Delayed 1 second(s)

2018-11-27 14:27:37 - [TEST_STEP][PASSED] - click: Object: 'Object Repository/Claim MV/Create Ticket/EXP_RELATIONSHIP' is clicked on

2018-11-27 14:27:37 - [MESSAGE][PASSED] - Object: 'Object Repository/Claim MV/Create Ticket/EXP_RELATIONSHIP' is clicked on

2018-11-27 14:27:38 - [TEST_STEP][PASSED] - delay: Delayed 1 second(s)

2018-11-27 14:27:39 - [MESSAGE][PASSED] - Delayed 1 second(s)

2018-11-27 14:27:39 - [TEST_STEP][PASSED] - click: Object: 'Object Repository/Claim MV/Create Ticket/LST_RELATIONSHIP' is clicked on

2018-11-27 14:27:39 - [MESSAGE][PASSED] - Object: 'Object Repository/Claim MV/Create Ticket/LST_RELATIONSHIP' is clicked on

2018-11-27 14:27:39 - [TEST_STEP][PASSED] - delay: Delayed 1 second(s)

2018-11-27 14:27:40 - [MESSAGE][PASSED] - Delayed 1 second(s)

2018-11-27 14:27:40 - [TEST_STEP][PASSED] - setText: Text '62' is set on object 'Object Repository/Claim MV/Create Ticket/TXT_COUNTRY'

2018-11-27 14:27:40 - [MESSAGE][PASSED] - Text '62' is set on object 'Object Repository/Claim MV/Create Ticket/TXT_COUNTRY'

2018-11-27 14:27:40 - [TEST_STEP][PASSED] - delay: Delayed 1 second(s)

2018-11-27 14:27:41 - [MESSAGE][PASSED] - Delayed 1 second(s)

2018-11-27 14:27:41 - [TEST_STEP][PASSED] - setText: Text '21' is set on object 'Object Repository/Claim MV/Create Ticket/TXT_AREA_CODE'

2018-11-27 14:27:41 - [MESSAGE][PASSED] - Text '21' is set on object 'Object Repository/Claim MV/Create Ticket/TXT_AREA_CODE'

2018-11-27 14:27:41 - [TEST_STEP][PASSED] - delay: Delayed 1 second(s)

2018-11-27 14:27:42 - [MESSAGE][PASSED] - Delayed 1 second(s)

2018-11-27 14:27:42 - [TEST_STEP][PASSED] - setText: Text '232323' is set on object 'Object Repository/Claim MV/Create Ticket/TXT_PHONE_NUMBER'

2018-11-27 14:27:42 - [MESSAGE][PASSED] - Text '232323' is set on object 'Object Repository/Claim MV/Create Ticket/TXT_PHONE_NUMBER'

2018-11-27 14:27:42 - [TEST_STEP][PASSED] - delay: Delayed 1 second(s)

2018-11-27 14:27:43 - [MESSAGE][PASSED] - Delayed 1 second(s)

2018-11-27 14:27:43 - [TEST_STEP][PASSED] - click: Object: 'Object Repository/Claim MV/Create Ticket/BTN_NEXT_1' is clicked on

2018-11-27 14:27:44 - [MESSAGE][PASSED] - Object: 'Object Repository/Claim MV/Create Ticket/BTN_NEXT_1' is clicked on

2018-11-27 14:27:44 - [TEST_STEP][PASSED] - delay: Delayed 12 second(s)

2018-11-27 14:27:56 - [MESSAGE][PASSED] - Delayed 12 second(s)

2018-11-27 14:27:56 - [TEST_STEP][PASSED] - click: Object: 'Object Repository/Claim MV/Create Ticket/LST_CALLER_1' is clicked on

2018-11-27 14:27:56 - [MESSAGE][PASSED] - Object: 'Object Repository/Claim MV/Create Ticket/LST_CALLER_1' is clicked on

2018-11-27 14:27:56 - [TEST_STEP][PASSED] - delay: Delayed 1 second(s)

2018-11-27 14:27:57 - [MESSAGE][PASSED] - Delayed 1 second(s)

2018-11-27 14:27:57 - [TEST_STEP][PASSED] - click: Object: 'Object Repository/Claim MV/Create Ticket/BTN_NEXT_2' is clicked on

2018-11-27 14:27:57 - [MESSAGE][PASSED] - Object: 'Object Repository/Claim MV/Create Ticket/BTN_NEXT_2' is clicked on

2018-11-27 14:27:57 - [TEST_STEP][PASSED] - delay: Delayed 8 second(s)

2018-11-27 14:28:05 - [MESSAGE][PASSED] - Delayed 8 second(s)

2018-11-27 14:28:05 - [TEST_STEP][PASSED] - click: Object: 'Object Repository/Claim MV/Create Ticket/BTN_SAVE' is clicked on

2018-11-27 14:28:05 - [MESSAGE][PASSED] - Object: 'Object Repository/Claim MV/Create Ticket/BTN_SAVE' is clicked on

2018-11-27 14:28:05 - [TEST_STEP][PASSED] - delay: Delayed 3 second(s)

2018-11-27 14:28:08 - [MESSAGE][PASSED] - Delayed 3 second(s)

2018-11-27 14:28:08 - [TEST_STEP][PASSED] - click: Object: 'Object Repository/Claim MV/Create Ticket/BTN_SAVE_YES' is clicked on

2018-11-27 14:28:12 - [MESSAGE][PASSED] - Object: 'Object Repository/Claim MV/Create Ticket/BTN_SAVE_YES' is clicked on

2018-11-27 14:28:12 - [TEST_STEP][PASSED] - delay: Delayed 8 second(s)

2018-11-27 14:28:20 - [MESSAGE][PASSED] - Delayed 8 second(s)

2018-11-27 14:28:20 - [MESSAGE][PASSED] - Call Test Case 'Test Cases/Screen/Create Ticket' successfully

2018-11-27 14:28:20 - [TEST_STEP][PASSED] - callTestCase: Call Test Case 'Test Cases/Screen/Select Claim MV' successfully

2018-11-27 14:28:20 - [TEST_CASE][PASSED] - Test Cases/Screen/Select Claim MV: Test Cases/Screen/Select Claim MV

2018-11-27 14:28:20 - [TEST_STEP][PASSED] - delay: Delayed 1 second(s)

2018-11-27 14:28:21 - [MESSAGE][PASSED] - Delayed 1 second(s)

2018-11-27 14:28:21 - [TEST_STEP][PASSED] - click: Object: 'Object Repository/Home/HDR_SERVICE_TYPE' is clicked on

2018-11-27 14:28:22 - [MESSAGE][PASSED] - Object: 'Object Repository/Home/HDR_SERVICE_TYPE' is clicked on

2018-11-27 14:28:22 - [TEST_STEP][PASSED] - delay: Delayed 1 second(s)

2018-11-27 14:28:23 - [MESSAGE][PASSED] - Delayed 1 second(s)

2018-11-27 14:28:23 - [TEST_STEP][PASSED] - click: Object: 'Object Repository/Home/BTN_CLAIM_MV' is clicked on

2018-11-27 14:28:31 - [MESSAGE][PASSED] - Object: 'Object Repository/Home/BTN_CLAIM_MV' is clicked on

2018-11-27 14:28:31 - [TEST_STEP][PASSED] - delay: Delayed 20 second(s)

2018-11-27 14:28:51 - [MESSAGE][PASSED] - Delayed 20 second(s)

2018-11-27 14:28:51 - [MESSAGE][PASSED] - Call Test Case 'Test Cases/Screen/Select Claim MV' successfully

2018-11-27 14:28:51 - [TEST_STEP][PASSED] - callTestCase: Call Test Case 'Test Cases/Screen/Choose Customer' successfully

2018-11-27 14:28:51 - [TEST_CASE][PASSED] - Test Cases/Screen/Choose Customer: Test Cases/Screen/Choose Customer

2018-11-27 14:28:51 - [TEST_STEP][PASSED] - Statement - policyno = com.kms.katalon.core.testdata.TestDataFactory.findTestData(Policy).getValue(1, 1): Reading database data with query 'SELECT top 1 LTRIM(RTRIM(Policy_No)) AS policyno 
FROM aab.dbo.policy 
WHERE GETDATE() BETWEEN Period_From AND Period_To 
AND Policy_No LIKE '17000%' 
ORDER BY Effective_Date desc'

2018-11-27 14:28:52 - [TEST_STEP][PASSED] - delay: Delayed 1 second(s)

2018-11-27 14:28:53 - [MESSAGE][PASSED] - Delayed 1 second(s)

2018-11-27 14:28:53 - [TEST_STEP][PASSED] - click: Object: 'Object Repository/Claim MV/Choose Customer/EXP_SEARCH_BY_PARAMETER' is clicked on

2018-11-27 14:28:54 - [MESSAGE][PASSED] - Object: 'Object Repository/Claim MV/Choose Customer/EXP_SEARCH_BY_PARAMETER' is clicked on

2018-11-27 14:28:54 - [TEST_STEP][PASSED] - delay: Delayed 1 second(s)

2018-11-27 14:28:55 - [MESSAGE][PASSED] - Delayed 1 second(s)

2018-11-27 14:28:55 - [TEST_STEP][PASSED] - click: Object: 'Object Repository/Claim MV/Choose Customer/LST_SEARCH_BY_PARAMETER' is clicked on

2018-11-27 14:28:55 - [MESSAGE][PASSED] - Object: 'Object Repository/Claim MV/Choose Customer/LST_SEARCH_BY_PARAMETER' is clicked on

2018-11-27 14:28:55 - [TEST_STEP][PASSED] - delay: Delayed 1 second(s)

2018-11-27 14:28:56 - [MESSAGE][PASSED] - Delayed 1 second(s)

2018-11-27 14:28:56 - [TEST_STEP][PASSED] - setText: Text '1700010726' is set on object 'Object Repository/Claim MV/Choose Customer/TXT_SEARCH_BY_INPUT'

2018-11-27 14:28:56 - [MESSAGE][PASSED] - Text '1700010726' is set on object 'Object Repository/Claim MV/Choose Customer/TXT_SEARCH_BY_INPUT'

2018-11-27 14:28:56 - [TEST_STEP][PASSED] - delay: Delayed 1 second(s)

2018-11-27 14:28:57 - [MESSAGE][PASSED] - Delayed 1 second(s)

2018-11-27 14:28:57 - [TEST_STEP][PASSED] - click: Object: 'Object Repository/Claim MV/Choose Customer/BTN_SEARCH' is clicked on

2018-11-27 14:28:58 - [MESSAGE][PASSED] - Object: 'Object Repository/Claim MV/Choose Customer/BTN_SEARCH' is clicked on

2018-11-27 14:28:58 - [TEST_STEP][PASSED] - delay: Delayed 20 second(s)

2018-11-27 14:29:18 - [MESSAGE][PASSED] - Delayed 20 second(s)

2018-11-27 14:29:18 - [TEST_STEP][PASSED] - click: Object: 'Object Repository/Claim MV/Choose Customer/LST_POLICY_NUMBER' is clicked on

2018-11-27 14:29:18 - [MESSAGE][PASSED] - Object: 'Object Repository/Claim MV/Choose Customer/LST_POLICY_NUMBER' is clicked on

2018-11-27 14:29:18 - [TEST_STEP][PASSED] - delay: Delayed 1 second(s)

2018-11-27 14:29:19 - [MESSAGE][PASSED] - Delayed 1 second(s)

2018-11-27 14:29:19 - [TEST_STEP][PASSED] - click: Object: 'Object Repository/Claim MV/Choose Customer/BTN_NEXT' is clicked on

2018-11-27 14:29:19 - [MESSAGE][PASSED] - Object: 'Object Repository/Claim MV/Choose Customer/BTN_NEXT' is clicked on

2018-11-27 14:29:19 - [TEST_STEP][PASSED] - delay: Delayed 10 second(s)

2018-11-27 14:29:29 - [MESSAGE][PASSED] - Delayed 10 second(s)

2018-11-27 14:29:29 - [TEST_STEP][PASSED] - click: Object: 'Object Repository/Claim MV/Choose Customer/BTN_FINISH' is clicked on

2018-11-27 14:29:29 - [MESSAGE][PASSED] - Object: 'Object Repository/Claim MV/Choose Customer/BTN_FINISH' is clicked on

2018-11-27 14:29:29 - [TEST_STEP][PASSED] - delay: Delayed 2 second(s)

2018-11-27 14:29:31 - [MESSAGE][PASSED] - Delayed 2 second(s)

2018-11-27 14:29:31 - [TEST_STEP][PASSED] - click: Object: 'Object Repository/Claim MV/Choose Customer/BTN_YES' is clicked on

2018-11-27 14:29:38 - [MESSAGE][PASSED] - Object: 'Object Repository/Claim MV/Choose Customer/BTN_YES' is clicked on

2018-11-27 14:29:38 - [TEST_STEP][PASSED] - delay: Delayed 7 second(s)

2018-11-27 14:29:45 - [MESSAGE][PASSED] - Delayed 7 second(s)

2018-11-27 14:29:45 - [MESSAGE][PASSED] - Call Test Case 'Test Cases/Screen/Choose Customer' successfully

2018-11-27 14:29:45 - [TEST_STEP][FAILED] - callTestCase: Unable to call Test Case with id 'Test Cases/Screen/Claim MV' (Root cause: Call Test Case 'Test Cases/Screen/Claim MV' failed)

2018-11-27 14:29:45 - [TEST_CASE][FAILED] - Test Cases/Screen/Claim MV: Test Cases/Screen/Claim MV FAILED because (of) (Stack trace: com.kms.katalon.core.exception.StepFailedException: Unable to click on object 'Object Repository/Claim MV/Claim MV/BTN_SAVE_OK' (Root cause: org.openqa.selenium.WebDriverException: chrome not reachable
  (Session info: chrome=70.0.3538.102)
  (Driver info: chromedriver=2.43.600210 (68dcf5eebde37173d4027fa8635e332711d2874a),platform=Windows NT 10.0.16299 x86_64) (WARNING: The server did not provide any stacktrace information)
Command duration or timeout: 0 milliseconds
Build info: version: '3.7.1', revision: '8a0099a', time: '2017-11-06T21:07:36.161Z'
System info: host: 'SMHONB17D34BTE', ip: '10.242.10.118', os.name: 'Windows 10', os.arch: 'amd64', os.version: '10.0', java.version: '1.8.0_181'
Driver info: com.kms.katalon.selenium.driver.CChromeDriver
Capabilities {acceptInsecureCerts: false, acceptSslCerts: false, applicationCacheEnabled: false, browserConnectionEnabled: false, browserName: chrome, chrome: {chromedriverVersion: 2.43.600210 (68dcf5eebde371..., userDataDir: C:\Users\bte\AppData\Local\...}, cssSelectorsEnabled: true, databaseEnabled: false, goog:chromeOptions: {debuggerAddress: localhost:53075}, handlesAlerts: true, hasTouchScreen: false, javascriptEnabled: true, locationContextEnabled: true, mobileEmulationEnabled: false, nativeEvents: true, networkConnectionEnabled: false, pageLoadStrategy: normal, platform: XP, platformName: XP, rotatable: false, setWindowRect: true, takesHeapSnapshot: true, takesScreenshot: true, unexpectedAlertBehaviour: , unhandledPromptBehavior: , version: 70.0.3538.102, webStorageEnabled: true}
Session ID: 2ac061aff90f4c740ef82b8d28896a62
*** Element info: {Using=xpath, value=/html/frameset/frame})
	at com.kms.katalon.core.keyword.internal.KeywordMain.stepFailed(KeywordMain.groovy:36)
	at com.kms.katalon.core.webui.keyword.internal.WebUIKeywordMain.stepFailed(WebUIKeywordMain.groovy:65)
	at com.kms.katalon.core.webui.keyword.internal.WebUIKeywordMain.runKeyword(WebUIKeywordMain.groovy:27)
	at com.kms.katalon.core.webui.keyword.builtin.ClickKeyword.click(ClickKeyword.groovy:86)
	at com.kms.katalon.core.webui.keyword.builtin.ClickKeyword.execute(ClickKeyword.groovy:67)
	at com.kms.katalon.core.keyword.internal.KeywordExecutor.executeKeywordForPlatform(KeywordExecutor.groovy:53)
	at com.kms.katalon.core.webui.keyword.WebUiBuiltInKeywords.click(WebUiBuiltInKeywords.groovy:616)
	at com.kms.katalon.core.webui.keyword.WebUiBuiltInKeywords$click$2.call(Unknown Source)
	at org.codehaus.groovy.runtime.callsite.CallSiteArray.defaultCall(CallSiteArray.java:48)
	at org.codehaus.groovy.runtime.callsite.AbstractCallSite.call(AbstractCallSite.java:113)
	at org.codehaus.groovy.runtime.callsite.AbstractCallSite.call(AbstractCallSite.java:125)
	at Script1542944761693.run(Script1542944761693.groovy:116)
	at com.kms.katalon.core.main.ScriptEngine.run(ScriptEngine.java:183)
	at com.kms.katalon.core.main.ScriptEngine.runScriptAsRawText(ScriptEngine.java:108)
	at com.kms.katalon.core.main.TestCaseExecutor.runScript(TestCaseExecutor.java:294)
	at com.kms.katalon.core.main.TestCaseExecutor.doExecute(TestCaseExecutor.java:285)
	at com.kms.katalon.core.main.TestCaseExecutor.processExecutionPhase(TestCaseExecutor.java:264)
	at com.kms.katalon.core.main.TestCaseExecutor.accessMainPhase(TestCaseExecutor.java:256)
	at com.kms.katalon.core.main.TestCaseExecutor.execute(TestCaseExecutor.java:200)
	at com.kms.katalon.core.main.TestCaseMain.runTestCase(TestCaseMain.java:99)
	at com.kms.katalon.core.keyword.builtin.CallTestCaseKeyword$_callTestCase_closure1.doCall(CallTestCaseKeyword.groovy:60)
	at com.kms.katalon.core.keyword.builtin.CallTestCaseKeyword$_callTestCase_closure1.call(CallTestCaseKeyword.groovy)
	at com.kms.katalon.core.keyword.internal.KeywordMain.runKeyword(KeywordMain.groovy:54)
	at com.kms.katalon.core.keyword.builtin.CallTestCaseKeyword.callTestCase(CallTestCaseKeyword.groovy:81)
	at com.kms.katalon.core.keyword.builtin.CallTestCaseKeyword.execute(CallTestCaseKeyword.groovy:45)
	at com.kms.katalon.core.keyword.internal.KeywordExecutor.executeKeywordForPlatform(KeywordExecutor.groovy:53)
	at com.kms.katalon.core.keyword.BuiltinKeywords.callTestCase(BuiltinKeywords.groovy:334)
	at sun.reflect.NativeMethodAccessorImpl.invoke0(Native Method)
	at sun.reflect.NativeMethodAccessorImpl.invoke(NativeMethodAccessorImpl.java:62)
	at sun.reflect.DelegatingMethodAccessorImpl.invoke(DelegatingMethodAccessorImpl.java:43)
	at java.lang.reflect.Method.invoke(Method.java:498)
	at org.codehaus.groovy.reflection.CachedMethod.invoke(CachedMethod.java:93)
	at groovy.lang.MetaMethod.doMethodInvoke(MetaMethod.java:325)
	at groovy.lang.MetaClassImpl.invokeStaticMethod(MetaClassImpl.java:1469)
	at org.codehaus.groovy.runtime.callsite.StaticMetaClassSite.call(StaticMetaClassSite.java:53)
	at org.codehaus.groovy.runtime.callsite.CallSiteArray.defaultCall(CallSiteArray.java:48)
	at org.codehaus.groovy.runtime.callsite.AbstractCallSite.call(AbstractCallSite.java:113)
	at org.codehaus.groovy.runtime.callsite.AbstractCallSite.call(AbstractCallSite.java:141)
	at Script1543289523870.run(Script1543289523870.groovy:26)
	at com.kms.katalon.core.main.ScriptEngine.run(ScriptEngine.java:183)
	at com.kms.katalon.core.main.ScriptEngine.runScriptAsRawText(ScriptEngine.java:108)
	at com.kms.katalon.core.main.TestCaseExecutor.runScript(TestCaseExecutor.java:294)
	at com.kms.katalon.core.main.TestCaseExecutor.doExecute(TestCaseExecutor.java:285)
	at com.kms.katalon.core.main.TestCaseExecutor.processExecutionPhase(TestCaseExecutor.java:264)
	at com.kms.katalon.core.main.TestCaseExecutor.accessMainPhase(TestCaseExecutor.java:256)
	at com.kms.katalon.core.main.TestCaseExecutor.execute(TestCaseExecutor.java:200)
	at com.kms.katalon.core.main.TestSuiteExecutor.accessTestCaseMainPhase(TestSuiteExecutor.java:129)
	at com.kms.katalon.core.main.TestSuiteExecutor.accessTestSuiteMainPhase(TestSuiteExecutor.java:112)
	at com.kms.katalon.core.main.TestSuiteExecutor.execute(TestSuiteExecutor.java:81)
	at com.kms.katalon.core.main.TestCaseMain.startTestSuite(TestCaseMain.java:142)
	at com.kms.katalon.core.main.TestCaseMain$startTestSuite$0.call(Unknown Source)
	at org.codehaus.groovy.runtime.callsite.CallSiteArray.defaultCall(CallSiteArray.java:48)
	at org.codehaus.groovy.runtime.callsite.AbstractCallSite.call(AbstractCallSite.java:113)
	at org.codehaus.groovy.runtime.callsite.AbstractCallSite.call(AbstractCallSite.java:141)
	at TempTestSuite1543303555032.run(TempTestSuite1543303555032.groovy:36)
	at groovy.lang.GroovyShell.runScriptOrMainOrTestOrRunnable(GroovyShell.java:263)
	at groovy.lang.GroovyShell.run(GroovyShell.java:518)
	at groovy.lang.GroovyShell.run(GroovyShell.java:507)
	at groovy.ui.GroovyMain.processOnce(GroovyMain.java:653)
	at groovy.ui.GroovyMain.run(GroovyMain.java:384)
	at groovy.ui.GroovyMain.process(GroovyMain.java:370)
	at groovy.ui.GroovyMain.processArgs(GroovyMain.java:129)
	at groovy.ui.GroovyMain.main(GroovyMain.java:109)
	at sun.reflect.NativeMethodAccessorImpl.invoke0(Native Method)
	at sun.reflect.NativeMethodAccessorImpl.invoke(NativeMethodAccessorImpl.java:62)
	at sun.reflect.DelegatingMethodAccessorImpl.invoke(DelegatingMethodAccessorImpl.java:43)
	at java.lang.reflect.Method.invoke(Method.java:498)
	at org.codehaus.groovy.tools.GroovyStarter.rootLoader(GroovyStarter.java:109)
	at org.codehaus.groovy.tools.GroovyStarter.main(GroovyStarter.java:131)
)

2018-11-27 14:29:46 - [TEST_STEP][PASSED] - delay: Delayed 1 second(s)

2018-11-27 14:29:47 - [MESSAGE][PASSED] - Delayed 1 second(s)

2018-11-27 14:29:47 - [TEST_STEP][PASSED] - Statement - surveydate = com.kms.katalon.core.testdata.TestDataFactory.findTestData(Holiday).getValue(1, 1): Reading database data with query 'SELECT 
CASE WHEN (SELECT COUNT(*) AS CheckHoliday FROM ( 
				SELECT CONVERT(VARCHAR,HolidayDate,103) AS HolidayDate FROM aab.dbo.Holiday A 
				WHERE A.ActiveStatusID = 1 
				AND A.RowStatus = 0 
				AND (SELECT CONVERT(VARCHAR,HolidayDate,103)) = (SELECT CONVERT(varchar,GETDATE()+1,103)) 
				AND (SELECT DATEPART(DW,GETDATE()+1)) IN (2,3,4,5,6) 
				) AS HOLIDAY 
			) = 0 
			THEN CONVERT(varchar,GETDATE()+1,103) 
	WHEN (SELECT COUNT(*) AS CheckHoliday FROM ( 
				SELECT CONVERT(VARCHAR,HolidayDate,103) AS HolidayDate FROM aab.dbo.Holiday A 
				WHERE A.ActiveStatusID = 1 
				AND A.RowStatus = 0 
				AND (SELECT CONVERT(VARCHAR,HolidayDate,103)) = (SELECT CONVERT(varchar,GETDATE()+2,103)) 
				AND (SELECT DATEPART(DW,GETDATE()+1)) IN (2,3,4,5,6) 
				) AS HOLIDAY 
			) = 0 
			THEN CONVERT(varchar,GETDATE()+2,103) 
	WHEN (SELECT COUNT(*) AS CheckHoliday FROM ( 
				SELECT CONVERT(VARCHAR,HolidayDate,103) AS HolidayDate FROM aab.dbo.Holiday A 
				WHERE A.ActiveStatusID = 1 
				AND A.RowStatus = 0 
				AND (SELECT CONVERT(VARCHAR,HolidayDate,103)) = (SELECT CONVERT(varchar,GETDATE()+3,103)) 
				AND (SELECT DATEPART(DW,GETDATE()+1)) IN (2,3,4,5,6) 
				) AS HOLIDAY 
			) = 0 
			THEN CONVERT(varchar,GETDATE()+3,103) 
END AS SurveySchedule;'

2018-11-27 14:29:49 - [TEST_STEP][PASSED] - Statement - day = surveydate.split("/")[0]: null

2018-11-27 14:29:49 - [TEST_STEP][PASSED] - click: Object: 'Object Repository/Claim MV/Claim MV/EXP_PRODUCT' is clicked on

2018-11-27 14:29:49 - [MESSAGE][PASSED] - Object: 'Object Repository/Claim MV/Claim MV/EXP_PRODUCT' is clicked on

2018-11-27 14:29:49 - [TEST_STEP][PASSED] - delay: Delayed 3 second(s)

2018-11-27 14:29:52 - [MESSAGE][PASSED] - Delayed 3 second(s)

2018-11-27 14:29:52 - [TEST_STEP][PASSED] - click: Object: 'Object Repository/Claim MV/Claim MV/LST_PRODUCT_GO' is clicked on

2018-11-27 14:29:52 - [MESSAGE][PASSED] - Object: 'Object Repository/Claim MV/Claim MV/LST_PRODUCT_GO' is clicked on

2018-11-27 14:29:52 - [TEST_STEP][PASSED] - delay: Delayed 3 second(s)

2018-11-27 14:29:55 - [MESSAGE][PASSED] - Delayed 3 second(s)

2018-11-27 14:29:55 - [TEST_STEP][PASSED] - click: Object: 'Object Repository/Claim MV/Claim MV/EXP_VEHICLE' is clicked on

2018-11-27 14:29:55 - [MESSAGE][PASSED] - Object: 'Object Repository/Claim MV/Claim MV/EXP_VEHICLE' is clicked on

2018-11-27 14:29:55 - [TEST_STEP][PASSED] - delay: Delayed 3 second(s)

2018-11-27 14:29:58 - [MESSAGE][PASSED] - Delayed 3 second(s)

2018-11-27 14:29:58 - [TEST_STEP][PASSED] - click: Object: 'Object Repository/Claim MV/Claim MV/LST_VEHICLE' is clicked on

2018-11-27 14:29:59 - [MESSAGE][PASSED] - Object: 'Object Repository/Claim MV/Claim MV/LST_VEHICLE' is clicked on

2018-11-27 14:29:59 - [TEST_STEP][PASSED] - delay: Delayed 5 second(s)

2018-11-27 14:30:04 - [MESSAGE][PASSED] - Delayed 5 second(s)

2018-11-27 14:30:04 - [TEST_STEP][PASSED] - Statement - driver = com.kms.katalon.core.webui.keyword.WebUiBuiltInKeywords.getAttribute(com.kms.katalon.core.testobject.ObjectRepository.findTestObject(Object Repository/Claim MV/Claim MV/TXT_DRIVER), "value"): Attribute 'value' of object 'Object Repository/Claim MV/Claim MV/TXT_DRIVER' is: 'NAME ON POLICY TAF0040474'

2018-11-27 14:30:04 - [MESSAGE][PASSED] - Attribute 'value' of object 'Object Repository/Claim MV/Claim MV/TXT_DRIVER' is: 'NAME ON POLICY TAF0040474'

2018-11-27 14:30:04 - [TEST_STEP][PASSED] - delay: Delayed 1 second(s)

2018-11-27 14:30:05 - [MESSAGE][PASSED] - Delayed 1 second(s)

2018-11-27 14:30:05 - [TEST_STEP][PASSED] - click: Object: 'Object Repository/Claim MV/Claim MV/EXP_SURVEY_TYPE' is clicked on

2018-11-27 14:30:05 - [MESSAGE][PASSED] - Object: 'Object Repository/Claim MV/Claim MV/EXP_SURVEY_TYPE' is clicked on

2018-11-27 14:30:05 - [TEST_STEP][PASSED] - delay: Delayed 1 second(s)

2018-11-27 14:30:06 - [MESSAGE][PASSED] - Delayed 1 second(s)

2018-11-27 14:30:06 - [TEST_STEP][PASSED] - click: Object: 'Object Repository/Claim MV/Claim MV/LST_SURVEY_TYPE' is clicked on

2018-11-27 14:30:06 - [MESSAGE][PASSED] - Object: 'Object Repository/Claim MV/Claim MV/LST_SURVEY_TYPE' is clicked on

2018-11-27 14:30:06 - [TEST_STEP][PASSED] - delay: Delayed 3 second(s)

2018-11-27 14:30:09 - [MESSAGE][PASSED] - Delayed 3 second(s)

2018-11-27 14:30:09 - [TEST_STEP][FAILED] - Statement - If (surveytype == "Survey-in"): Unable to click on object 'Object Repository/Claim MV/Claim MV/BTN_SAVE_OK' (Root cause: org.openqa.selenium.WebDriverException: chrome not reachable
  (Session info: chrome=70.0.3538.102)
  (Driver info: chromedriver=2.43.600210 (68dcf5eebde37173d4027fa8635e332711d2874a),platform=Windows NT 10.0.16299 x86_64) (WARNING: The server did not provide any stacktrace information)
Command duration or timeout: 0 milliseconds
Build info: version: '3.7.1', revision: '8a0099a', time: '2017-11-06T21:07:36.161Z'
System info: host: 'SMHONB17D34BTE', ip: '10.242.10.118', os.name: 'Windows 10', os.arch: 'amd64', os.version: '10.0', java.version: '1.8.0_181'
Driver info: com.kms.katalon.selenium.driver.CChromeDriver
Capabilities {acceptInsecureCerts: false, acceptSslCerts: false, applicationCacheEnabled: false, browserConnectionEnabled: false, browserName: chrome, chrome: {chromedriverVersion: 2.43.600210 (68dcf5eebde371..., userDataDir: C:\Users\bte\AppData\Local\...}, cssSelectorsEnabled: true, databaseEnabled: false, goog:chromeOptions: {debuggerAddress: localhost:53075}, handlesAlerts: true, hasTouchScreen: false, javascriptEnabled: true, locationContextEnabled: true, mobileEmulationEnabled: false, nativeEvents: true, networkConnectionEnabled: false, pageLoadStrategy: normal, platform: XP, platformName: XP, rotatable: false, setWindowRect: true, takesHeapSnapshot: true, takesScreenshot: true, unexpectedAlertBehaviour: , unhandledPromptBehavior: , version: 70.0.3538.102, webStorageEnabled: true}
Session ID: 2ac061aff90f4c740ef82b8d28896a62
*** Element info: {Using=xpath, value=/html/frameset/frame})

2018-11-27 14:30:09 - [TEST_STEP][PASSED] - click: Object: 'Object Repository/Claim MV/Claim MV/BTN_SURVEY_IN_LOCATION' is clicked on

2018-11-27 14:30:10 - [MESSAGE][PASSED] - Object: 'Object Repository/Claim MV/Claim MV/BTN_SURVEY_IN_LOCATION' is clicked on

2018-11-27 14:30:10 - [TEST_STEP][PASSED] - delay: Delayed 3 second(s)

2018-11-27 14:30:13 - [MESSAGE][PASSED] - Delayed 3 second(s)

2018-11-27 14:30:13 - [TEST_STEP][PASSED] - click: Object: 'Object Repository/Claim MV/Claim MV/IN Location Detail/EXP_SEARCH_BY' is clicked on

2018-11-27 14:30:13 - [MESSAGE][PASSED] - Object: 'Object Repository/Claim MV/Claim MV/IN Location Detail/EXP_SEARCH_BY' is clicked on

2018-11-27 14:30:13 - [TEST_STEP][PASSED] - delay: Delayed 2 second(s)

2018-11-27 14:30:15 - [MESSAGE][PASSED] - Delayed 2 second(s)

2018-11-27 14:30:15 - [TEST_STEP][PASSED] - click: Object: 'Object Repository/Claim MV/Claim MV/IN Location Detail/LST_SEARCH_BY' is clicked on

2018-11-27 14:30:15 - [MESSAGE][PASSED] - Object: 'Object Repository/Claim MV/Claim MV/IN Location Detail/LST_SEARCH_BY' is clicked on

2018-11-27 14:30:15 - [TEST_STEP][PASSED] - delay: Delayed 1 second(s)

2018-11-27 14:30:16 - [MESSAGE][PASSED] - Delayed 1 second(s)

2018-11-27 14:30:16 - [TEST_STEP][PASSED] - Statement - If (surveylocation.toUpperCase() == "GARDA CENTER"): null

2018-11-27 14:30:16 - [TEST_STEP][PASSED] - Statement - Else If (surveylocation.toUpperCase() == "WORKSHOP"): null

2018-11-27 14:30:16 - [TEST_STEP][PASSED] - Statement - Else If (surveylocation.toUpperCase() == "BRANCH"): null

2018-11-27 14:30:16 - [TEST_STEP][PASSED] - Statement - Else If (surveylocation.toUpperCase() == "RO"): Text 'ro aceh' is set on object 'Object Repository/Claim MV/Claim MV/IN Location Detail/TXT_SEARCH_BY_INPUT'

2018-11-27 14:30:16 - [TEST_STEP][PASSED] - Statement - locationname = "ro aceh": null

2018-11-27 14:30:16 - [TEST_STEP][PASSED] - setText: Text 'ro aceh' is set on object 'Object Repository/Claim MV/Claim MV/IN Location Detail/TXT_SEARCH_BY_INPUT'

2018-11-27 14:30:17 - [MESSAGE][PASSED] - Text 'ro aceh' is set on object 'Object Repository/Claim MV/Claim MV/IN Location Detail/TXT_SEARCH_BY_INPUT'

2018-11-27 14:30:17 - [TEST_STEP][PASSED] - click: Object: 'Object Repository/Claim MV/Claim MV/IN Location Detail/BTN_SEARCH' is clicked on

2018-11-27 14:30:17 - [MESSAGE][PASSED] - Object: 'Object Repository/Claim MV/Claim MV/IN Location Detail/BTN_SEARCH' is clicked on

2018-11-27 14:30:17 - [TEST_STEP][PASSED] - delay: Delayed 7 second(s)

2018-11-27 14:30:24 - [MESSAGE][PASSED] - Delayed 7 second(s)

2018-11-27 14:30:24 - [TEST_STEP][PASSED] - click: Object: 'Object Repository/Claim MV/Claim MV/IN Location Detail/LST_SEARCH_RESULT_1' is clicked on

2018-11-27 14:30:24 - [MESSAGE][PASSED] - Object: 'Object Repository/Claim MV/Claim MV/IN Location Detail/LST_SEARCH_RESULT_1' is clicked on

2018-11-27 14:30:25 - [TEST_STEP][PASSED] - delay: Delayed 1 second(s)

2018-11-27 14:30:26 - [MESSAGE][PASSED] - Delayed 1 second(s)

2018-11-27 14:30:26 - [TEST_STEP][PASSED] - click: Object: 'Object Repository/Claim MV/Claim MV/IN Location Detail/BTN_SELECT' is clicked on

2018-11-27 14:30:26 - [MESSAGE][PASSED] - Object: 'Object Repository/Claim MV/Claim MV/IN Location Detail/BTN_SELECT' is clicked on

2018-11-27 14:30:26 - [TEST_STEP][PASSED] - delay: Delayed 1 second(s)

2018-11-27 14:30:27 - [MESSAGE][PASSED] - Delayed 1 second(s)

2018-11-27 14:30:27 - [TEST_STEP][PASSED] - click: Object: 'Object Repository/Claim MV/Claim MV/BTN_SURVEY_SCHEDULE_IN' is clicked on

2018-11-27 14:30:27 - [MESSAGE][PASSED] - Object: 'Object Repository/Claim MV/Claim MV/BTN_SURVEY_SCHEDULE_IN' is clicked on

2018-11-27 14:30:27 - [TEST_STEP][PASSED] - delay: Delayed 1 second(s)

2018-11-27 14:30:28 - [MESSAGE][PASSED] - Delayed 1 second(s)

2018-11-27 14:30:28 - [TEST_STEP][PASSED] - click: Object: 'Object Repository/Claim MV/Claim MV/BTN_DAY_SURVEY' is clicked on

2018-11-27 14:30:29 - [MESSAGE][PASSED] - Object: 'Object Repository/Claim MV/Claim MV/BTN_DAY_SURVEY' is clicked on

2018-11-27 14:30:29 - [TEST_STEP][PASSED] - delay: Delayed 1 second(s)

2018-11-27 14:30:30 - [MESSAGE][PASSED] - Delayed 1 second(s)

2018-11-27 14:30:30 - [TEST_STEP][PASSED] - setText: Text 'locationaccident' is set on object 'Object Repository/Claim MV/Claim MV/TXT_LOCATION_ACCIDENT'

2018-11-27 14:30:31 - [MESSAGE][PASSED] - Text 'locationaccident' is set on object 'Object Repository/Claim MV/Claim MV/TXT_LOCATION_ACCIDENT'

2018-11-27 14:30:31 - [TEST_STEP][PASSED] - delay: Delayed 1 second(s)

2018-11-27 14:30:32 - [MESSAGE][PASSED] - Delayed 1 second(s)

2018-11-27 14:30:32 - [TEST_STEP][PASSED] - setText: Text 'accidentinfo' is set on object 'Object Repository/Claim MV/Claim MV/TXT_ACCIDENT_INFO'

2018-11-27 14:30:32 - [MESSAGE][PASSED] - Text 'accidentinfo' is set on object 'Object Repository/Claim MV/Claim MV/TXT_ACCIDENT_INFO'

2018-11-27 14:30:32 - [TEST_STEP][PASSED] - delay: Delayed 1 second(s)

2018-11-27 14:30:33 - [MESSAGE][PASSED] - Delayed 1 second(s)

2018-11-27 14:30:33 - [TEST_STEP][PASSED] - click: Object: 'Object Repository/Claim MV/Claim MV/EXP_CAUSE_LOSS' is clicked on

2018-11-27 14:30:34 - [MESSAGE][PASSED] - Object: 'Object Repository/Claim MV/Claim MV/EXP_CAUSE_LOSS' is clicked on

2018-11-27 14:30:34 - [TEST_STEP][PASSED] - delay: Delayed 1 second(s)

2018-11-27 14:30:35 - [MESSAGE][PASSED] - Delayed 1 second(s)

2018-11-27 14:30:35 - [TEST_STEP][PASSED] - click: Object: 'Object Repository/Claim MV/Claim MV/LST_CAUSE_DITABRAK' is clicked on

2018-11-27 14:30:35 - [MESSAGE][PASSED] - Object: 'Object Repository/Claim MV/Claim MV/LST_CAUSE_DITABRAK' is clicked on

2018-11-27 14:30:35 - [TEST_STEP][PASSED] - delay: Delayed 1 second(s)

2018-11-27 14:30:36 - [MESSAGE][PASSED] - Delayed 1 second(s)

2018-11-27 14:30:36 - [TEST_STEP][PASSED] - click: Object: 'Object Repository/Claim MV/Claim MV/CHK_SEND_SMS' is clicked on

2018-11-27 14:30:36 - [MESSAGE][PASSED] - Object: 'Object Repository/Claim MV/Claim MV/CHK_SEND_SMS' is clicked on

2018-11-27 14:30:36 - [TEST_STEP][PASSED] - delay: Delayed 1 second(s)

2018-11-27 14:30:37 - [MESSAGE][PASSED] - Delayed 1 second(s)

2018-11-27 14:30:37 - [TEST_STEP][PASSED] - click: Object: 'Object Repository/Claim MV/Claim MV/EXP_FU_STATUS' is clicked on

2018-11-27 14:30:38 - [MESSAGE][PASSED] - Object: 'Object Repository/Claim MV/Claim MV/EXP_FU_STATUS' is clicked on

2018-11-27 14:30:38 - [TEST_STEP][PASSED] - delay: Delayed 1 second(s)

2018-11-27 14:30:39 - [MESSAGE][PASSED] - Delayed 1 second(s)

2018-11-27 14:30:39 - [TEST_STEP][PASSED] - click: Object: 'Object Repository/Claim MV/Claim MV/LST_FU_CLOSE' is clicked on

2018-11-27 14:30:39 - [MESSAGE][PASSED] - Object: 'Object Repository/Claim MV/Claim MV/LST_FU_CLOSE' is clicked on

2018-11-27 14:30:39 - [TEST_STEP][PASSED] - delay: Delayed 1 second(s)

2018-11-27 14:30:40 - [MESSAGE][PASSED] - Delayed 1 second(s)

2018-11-27 14:30:40 - [TEST_STEP][PASSED] - setText: Text 'remarks' is set on object 'Object Repository/Claim MV/Claim MV/TXT_FU_REMARKS'

2018-11-27 14:30:40 - [MESSAGE][PASSED] - Text 'remarks' is set on object 'Object Repository/Claim MV/Claim MV/TXT_FU_REMARKS'

2018-11-27 14:30:40 - [TEST_STEP][PASSED] - delay: Delayed 1 second(s)

2018-11-27 14:30:41 - [MESSAGE][PASSED] - Delayed 1 second(s)

2018-11-27 14:30:41 - [TEST_STEP][PASSED] - click: Object: 'Object Repository/Claim MV/Claim MV/BTN_SAVE' is clicked on

2018-11-27 14:30:42 - [MESSAGE][PASSED] - Object: 'Object Repository/Claim MV/Claim MV/BTN_SAVE' is clicked on

2018-11-27 14:30:42 - [TEST_STEP][PASSED] - delay: Delayed 350 second(s)

2018-11-27 14:36:32 - [MESSAGE][PASSED] - Delayed 350 second(s)

2018-11-27 14:36:32 - [TEST_STEP][PASSED] - executeSQL.executeScript.checksurveyin: executeSQL.executeScript.checksurveyin is PASSED

2018-11-27 14:36:48 - [MESSAGE][PASSED] - executeSQL.executeScript.checksurveyin is PASSED

2018-11-27 14:36:48 - [TEST_STEP][PASSED] - delay: Delayed 1 second(s)

2018-11-27 14:36:49 - [MESSAGE][PASSED] - Delayed 1 second(s)

2018-11-27 14:36:49 - [TEST_STEP][PASSED] - Statement - If (surveylocation.toUpperCase() == "GARDA CENTER"): null

2018-11-27 14:36:49 - [TEST_STEP][PASSED] - Statement - Else If (surveylocation.toUpperCase() == "WORKSHOP"): null

2018-11-27 14:36:49 - [TEST_STEP][PASSED] - Statement - Else If (surveylocation.toUpperCase() == "BRANCH"): null

2018-11-27 14:36:49 - [TEST_STEP][PASSED] - Statement - Else If (surveylocation.toUpperCase() == "RO"): Delayed 1 second(s)

2018-11-27 14:36:49 - [TEST_STEP][PASSED] - executeSQL.executeScript.checksurveyinro: executeSQL.executeScript.checksurveyinro is PASSED

2018-11-27 14:36:52 - [MESSAGE][PASSED] - executeSQL.executeScript.checksurveyinro is PASSED

2018-11-27 14:36:52 - [TEST_STEP][PASSED] - delay: Delayed 1 second(s)

2018-11-27 14:36:53 - [MESSAGE][PASSED] - Delayed 1 second(s)

2018-11-27 14:36:53 - [TEST_STEP][PASSED] - delay: Delayed 1 second(s)

2018-11-27 14:36:54 - [MESSAGE][PASSED] - Delayed 1 second(s)

2018-11-27 14:36:54 - [TEST_STEP][FAILED] - click: Unable to click on object 'Object Repository/Claim MV/Claim MV/BTN_SAVE_OK' (Root cause: org.openqa.selenium.WebDriverException: chrome not reachable
  (Session info: chrome=70.0.3538.102)
  (Driver info: chromedriver=2.43.600210 (68dcf5eebde37173d4027fa8635e332711d2874a),platform=Windows NT 10.0.16299 x86_64) (WARNING: The server did not provide any stacktrace information)
Command duration or timeout: 0 milliseconds
Build info: version: '3.7.1', revision: '8a0099a', time: '2017-11-06T21:07:36.161Z'
System info: host: 'SMHONB17D34BTE', ip: '10.242.10.118', os.name: 'Windows 10', os.arch: 'amd64', os.version: '10.0', java.version: '1.8.0_181'
Driver info: com.kms.katalon.selenium.driver.CChromeDriver
Capabilities {acceptInsecureCerts: false, acceptSslCerts: false, applicationCacheEnabled: false, browserConnectionEnabled: false, browserName: chrome, chrome: {chromedriverVersion: 2.43.600210 (68dcf5eebde371..., userDataDir: C:\Users\bte\AppData\Local\...}, cssSelectorsEnabled: true, databaseEnabled: false, goog:chromeOptions: {debuggerAddress: localhost:53075}, handlesAlerts: true, hasTouchScreen: false, javascriptEnabled: true, locationContextEnabled: true, mobileEmulationEnabled: false, nativeEvents: true, networkConnectionEnabled: false, pageLoadStrategy: normal, platform: XP, platformName: XP, rotatable: false, setWindowRect: true, takesHeapSnapshot: true, takesScreenshot: true, unexpectedAlertBehaviour: , unhandledPromptBehavior: , version: 70.0.3538.102, webStorageEnabled: true}
Session ID: 2ac061aff90f4c740ef82b8d28896a62
*** Element info: {Using=xpath, value=/html/frameset/frame})

2018-11-27 14:37:06 - [MESSAGE][WARNING] - Cannot take screenshot

2018-11-27 14:37:06 - [MESSAGE][FAILED] - Unable to click on object 'Object Repository/Claim MV/Claim MV/BTN_SAVE_OK' (Root cause: org.openqa.selenium.WebDriverException: chrome not reachable
  (Session info: chrome=70.0.3538.102)
  (Driver info: chromedriver=2.43.600210 (68dcf5eebde37173d4027fa8635e332711d2874a),platform=Windows NT 10.0.16299 x86_64) (WARNING: The server did not provide any stacktrace information)
Command duration or timeout: 0 milliseconds
Build info: version: '3.7.1', revision: '8a0099a', time: '2017-11-06T21:07:36.161Z'
System info: host: 'SMHONB17D34BTE', ip: '10.242.10.118', os.name: 'Windows 10', os.arch: 'amd64', os.version: '10.0', java.version: '1.8.0_181'
Driver info: com.kms.katalon.selenium.driver.CChromeDriver
Capabilities {acceptInsecureCerts: false, acceptSslCerts: false, applicationCacheEnabled: false, browserConnectionEnabled: false, browserName: chrome, chrome: {chromedriverVersion: 2.43.600210 (68dcf5eebde371..., userDataDir: C:\Users\bte\AppData\Local\...}, cssSelectorsEnabled: true, databaseEnabled: false, goog:chromeOptions: {debuggerAddress: localhost:53075}, handlesAlerts: true, hasTouchScreen: false, javascriptEnabled: true, locationContextEnabled: true, mobileEmulationEnabled: false, nativeEvents: true, networkConnectionEnabled: false, pageLoadStrategy: normal, platform: XP, platformName: XP, rotatable: false, setWindowRect: true, takesHeapSnapshot: true, takesScreenshot: true, unexpectedAlertBehaviour: , unhandledPromptBehavior: , version: 70.0.3538.102, webStorageEnabled: true}
Session ID: 2ac061aff90f4c740ef82b8d28896a62
*** Element info: {Using=xpath, value=/html/frameset/frame})

2018-11-27 14:37:06 - [MESSAGE][FAILED] - Unable to call Test Case with id 'Test Cases/Screen/Claim MV' (Root cause: Call Test Case 'Test Cases/Screen/Claim MV' failed)]]></system-out>
         <system-err><![CDATA[2018-11-27 14:25:58 - [TEST_CASE][FAILED] - Test Cases/Scenario/Claim MV - In RO: Test Cases/Scenario/Claim MV - In RO FAILED because (of) (Stack trace: com.kms.katalon.core.exception.StepFailedException: Unable to click on object 'Object Repository/Claim MV/Claim MV/BTN_SAVE_OK' (Root cause: org.openqa.selenium.WebDriverException: chrome not reachable
  (Session info: chrome=70.0.3538.102)
  (Driver info: chromedriver=2.43.600210 (68dcf5eebde37173d4027fa8635e332711d2874a),platform=Windows NT 10.0.16299 x86_64) (WARNING: The server did not provide any stacktrace information)
Command duration or timeout: 0 milliseconds
Build info: version: '3.7.1', revision: '8a0099a', time: '2017-11-06T21:07:36.161Z'
System info: host: 'SMHONB17D34BTE', ip: '10.242.10.118', os.name: 'Windows 10', os.arch: 'amd64', os.version: '10.0', java.version: '1.8.0_181'
Driver info: com.kms.katalon.selenium.driver.CChromeDriver
Capabilities {acceptInsecureCerts: false, acceptSslCerts: false, applicationCacheEnabled: false, browserConnectionEnabled: false, browserName: chrome, chrome: {chromedriverVersion: 2.43.600210 (68dcf5eebde371..., userDataDir: C:\Users\bte\AppData\Local\...}, cssSelectorsEnabled: true, databaseEnabled: false, goog:chromeOptions: {debuggerAddress: localhost:53075}, handlesAlerts: true, hasTouchScreen: false, javascriptEnabled: true, locationContextEnabled: true, mobileEmulationEnabled: false, nativeEvents: true, networkConnectionEnabled: false, pageLoadStrategy: normal, platform: XP, platformName: XP, rotatable: false, setWindowRect: true, takesHeapSnapshot: true, takesScreenshot: true, unexpectedAlertBehaviour: , unhandledPromptBehavior: , version: 70.0.3538.102, webStorageEnabled: true}
Session ID: 2ac061aff90f4c740ef82b8d28896a62
*** Element info: {Using=xpath, value=/html/frameset/frame})
	at com.kms.katalon.core.keyword.internal.KeywordMain.stepFailed(KeywordMain.groovy:36)
	at com.kms.katalon.core.webui.keyword.internal.WebUIKeywordMain.stepFailed(WebUIKeywordMain.groovy:65)
	at com.kms.katalon.core.webui.keyword.internal.WebUIKeywordMain.runKeyword(WebUIKeywordMain.groovy:27)
	at com.kms.katalon.core.webui.keyword.builtin.ClickKeyword.click(ClickKeyword.groovy:86)
	at com.kms.katalon.core.webui.keyword.builtin.ClickKeyword.execute(ClickKeyword.groovy:67)
	at com.kms.katalon.core.keyword.internal.KeywordExecutor.executeKeywordForPlatform(KeywordExecutor.groovy:53)
	at com.kms.katalon.core.webui.keyword.WebUiBuiltInKeywords.click(WebUiBuiltInKeywords.groovy:616)
	at com.kms.katalon.core.webui.keyword.WebUiBuiltInKeywords$click$2.call(Unknown Source)
	at org.codehaus.groovy.runtime.callsite.CallSiteArray.defaultCall(CallSiteArray.java:48)
	at org.codehaus.groovy.runtime.callsite.AbstractCallSite.call(AbstractCallSite.java:113)
	at org.codehaus.groovy.runtime.callsite.AbstractCallSite.call(AbstractCallSite.java:125)
	at Script1542944761693.run(Script1542944761693.groovy:116)
	at com.kms.katalon.core.main.ScriptEngine.run(ScriptEngine.java:183)
	at com.kms.katalon.core.main.ScriptEngine.runScriptAsRawText(ScriptEngine.java:108)
	at com.kms.katalon.core.main.TestCaseExecutor.runScript(TestCaseExecutor.java:294)
	at com.kms.katalon.core.main.TestCaseExecutor.doExecute(TestCaseExecutor.java:285)
	at com.kms.katalon.core.main.TestCaseExecutor.processExecutionPhase(TestCaseExecutor.java:264)
	at com.kms.katalon.core.main.TestCaseExecutor.accessMainPhase(TestCaseExecutor.java:256)
	at com.kms.katalon.core.main.TestCaseExecutor.execute(TestCaseExecutor.java:200)
	at com.kms.katalon.core.main.TestCaseMain.runTestCase(TestCaseMain.java:99)
	at com.kms.katalon.core.keyword.builtin.CallTestCaseKeyword$_callTestCase_closure1.doCall(CallTestCaseKeyword.groovy:60)
	at com.kms.katalon.core.keyword.builtin.CallTestCaseKeyword$_callTestCase_closure1.call(CallTestCaseKeyword.groovy)
	at com.kms.katalon.core.keyword.internal.KeywordMain.runKeyword(KeywordMain.groovy:54)
	at com.kms.katalon.core.keyword.builtin.CallTestCaseKeyword.callTestCase(CallTestCaseKeyword.groovy:81)
	at com.kms.katalon.core.keyword.builtin.CallTestCaseKeyword.execute(CallTestCaseKeyword.groovy:45)
	at com.kms.katalon.core.keyword.internal.KeywordExecutor.executeKeywordForPlatform(KeywordExecutor.groovy:53)
	at com.kms.katalon.core.keyword.BuiltinKeywords.callTestCase(BuiltinKeywords.groovy:334)
	at sun.reflect.NativeMethodAccessorImpl.invoke0(Native Method)
	at sun.reflect.NativeMethodAccessorImpl.invoke(NativeMethodAccessorImpl.java:62)
	at sun.reflect.DelegatingMethodAccessorImpl.invoke(DelegatingMethodAccessorImpl.java:43)
	at java.lang.reflect.Method.invoke(Method.java:498)
	at org.codehaus.groovy.reflection.CachedMethod.invoke(CachedMethod.java:93)
	at groovy.lang.MetaMethod.doMethodInvoke(MetaMethod.java:325)
	at groovy.lang.MetaClassImpl.invokeStaticMethod(MetaClassImpl.java:1469)
	at org.codehaus.groovy.runtime.callsite.StaticMetaClassSite.call(StaticMetaClassSite.java:53)
	at org.codehaus.groovy.runtime.callsite.CallSiteArray.defaultCall(CallSiteArray.java:48)
	at org.codehaus.groovy.runtime.callsite.AbstractCallSite.call(AbstractCallSite.java:113)
	at org.codehaus.groovy.runtime.callsite.AbstractCallSite.call(AbstractCallSite.java:141)
	at Script1543289523870.run(Script1543289523870.groovy:26)
	at com.kms.katalon.core.main.ScriptEngine.run(ScriptEngine.java:183)
	at com.kms.katalon.core.main.ScriptEngine.runScriptAsRawText(ScriptEngine.java:108)
	at com.kms.katalon.core.main.TestCaseExecutor.runScript(TestCaseExecutor.java:294)
	at com.kms.katalon.core.main.TestCaseExecutor.doExecute(TestCaseExecutor.java:285)
	at com.kms.katalon.core.main.TestCaseExecutor.processExecutionPhase(TestCaseExecutor.java:264)
	at com.kms.katalon.core.main.TestCaseExecutor.accessMainPhase(TestCaseExecutor.java:256)
	at com.kms.katalon.core.main.TestCaseExecutor.execute(TestCaseExecutor.java:200)
	at com.kms.katalon.core.main.TestSuiteExecutor.accessTestCaseMainPhase(TestSuiteExecutor.java:129)
	at com.kms.katalon.core.main.TestSuiteExecutor.accessTestSuiteMainPhase(TestSuiteExecutor.java:112)
	at com.kms.katalon.core.main.TestSuiteExecutor.execute(TestSuiteExecutor.java:81)
	at com.kms.katalon.core.main.TestCaseMain.startTestSuite(TestCaseMain.java:142)
	at com.kms.katalon.core.main.TestCaseMain$startTestSuite$0.call(Unknown Source)
	at org.codehaus.groovy.runtime.callsite.CallSiteArray.defaultCall(CallSiteArray.java:48)
	at org.codehaus.groovy.runtime.callsite.AbstractCallSite.call(AbstractCallSite.java:113)
	at org.codehaus.groovy.runtime.callsite.AbstractCallSite.call(AbstractCallSite.java:141)
	at TempTestSuite1543303555032.run(TempTestSuite1543303555032.groovy:36)
	at groovy.lang.GroovyShell.runScriptOrMainOrTestOrRunnable(GroovyShell.java:263)
	at groovy.lang.GroovyShell.run(GroovyShell.java:518)
	at groovy.lang.GroovyShell.run(GroovyShell.java:507)
	at groovy.ui.GroovyMain.processOnce(GroovyMain.java:653)
	at groovy.ui.GroovyMain.run(GroovyMain.java:384)
	at groovy.ui.GroovyMain.process(GroovyMain.java:370)
	at groovy.ui.GroovyMain.processArgs(GroovyMain.java:129)
	at groovy.ui.GroovyMain.main(GroovyMain.java:109)
	at sun.reflect.NativeMethodAccessorImpl.invoke0(Native Method)
	at sun.reflect.NativeMethodAccessorImpl.invoke(NativeMethodAccessorImpl.java:62)
	at sun.reflect.DelegatingMethodAccessorImpl.invoke(DelegatingMethodAccessorImpl.java:43)
	at java.lang.reflect.Method.invoke(Method.java:498)
	at org.codehaus.groovy.tools.GroovyStarter.rootLoader(GroovyStarter.java:109)
	at org.codehaus.groovy.tools.GroovyStarter.main(GroovyStarter.java:131)
)]]></system-err>
      </testcase>
      <testcase name="Test Cases/Scenario/Claim MV - In Workshop" classname="Test Cases/Scenario/Claim MV - In Workshop" status="ERROR">
         <error type="ERROR" message="Test Cases/Scenario/Claim MV - In Workshop FAILED because (of) (Stack trace: com.kms.katalon.core.exception.StepErrorException: FORCEDSTOP
	at sun.reflect.NativeConstructorAccessorImpl.newInstance0(Native Method)
	at sun.reflect.NativeConstructorAccessorImpl.newInstance(NativeConstructorAccessorImpl.java:62)
	at sun.reflect.DelegatingConstructorAccessorImpl.newInstance(DelegatingConstructorAccessorImpl.java:45)
	at java.lang.reflect.Constructor.newInstance(Constructor.java:423)
	at org.codehaus.groovy.reflection.CachedConstructor.invoke(CachedConstructor.java:83)
	at org.codehaus.groovy.runtime.callsite.ConstructorSite$ConstructorSiteNoUnwrapNoCoerce.callConstructor(ConstructorSite.java:105)
	at org.codehaus.groovy.runtime.callsite.CallSiteArray.defaultCallConstructor(CallSiteArray.java:60)
	at org.codehaus.groovy.runtime.callsite.AbstractCallSite.callConstructor(AbstractCallSite.java:235)
	at org.codehaus.groovy.runtime.callsite.AbstractCallSite.callConstructor(AbstractCallSite.java:247)
	at forceStop.executeStop.FSTOP(executeStop.groovy:26)
	at forceStop.executeStop$FSTOP.call(Unknown Source)
	at org.codehaus.groovy.runtime.callsite.CallSiteArray.defaultCall(CallSiteArray.java:48)
	at org.codehaus.groovy.runtime.callsite.AbstractCallSite.call(AbstractCallSite.java:113)
	at org.codehaus.groovy.runtime.callsite.AbstractCallSite.call(AbstractCallSite.java:117)
	at executeSQL.executeScript.checksurveyin(executeScript.groovy:65)
	at sun.reflect.NativeMethodAccessorImpl.invoke0(Native Method)
	at sun.reflect.NativeMethodAccessorImpl.invoke(NativeMethodAccessorImpl.java:62)
	at sun.reflect.DelegatingMethodAccessorImpl.invoke(DelegatingMethodAccessorImpl.java:43)
	at java.lang.reflect.Method.invoke(Method.java:498)
	at org.codehaus.groovy.reflection.CachedMethod.invoke(CachedMethod.java:93)
	at groovy.lang.MetaMethod.doMethodInvoke(MetaMethod.java:325)
	at groovy.lang.MetaClassImpl.invokeMethod(MetaClassImpl.java:1215)
	at groovy.lang.MetaClassImpl.invokeMethod(MetaClassImpl.java:1024)
	at groovy.lang.MetaClassImpl.invokeMethod(MetaClassImpl.java:812)
	at groovy.lang.DelegatingMetaClass.invokeMethod(DelegatingMetaClass.java:144)
	at executeSQL.executeScript.invokeMethod(executeScript.groovy)
	at com.kms.katalon.core.main.CustomKeywordDelegatingMetaClass.invokeStaticMethod(CustomKeywordDelegatingMetaClass.java:46)
	at org.codehaus.groovy.runtime.callsite.StaticMetaClassSite.call(StaticMetaClassSite.java:53)
	at org.codehaus.groovy.runtime.callsite.AbstractCallSite.call(AbstractCallSite.java:117)
	at Script1542944761693.run(Script1542944761693.groovy:100)
	at com.kms.katalon.core.main.ScriptEngine.run(ScriptEngine.java:183)
	at com.kms.katalon.core.main.ScriptEngine.runScriptAsRawText(ScriptEngine.java:108)
	at com.kms.katalon.core.main.TestCaseExecutor.runScript(TestCaseExecutor.java:294)
	at com.kms.katalon.core.main.TestCaseExecutor.doExecute(TestCaseExecutor.java:285)
	at com.kms.katalon.core.main.TestCaseExecutor.processExecutionPhase(TestCaseExecutor.java:264)
	at com.kms.katalon.core.main.TestCaseExecutor.accessMainPhase(TestCaseExecutor.java:256)
	at com.kms.katalon.core.main.TestCaseExecutor.execute(TestCaseExecutor.java:200)
	at com.kms.katalon.core.main.TestCaseMain.runTestCase(TestCaseMain.java:99)
	at com.kms.katalon.core.keyword.builtin.CallTestCaseKeyword$_callTestCase_closure1.doCall(CallTestCaseKeyword.groovy:60)
	at com.kms.katalon.core.keyword.builtin.CallTestCaseKeyword$_callTestCase_closure1.call(CallTestCaseKeyword.groovy)
	at com.kms.katalon.core.keyword.internal.KeywordMain.runKeyword(KeywordMain.groovy:54)
	at com.kms.katalon.core.keyword.builtin.CallTestCaseKeyword.callTestCase(CallTestCaseKeyword.groovy:81)
	at com.kms.katalon.core.keyword.builtin.CallTestCaseKeyword.execute(CallTestCaseKeyword.groovy:45)
	at com.kms.katalon.core.keyword.internal.KeywordExecutor.executeKeywordForPlatform(KeywordExecutor.groovy:53)
	at com.kms.katalon.core.keyword.BuiltinKeywords.callTestCase(BuiltinKeywords.groovy:334)
	at sun.reflect.NativeMethodAccessorImpl.invoke0(Native Method)
	at sun.reflect.NativeMethodAccessorImpl.invoke(NativeMethodAccessorImpl.java:62)
	at sun.reflect.DelegatingMethodAccessorImpl.invoke(DelegatingMethodAccessorImpl.java:43)
	at java.lang.reflect.Method.invoke(Method.java:498)
	at org.codehaus.groovy.reflection.CachedMethod.invoke(CachedMethod.java:93)
	at groovy.lang.MetaMethod.doMethodInvoke(MetaMethod.java:325)
	at groovy.lang.MetaClassImpl.invokeStaticMethod(MetaClassImpl.java:1469)
	at org.codehaus.groovy.runtime.callsite.StaticMetaClassSite.call(StaticMetaClassSite.java:53)
	at org.codehaus.groovy.runtime.callsite.CallSiteArray.defaultCall(CallSiteArray.java:48)
	at org.codehaus.groovy.runtime.callsite.AbstractCallSite.call(AbstractCallSite.java:113)
	at org.codehaus.groovy.runtime.callsite.AbstractCallSite.call(AbstractCallSite.java:141)
	at Script1543289444022.run(Script1543289444022.groovy:26)
	at com.kms.katalon.core.main.ScriptEngine.run(ScriptEngine.java:183)
	at com.kms.katalon.core.main.ScriptEngine.runScriptAsRawText(ScriptEngine.java:108)
	at com.kms.katalon.core.main.TestCaseExecutor.runScript(TestCaseExecutor.java:294)
	at com.kms.katalon.core.main.TestCaseExecutor.doExecute(TestCaseExecutor.java:285)
	at com.kms.katalon.core.main.TestCaseExecutor.processExecutionPhase(TestCaseExecutor.java:264)
	at com.kms.katalon.core.main.TestCaseExecutor.accessMainPhase(TestCaseExecutor.java:256)
	at com.kms.katalon.core.main.TestCaseExecutor.execute(TestCaseExecutor.java:200)
	at com.kms.katalon.core.main.TestSuiteExecutor.accessTestCaseMainPhase(TestSuiteExecutor.java:129)
	at com.kms.katalon.core.main.TestSuiteExecutor.accessTestSuiteMainPhase(TestSuiteExecutor.java:112)
	at com.kms.katalon.core.main.TestSuiteExecutor.execute(TestSuiteExecutor.java:81)
	at com.kms.katalon.core.main.TestCaseMain.startTestSuite(TestCaseMain.java:142)
	at com.kms.katalon.core.main.TestCaseMain$startTestSuite$0.call(Unknown Source)
	at org.codehaus.groovy.runtime.callsite.CallSiteArray.defaultCall(CallSiteArray.java:48)
	at org.codehaus.groovy.runtime.callsite.AbstractCallSite.call(AbstractCallSite.java:113)
	at org.codehaus.groovy.runtime.callsite.AbstractCallSite.call(AbstractCallSite.java:141)
	at TempTestSuite1543303555032.run(TempTestSuite1543303555032.groovy:36)
	at groovy.lang.GroovyShell.runScriptOrMainOrTestOrRunnable(GroovyShell.java:263)
	at groovy.lang.GroovyShell.run(GroovyShell.java:518)
	at groovy.lang.GroovyShell.run(GroovyShell.java:507)
	at groovy.ui.GroovyMain.processOnce(GroovyMain.java:653)
	at groovy.ui.GroovyMain.run(GroovyMain.java:384)
	at groovy.ui.GroovyMain.process(GroovyMain.java:370)
	at groovy.ui.GroovyMain.processArgs(GroovyMain.java:129)
	at groovy.ui.GroovyMain.main(GroovyMain.java:109)
	at sun.reflect.NativeMethodAccessorImpl.invoke0(Native Method)
	at sun.reflect.NativeMethodAccessorImpl.invoke(NativeMethodAccessorImpl.java:62)
	at sun.reflect.DelegatingMethodAccessorImpl.invoke(DelegatingMethodAccessorImpl.java:43)
	at java.lang.reflect.Method.invoke(Method.java:498)
	at org.codehaus.groovy.tools.GroovyStarter.rootLoader(GroovyStarter.java:109)
	at org.codehaus.groovy.tools.GroovyStarter.main(GroovyStarter.java:131)
)"/>
         <system-out><![CDATA[2018-11-27 14:37:06 - [TEST_CASE][ERROR] - Test Cases/Scenario/Claim MV - In Workshop: Test Cases/Scenario/Claim MV - In Workshop FAILED because (of) (Stack trace: com.kms.katalon.core.exception.StepErrorException: FORCEDSTOP
	at sun.reflect.NativeConstructorAccessorImpl.newInstance0(Native Method)
	at sun.reflect.NativeConstructorAccessorImpl.newInstance(NativeConstructorAccessorImpl.java:62)
	at sun.reflect.DelegatingConstructorAccessorImpl.newInstance(DelegatingConstructorAccessorImpl.java:45)
	at java.lang.reflect.Constructor.newInstance(Constructor.java:423)
	at org.codehaus.groovy.reflection.CachedConstructor.invoke(CachedConstructor.java:83)
	at org.codehaus.groovy.runtime.callsite.ConstructorSite$ConstructorSiteNoUnwrapNoCoerce.callConstructor(ConstructorSite.java:105)
	at org.codehaus.groovy.runtime.callsite.CallSiteArray.defaultCallConstructor(CallSiteArray.java:60)
	at org.codehaus.groovy.runtime.callsite.AbstractCallSite.callConstructor(AbstractCallSite.java:235)
	at org.codehaus.groovy.runtime.callsite.AbstractCallSite.callConstructor(AbstractCallSite.java:247)
	at forceStop.executeStop.FSTOP(executeStop.groovy:26)
	at forceStop.executeStop$FSTOP.call(Unknown Source)
	at org.codehaus.groovy.runtime.callsite.CallSiteArray.defaultCall(CallSiteArray.java:48)
	at org.codehaus.groovy.runtime.callsite.AbstractCallSite.call(AbstractCallSite.java:113)
	at org.codehaus.groovy.runtime.callsite.AbstractCallSite.call(AbstractCallSite.java:117)
	at executeSQL.executeScript.checksurveyin(executeScript.groovy:65)
	at sun.reflect.NativeMethodAccessorImpl.invoke0(Native Method)
	at sun.reflect.NativeMethodAccessorImpl.invoke(NativeMethodAccessorImpl.java:62)
	at sun.reflect.DelegatingMethodAccessorImpl.invoke(DelegatingMethodAccessorImpl.java:43)
	at java.lang.reflect.Method.invoke(Method.java:498)
	at org.codehaus.groovy.reflection.CachedMethod.invoke(CachedMethod.java:93)
	at groovy.lang.MetaMethod.doMethodInvoke(MetaMethod.java:325)
	at groovy.lang.MetaClassImpl.invokeMethod(MetaClassImpl.java:1215)
	at groovy.lang.MetaClassImpl.invokeMethod(MetaClassImpl.java:1024)
	at groovy.lang.MetaClassImpl.invokeMethod(MetaClassImpl.java:812)
	at groovy.lang.DelegatingMetaClass.invokeMethod(DelegatingMetaClass.java:144)
	at executeSQL.executeScript.invokeMethod(executeScript.groovy)
	at com.kms.katalon.core.main.CustomKeywordDelegatingMetaClass.invokeStaticMethod(CustomKeywordDelegatingMetaClass.java:46)
	at org.codehaus.groovy.runtime.callsite.StaticMetaClassSite.call(StaticMetaClassSite.java:53)
	at org.codehaus.groovy.runtime.callsite.AbstractCallSite.call(AbstractCallSite.java:117)
	at Script1542944761693.run(Script1542944761693.groovy:100)
	at com.kms.katalon.core.main.ScriptEngine.run(ScriptEngine.java:183)
	at com.kms.katalon.core.main.ScriptEngine.runScriptAsRawText(ScriptEngine.java:108)
	at com.kms.katalon.core.main.TestCaseExecutor.runScript(TestCaseExecutor.java:294)
	at com.kms.katalon.core.main.TestCaseExecutor.doExecute(TestCaseExecutor.java:285)
	at com.kms.katalon.core.main.TestCaseExecutor.processExecutionPhase(TestCaseExecutor.java:264)
	at com.kms.katalon.core.main.TestCaseExecutor.accessMainPhase(TestCaseExecutor.java:256)
	at com.kms.katalon.core.main.TestCaseExecutor.execute(TestCaseExecutor.java:200)
	at com.kms.katalon.core.main.TestCaseMain.runTestCase(TestCaseMain.java:99)
	at com.kms.katalon.core.keyword.builtin.CallTestCaseKeyword$_callTestCase_closure1.doCall(CallTestCaseKeyword.groovy:60)
	at com.kms.katalon.core.keyword.builtin.CallTestCaseKeyword$_callTestCase_closure1.call(CallTestCaseKeyword.groovy)
	at com.kms.katalon.core.keyword.internal.KeywordMain.runKeyword(KeywordMain.groovy:54)
	at com.kms.katalon.core.keyword.builtin.CallTestCaseKeyword.callTestCase(CallTestCaseKeyword.groovy:81)
	at com.kms.katalon.core.keyword.builtin.CallTestCaseKeyword.execute(CallTestCaseKeyword.groovy:45)
	at com.kms.katalon.core.keyword.internal.KeywordExecutor.executeKeywordForPlatform(KeywordExecutor.groovy:53)
	at com.kms.katalon.core.keyword.BuiltinKeywords.callTestCase(BuiltinKeywords.groovy:334)
	at sun.reflect.NativeMethodAccessorImpl.invoke0(Native Method)
	at sun.reflect.NativeMethodAccessorImpl.invoke(NativeMethodAccessorImpl.java:62)
	at sun.reflect.DelegatingMethodAccessorImpl.invoke(DelegatingMethodAccessorImpl.java:43)
	at java.lang.reflect.Method.invoke(Method.java:498)
	at org.codehaus.groovy.reflection.CachedMethod.invoke(CachedMethod.java:93)
	at groovy.lang.MetaMethod.doMethodInvoke(MetaMethod.java:325)
	at groovy.lang.MetaClassImpl.invokeStaticMethod(MetaClassImpl.java:1469)
	at org.codehaus.groovy.runtime.callsite.StaticMetaClassSite.call(StaticMetaClassSite.java:53)
	at org.codehaus.groovy.runtime.callsite.CallSiteArray.defaultCall(CallSiteArray.java:48)
	at org.codehaus.groovy.runtime.callsite.AbstractCallSite.call(AbstractCallSite.java:113)
	at org.codehaus.groovy.runtime.callsite.AbstractCallSite.call(AbstractCallSite.java:141)
	at Script1543289444022.run(Script1543289444022.groovy:26)
	at com.kms.katalon.core.main.ScriptEngine.run(ScriptEngine.java:183)
	at com.kms.katalon.core.main.ScriptEngine.runScriptAsRawText(ScriptEngine.java:108)
	at com.kms.katalon.core.main.TestCaseExecutor.runScript(TestCaseExecutor.java:294)
	at com.kms.katalon.core.main.TestCaseExecutor.doExecute(TestCaseExecutor.java:285)
	at com.kms.katalon.core.main.TestCaseExecutor.processExecutionPhase(TestCaseExecutor.java:264)
	at com.kms.katalon.core.main.TestCaseExecutor.accessMainPhase(TestCaseExecutor.java:256)
	at com.kms.katalon.core.main.TestCaseExecutor.execute(TestCaseExecutor.java:200)
	at com.kms.katalon.core.main.TestSuiteExecutor.accessTestCaseMainPhase(TestSuiteExecutor.java:129)
	at com.kms.katalon.core.main.TestSuiteExecutor.accessTestSuiteMainPhase(TestSuiteExecutor.java:112)
	at com.kms.katalon.core.main.TestSuiteExecutor.execute(TestSuiteExecutor.java:81)
	at com.kms.katalon.core.main.TestCaseMain.startTestSuite(TestCaseMain.java:142)
	at com.kms.katalon.core.main.TestCaseMain$startTestSuite$0.call(Unknown Source)
	at org.codehaus.groovy.runtime.callsite.CallSiteArray.defaultCall(CallSiteArray.java:48)
	at org.codehaus.groovy.runtime.callsite.AbstractCallSite.call(AbstractCallSite.java:113)
	at org.codehaus.groovy.runtime.callsite.AbstractCallSite.call(AbstractCallSite.java:141)
	at TempTestSuite1543303555032.run(TempTestSuite1543303555032.groovy:36)
	at groovy.lang.GroovyShell.runScriptOrMainOrTestOrRunnable(GroovyShell.java:263)
	at groovy.lang.GroovyShell.run(GroovyShell.java:518)
	at groovy.lang.GroovyShell.run(GroovyShell.java:507)
	at groovy.ui.GroovyMain.processOnce(GroovyMain.java:653)
	at groovy.ui.GroovyMain.run(GroovyMain.java:384)
	at groovy.ui.GroovyMain.process(GroovyMain.java:370)
	at groovy.ui.GroovyMain.processArgs(GroovyMain.java:129)
	at groovy.ui.GroovyMain.main(GroovyMain.java:109)
	at sun.reflect.NativeMethodAccessorImpl.invoke0(Native Method)
	at sun.reflect.NativeMethodAccessorImpl.invoke(NativeMethodAccessorImpl.java:62)
	at sun.reflect.DelegatingMethodAccessorImpl.invoke(DelegatingMethodAccessorImpl.java:43)
	at java.lang.reflect.Method.invoke(Method.java:498)
	at org.codehaus.groovy.tools.GroovyStarter.rootLoader(GroovyStarter.java:109)
	at org.codehaus.groovy.tools.GroovyStarter.main(GroovyStarter.java:131)
)

2018-11-27 14:37:06 - [TEST_STEP][PASSED] - callTestCase: Call Test Case 'Test Cases/Screen/Login' successfully

2018-11-27 14:37:06 - [TEST_CASE][PASSED] - Test Cases/Screen/Login: Test Cases/Screen/Login

2018-11-27 14:37:06 - [TEST_STEP][PASSED] - openBrowser: Browser is opened with url: ''

2018-11-27 14:37:06 - [MESSAGE][WARNING] - A browser is already opened. Closing browser and opening a new one

2018-11-27 14:37:10 - [MESSAGE][PASSED] - Browser is opened with url: ''

2018-11-27 14:37:10 - [TEST_STEP][PASSED] - navigateToUrl: Navigate to 'https://gardaakses-qc.asuransiastra.com/gardaakses' successfully

2018-11-27 14:37:44 - [MESSAGE][PASSED] - Navigate to 'https://gardaakses-qc.asuransiastra.com/gardaakses' successfully

2018-11-27 14:37:44 - [TEST_STEP][PASSED] - delay: Delayed 1 second(s)

2018-11-27 14:37:45 - [MESSAGE][PASSED] - Delayed 1 second(s)

2018-11-27 14:37:45 - [TEST_STEP][PASSED] - setText: Text 'tdi' is set on object 'Object Repository/Login/TXT_USERID'

2018-11-27 14:37:46 - [MESSAGE][PASSED] - Text 'tdi' is set on object 'Object Repository/Login/TXT_USERID'

2018-11-27 14:37:46 - [TEST_STEP][PASSED] - delay: Delayed 1 second(s)

2018-11-27 14:37:47 - [MESSAGE][PASSED] - Delayed 1 second(s)

2018-11-27 14:37:47 - [TEST_STEP][PASSED] - setText: Text 'P@ssw0rd' is set on object 'Object Repository/Login/TXT_PASSWORD'

2018-11-27 14:37:47 - [MESSAGE][PASSED] - Text 'P@ssw0rd' is set on object 'Object Repository/Login/TXT_PASSWORD'

2018-11-27 14:37:47 - [TEST_STEP][PASSED] - delay: Delayed 1 second(s)

2018-11-27 14:37:48 - [MESSAGE][PASSED] - Delayed 1 second(s)

2018-11-27 14:37:48 - [TEST_STEP][PASSED] - click: Object: 'Object Repository/Login/BTN_MASUK' is clicked on

2018-11-27 14:37:48 - [MESSAGE][PASSED] - Object: 'Object Repository/Login/BTN_MASUK' is clicked on

2018-11-27 14:37:48 - [TEST_STEP][PASSED] - delay: Delayed 5 second(s)

2018-11-27 14:37:53 - [MESSAGE][PASSED] - Delayed 5 second(s)

2018-11-27 14:37:53 - [MESSAGE][PASSED] - Call Test Case 'Test Cases/Screen/Login' successfully

2018-11-27 14:37:53 - [TEST_STEP][PASSED] - callTestCase: Call Test Case 'Test Cases/Screen/Select Claim MV' successfully

2018-11-27 14:37:53 - [TEST_CASE][PASSED] - Test Cases/Screen/Select Claim MV: Test Cases/Screen/Select Claim MV

2018-11-27 14:37:53 - [TEST_STEP][PASSED] - delay: Delayed 1 second(s)

2018-11-27 14:37:54 - [MESSAGE][PASSED] - Delayed 1 second(s)

2018-11-27 14:37:54 - [TEST_STEP][PASSED] - click: Object: 'Object Repository/Home/HDR_SERVICE_TYPE' is clicked on

2018-11-27 14:37:54 - [MESSAGE][PASSED] - Object: 'Object Repository/Home/HDR_SERVICE_TYPE' is clicked on

2018-11-27 14:37:54 - [TEST_STEP][PASSED] - delay: Delayed 1 second(s)

2018-11-27 14:37:55 - [MESSAGE][PASSED] - Delayed 1 second(s)

2018-11-27 14:37:55 - [TEST_STEP][PASSED] - click: Object: 'Object Repository/Home/BTN_CLAIM_MV' is clicked on

2018-11-27 14:38:03 - [MESSAGE][PASSED] - Object: 'Object Repository/Home/BTN_CLAIM_MV' is clicked on

2018-11-27 14:38:03 - [TEST_STEP][PASSED] - delay: Delayed 20 second(s)

2018-11-27 14:38:23 - [MESSAGE][PASSED] - Delayed 20 second(s)

2018-11-27 14:38:23 - [MESSAGE][PASSED] - Call Test Case 'Test Cases/Screen/Select Claim MV' successfully

2018-11-27 14:38:23 - [TEST_STEP][PASSED] - callTestCase: Call Test Case 'Test Cases/Screen/Create Ticket' successfully

2018-11-27 14:38:23 - [TEST_CASE][PASSED] - Test Cases/Screen/Create Ticket: Test Cases/Screen/Create Ticket

2018-11-27 14:38:23 - [TEST_STEP][PASSED] - delay: Delayed 3 second(s)

2018-11-27 14:38:26 - [MESSAGE][PASSED] - Delayed 3 second(s)

2018-11-27 14:38:26 - [TEST_STEP][PASSED] - setText: Text 'BTE' is set on object 'Object Repository/Claim MV/Create Ticket/TXT_CALLER_NAME'

2018-11-27 14:38:26 - [MESSAGE][PASSED] - Text 'BTE' is set on object 'Object Repository/Claim MV/Create Ticket/TXT_CALLER_NAME'

2018-11-27 14:38:26 - [TEST_STEP][PASSED] - delay: Delayed 1 second(s)

2018-11-27 14:38:27 - [MESSAGE][PASSED] - Delayed 1 second(s)

2018-11-27 14:38:27 - [TEST_STEP][PASSED] - click: Object: 'Object Repository/Claim MV/Create Ticket/RDB_MALE' is clicked on

2018-11-27 14:38:28 - [MESSAGE][PASSED] - Object: 'Object Repository/Claim MV/Create Ticket/RDB_MALE' is clicked on

2018-11-27 14:38:28 - [TEST_STEP][PASSED] - delay: Delayed 1 second(s)

2018-11-27 14:38:29 - [MESSAGE][PASSED] - Delayed 1 second(s)

2018-11-27 14:38:29 - [TEST_STEP][PASSED] - setText: Text 'bte@mailinator.com' is set on object 'Object Repository/Claim MV/Create Ticket/TXT_EMAIL'

2018-11-27 14:38:29 - [MESSAGE][PASSED] - Text 'bte@mailinator.com' is set on object 'Object Repository/Claim MV/Create Ticket/TXT_EMAIL'

2018-11-27 14:38:29 - [TEST_STEP][PASSED] - delay: Delayed 1 second(s)

2018-11-27 14:38:30 - [MESSAGE][PASSED] - Delayed 1 second(s)

2018-11-27 14:38:30 - [TEST_STEP][PASSED] - click: Object: 'Object Repository/Claim MV/Create Ticket/EXP_RELATIONSHIP' is clicked on

2018-11-27 14:38:30 - [MESSAGE][PASSED] - Object: 'Object Repository/Claim MV/Create Ticket/EXP_RELATIONSHIP' is clicked on

2018-11-27 14:38:30 - [TEST_STEP][PASSED] - delay: Delayed 1 second(s)

2018-11-27 14:38:31 - [MESSAGE][PASSED] - Delayed 1 second(s)

2018-11-27 14:38:31 - [TEST_STEP][PASSED] - click: Object: 'Object Repository/Claim MV/Create Ticket/LST_RELATIONSHIP' is clicked on

2018-11-27 14:38:32 - [MESSAGE][PASSED] - Object: 'Object Repository/Claim MV/Create Ticket/LST_RELATIONSHIP' is clicked on

2018-11-27 14:38:32 - [TEST_STEP][PASSED] - delay: Delayed 1 second(s)

2018-11-27 14:38:33 - [MESSAGE][PASSED] - Delayed 1 second(s)

2018-11-27 14:38:33 - [TEST_STEP][PASSED] - setText: Text '62' is set on object 'Object Repository/Claim MV/Create Ticket/TXT_COUNTRY'

2018-11-27 14:38:33 - [MESSAGE][PASSED] - Text '62' is set on object 'Object Repository/Claim MV/Create Ticket/TXT_COUNTRY'

2018-11-27 14:38:33 - [TEST_STEP][PASSED] - delay: Delayed 1 second(s)

2018-11-27 14:38:34 - [MESSAGE][PASSED] - Delayed 1 second(s)

2018-11-27 14:38:34 - [TEST_STEP][PASSED] - setText: Text '21' is set on object 'Object Repository/Claim MV/Create Ticket/TXT_AREA_CODE'

2018-11-27 14:38:34 - [MESSAGE][PASSED] - Text '21' is set on object 'Object Repository/Claim MV/Create Ticket/TXT_AREA_CODE'

2018-11-27 14:38:34 - [TEST_STEP][PASSED] - delay: Delayed 1 second(s)

2018-11-27 14:38:35 - [MESSAGE][PASSED] - Delayed 1 second(s)

2018-11-27 14:38:35 - [TEST_STEP][PASSED] - setText: Text '232323' is set on object 'Object Repository/Claim MV/Create Ticket/TXT_PHONE_NUMBER'

2018-11-27 14:38:35 - [MESSAGE][PASSED] - Text '232323' is set on object 'Object Repository/Claim MV/Create Ticket/TXT_PHONE_NUMBER'

2018-11-27 14:38:35 - [TEST_STEP][PASSED] - delay: Delayed 1 second(s)

2018-11-27 14:38:36 - [MESSAGE][PASSED] - Delayed 1 second(s)

2018-11-27 14:38:36 - [TEST_STEP][PASSED] - click: Object: 'Object Repository/Claim MV/Create Ticket/BTN_NEXT_1' is clicked on

2018-11-27 14:38:36 - [MESSAGE][PASSED] - Object: 'Object Repository/Claim MV/Create Ticket/BTN_NEXT_1' is clicked on

2018-11-27 14:38:36 - [TEST_STEP][PASSED] - delay: Delayed 12 second(s)

2018-11-27 14:38:48 - [MESSAGE][PASSED] - Delayed 12 second(s)

2018-11-27 14:38:48 - [TEST_STEP][PASSED] - click: Object: 'Object Repository/Claim MV/Create Ticket/LST_CALLER_1' is clicked on

2018-11-27 14:38:49 - [MESSAGE][PASSED] - Object: 'Object Repository/Claim MV/Create Ticket/LST_CALLER_1' is clicked on

2018-11-27 14:38:49 - [TEST_STEP][PASSED] - delay: Delayed 1 second(s)

2018-11-27 14:38:50 - [MESSAGE][PASSED] - Delayed 1 second(s)

2018-11-27 14:38:50 - [TEST_STEP][PASSED] - click: Object: 'Object Repository/Claim MV/Create Ticket/BTN_NEXT_2' is clicked on

2018-11-27 14:38:50 - [MESSAGE][PASSED] - Object: 'Object Repository/Claim MV/Create Ticket/BTN_NEXT_2' is clicked on

2018-11-27 14:38:50 - [TEST_STEP][PASSED] - delay: Delayed 8 second(s)

2018-11-27 14:38:58 - [MESSAGE][PASSED] - Delayed 8 second(s)

2018-11-27 14:38:58 - [TEST_STEP][PASSED] - click: Object: 'Object Repository/Claim MV/Create Ticket/BTN_SAVE' is clicked on

2018-11-27 14:38:58 - [MESSAGE][PASSED] - Object: 'Object Repository/Claim MV/Create Ticket/BTN_SAVE' is clicked on

2018-11-27 14:38:58 - [TEST_STEP][PASSED] - delay: Delayed 3 second(s)

2018-11-27 14:39:01 - [MESSAGE][PASSED] - Delayed 3 second(s)

2018-11-27 14:39:01 - [TEST_STEP][PASSED] - click: Object: 'Object Repository/Claim MV/Create Ticket/BTN_SAVE_YES' is clicked on

2018-11-27 14:39:03 - [MESSAGE][PASSED] - Object: 'Object Repository/Claim MV/Create Ticket/BTN_SAVE_YES' is clicked on

2018-11-27 14:39:03 - [TEST_STEP][PASSED] - delay: Delayed 8 second(s)

2018-11-27 14:39:11 - [MESSAGE][PASSED] - Delayed 8 second(s)

2018-11-27 14:39:11 - [MESSAGE][PASSED] - Call Test Case 'Test Cases/Screen/Create Ticket' successfully

2018-11-27 14:39:11 - [TEST_STEP][PASSED] - callTestCase: Call Test Case 'Test Cases/Screen/Select Claim MV' successfully

2018-11-27 14:39:11 - [TEST_CASE][PASSED] - Test Cases/Screen/Select Claim MV: Test Cases/Screen/Select Claim MV

2018-11-27 14:39:11 - [TEST_STEP][PASSED] - delay: Delayed 1 second(s)

2018-11-27 14:39:12 - [MESSAGE][PASSED] - Delayed 1 second(s)

2018-11-27 14:39:12 - [TEST_STEP][PASSED] - click: Object: 'Object Repository/Home/HDR_SERVICE_TYPE' is clicked on

2018-11-27 14:39:12 - [MESSAGE][PASSED] - Object: 'Object Repository/Home/HDR_SERVICE_TYPE' is clicked on

2018-11-27 14:39:12 - [TEST_STEP][PASSED] - delay: Delayed 1 second(s)

2018-11-27 14:39:13 - [MESSAGE][PASSED] - Delayed 1 second(s)

2018-11-27 14:39:13 - [TEST_STEP][PASSED] - click: Object: 'Object Repository/Home/BTN_CLAIM_MV' is clicked on

2018-11-27 14:39:15 - [MESSAGE][PASSED] - Object: 'Object Repository/Home/BTN_CLAIM_MV' is clicked on

2018-11-27 14:39:15 - [TEST_STEP][PASSED] - delay: Delayed 20 second(s)

2018-11-27 14:39:35 - [MESSAGE][PASSED] - Delayed 20 second(s)

2018-11-27 14:39:35 - [MESSAGE][PASSED] - Call Test Case 'Test Cases/Screen/Select Claim MV' successfully

2018-11-27 14:39:35 - [TEST_STEP][PASSED] - callTestCase: Call Test Case 'Test Cases/Screen/Choose Customer' successfully

2018-11-27 14:39:36 - [TEST_CASE][PASSED] - Test Cases/Screen/Choose Customer: Test Cases/Screen/Choose Customer

2018-11-27 14:39:36 - [TEST_STEP][PASSED] - Statement - policyno = com.kms.katalon.core.testdata.TestDataFactory.findTestData(Policy).getValue(1, 1): Reading database data with query 'SELECT top 1 LTRIM(RTRIM(Policy_No)) AS policyno 
FROM aab.dbo.policy 
WHERE GETDATE() BETWEEN Period_From AND Period_To 
AND Policy_No LIKE '17000%' 
ORDER BY Effective_Date desc'

2018-11-27 14:39:36 - [TEST_STEP][PASSED] - delay: Delayed 1 second(s)

2018-11-27 14:39:37 - [MESSAGE][PASSED] - Delayed 1 second(s)

2018-11-27 14:39:37 - [TEST_STEP][PASSED] - click: Object: 'Object Repository/Claim MV/Choose Customer/EXP_SEARCH_BY_PARAMETER' is clicked on

2018-11-27 14:39:37 - [MESSAGE][PASSED] - Object: 'Object Repository/Claim MV/Choose Customer/EXP_SEARCH_BY_PARAMETER' is clicked on

2018-11-27 14:39:37 - [TEST_STEP][PASSED] - delay: Delayed 1 second(s)

2018-11-27 14:39:38 - [MESSAGE][PASSED] - Delayed 1 second(s)

2018-11-27 14:39:38 - [TEST_STEP][PASSED] - click: Object: 'Object Repository/Claim MV/Choose Customer/LST_SEARCH_BY_PARAMETER' is clicked on

2018-11-27 14:39:39 - [MESSAGE][PASSED] - Object: 'Object Repository/Claim MV/Choose Customer/LST_SEARCH_BY_PARAMETER' is clicked on

2018-11-27 14:39:39 - [TEST_STEP][PASSED] - delay: Delayed 1 second(s)

2018-11-27 14:39:40 - [MESSAGE][PASSED] - Delayed 1 second(s)

2018-11-27 14:39:40 - [TEST_STEP][PASSED] - setText: Text '1700010726' is set on object 'Object Repository/Claim MV/Choose Customer/TXT_SEARCH_BY_INPUT'

2018-11-27 14:39:40 - [MESSAGE][PASSED] - Text '1700010726' is set on object 'Object Repository/Claim MV/Choose Customer/TXT_SEARCH_BY_INPUT'

2018-11-27 14:39:40 - [TEST_STEP][PASSED] - delay: Delayed 1 second(s)

2018-11-27 14:39:41 - [MESSAGE][PASSED] - Delayed 1 second(s)

2018-11-27 14:39:41 - [TEST_STEP][PASSED] - click: Object: 'Object Repository/Claim MV/Choose Customer/BTN_SEARCH' is clicked on

2018-11-27 14:39:41 - [MESSAGE][PASSED] - Object: 'Object Repository/Claim MV/Choose Customer/BTN_SEARCH' is clicked on

2018-11-27 14:39:41 - [TEST_STEP][PASSED] - delay: Delayed 20 second(s)

2018-11-27 14:40:01 - [MESSAGE][PASSED] - Delayed 20 second(s)

2018-11-27 14:40:01 - [TEST_STEP][PASSED] - click: Object: 'Object Repository/Claim MV/Choose Customer/LST_POLICY_NUMBER' is clicked on

2018-11-27 14:40:02 - [MESSAGE][PASSED] - Object: 'Object Repository/Claim MV/Choose Customer/LST_POLICY_NUMBER' is clicked on

2018-11-27 14:40:02 - [TEST_STEP][PASSED] - delay: Delayed 1 second(s)

2018-11-27 14:40:03 - [MESSAGE][PASSED] - Delayed 1 second(s)

2018-11-27 14:40:03 - [TEST_STEP][PASSED] - click: Object: 'Object Repository/Claim MV/Choose Customer/BTN_NEXT' is clicked on

2018-11-27 14:40:03 - [MESSAGE][PASSED] - Object: 'Object Repository/Claim MV/Choose Customer/BTN_NEXT' is clicked on

2018-11-27 14:40:03 - [TEST_STEP][PASSED] - delay: Delayed 10 second(s)

2018-11-27 14:40:13 - [MESSAGE][PASSED] - Delayed 10 second(s)

2018-11-27 14:40:13 - [TEST_STEP][PASSED] - click: Object: 'Object Repository/Claim MV/Choose Customer/BTN_FINISH' is clicked on

2018-11-27 14:40:13 - [MESSAGE][PASSED] - Object: 'Object Repository/Claim MV/Choose Customer/BTN_FINISH' is clicked on

2018-11-27 14:40:13 - [TEST_STEP][PASSED] - delay: Delayed 2 second(s)

2018-11-27 14:40:15 - [MESSAGE][PASSED] - Delayed 2 second(s)

2018-11-27 14:40:15 - [TEST_STEP][PASSED] - click: Object: 'Object Repository/Claim MV/Choose Customer/BTN_YES' is clicked on

2018-11-27 14:40:20 - [MESSAGE][PASSED] - Object: 'Object Repository/Claim MV/Choose Customer/BTN_YES' is clicked on

2018-11-27 14:40:20 - [TEST_STEP][PASSED] - delay: Delayed 7 second(s)

2018-11-27 14:40:27 - [MESSAGE][PASSED] - Delayed 7 second(s)

2018-11-27 14:40:27 - [MESSAGE][PASSED] - Call Test Case 'Test Cases/Screen/Choose Customer' successfully

2018-11-27 14:40:27 - [TEST_STEP][FAILED] - callTestCase: Unable to call Test Case with id 'Test Cases/Screen/Claim MV' (Root cause: Call Test Case 'Test Cases/Screen/Claim MV' failed because of error(s))

2018-11-27 14:40:27 - [TEST_CASE][ERROR] - Test Cases/Screen/Claim MV: Test Cases/Screen/Claim MV FAILED because (of) (Stack trace: com.kms.katalon.core.exception.StepErrorException: FORCEDSTOP
	at sun.reflect.NativeConstructorAccessorImpl.newInstance0(Native Method)
	at sun.reflect.NativeConstructorAccessorImpl.newInstance(NativeConstructorAccessorImpl.java:62)
	at sun.reflect.DelegatingConstructorAccessorImpl.newInstance(DelegatingConstructorAccessorImpl.java:45)
	at java.lang.reflect.Constructor.newInstance(Constructor.java:423)
	at org.codehaus.groovy.reflection.CachedConstructor.invoke(CachedConstructor.java:83)
	at org.codehaus.groovy.runtime.callsite.ConstructorSite$ConstructorSiteNoUnwrapNoCoerce.callConstructor(ConstructorSite.java:105)
	at org.codehaus.groovy.runtime.callsite.CallSiteArray.defaultCallConstructor(CallSiteArray.java:60)
	at org.codehaus.groovy.runtime.callsite.AbstractCallSite.callConstructor(AbstractCallSite.java:235)
	at org.codehaus.groovy.runtime.callsite.AbstractCallSite.callConstructor(AbstractCallSite.java:247)
	at forceStop.executeStop.FSTOP(executeStop.groovy:26)
	at forceStop.executeStop$FSTOP.call(Unknown Source)
	at org.codehaus.groovy.runtime.callsite.CallSiteArray.defaultCall(CallSiteArray.java:48)
	at org.codehaus.groovy.runtime.callsite.AbstractCallSite.call(AbstractCallSite.java:113)
	at org.codehaus.groovy.runtime.callsite.AbstractCallSite.call(AbstractCallSite.java:117)
	at executeSQL.executeScript.checksurveyin(executeScript.groovy:65)
	at sun.reflect.NativeMethodAccessorImpl.invoke0(Native Method)
	at sun.reflect.NativeMethodAccessorImpl.invoke(NativeMethodAccessorImpl.java:62)
	at sun.reflect.DelegatingMethodAccessorImpl.invoke(DelegatingMethodAccessorImpl.java:43)
	at java.lang.reflect.Method.invoke(Method.java:498)
	at org.codehaus.groovy.reflection.CachedMethod.invoke(CachedMethod.java:93)
	at groovy.lang.MetaMethod.doMethodInvoke(MetaMethod.java:325)
	at groovy.lang.MetaClassImpl.invokeMethod(MetaClassImpl.java:1215)
	at groovy.lang.MetaClassImpl.invokeMethod(MetaClassImpl.java:1024)
	at groovy.lang.MetaClassImpl.invokeMethod(MetaClassImpl.java:812)
	at groovy.lang.DelegatingMetaClass.invokeMethod(DelegatingMetaClass.java:144)
	at executeSQL.executeScript.invokeMethod(executeScript.groovy)
	at com.kms.katalon.core.main.CustomKeywordDelegatingMetaClass.invokeStaticMethod(CustomKeywordDelegatingMetaClass.java:46)
	at org.codehaus.groovy.runtime.callsite.StaticMetaClassSite.call(StaticMetaClassSite.java:53)
	at org.codehaus.groovy.runtime.callsite.AbstractCallSite.call(AbstractCallSite.java:117)
	at Script1542944761693.run(Script1542944761693.groovy:100)
	at com.kms.katalon.core.main.ScriptEngine.run(ScriptEngine.java:183)
	at com.kms.katalon.core.main.ScriptEngine.runScriptAsRawText(ScriptEngine.java:108)
	at com.kms.katalon.core.main.TestCaseExecutor.runScript(TestCaseExecutor.java:294)
	at com.kms.katalon.core.main.TestCaseExecutor.doExecute(TestCaseExecutor.java:285)
	at com.kms.katalon.core.main.TestCaseExecutor.processExecutionPhase(TestCaseExecutor.java:264)
	at com.kms.katalon.core.main.TestCaseExecutor.accessMainPhase(TestCaseExecutor.java:256)
	at com.kms.katalon.core.main.TestCaseExecutor.execute(TestCaseExecutor.java:200)
	at com.kms.katalon.core.main.TestCaseMain.runTestCase(TestCaseMain.java:99)
	at com.kms.katalon.core.keyword.builtin.CallTestCaseKeyword$_callTestCase_closure1.doCall(CallTestCaseKeyword.groovy:60)
	at com.kms.katalon.core.keyword.builtin.CallTestCaseKeyword$_callTestCase_closure1.call(CallTestCaseKeyword.groovy)
	at com.kms.katalon.core.keyword.internal.KeywordMain.runKeyword(KeywordMain.groovy:54)
	at com.kms.katalon.core.keyword.builtin.CallTestCaseKeyword.callTestCase(CallTestCaseKeyword.groovy:81)
	at com.kms.katalon.core.keyword.builtin.CallTestCaseKeyword.execute(CallTestCaseKeyword.groovy:45)
	at com.kms.katalon.core.keyword.internal.KeywordExecutor.executeKeywordForPlatform(KeywordExecutor.groovy:53)
	at com.kms.katalon.core.keyword.BuiltinKeywords.callTestCase(BuiltinKeywords.groovy:334)
	at sun.reflect.NativeMethodAccessorImpl.invoke0(Native Method)
	at sun.reflect.NativeMethodAccessorImpl.invoke(NativeMethodAccessorImpl.java:62)
	at sun.reflect.DelegatingMethodAccessorImpl.invoke(DelegatingMethodAccessorImpl.java:43)
	at java.lang.reflect.Method.invoke(Method.java:498)
	at org.codehaus.groovy.reflection.CachedMethod.invoke(CachedMethod.java:93)
	at groovy.lang.MetaMethod.doMethodInvoke(MetaMethod.java:325)
	at groovy.lang.MetaClassImpl.invokeStaticMethod(MetaClassImpl.java:1469)
	at org.codehaus.groovy.runtime.callsite.StaticMetaClassSite.call(StaticMetaClassSite.java:53)
	at org.codehaus.groovy.runtime.callsite.CallSiteArray.defaultCall(CallSiteArray.java:48)
	at org.codehaus.groovy.runtime.callsite.AbstractCallSite.call(AbstractCallSite.java:113)
	at org.codehaus.groovy.runtime.callsite.AbstractCallSite.call(AbstractCallSite.java:141)
	at Script1543289444022.run(Script1543289444022.groovy:26)
	at com.kms.katalon.core.main.ScriptEngine.run(ScriptEngine.java:183)
	at com.kms.katalon.core.main.ScriptEngine.runScriptAsRawText(ScriptEngine.java:108)
	at com.kms.katalon.core.main.TestCaseExecutor.runScript(TestCaseExecutor.java:294)
	at com.kms.katalon.core.main.TestCaseExecutor.doExecute(TestCaseExecutor.java:285)
	at com.kms.katalon.core.main.TestCaseExecutor.processExecutionPhase(TestCaseExecutor.java:264)
	at com.kms.katalon.core.main.TestCaseExecutor.accessMainPhase(TestCaseExecutor.java:256)
	at com.kms.katalon.core.main.TestCaseExecutor.execute(TestCaseExecutor.java:200)
	at com.kms.katalon.core.main.TestSuiteExecutor.accessTestCaseMainPhase(TestSuiteExecutor.java:129)
	at com.kms.katalon.core.main.TestSuiteExecutor.accessTestSuiteMainPhase(TestSuiteExecutor.java:112)
	at com.kms.katalon.core.main.TestSuiteExecutor.execute(TestSuiteExecutor.java:81)
	at com.kms.katalon.core.main.TestCaseMain.startTestSuite(TestCaseMain.java:142)
	at com.kms.katalon.core.main.TestCaseMain$startTestSuite$0.call(Unknown Source)
	at org.codehaus.groovy.runtime.callsite.CallSiteArray.defaultCall(CallSiteArray.java:48)
	at org.codehaus.groovy.runtime.callsite.AbstractCallSite.call(AbstractCallSite.java:113)
	at org.codehaus.groovy.runtime.callsite.AbstractCallSite.call(AbstractCallSite.java:141)
	at TempTestSuite1543303555032.run(TempTestSuite1543303555032.groovy:36)
	at groovy.lang.GroovyShell.runScriptOrMainOrTestOrRunnable(GroovyShell.java:263)
	at groovy.lang.GroovyShell.run(GroovyShell.java:518)
	at groovy.lang.GroovyShell.run(GroovyShell.java:507)
	at groovy.ui.GroovyMain.processOnce(GroovyMain.java:653)
	at groovy.ui.GroovyMain.run(GroovyMain.java:384)
	at groovy.ui.GroovyMain.process(GroovyMain.java:370)
	at groovy.ui.GroovyMain.processArgs(GroovyMain.java:129)
	at groovy.ui.GroovyMain.main(GroovyMain.java:109)
	at sun.reflect.NativeMethodAccessorImpl.invoke0(Native Method)
	at sun.reflect.NativeMethodAccessorImpl.invoke(NativeMethodAccessorImpl.java:62)
	at sun.reflect.DelegatingMethodAccessorImpl.invoke(DelegatingMethodAccessorImpl.java:43)
	at java.lang.reflect.Method.invoke(Method.java:498)
	at org.codehaus.groovy.tools.GroovyStarter.rootLoader(GroovyStarter.java:109)
	at org.codehaus.groovy.tools.GroovyStarter.main(GroovyStarter.java:131)
)

2018-11-27 14:40:27 - [TEST_STEP][PASSED] - delay: Delayed 1 second(s)

2018-11-27 14:40:28 - [MESSAGE][PASSED] - Delayed 1 second(s)

2018-11-27 14:40:28 - [TEST_STEP][PASSED] - Statement - surveydate = com.kms.katalon.core.testdata.TestDataFactory.findTestData(Holiday).getValue(1, 1): Reading database data with query 'SELECT 
CASE WHEN (SELECT COUNT(*) AS CheckHoliday FROM ( 
				SELECT CONVERT(VARCHAR,HolidayDate,103) AS HolidayDate FROM aab.dbo.Holiday A 
				WHERE A.ActiveStatusID = 1 
				AND A.RowStatus = 0 
				AND (SELECT CONVERT(VARCHAR,HolidayDate,103)) = (SELECT CONVERT(varchar,GETDATE()+1,103)) 
				AND (SELECT DATEPART(DW,GETDATE()+1)) IN (2,3,4,5,6) 
				) AS HOLIDAY 
			) = 0 
			THEN CONVERT(varchar,GETDATE()+1,103) 
	WHEN (SELECT COUNT(*) AS CheckHoliday FROM ( 
				SELECT CONVERT(VARCHAR,HolidayDate,103) AS HolidayDate FROM aab.dbo.Holiday A 
				WHERE A.ActiveStatusID = 1 
				AND A.RowStatus = 0 
				AND (SELECT CONVERT(VARCHAR,HolidayDate,103)) = (SELECT CONVERT(varchar,GETDATE()+2,103)) 
				AND (SELECT DATEPART(DW,GETDATE()+1)) IN (2,3,4,5,6) 
				) AS HOLIDAY 
			) = 0 
			THEN CONVERT(varchar,GETDATE()+2,103) 
	WHEN (SELECT COUNT(*) AS CheckHoliday FROM ( 
				SELECT CONVERT(VARCHAR,HolidayDate,103) AS HolidayDate FROM aab.dbo.Holiday A 
				WHERE A.ActiveStatusID = 1 
				AND A.RowStatus = 0 
				AND (SELECT CONVERT(VARCHAR,HolidayDate,103)) = (SELECT CONVERT(varchar,GETDATE()+3,103)) 
				AND (SELECT DATEPART(DW,GETDATE()+1)) IN (2,3,4,5,6) 
				) AS HOLIDAY 
			) = 0 
			THEN CONVERT(varchar,GETDATE()+3,103) 
END AS SurveySchedule;'

2018-11-27 14:40:29 - [TEST_STEP][PASSED] - Statement - day = surveydate.split("/")[0]: null

2018-11-27 14:40:29 - [TEST_STEP][PASSED] - click: Object: 'Object Repository/Claim MV/Claim MV/EXP_PRODUCT' is clicked on

2018-11-27 14:40:29 - [MESSAGE][PASSED] - Object: 'Object Repository/Claim MV/Claim MV/EXP_PRODUCT' is clicked on

2018-11-27 14:40:29 - [TEST_STEP][PASSED] - delay: Delayed 3 second(s)

2018-11-27 14:40:32 - [MESSAGE][PASSED] - Delayed 3 second(s)

2018-11-27 14:40:32 - [TEST_STEP][PASSED] - click: Object: 'Object Repository/Claim MV/Claim MV/LST_PRODUCT_GO' is clicked on

2018-11-27 14:40:32 - [MESSAGE][PASSED] - Object: 'Object Repository/Claim MV/Claim MV/LST_PRODUCT_GO' is clicked on

2018-11-27 14:40:32 - [TEST_STEP][PASSED] - delay: Delayed 3 second(s)

2018-11-27 14:40:35 - [MESSAGE][PASSED] - Delayed 3 second(s)

2018-11-27 14:40:35 - [TEST_STEP][PASSED] - click: Object: 'Object Repository/Claim MV/Claim MV/EXP_VEHICLE' is clicked on

2018-11-27 14:40:35 - [MESSAGE][PASSED] - Object: 'Object Repository/Claim MV/Claim MV/EXP_VEHICLE' is clicked on

2018-11-27 14:40:35 - [TEST_STEP][PASSED] - delay: Delayed 3 second(s)

2018-11-27 14:40:38 - [MESSAGE][PASSED] - Delayed 3 second(s)

2018-11-27 14:40:38 - [TEST_STEP][PASSED] - click: Object: 'Object Repository/Claim MV/Claim MV/LST_VEHICLE' is clicked on

2018-11-27 14:40:38 - [MESSAGE][PASSED] - Object: 'Object Repository/Claim MV/Claim MV/LST_VEHICLE' is clicked on

2018-11-27 14:40:38 - [TEST_STEP][PASSED] - delay: Delayed 5 second(s)

2018-11-27 14:40:43 - [MESSAGE][PASSED] - Delayed 5 second(s)

2018-11-27 14:40:43 - [TEST_STEP][PASSED] - Statement - driver = com.kms.katalon.core.webui.keyword.WebUiBuiltInKeywords.getAttribute(com.kms.katalon.core.testobject.ObjectRepository.findTestObject(Object Repository/Claim MV/Claim MV/TXT_DRIVER), "value"): Attribute 'value' of object 'Object Repository/Claim MV/Claim MV/TXT_DRIVER' is: 'NAME ON POLICY TAF0040474'

2018-11-27 14:40:43 - [MESSAGE][PASSED] - Attribute 'value' of object 'Object Repository/Claim MV/Claim MV/TXT_DRIVER' is: 'NAME ON POLICY TAF0040474'

2018-11-27 14:40:43 - [TEST_STEP][PASSED] - delay: Delayed 1 second(s)

2018-11-27 14:40:44 - [MESSAGE][PASSED] - Delayed 1 second(s)

2018-11-27 14:40:44 - [TEST_STEP][PASSED] - click: Object: 'Object Repository/Claim MV/Claim MV/EXP_SURVEY_TYPE' is clicked on

2018-11-27 14:40:45 - [MESSAGE][PASSED] - Object: 'Object Repository/Claim MV/Claim MV/EXP_SURVEY_TYPE' is clicked on

2018-11-27 14:40:45 - [TEST_STEP][PASSED] - delay: Delayed 1 second(s)

2018-11-27 14:40:46 - [MESSAGE][PASSED] - Delayed 1 second(s)

2018-11-27 14:40:46 - [TEST_STEP][PASSED] - click: Object: 'Object Repository/Claim MV/Claim MV/LST_SURVEY_TYPE' is clicked on

2018-11-27 14:40:46 - [MESSAGE][PASSED] - Object: 'Object Repository/Claim MV/Claim MV/LST_SURVEY_TYPE' is clicked on

2018-11-27 14:40:46 - [TEST_STEP][PASSED] - delay: Delayed 3 second(s)

2018-11-27 14:40:49 - [MESSAGE][PASSED] - Delayed 3 second(s)

2018-11-27 14:40:49 - [TEST_STEP][ERROR] - Statement - If (surveytype == "Survey-in"): FORCEDSTOP

2018-11-27 14:40:49 - [TEST_STEP][PASSED] - click: Object: 'Object Repository/Claim MV/Claim MV/BTN_SURVEY_IN_LOCATION' is clicked on

2018-11-27 14:40:49 - [MESSAGE][PASSED] - Object: 'Object Repository/Claim MV/Claim MV/BTN_SURVEY_IN_LOCATION' is clicked on

2018-11-27 14:40:49 - [TEST_STEP][PASSED] - delay: Delayed 3 second(s)

2018-11-27 14:40:52 - [MESSAGE][PASSED] - Delayed 3 second(s)

2018-11-27 14:40:52 - [TEST_STEP][PASSED] - click: Object: 'Object Repository/Claim MV/Claim MV/IN Location Detail/EXP_SEARCH_BY' is clicked on

2018-11-27 14:40:52 - [MESSAGE][PASSED] - Object: 'Object Repository/Claim MV/Claim MV/IN Location Detail/EXP_SEARCH_BY' is clicked on

2018-11-27 14:40:52 - [TEST_STEP][PASSED] - delay: Delayed 2 second(s)

2018-11-27 14:40:54 - [MESSAGE][PASSED] - Delayed 2 second(s)

2018-11-27 14:40:54 - [TEST_STEP][PASSED] - click: Object: 'Object Repository/Claim MV/Claim MV/IN Location Detail/LST_SEARCH_BY' is clicked on

2018-11-27 14:40:55 - [MESSAGE][PASSED] - Object: 'Object Repository/Claim MV/Claim MV/IN Location Detail/LST_SEARCH_BY' is clicked on

2018-11-27 14:40:55 - [TEST_STEP][PASSED] - delay: Delayed 1 second(s)

2018-11-27 14:40:56 - [MESSAGE][PASSED] - Delayed 1 second(s)

2018-11-27 14:40:56 - [TEST_STEP][PASSED] - Statement - If (surveylocation.toUpperCase() == "GARDA CENTER"): null

2018-11-27 14:40:56 - [TEST_STEP][PASSED] - Statement - Else If (surveylocation.toUpperCase() == "WORKSHOP"): Text 'auto 2000 sunter' is set on object 'Object Repository/Claim MV/Claim MV/IN Location Detail/TXT_SEARCH_BY_INPUT'

2018-11-27 14:40:56 - [TEST_STEP][PASSED] - Statement - locationname = "auto 2000 sunter": null

2018-11-27 14:40:56 - [TEST_STEP][PASSED] - setText: Text 'auto 2000 sunter' is set on object 'Object Repository/Claim MV/Claim MV/IN Location Detail/TXT_SEARCH_BY_INPUT'

2018-11-27 14:40:56 - [MESSAGE][PASSED] - Text 'auto 2000 sunter' is set on object 'Object Repository/Claim MV/Claim MV/IN Location Detail/TXT_SEARCH_BY_INPUT'

2018-11-27 14:40:56 - [TEST_STEP][PASSED] - click: Object: 'Object Repository/Claim MV/Claim MV/IN Location Detail/BTN_SEARCH' is clicked on

2018-11-27 14:40:56 - [MESSAGE][PASSED] - Object: 'Object Repository/Claim MV/Claim MV/IN Location Detail/BTN_SEARCH' is clicked on

2018-11-27 14:40:56 - [TEST_STEP][PASSED] - delay: Delayed 7 second(s)

2018-11-27 14:41:03 - [MESSAGE][PASSED] - Delayed 7 second(s)

2018-11-27 14:41:03 - [TEST_STEP][PASSED] - click: Object: 'Object Repository/Claim MV/Claim MV/IN Location Detail/LST_SEARCH_RESULT_1' is clicked on

2018-11-27 14:41:03 - [MESSAGE][PASSED] - Object: 'Object Repository/Claim MV/Claim MV/IN Location Detail/LST_SEARCH_RESULT_1' is clicked on

2018-11-27 14:41:03 - [TEST_STEP][PASSED] - delay: Delayed 1 second(s)

2018-11-27 14:41:04 - [MESSAGE][PASSED] - Delayed 1 second(s)

2018-11-27 14:41:04 - [TEST_STEP][PASSED] - click: Object: 'Object Repository/Claim MV/Claim MV/IN Location Detail/BTN_SELECT' is clicked on

2018-11-27 14:41:05 - [MESSAGE][PASSED] - Object: 'Object Repository/Claim MV/Claim MV/IN Location Detail/BTN_SELECT' is clicked on

2018-11-27 14:41:05 - [TEST_STEP][PASSED] - delay: Delayed 1 second(s)

2018-11-27 14:41:06 - [MESSAGE][PASSED] - Delayed 1 second(s)

2018-11-27 14:41:06 - [TEST_STEP][PASSED] - click: Object: 'Object Repository/Claim MV/Claim MV/BTN_SURVEY_SCHEDULE_IN' is clicked on

2018-11-27 14:41:06 - [MESSAGE][PASSED] - Object: 'Object Repository/Claim MV/Claim MV/BTN_SURVEY_SCHEDULE_IN' is clicked on

2018-11-27 14:41:06 - [TEST_STEP][PASSED] - delay: Delayed 1 second(s)

2018-11-27 14:41:07 - [MESSAGE][PASSED] - Delayed 1 second(s)

2018-11-27 14:41:07 - [TEST_STEP][PASSED] - click: Object: 'Object Repository/Claim MV/Claim MV/BTN_DAY_SURVEY' is clicked on

2018-11-27 14:41:07 - [MESSAGE][PASSED] - Object: 'Object Repository/Claim MV/Claim MV/BTN_DAY_SURVEY' is clicked on

2018-11-27 14:41:07 - [TEST_STEP][PASSED] - delay: Delayed 1 second(s)

2018-11-27 14:41:08 - [MESSAGE][PASSED] - Delayed 1 second(s)

2018-11-27 14:41:08 - [TEST_STEP][PASSED] - setText: Text 'locationaccident' is set on object 'Object Repository/Claim MV/Claim MV/TXT_LOCATION_ACCIDENT'

2018-11-27 14:41:09 - [MESSAGE][PASSED] - Text 'locationaccident' is set on object 'Object Repository/Claim MV/Claim MV/TXT_LOCATION_ACCIDENT'

2018-11-27 14:41:09 - [TEST_STEP][PASSED] - delay: Delayed 1 second(s)

2018-11-27 14:41:10 - [MESSAGE][PASSED] - Delayed 1 second(s)

2018-11-27 14:41:10 - [TEST_STEP][PASSED] - setText: Text 'accidentinfo' is set on object 'Object Repository/Claim MV/Claim MV/TXT_ACCIDENT_INFO'

2018-11-27 14:41:10 - [MESSAGE][PASSED] - Text 'accidentinfo' is set on object 'Object Repository/Claim MV/Claim MV/TXT_ACCIDENT_INFO'

2018-11-27 14:41:10 - [TEST_STEP][PASSED] - delay: Delayed 1 second(s)

2018-11-27 14:41:11 - [MESSAGE][PASSED] - Delayed 1 second(s)

2018-11-27 14:41:11 - [TEST_STEP][PASSED] - click: Object: 'Object Repository/Claim MV/Claim MV/EXP_CAUSE_LOSS' is clicked on

2018-11-27 14:41:11 - [MESSAGE][PASSED] - Object: 'Object Repository/Claim MV/Claim MV/EXP_CAUSE_LOSS' is clicked on

2018-11-27 14:41:11 - [TEST_STEP][PASSED] - delay: Delayed 1 second(s)

2018-11-27 14:41:12 - [MESSAGE][PASSED] - Delayed 1 second(s)

2018-11-27 14:41:12 - [TEST_STEP][PASSED] - click: Object: 'Object Repository/Claim MV/Claim MV/LST_CAUSE_DITABRAK' is clicked on

2018-11-27 14:41:12 - [MESSAGE][PASSED] - Object: 'Object Repository/Claim MV/Claim MV/LST_CAUSE_DITABRAK' is clicked on

2018-11-27 14:41:12 - [TEST_STEP][PASSED] - delay: Delayed 1 second(s)

2018-11-27 14:41:13 - [MESSAGE][PASSED] - Delayed 1 second(s)

2018-11-27 14:41:13 - [TEST_STEP][PASSED] - click: Object: 'Object Repository/Claim MV/Claim MV/CHK_SEND_SMS' is clicked on

2018-11-27 14:41:13 - [MESSAGE][PASSED] - Object: 'Object Repository/Claim MV/Claim MV/CHK_SEND_SMS' is clicked on

2018-11-27 14:41:13 - [TEST_STEP][PASSED] - delay: Delayed 1 second(s)

2018-11-27 14:41:14 - [MESSAGE][PASSED] - Delayed 1 second(s)

2018-11-27 14:41:14 - [TEST_STEP][PASSED] - click: Object: 'Object Repository/Claim MV/Claim MV/EXP_FU_STATUS' is clicked on

2018-11-27 14:41:15 - [MESSAGE][PASSED] - Object: 'Object Repository/Claim MV/Claim MV/EXP_FU_STATUS' is clicked on

2018-11-27 14:41:15 - [TEST_STEP][PASSED] - delay: Delayed 1 second(s)

2018-11-27 14:41:16 - [MESSAGE][PASSED] - Delayed 1 second(s)

2018-11-27 14:41:16 - [TEST_STEP][PASSED] - click: Object: 'Object Repository/Claim MV/Claim MV/LST_FU_CLOSE' is clicked on

2018-11-27 14:41:16 - [MESSAGE][PASSED] - Object: 'Object Repository/Claim MV/Claim MV/LST_FU_CLOSE' is clicked on

2018-11-27 14:41:16 - [TEST_STEP][PASSED] - delay: Delayed 1 second(s)

2018-11-27 14:41:17 - [MESSAGE][PASSED] - Delayed 1 second(s)

2018-11-27 14:41:17 - [TEST_STEP][PASSED] - setText: Text 'remarks' is set on object 'Object Repository/Claim MV/Claim MV/TXT_FU_REMARKS'

2018-11-27 14:41:17 - [MESSAGE][PASSED] - Text 'remarks' is set on object 'Object Repository/Claim MV/Claim MV/TXT_FU_REMARKS'

2018-11-27 14:41:17 - [TEST_STEP][PASSED] - delay: Delayed 1 second(s)

2018-11-27 14:41:18 - [MESSAGE][PASSED] - Delayed 1 second(s)

2018-11-27 14:41:18 - [TEST_STEP][PASSED] - click: Object: 'Object Repository/Claim MV/Claim MV/BTN_SAVE' is clicked on

2018-11-27 14:41:18 - [MESSAGE][PASSED] - Object: 'Object Repository/Claim MV/Claim MV/BTN_SAVE' is clicked on

2018-11-27 14:41:18 - [TEST_STEP][PASSED] - delay: Delayed 350 second(s)

2018-11-27 14:47:08 - [MESSAGE][PASSED] - Delayed 350 second(s)

2018-11-27 14:47:08 - [TEST_STEP][ERROR] - executeSQL.executeScript.checksurveyin: FORCEDSTOP

2018-11-27 14:48:00 - [MESSAGE][ERROR] - FORCEDSTOP

2018-11-27 14:48:00 - [MESSAGE][FAILED] - Unable to call Test Case with id 'Test Cases/Screen/Claim MV' (Root cause: Call Test Case 'Test Cases/Screen/Claim MV' failed because of error(s))]]></system-out>
         <system-err><![CDATA[2018-11-27 14:37:06 - [TEST_CASE][ERROR] - Test Cases/Scenario/Claim MV - In Workshop: Test Cases/Scenario/Claim MV - In Workshop FAILED because (of) (Stack trace: com.kms.katalon.core.exception.StepErrorException: FORCEDSTOP
	at sun.reflect.NativeConstructorAccessorImpl.newInstance0(Native Method)
	at sun.reflect.NativeConstructorAccessorImpl.newInstance(NativeConstructorAccessorImpl.java:62)
	at sun.reflect.DelegatingConstructorAccessorImpl.newInstance(DelegatingConstructorAccessorImpl.java:45)
	at java.lang.reflect.Constructor.newInstance(Constructor.java:423)
	at org.codehaus.groovy.reflection.CachedConstructor.invoke(CachedConstructor.java:83)
	at org.codehaus.groovy.runtime.callsite.ConstructorSite$ConstructorSiteNoUnwrapNoCoerce.callConstructor(ConstructorSite.java:105)
	at org.codehaus.groovy.runtime.callsite.CallSiteArray.defaultCallConstructor(CallSiteArray.java:60)
	at org.codehaus.groovy.runtime.callsite.AbstractCallSite.callConstructor(AbstractCallSite.java:235)
	at org.codehaus.groovy.runtime.callsite.AbstractCallSite.callConstructor(AbstractCallSite.java:247)
	at forceStop.executeStop.FSTOP(executeStop.groovy:26)
	at forceStop.executeStop$FSTOP.call(Unknown Source)
	at org.codehaus.groovy.runtime.callsite.CallSiteArray.defaultCall(CallSiteArray.java:48)
	at org.codehaus.groovy.runtime.callsite.AbstractCallSite.call(AbstractCallSite.java:113)
	at org.codehaus.groovy.runtime.callsite.AbstractCallSite.call(AbstractCallSite.java:117)
	at executeSQL.executeScript.checksurveyin(executeScript.groovy:65)
	at sun.reflect.NativeMethodAccessorImpl.invoke0(Native Method)
	at sun.reflect.NativeMethodAccessorImpl.invoke(NativeMethodAccessorImpl.java:62)
	at sun.reflect.DelegatingMethodAccessorImpl.invoke(DelegatingMethodAccessorImpl.java:43)
	at java.lang.reflect.Method.invoke(Method.java:498)
	at org.codehaus.groovy.reflection.CachedMethod.invoke(CachedMethod.java:93)
	at groovy.lang.MetaMethod.doMethodInvoke(MetaMethod.java:325)
	at groovy.lang.MetaClassImpl.invokeMethod(MetaClassImpl.java:1215)
	at groovy.lang.MetaClassImpl.invokeMethod(MetaClassImpl.java:1024)
	at groovy.lang.MetaClassImpl.invokeMethod(MetaClassImpl.java:812)
	at groovy.lang.DelegatingMetaClass.invokeMethod(DelegatingMetaClass.java:144)
	at executeSQL.executeScript.invokeMethod(executeScript.groovy)
	at com.kms.katalon.core.main.CustomKeywordDelegatingMetaClass.invokeStaticMethod(CustomKeywordDelegatingMetaClass.java:46)
	at org.codehaus.groovy.runtime.callsite.StaticMetaClassSite.call(StaticMetaClassSite.java:53)
	at org.codehaus.groovy.runtime.callsite.AbstractCallSite.call(AbstractCallSite.java:117)
	at Script1542944761693.run(Script1542944761693.groovy:100)
	at com.kms.katalon.core.main.ScriptEngine.run(ScriptEngine.java:183)
	at com.kms.katalon.core.main.ScriptEngine.runScriptAsRawText(ScriptEngine.java:108)
	at com.kms.katalon.core.main.TestCaseExecutor.runScript(TestCaseExecutor.java:294)
	at com.kms.katalon.core.main.TestCaseExecutor.doExecute(TestCaseExecutor.java:285)
	at com.kms.katalon.core.main.TestCaseExecutor.processExecutionPhase(TestCaseExecutor.java:264)
	at com.kms.katalon.core.main.TestCaseExecutor.accessMainPhase(TestCaseExecutor.java:256)
	at com.kms.katalon.core.main.TestCaseExecutor.execute(TestCaseExecutor.java:200)
	at com.kms.katalon.core.main.TestCaseMain.runTestCase(TestCaseMain.java:99)
	at com.kms.katalon.core.keyword.builtin.CallTestCaseKeyword$_callTestCase_closure1.doCall(CallTestCaseKeyword.groovy:60)
	at com.kms.katalon.core.keyword.builtin.CallTestCaseKeyword$_callTestCase_closure1.call(CallTestCaseKeyword.groovy)
	at com.kms.katalon.core.keyword.internal.KeywordMain.runKeyword(KeywordMain.groovy:54)
	at com.kms.katalon.core.keyword.builtin.CallTestCaseKeyword.callTestCase(CallTestCaseKeyword.groovy:81)
	at com.kms.katalon.core.keyword.builtin.CallTestCaseKeyword.execute(CallTestCaseKeyword.groovy:45)
	at com.kms.katalon.core.keyword.internal.KeywordExecutor.executeKeywordForPlatform(KeywordExecutor.groovy:53)
	at com.kms.katalon.core.keyword.BuiltinKeywords.callTestCase(BuiltinKeywords.groovy:334)
	at sun.reflect.NativeMethodAccessorImpl.invoke0(Native Method)
	at sun.reflect.NativeMethodAccessorImpl.invoke(NativeMethodAccessorImpl.java:62)
	at sun.reflect.DelegatingMethodAccessorImpl.invoke(DelegatingMethodAccessorImpl.java:43)
	at java.lang.reflect.Method.invoke(Method.java:498)
	at org.codehaus.groovy.reflection.CachedMethod.invoke(CachedMethod.java:93)
	at groovy.lang.MetaMethod.doMethodInvoke(MetaMethod.java:325)
	at groovy.lang.MetaClassImpl.invokeStaticMethod(MetaClassImpl.java:1469)
	at org.codehaus.groovy.runtime.callsite.StaticMetaClassSite.call(StaticMetaClassSite.java:53)
	at org.codehaus.groovy.runtime.callsite.CallSiteArray.defaultCall(CallSiteArray.java:48)
	at org.codehaus.groovy.runtime.callsite.AbstractCallSite.call(AbstractCallSite.java:113)
	at org.codehaus.groovy.runtime.callsite.AbstractCallSite.call(AbstractCallSite.java:141)
	at Script1543289444022.run(Script1543289444022.groovy:26)
	at com.kms.katalon.core.main.ScriptEngine.run(ScriptEngine.java:183)
	at com.kms.katalon.core.main.ScriptEngine.runScriptAsRawText(ScriptEngine.java:108)
	at com.kms.katalon.core.main.TestCaseExecutor.runScript(TestCaseExecutor.java:294)
	at com.kms.katalon.core.main.TestCaseExecutor.doExecute(TestCaseExecutor.java:285)
	at com.kms.katalon.core.main.TestCaseExecutor.processExecutionPhase(TestCaseExecutor.java:264)
	at com.kms.katalon.core.main.TestCaseExecutor.accessMainPhase(TestCaseExecutor.java:256)
	at com.kms.katalon.core.main.TestCaseExecutor.execute(TestCaseExecutor.java:200)
	at com.kms.katalon.core.main.TestSuiteExecutor.accessTestCaseMainPhase(TestSuiteExecutor.java:129)
	at com.kms.katalon.core.main.TestSuiteExecutor.accessTestSuiteMainPhase(TestSuiteExecutor.java:112)
	at com.kms.katalon.core.main.TestSuiteExecutor.execute(TestSuiteExecutor.java:81)
	at com.kms.katalon.core.main.TestCaseMain.startTestSuite(TestCaseMain.java:142)
	at com.kms.katalon.core.main.TestCaseMain$startTestSuite$0.call(Unknown Source)
	at org.codehaus.groovy.runtime.callsite.CallSiteArray.defaultCall(CallSiteArray.java:48)
	at org.codehaus.groovy.runtime.callsite.AbstractCallSite.call(AbstractCallSite.java:113)
	at org.codehaus.groovy.runtime.callsite.AbstractCallSite.call(AbstractCallSite.java:141)
	at TempTestSuite1543303555032.run(TempTestSuite1543303555032.groovy:36)
	at groovy.lang.GroovyShell.runScriptOrMainOrTestOrRunnable(GroovyShell.java:263)
	at groovy.lang.GroovyShell.run(GroovyShell.java:518)
	at groovy.lang.GroovyShell.run(GroovyShell.java:507)
	at groovy.ui.GroovyMain.processOnce(GroovyMain.java:653)
	at groovy.ui.GroovyMain.run(GroovyMain.java:384)
	at groovy.ui.GroovyMain.process(GroovyMain.java:370)
	at groovy.ui.GroovyMain.processArgs(GroovyMain.java:129)
	at groovy.ui.GroovyMain.main(GroovyMain.java:109)
	at sun.reflect.NativeMethodAccessorImpl.invoke0(Native Method)
	at sun.reflect.NativeMethodAccessorImpl.invoke(NativeMethodAccessorImpl.java:62)
	at sun.reflect.DelegatingMethodAccessorImpl.invoke(DelegatingMethodAccessorImpl.java:43)
	at java.lang.reflect.Method.invoke(Method.java:498)
	at org.codehaus.groovy.tools.GroovyStarter.rootLoader(GroovyStarter.java:109)
	at org.codehaus.groovy.tools.GroovyStarter.main(GroovyStarter.java:131)
)]]></system-err>
      </testcase>
      <testcase name="Test Cases/Scenario/Claim MV - Out Workshop" classname="Test Cases/Scenario/Claim MV - Out Workshop" status="FAILED">
         <failure type="FAILED" message="(Stack trace: com.kms.katalon.core.exception.StepFailedException: Unable to click on object 'Object Repository/Claim MV/Claim MV/BTN_SAVE_OK' (Root cause: org.openqa.selenium.ElementNotVisibleException: element not interactable
  (Session info: chrome=70.0.3538.102)
  (Driver info: chromedriver=2.43.600210 (68dcf5eebde37173d4027fa8635e332711d2874a),platform=Windows NT 10.0.16299 x86_64) (WARNING: The server did not provide any stacktrace information)
Command duration or timeout: 0 milliseconds
Build info: version: '3.7.1', revision: '8a0099a', time: '2017-11-06T21:07:36.161Z'
System info: host: 'SMHONB17D34BTE', ip: '10.242.10.118', os.name: 'Windows 10', os.arch: 'amd64', os.version: '10.0', java.version: '1.8.0_181'
Driver info: com.kms.katalon.selenium.driver.CChromeDriver
Capabilities {acceptInsecureCerts: false, acceptSslCerts: false, applicationCacheEnabled: false, browserConnectionEnabled: false, browserName: chrome, chrome: {chromedriverVersion: 2.43.600210 (68dcf5eebde371..., userDataDir: C:\Users\bte\AppData\Local\...}, cssSelectorsEnabled: true, databaseEnabled: false, goog:chromeOptions: {debuggerAddress: localhost:53655}, handlesAlerts: true, hasTouchScreen: false, javascriptEnabled: true, locationContextEnabled: true, mobileEmulationEnabled: false, nativeEvents: true, networkConnectionEnabled: false, pageLoadStrategy: normal, platform: XP, platformName: XP, rotatable: false, setWindowRect: true, takesHeapSnapshot: true, takesScreenshot: true, unexpectedAlertBehaviour: , unhandledPromptBehavior: , version: 70.0.3538.102, webStorageEnabled: true}
Session ID: 6f66d32f426ab578fba594f7c6ee08ce)
	at com.kms.katalon.core.keyword.internal.KeywordMain.stepFailed(KeywordMain.groovy:36)
	at com.kms.katalon.core.webui.keyword.internal.WebUIKeywordMain.stepFailed(WebUIKeywordMain.groovy:65)
	at com.kms.katalon.core.webui.keyword.internal.WebUIKeywordMain.runKeyword(WebUIKeywordMain.groovy:27)
	at com.kms.katalon.core.webui.keyword.builtin.ClickKeyword.click(ClickKeyword.groovy:86)
	at com.kms.katalon.core.webui.keyword.builtin.ClickKeyword.execute(ClickKeyword.groovy:67)
	at com.kms.katalon.core.keyword.internal.KeywordExecutor.executeKeywordForPlatform(KeywordExecutor.groovy:53)
	at com.kms.katalon.core.webui.keyword.WebUiBuiltInKeywords.click(WebUiBuiltInKeywords.groovy:616)
	at com.kms.katalon.core.webui.keyword.WebUiBuiltInKeywords$click$2.call(Unknown Source)
	at org.codehaus.groovy.runtime.callsite.CallSiteArray.defaultCall(CallSiteArray.java:48)
	at org.codehaus.groovy.runtime.callsite.AbstractCallSite.call(AbstractCallSite.java:113)
	at org.codehaus.groovy.runtime.callsite.AbstractCallSite.call(AbstractCallSite.java:125)
	at Script1542944761693.run(Script1542944761693.groovy:196)
	at com.kms.katalon.core.main.ScriptEngine.run(ScriptEngine.java:183)
	at com.kms.katalon.core.main.ScriptEngine.runScriptAsRawText(ScriptEngine.java:108)
	at com.kms.katalon.core.main.TestCaseExecutor.runScript(TestCaseExecutor.java:294)
	at com.kms.katalon.core.main.TestCaseExecutor.doExecute(TestCaseExecutor.java:285)
	at com.kms.katalon.core.main.TestCaseExecutor.processExecutionPhase(TestCaseExecutor.java:264)
	at com.kms.katalon.core.main.TestCaseExecutor.accessMainPhase(TestCaseExecutor.java:256)
	at com.kms.katalon.core.main.TestCaseExecutor.execute(TestCaseExecutor.java:200)
	at com.kms.katalon.core.main.TestCaseMain.runTestCase(TestCaseMain.java:99)
	at com.kms.katalon.core.keyword.builtin.CallTestCaseKeyword$_callTestCase_closure1.doCall(CallTestCaseKeyword.groovy:60)
	at com.kms.katalon.core.keyword.builtin.CallTestCaseKeyword$_callTestCase_closure1.call(CallTestCaseKeyword.groovy)
	at com.kms.katalon.core.keyword.internal.KeywordMain.runKeyword(KeywordMain.groovy:54)
	at com.kms.katalon.core.keyword.builtin.CallTestCaseKeyword.callTestCase(CallTestCaseKeyword.groovy:81)
	at com.kms.katalon.core.keyword.builtin.CallTestCaseKeyword.execute(CallTestCaseKeyword.groovy:45)
	at com.kms.katalon.core.keyword.internal.KeywordExecutor.executeKeywordForPlatform(KeywordExecutor.groovy:53)
	at com.kms.katalon.core.keyword.BuiltinKeywords.callTestCase(BuiltinKeywords.groovy:334)
	at sun.reflect.GeneratedMethodAccessor13.invoke(Unknown Source)
	at sun.reflect.DelegatingMethodAccessorImpl.invoke(DelegatingMethodAccessorImpl.java:43)
	at java.lang.reflect.Method.invoke(Method.java:498)
	at org.codehaus.groovy.reflection.CachedMethod.invoke(CachedMethod.java:93)
	at groovy.lang.MetaMethod.doMethodInvoke(MetaMethod.java:325)
	at groovy.lang.MetaClassImpl.invokeStaticMethod(MetaClassImpl.java:1469)
	at org.codehaus.groovy.runtime.callsite.StaticMetaClassSite.call(StaticMetaClassSite.java:53)
	at org.codehaus.groovy.runtime.callsite.CallSiteArray.defaultCall(CallSiteArray.java:48)
	at org.codehaus.groovy.runtime.callsite.AbstractCallSite.call(AbstractCallSite.java:113)
	at org.codehaus.groovy.runtime.callsite.AbstractCallSite.call(AbstractCallSite.java:141)
	at Script1543232599436.run(Script1543232599436.groovy:26)
	at com.kms.katalon.core.main.ScriptEngine.run(ScriptEngine.java:183)
	at com.kms.katalon.core.main.ScriptEngine.runScriptAsRawText(ScriptEngine.java:108)
	at com.kms.katalon.core.main.TestCaseExecutor.runScript(TestCaseExecutor.java:294)
	at com.kms.katalon.core.main.TestCaseExecutor.doExecute(TestCaseExecutor.java:285)
	at com.kms.katalon.core.main.TestCaseExecutor.processExecutionPhase(TestCaseExecutor.java:264)
	at com.kms.katalon.core.main.TestCaseExecutor.accessMainPhase(TestCaseExecutor.java:256)
	at com.kms.katalon.core.main.TestCaseExecutor.execute(TestCaseExecutor.java:200)
	at com.kms.katalon.core.main.TestSuiteExecutor.accessTestCaseMainPhase(TestSuiteExecutor.java:129)
	at com.kms.katalon.core.main.TestSuiteExecutor.accessTestSuiteMainPhase(TestSuiteExecutor.java:112)
	at com.kms.katalon.core.main.TestSuiteExecutor.execute(TestSuiteExecutor.java:81)
	at com.kms.katalon.core.main.TestCaseMain.startTestSuite(TestCaseMain.java:142)
	at com.kms.katalon.core.main.TestCaseMain$startTestSuite$0.call(Unknown Source)
	at org.codehaus.groovy.runtime.callsite.CallSiteArray.defaultCall(CallSiteArray.java:48)
	at org.codehaus.groovy.runtime.callsite.AbstractCallSite.call(AbstractCallSite.java:113)
	at org.codehaus.groovy.runtime.callsite.AbstractCallSite.call(AbstractCallSite.java:141)
	at TempTestSuite1543303555032.run(TempTestSuite1543303555032.groovy:36)
	at groovy.lang.GroovyShell.runScriptOrMainOrTestOrRunnable(GroovyShell.java:263)
	at groovy.lang.GroovyShell.run(GroovyShell.java:518)
	at groovy.lang.GroovyShell.run(GroovyShell.java:507)
	at groovy.ui.GroovyMain.processOnce(GroovyMain.java:653)
	at groovy.ui.GroovyMain.run(GroovyMain.java:384)
	at groovy.ui.GroovyMain.process(GroovyMain.java:370)
	at groovy.ui.GroovyMain.processArgs(GroovyMain.java:129)
	at groovy.ui.GroovyMain.main(GroovyMain.java:109)
	at sun.reflect.NativeMethodAccessorImpl.invoke0(Native Method)
	at sun.reflect.NativeMethodAccessorImpl.invoke(NativeMethodAccessorImpl.java:62)
	at sun.reflect.DelegatingMethodAccessorImpl.invoke(DelegatingMethodAccessorImpl.java:43)
	at java.lang.reflect.Method.invoke(Method.java:498)
	at org.codehaus.groovy.tools.GroovyStarter.rootLoader(GroovyStarter.java:109)
	at org.codehaus.groovy.tools.GroovyStarter.main(GroovyStarter.java:131)
)"/>
         <system-out><![CDATA[2018-11-27 14:48:00 - [TEST_CASE][FAILED] - Test Cases/Scenario/Claim MV - Out Workshop: Test Cases/Scenario/Claim MV - Out Workshop FAILED because (of) (Stack trace: com.kms.katalon.core.exception.StepFailedException: Unable to click on object 'Object Repository/Claim MV/Claim MV/BTN_SAVE_OK' (Root cause: org.openqa.selenium.ElementNotVisibleException: element not interactable
  (Session info: chrome=70.0.3538.102)
  (Driver info: chromedriver=2.43.600210 (68dcf5eebde37173d4027fa8635e332711d2874a),platform=Windows NT 10.0.16299 x86_64) (WARNING: The server did not provide any stacktrace information)
Command duration or timeout: 0 milliseconds
Build info: version: '3.7.1', revision: '8a0099a', time: '2017-11-06T21:07:36.161Z'
System info: host: 'SMHONB17D34BTE', ip: '10.242.10.118', os.name: 'Windows 10', os.arch: 'amd64', os.version: '10.0', java.version: '1.8.0_181'
Driver info: com.kms.katalon.selenium.driver.CChromeDriver
Capabilities {acceptInsecureCerts: false, acceptSslCerts: false, applicationCacheEnabled: false, browserConnectionEnabled: false, browserName: chrome, chrome: {chromedriverVersion: 2.43.600210 (68dcf5eebde371..., userDataDir: C:\Users\bte\AppData\Local\...}, cssSelectorsEnabled: true, databaseEnabled: false, goog:chromeOptions: {debuggerAddress: localhost:53655}, handlesAlerts: true, hasTouchScreen: false, javascriptEnabled: true, locationContextEnabled: true, mobileEmulationEnabled: false, nativeEvents: true, networkConnectionEnabled: false, pageLoadStrategy: normal, platform: XP, platformName: XP, rotatable: false, setWindowRect: true, takesHeapSnapshot: true, takesScreenshot: true, unexpectedAlertBehaviour: , unhandledPromptBehavior: , version: 70.0.3538.102, webStorageEnabled: true}
Session ID: 6f66d32f426ab578fba594f7c6ee08ce)
	at com.kms.katalon.core.keyword.internal.KeywordMain.stepFailed(KeywordMain.groovy:36)
	at com.kms.katalon.core.webui.keyword.internal.WebUIKeywordMain.stepFailed(WebUIKeywordMain.groovy:65)
	at com.kms.katalon.core.webui.keyword.internal.WebUIKeywordMain.runKeyword(WebUIKeywordMain.groovy:27)
	at com.kms.katalon.core.webui.keyword.builtin.ClickKeyword.click(ClickKeyword.groovy:86)
	at com.kms.katalon.core.webui.keyword.builtin.ClickKeyword.execute(ClickKeyword.groovy:67)
	at com.kms.katalon.core.keyword.internal.KeywordExecutor.executeKeywordForPlatform(KeywordExecutor.groovy:53)
	at com.kms.katalon.core.webui.keyword.WebUiBuiltInKeywords.click(WebUiBuiltInKeywords.groovy:616)
	at com.kms.katalon.core.webui.keyword.WebUiBuiltInKeywords$click$2.call(Unknown Source)
	at org.codehaus.groovy.runtime.callsite.CallSiteArray.defaultCall(CallSiteArray.java:48)
	at org.codehaus.groovy.runtime.callsite.AbstractCallSite.call(AbstractCallSite.java:113)
	at org.codehaus.groovy.runtime.callsite.AbstractCallSite.call(AbstractCallSite.java:125)
	at Script1542944761693.run(Script1542944761693.groovy:196)
	at com.kms.katalon.core.main.ScriptEngine.run(ScriptEngine.java:183)
	at com.kms.katalon.core.main.ScriptEngine.runScriptAsRawText(ScriptEngine.java:108)
	at com.kms.katalon.core.main.TestCaseExecutor.runScript(TestCaseExecutor.java:294)
	at com.kms.katalon.core.main.TestCaseExecutor.doExecute(TestCaseExecutor.java:285)
	at com.kms.katalon.core.main.TestCaseExecutor.processExecutionPhase(TestCaseExecutor.java:264)
	at com.kms.katalon.core.main.TestCaseExecutor.accessMainPhase(TestCaseExecutor.java:256)
	at com.kms.katalon.core.main.TestCaseExecutor.execute(TestCaseExecutor.java:200)
	at com.kms.katalon.core.main.TestCaseMain.runTestCase(TestCaseMain.java:99)
	at com.kms.katalon.core.keyword.builtin.CallTestCaseKeyword$_callTestCase_closure1.doCall(CallTestCaseKeyword.groovy:60)
	at com.kms.katalon.core.keyword.builtin.CallTestCaseKeyword$_callTestCase_closure1.call(CallTestCaseKeyword.groovy)
	at com.kms.katalon.core.keyword.internal.KeywordMain.runKeyword(KeywordMain.groovy:54)
	at com.kms.katalon.core.keyword.builtin.CallTestCaseKeyword.callTestCase(CallTestCaseKeyword.groovy:81)
	at com.kms.katalon.core.keyword.builtin.CallTestCaseKeyword.execute(CallTestCaseKeyword.groovy:45)
	at com.kms.katalon.core.keyword.internal.KeywordExecutor.executeKeywordForPlatform(KeywordExecutor.groovy:53)
	at com.kms.katalon.core.keyword.BuiltinKeywords.callTestCase(BuiltinKeywords.groovy:334)
	at sun.reflect.GeneratedMethodAccessor13.invoke(Unknown Source)
	at sun.reflect.DelegatingMethodAccessorImpl.invoke(DelegatingMethodAccessorImpl.java:43)
	at java.lang.reflect.Method.invoke(Method.java:498)
	at org.codehaus.groovy.reflection.CachedMethod.invoke(CachedMethod.java:93)
	at groovy.lang.MetaMethod.doMethodInvoke(MetaMethod.java:325)
	at groovy.lang.MetaClassImpl.invokeStaticMethod(MetaClassImpl.java:1469)
	at org.codehaus.groovy.runtime.callsite.StaticMetaClassSite.call(StaticMetaClassSite.java:53)
	at org.codehaus.groovy.runtime.callsite.CallSiteArray.defaultCall(CallSiteArray.java:48)
	at org.codehaus.groovy.runtime.callsite.AbstractCallSite.call(AbstractCallSite.java:113)
	at org.codehaus.groovy.runtime.callsite.AbstractCallSite.call(AbstractCallSite.java:141)
	at Script1543232599436.run(Script1543232599436.groovy:26)
	at com.kms.katalon.core.main.ScriptEngine.run(ScriptEngine.java:183)
	at com.kms.katalon.core.main.ScriptEngine.runScriptAsRawText(ScriptEngine.java:108)
	at com.kms.katalon.core.main.TestCaseExecutor.runScript(TestCaseExecutor.java:294)
	at com.kms.katalon.core.main.TestCaseExecutor.doExecute(TestCaseExecutor.java:285)
	at com.kms.katalon.core.main.TestCaseExecutor.processExecutionPhase(TestCaseExecutor.java:264)
	at com.kms.katalon.core.main.TestCaseExecutor.accessMainPhase(TestCaseExecutor.java:256)
	at com.kms.katalon.core.main.TestCaseExecutor.execute(TestCaseExecutor.java:200)
	at com.kms.katalon.core.main.TestSuiteExecutor.accessTestCaseMainPhase(TestSuiteExecutor.java:129)
	at com.kms.katalon.core.main.TestSuiteExecutor.accessTestSuiteMainPhase(TestSuiteExecutor.java:112)
	at com.kms.katalon.core.main.TestSuiteExecutor.execute(TestSuiteExecutor.java:81)
	at com.kms.katalon.core.main.TestCaseMain.startTestSuite(TestCaseMain.java:142)
	at com.kms.katalon.core.main.TestCaseMain$startTestSuite$0.call(Unknown Source)
	at org.codehaus.groovy.runtime.callsite.CallSiteArray.defaultCall(CallSiteArray.java:48)
	at org.codehaus.groovy.runtime.callsite.AbstractCallSite.call(AbstractCallSite.java:113)
	at org.codehaus.groovy.runtime.callsite.AbstractCallSite.call(AbstractCallSite.java:141)
	at TempTestSuite1543303555032.run(TempTestSuite1543303555032.groovy:36)
	at groovy.lang.GroovyShell.runScriptOrMainOrTestOrRunnable(GroovyShell.java:263)
	at groovy.lang.GroovyShell.run(GroovyShell.java:518)
	at groovy.lang.GroovyShell.run(GroovyShell.java:507)
	at groovy.ui.GroovyMain.processOnce(GroovyMain.java:653)
	at groovy.ui.GroovyMain.run(GroovyMain.java:384)
	at groovy.ui.GroovyMain.process(GroovyMain.java:370)
	at groovy.ui.GroovyMain.processArgs(GroovyMain.java:129)
	at groovy.ui.GroovyMain.main(GroovyMain.java:109)
	at sun.reflect.NativeMethodAccessorImpl.invoke0(Native Method)
	at sun.reflect.NativeMethodAccessorImpl.invoke(NativeMethodAccessorImpl.java:62)
	at sun.reflect.DelegatingMethodAccessorImpl.invoke(DelegatingMethodAccessorImpl.java:43)
	at java.lang.reflect.Method.invoke(Method.java:498)
	at org.codehaus.groovy.tools.GroovyStarter.rootLoader(GroovyStarter.java:109)
	at org.codehaus.groovy.tools.GroovyStarter.main(GroovyStarter.java:131)
)

2018-11-27 14:48:00 - [TEST_STEP][PASSED] - callTestCase: Call Test Case 'Test Cases/Screen/Login' successfully

2018-11-27 14:48:01 - [TEST_CASE][PASSED] - Test Cases/Screen/Login: Test Cases/Screen/Login

2018-11-27 14:48:01 - [TEST_STEP][PASSED] - openBrowser: Browser is opened with url: ''

2018-11-27 14:48:01 - [MESSAGE][WARNING] - A browser is already opened. Closing browser and opening a new one

2018-11-27 14:48:05 - [MESSAGE][PASSED] - Browser is opened with url: ''

2018-11-27 14:48:05 - [TEST_STEP][PASSED] - navigateToUrl: Navigate to 'https://gardaakses-qc.asuransiastra.com/gardaakses' successfully

2018-11-27 14:48:19 - [MESSAGE][PASSED] - Navigate to 'https://gardaakses-qc.asuransiastra.com/gardaakses' successfully

2018-11-27 14:48:19 - [TEST_STEP][PASSED] - delay: Delayed 1 second(s)

2018-11-27 14:48:20 - [MESSAGE][PASSED] - Delayed 1 second(s)

2018-11-27 14:48:20 - [TEST_STEP][PASSED] - setText: Text 'tdi' is set on object 'Object Repository/Login/TXT_USERID'

2018-11-27 14:48:21 - [MESSAGE][PASSED] - Text 'tdi' is set on object 'Object Repository/Login/TXT_USERID'

2018-11-27 14:48:21 - [TEST_STEP][PASSED] - delay: Delayed 1 second(s)

2018-11-27 14:48:22 - [MESSAGE][PASSED] - Delayed 1 second(s)

2018-11-27 14:48:22 - [TEST_STEP][PASSED] - setText: Text 'P@ssw0rd' is set on object 'Object Repository/Login/TXT_PASSWORD'

2018-11-27 14:48:22 - [MESSAGE][PASSED] - Text 'P@ssw0rd' is set on object 'Object Repository/Login/TXT_PASSWORD'

2018-11-27 14:48:22 - [TEST_STEP][PASSED] - delay: Delayed 1 second(s)

2018-11-27 14:48:23 - [MESSAGE][PASSED] - Delayed 1 second(s)

2018-11-27 14:48:23 - [TEST_STEP][PASSED] - click: Object: 'Object Repository/Login/BTN_MASUK' is clicked on

2018-11-27 14:48:23 - [MESSAGE][PASSED] - Object: 'Object Repository/Login/BTN_MASUK' is clicked on

2018-11-27 14:48:23 - [TEST_STEP][PASSED] - delay: Delayed 5 second(s)

2018-11-27 14:48:28 - [MESSAGE][PASSED] - Delayed 5 second(s)

2018-11-27 14:48:28 - [MESSAGE][PASSED] - Call Test Case 'Test Cases/Screen/Login' successfully

2018-11-27 14:48:28 - [TEST_STEP][PASSED] - callTestCase: Call Test Case 'Test Cases/Screen/Select Claim MV' successfully

2018-11-27 14:48:28 - [TEST_CASE][PASSED] - Test Cases/Screen/Select Claim MV: Test Cases/Screen/Select Claim MV

2018-11-27 14:48:28 - [TEST_STEP][PASSED] - delay: Delayed 1 second(s)

2018-11-27 14:48:29 - [MESSAGE][PASSED] - Delayed 1 second(s)

2018-11-27 14:48:29 - [TEST_STEP][PASSED] - click: Object: 'Object Repository/Home/HDR_SERVICE_TYPE' is clicked on

2018-11-27 14:48:34 - [MESSAGE][PASSED] - Object: 'Object Repository/Home/HDR_SERVICE_TYPE' is clicked on

2018-11-27 14:48:34 - [TEST_STEP][PASSED] - delay: Delayed 1 second(s)

2018-11-27 14:48:35 - [MESSAGE][PASSED] - Delayed 1 second(s)

2018-11-27 14:48:35 - [TEST_STEP][PASSED] - click: Object: 'Object Repository/Home/BTN_CLAIM_MV' is clicked on

2018-11-27 14:48:47 - [MESSAGE][PASSED] - Object: 'Object Repository/Home/BTN_CLAIM_MV' is clicked on

2018-11-27 14:48:47 - [TEST_STEP][PASSED] - delay: Delayed 20 second(s)

2018-11-27 14:49:07 - [MESSAGE][PASSED] - Delayed 20 second(s)

2018-11-27 14:49:07 - [MESSAGE][PASSED] - Call Test Case 'Test Cases/Screen/Select Claim MV' successfully

2018-11-27 14:49:07 - [TEST_STEP][PASSED] - callTestCase: Call Test Case 'Test Cases/Screen/Create Ticket' successfully

2018-11-27 14:49:07 - [TEST_CASE][PASSED] - Test Cases/Screen/Create Ticket: Test Cases/Screen/Create Ticket

2018-11-27 14:49:07 - [TEST_STEP][PASSED] - delay: Delayed 3 second(s)

2018-11-27 14:49:10 - [MESSAGE][PASSED] - Delayed 3 second(s)

2018-11-27 14:49:10 - [TEST_STEP][PASSED] - setText: Text 'BTE' is set on object 'Object Repository/Claim MV/Create Ticket/TXT_CALLER_NAME'

2018-11-27 14:49:10 - [MESSAGE][PASSED] - Text 'BTE' is set on object 'Object Repository/Claim MV/Create Ticket/TXT_CALLER_NAME'

2018-11-27 14:49:10 - [TEST_STEP][PASSED] - delay: Delayed 1 second(s)

2018-11-27 14:49:11 - [MESSAGE][PASSED] - Delayed 1 second(s)

2018-11-27 14:49:11 - [TEST_STEP][PASSED] - click: Object: 'Object Repository/Claim MV/Create Ticket/RDB_MALE' is clicked on

2018-11-27 14:49:11 - [MESSAGE][PASSED] - Object: 'Object Repository/Claim MV/Create Ticket/RDB_MALE' is clicked on

2018-11-27 14:49:11 - [TEST_STEP][PASSED] - delay: Delayed 1 second(s)

2018-11-27 14:49:12 - [MESSAGE][PASSED] - Delayed 1 second(s)

2018-11-27 14:49:12 - [TEST_STEP][PASSED] - setText: Text 'bte@mailinator.com' is set on object 'Object Repository/Claim MV/Create Ticket/TXT_EMAIL'

2018-11-27 14:49:13 - [MESSAGE][PASSED] - Text 'bte@mailinator.com' is set on object 'Object Repository/Claim MV/Create Ticket/TXT_EMAIL'

2018-11-27 14:49:13 - [TEST_STEP][PASSED] - delay: Delayed 1 second(s)

2018-11-27 14:49:14 - [MESSAGE][PASSED] - Delayed 1 second(s)

2018-11-27 14:49:14 - [TEST_STEP][PASSED] - click: Object: 'Object Repository/Claim MV/Create Ticket/EXP_RELATIONSHIP' is clicked on

2018-11-27 14:49:14 - [MESSAGE][PASSED] - Object: 'Object Repository/Claim MV/Create Ticket/EXP_RELATIONSHIP' is clicked on

2018-11-27 14:49:14 - [TEST_STEP][PASSED] - delay: Delayed 1 second(s)

2018-11-27 14:49:15 - [MESSAGE][PASSED] - Delayed 1 second(s)

2018-11-27 14:49:15 - [TEST_STEP][PASSED] - click: Object: 'Object Repository/Claim MV/Create Ticket/LST_RELATIONSHIP' is clicked on

2018-11-27 14:49:15 - [MESSAGE][PASSED] - Object: 'Object Repository/Claim MV/Create Ticket/LST_RELATIONSHIP' is clicked on

2018-11-27 14:49:15 - [TEST_STEP][PASSED] - delay: Delayed 1 second(s)

2018-11-27 14:49:16 - [MESSAGE][PASSED] - Delayed 1 second(s)

2018-11-27 14:49:16 - [TEST_STEP][PASSED] - setText: Text '62' is set on object 'Object Repository/Claim MV/Create Ticket/TXT_COUNTRY'

2018-11-27 14:49:16 - [MESSAGE][PASSED] - Text '62' is set on object 'Object Repository/Claim MV/Create Ticket/TXT_COUNTRY'

2018-11-27 14:49:16 - [TEST_STEP][PASSED] - delay: Delayed 1 second(s)

2018-11-27 14:49:17 - [MESSAGE][PASSED] - Delayed 1 second(s)

2018-11-27 14:49:17 - [TEST_STEP][PASSED] - setText: Text '21' is set on object 'Object Repository/Claim MV/Create Ticket/TXT_AREA_CODE'

2018-11-27 14:49:17 - [MESSAGE][PASSED] - Text '21' is set on object 'Object Repository/Claim MV/Create Ticket/TXT_AREA_CODE'

2018-11-27 14:49:17 - [TEST_STEP][PASSED] - delay: Delayed 1 second(s)

2018-11-27 14:49:18 - [MESSAGE][PASSED] - Delayed 1 second(s)

2018-11-27 14:49:18 - [TEST_STEP][PASSED] - setText: Text '232323' is set on object 'Object Repository/Claim MV/Create Ticket/TXT_PHONE_NUMBER'

2018-11-27 14:49:19 - [MESSAGE][PASSED] - Text '232323' is set on object 'Object Repository/Claim MV/Create Ticket/TXT_PHONE_NUMBER'

2018-11-27 14:49:19 - [TEST_STEP][PASSED] - delay: Delayed 1 second(s)

2018-11-27 14:49:20 - [MESSAGE][PASSED] - Delayed 1 second(s)

2018-11-27 14:49:20 - [TEST_STEP][PASSED] - click: Object: 'Object Repository/Claim MV/Create Ticket/BTN_NEXT_1' is clicked on

2018-11-27 14:49:20 - [MESSAGE][PASSED] - Object: 'Object Repository/Claim MV/Create Ticket/BTN_NEXT_1' is clicked on

2018-11-27 14:49:20 - [TEST_STEP][PASSED] - delay: Delayed 12 second(s)

2018-11-27 14:49:32 - [MESSAGE][PASSED] - Delayed 12 second(s)

2018-11-27 14:49:32 - [TEST_STEP][PASSED] - click: Object: 'Object Repository/Claim MV/Create Ticket/LST_CALLER_1' is clicked on

2018-11-27 14:49:32 - [MESSAGE][PASSED] - Object: 'Object Repository/Claim MV/Create Ticket/LST_CALLER_1' is clicked on

2018-11-27 14:49:32 - [TEST_STEP][PASSED] - delay: Delayed 1 second(s)

2018-11-27 14:49:33 - [MESSAGE][PASSED] - Delayed 1 second(s)

2018-11-27 14:49:33 - [TEST_STEP][PASSED] - click: Object: 'Object Repository/Claim MV/Create Ticket/BTN_NEXT_2' is clicked on

2018-11-27 14:49:33 - [MESSAGE][PASSED] - Object: 'Object Repository/Claim MV/Create Ticket/BTN_NEXT_2' is clicked on

2018-11-27 14:49:33 - [TEST_STEP][PASSED] - delay: Delayed 8 second(s)

2018-11-27 14:49:41 - [MESSAGE][PASSED] - Delayed 8 second(s)

2018-11-27 14:49:41 - [TEST_STEP][PASSED] - click: Object: 'Object Repository/Claim MV/Create Ticket/BTN_SAVE' is clicked on

2018-11-27 14:49:42 - [MESSAGE][PASSED] - Object: 'Object Repository/Claim MV/Create Ticket/BTN_SAVE' is clicked on

2018-11-27 14:49:42 - [TEST_STEP][PASSED] - delay: Delayed 3 second(s)

2018-11-27 14:49:45 - [MESSAGE][PASSED] - Delayed 3 second(s)

2018-11-27 14:49:45 - [TEST_STEP][PASSED] - click: Object: 'Object Repository/Claim MV/Create Ticket/BTN_SAVE_YES' is clicked on

2018-11-27 14:49:48 - [MESSAGE][PASSED] - Object: 'Object Repository/Claim MV/Create Ticket/BTN_SAVE_YES' is clicked on

2018-11-27 14:49:48 - [TEST_STEP][PASSED] - delay: Delayed 8 second(s)

2018-11-27 14:49:56 - [MESSAGE][PASSED] - Delayed 8 second(s)

2018-11-27 14:49:56 - [MESSAGE][PASSED] - Call Test Case 'Test Cases/Screen/Create Ticket' successfully

2018-11-27 14:49:56 - [TEST_STEP][PASSED] - callTestCase: Call Test Case 'Test Cases/Screen/Select Claim MV' successfully

2018-11-27 14:49:56 - [TEST_CASE][PASSED] - Test Cases/Screen/Select Claim MV: Test Cases/Screen/Select Claim MV

2018-11-27 14:49:56 - [TEST_STEP][PASSED] - delay: Delayed 1 second(s)

2018-11-27 14:49:57 - [MESSAGE][PASSED] - Delayed 1 second(s)

2018-11-27 14:49:57 - [TEST_STEP][PASSED] - click: Object: 'Object Repository/Home/HDR_SERVICE_TYPE' is clicked on

2018-11-27 14:49:57 - [MESSAGE][PASSED] - Object: 'Object Repository/Home/HDR_SERVICE_TYPE' is clicked on

2018-11-27 14:49:57 - [TEST_STEP][PASSED] - delay: Delayed 1 second(s)

2018-11-27 14:49:58 - [MESSAGE][PASSED] - Delayed 1 second(s)

2018-11-27 14:49:58 - [TEST_STEP][PASSED] - click: Object: 'Object Repository/Home/BTN_CLAIM_MV' is clicked on

2018-11-27 14:50:17 - [MESSAGE][PASSED] - Object: 'Object Repository/Home/BTN_CLAIM_MV' is clicked on

2018-11-27 14:50:18 - [TEST_STEP][PASSED] - delay: Delayed 20 second(s)

2018-11-27 14:50:38 - [MESSAGE][PASSED] - Delayed 20 second(s)

2018-11-27 14:50:38 - [MESSAGE][PASSED] - Call Test Case 'Test Cases/Screen/Select Claim MV' successfully

2018-11-27 14:50:38 - [TEST_STEP][PASSED] - callTestCase: Call Test Case 'Test Cases/Screen/Choose Customer' successfully

2018-11-27 14:50:38 - [TEST_CASE][PASSED] - Test Cases/Screen/Choose Customer: Test Cases/Screen/Choose Customer

2018-11-27 14:50:38 - [TEST_STEP][PASSED] - Statement - policyno = com.kms.katalon.core.testdata.TestDataFactory.findTestData(Policy).getValue(1, 1): Reading database data with query 'SELECT top 1 LTRIM(RTRIM(Policy_No)) AS policyno 
FROM aab.dbo.policy 
WHERE GETDATE() BETWEEN Period_From AND Period_To 
AND Policy_No LIKE '17000%' 
ORDER BY Effective_Date desc'

2018-11-27 14:50:38 - [TEST_STEP][PASSED] - delay: Delayed 1 second(s)

2018-11-27 14:50:39 - [MESSAGE][PASSED] - Delayed 1 second(s)

2018-11-27 14:50:39 - [TEST_STEP][PASSED] - click: Object: 'Object Repository/Claim MV/Choose Customer/EXP_SEARCH_BY_PARAMETER' is clicked on

2018-11-27 14:50:39 - [MESSAGE][PASSED] - Object: 'Object Repository/Claim MV/Choose Customer/EXP_SEARCH_BY_PARAMETER' is clicked on

2018-11-27 14:50:39 - [TEST_STEP][PASSED] - delay: Delayed 1 second(s)

2018-11-27 14:50:40 - [MESSAGE][PASSED] - Delayed 1 second(s)

2018-11-27 14:50:40 - [TEST_STEP][PASSED] - click: Object: 'Object Repository/Claim MV/Choose Customer/LST_SEARCH_BY_PARAMETER' is clicked on

2018-11-27 14:50:41 - [MESSAGE][PASSED] - Object: 'Object Repository/Claim MV/Choose Customer/LST_SEARCH_BY_PARAMETER' is clicked on

2018-11-27 14:50:41 - [TEST_STEP][PASSED] - delay: Delayed 1 second(s)

2018-11-27 14:50:42 - [MESSAGE][PASSED] - Delayed 1 second(s)

2018-11-27 14:50:42 - [TEST_STEP][PASSED] - setText: Text '1700010726' is set on object 'Object Repository/Claim MV/Choose Customer/TXT_SEARCH_BY_INPUT'

2018-11-27 14:50:42 - [MESSAGE][PASSED] - Text '1700010726' is set on object 'Object Repository/Claim MV/Choose Customer/TXT_SEARCH_BY_INPUT'

2018-11-27 14:50:42 - [TEST_STEP][PASSED] - delay: Delayed 1 second(s)

2018-11-27 14:50:43 - [MESSAGE][PASSED] - Delayed 1 second(s)

2018-11-27 14:50:43 - [TEST_STEP][PASSED] - click: Object: 'Object Repository/Claim MV/Choose Customer/BTN_SEARCH' is clicked on

2018-11-27 14:50:43 - [MESSAGE][PASSED] - Object: 'Object Repository/Claim MV/Choose Customer/BTN_SEARCH' is clicked on

2018-11-27 14:50:43 - [TEST_STEP][PASSED] - delay: Delayed 20 second(s)

2018-11-27 14:51:03 - [MESSAGE][PASSED] - Delayed 20 second(s)

2018-11-27 14:51:03 - [TEST_STEP][PASSED] - click: Object: 'Object Repository/Claim MV/Choose Customer/LST_POLICY_NUMBER' is clicked on

2018-11-27 14:51:03 - [MESSAGE][PASSED] - Object: 'Object Repository/Claim MV/Choose Customer/LST_POLICY_NUMBER' is clicked on

2018-11-27 14:51:03 - [TEST_STEP][PASSED] - delay: Delayed 1 second(s)

2018-11-27 14:51:04 - [MESSAGE][PASSED] - Delayed 1 second(s)

2018-11-27 14:51:04 - [TEST_STEP][PASSED] - click: Object: 'Object Repository/Claim MV/Choose Customer/BTN_NEXT' is clicked on

2018-11-27 14:51:04 - [MESSAGE][PASSED] - Object: 'Object Repository/Claim MV/Choose Customer/BTN_NEXT' is clicked on

2018-11-27 14:51:04 - [TEST_STEP][PASSED] - delay: Delayed 10 second(s)

2018-11-27 14:51:14 - [MESSAGE][PASSED] - Delayed 10 second(s)

2018-11-27 14:51:15 - [TEST_STEP][PASSED] - click: Object: 'Object Repository/Claim MV/Choose Customer/BTN_FINISH' is clicked on

2018-11-27 14:51:15 - [MESSAGE][PASSED] - Object: 'Object Repository/Claim MV/Choose Customer/BTN_FINISH' is clicked on

2018-11-27 14:51:15 - [TEST_STEP][PASSED] - delay: Delayed 2 second(s)

2018-11-27 14:51:17 - [MESSAGE][PASSED] - Delayed 2 second(s)

2018-11-27 14:51:17 - [TEST_STEP][PASSED] - click: Object: 'Object Repository/Claim MV/Choose Customer/BTN_YES' is clicked on

2018-11-27 14:51:20 - [MESSAGE][PASSED] - Object: 'Object Repository/Claim MV/Choose Customer/BTN_YES' is clicked on

2018-11-27 14:51:20 - [TEST_STEP][PASSED] - delay: Delayed 7 second(s)

2018-11-27 14:51:27 - [MESSAGE][PASSED] - Delayed 7 second(s)

2018-11-27 14:51:27 - [MESSAGE][PASSED] - Call Test Case 'Test Cases/Screen/Choose Customer' successfully

2018-11-27 14:51:27 - [TEST_STEP][FAILED] - callTestCase: Unable to call Test Case with id 'Test Cases/Screen/Claim MV' (Root cause: Call Test Case 'Test Cases/Screen/Claim MV' failed)

2018-11-27 14:51:27 - [TEST_CASE][FAILED] - Test Cases/Screen/Claim MV: Test Cases/Screen/Claim MV FAILED because (of) (Stack trace: com.kms.katalon.core.exception.StepFailedException: Unable to click on object 'Object Repository/Claim MV/Claim MV/BTN_SAVE_OK' (Root cause: org.openqa.selenium.ElementNotVisibleException: element not interactable
  (Session info: chrome=70.0.3538.102)
  (Driver info: chromedriver=2.43.600210 (68dcf5eebde37173d4027fa8635e332711d2874a),platform=Windows NT 10.0.16299 x86_64) (WARNING: The server did not provide any stacktrace information)
Command duration or timeout: 0 milliseconds
Build info: version: '3.7.1', revision: '8a0099a', time: '2017-11-06T21:07:36.161Z'
System info: host: 'SMHONB17D34BTE', ip: '10.242.10.118', os.name: 'Windows 10', os.arch: 'amd64', os.version: '10.0', java.version: '1.8.0_181'
Driver info: com.kms.katalon.selenium.driver.CChromeDriver
Capabilities {acceptInsecureCerts: false, acceptSslCerts: false, applicationCacheEnabled: false, browserConnectionEnabled: false, browserName: chrome, chrome: {chromedriverVersion: 2.43.600210 (68dcf5eebde371..., userDataDir: C:\Users\bte\AppData\Local\...}, cssSelectorsEnabled: true, databaseEnabled: false, goog:chromeOptions: {debuggerAddress: localhost:53655}, handlesAlerts: true, hasTouchScreen: false, javascriptEnabled: true, locationContextEnabled: true, mobileEmulationEnabled: false, nativeEvents: true, networkConnectionEnabled: false, pageLoadStrategy: normal, platform: XP, platformName: XP, rotatable: false, setWindowRect: true, takesHeapSnapshot: true, takesScreenshot: true, unexpectedAlertBehaviour: , unhandledPromptBehavior: , version: 70.0.3538.102, webStorageEnabled: true}
Session ID: 6f66d32f426ab578fba594f7c6ee08ce)
	at com.kms.katalon.core.keyword.internal.KeywordMain.stepFailed(KeywordMain.groovy:36)
	at com.kms.katalon.core.webui.keyword.internal.WebUIKeywordMain.stepFailed(WebUIKeywordMain.groovy:65)
	at com.kms.katalon.core.webui.keyword.internal.WebUIKeywordMain.runKeyword(WebUIKeywordMain.groovy:27)
	at com.kms.katalon.core.webui.keyword.builtin.ClickKeyword.click(ClickKeyword.groovy:86)
	at com.kms.katalon.core.webui.keyword.builtin.ClickKeyword.execute(ClickKeyword.groovy:67)
	at com.kms.katalon.core.keyword.internal.KeywordExecutor.executeKeywordForPlatform(KeywordExecutor.groovy:53)
	at com.kms.katalon.core.webui.keyword.WebUiBuiltInKeywords.click(WebUiBuiltInKeywords.groovy:616)
	at com.kms.katalon.core.webui.keyword.WebUiBuiltInKeywords$click$2.call(Unknown Source)
	at org.codehaus.groovy.runtime.callsite.CallSiteArray.defaultCall(CallSiteArray.java:48)
	at org.codehaus.groovy.runtime.callsite.AbstractCallSite.call(AbstractCallSite.java:113)
	at org.codehaus.groovy.runtime.callsite.AbstractCallSite.call(AbstractCallSite.java:125)
	at Script1542944761693.run(Script1542944761693.groovy:196)
	at com.kms.katalon.core.main.ScriptEngine.run(ScriptEngine.java:183)
	at com.kms.katalon.core.main.ScriptEngine.runScriptAsRawText(ScriptEngine.java:108)
	at com.kms.katalon.core.main.TestCaseExecutor.runScript(TestCaseExecutor.java:294)
	at com.kms.katalon.core.main.TestCaseExecutor.doExecute(TestCaseExecutor.java:285)
	at com.kms.katalon.core.main.TestCaseExecutor.processExecutionPhase(TestCaseExecutor.java:264)
	at com.kms.katalon.core.main.TestCaseExecutor.accessMainPhase(TestCaseExecutor.java:256)
	at com.kms.katalon.core.main.TestCaseExecutor.execute(TestCaseExecutor.java:200)
	at com.kms.katalon.core.main.TestCaseMain.runTestCase(TestCaseMain.java:99)
	at com.kms.katalon.core.keyword.builtin.CallTestCaseKeyword$_callTestCase_closure1.doCall(CallTestCaseKeyword.groovy:60)
	at com.kms.katalon.core.keyword.builtin.CallTestCaseKeyword$_callTestCase_closure1.call(CallTestCaseKeyword.groovy)
	at com.kms.katalon.core.keyword.internal.KeywordMain.runKeyword(KeywordMain.groovy:54)
	at com.kms.katalon.core.keyword.builtin.CallTestCaseKeyword.callTestCase(CallTestCaseKeyword.groovy:81)
	at com.kms.katalon.core.keyword.builtin.CallTestCaseKeyword.execute(CallTestCaseKeyword.groovy:45)
	at com.kms.katalon.core.keyword.internal.KeywordExecutor.executeKeywordForPlatform(KeywordExecutor.groovy:53)
	at com.kms.katalon.core.keyword.BuiltinKeywords.callTestCase(BuiltinKeywords.groovy:334)
	at sun.reflect.GeneratedMethodAccessor13.invoke(Unknown Source)
	at sun.reflect.DelegatingMethodAccessorImpl.invoke(DelegatingMethodAccessorImpl.java:43)
	at java.lang.reflect.Method.invoke(Method.java:498)
	at org.codehaus.groovy.reflection.CachedMethod.invoke(CachedMethod.java:93)
	at groovy.lang.MetaMethod.doMethodInvoke(MetaMethod.java:325)
	at groovy.lang.MetaClassImpl.invokeStaticMethod(MetaClassImpl.java:1469)
	at org.codehaus.groovy.runtime.callsite.StaticMetaClassSite.call(StaticMetaClassSite.java:53)
	at org.codehaus.groovy.runtime.callsite.CallSiteArray.defaultCall(CallSiteArray.java:48)
	at org.codehaus.groovy.runtime.callsite.AbstractCallSite.call(AbstractCallSite.java:113)
	at org.codehaus.groovy.runtime.callsite.AbstractCallSite.call(AbstractCallSite.java:141)
	at Script1543232599436.run(Script1543232599436.groovy:26)
	at com.kms.katalon.core.main.ScriptEngine.run(ScriptEngine.java:183)
	at com.kms.katalon.core.main.ScriptEngine.runScriptAsRawText(ScriptEngine.java:108)
	at com.kms.katalon.core.main.TestCaseExecutor.runScript(TestCaseExecutor.java:294)
	at com.kms.katalon.core.main.TestCaseExecutor.doExecute(TestCaseExecutor.java:285)
	at com.kms.katalon.core.main.TestCaseExecutor.processExecutionPhase(TestCaseExecutor.java:264)
	at com.kms.katalon.core.main.TestCaseExecutor.accessMainPhase(TestCaseExecutor.java:256)
	at com.kms.katalon.core.main.TestCaseExecutor.execute(TestCaseExecutor.java:200)
	at com.kms.katalon.core.main.TestSuiteExecutor.accessTestCaseMainPhase(TestSuiteExecutor.java:129)
	at com.kms.katalon.core.main.TestSuiteExecutor.accessTestSuiteMainPhase(TestSuiteExecutor.java:112)
	at com.kms.katalon.core.main.TestSuiteExecutor.execute(TestSuiteExecutor.java:81)
	at com.kms.katalon.core.main.TestCaseMain.startTestSuite(TestCaseMain.java:142)
	at com.kms.katalon.core.main.TestCaseMain$startTestSuite$0.call(Unknown Source)
	at org.codehaus.groovy.runtime.callsite.CallSiteArray.defaultCall(CallSiteArray.java:48)
	at org.codehaus.groovy.runtime.callsite.AbstractCallSite.call(AbstractCallSite.java:113)
	at org.codehaus.groovy.runtime.callsite.AbstractCallSite.call(AbstractCallSite.java:141)
	at TempTestSuite1543303555032.run(TempTestSuite1543303555032.groovy:36)
	at groovy.lang.GroovyShell.runScriptOrMainOrTestOrRunnable(GroovyShell.java:263)
	at groovy.lang.GroovyShell.run(GroovyShell.java:518)
	at groovy.lang.GroovyShell.run(GroovyShell.java:507)
	at groovy.ui.GroovyMain.processOnce(GroovyMain.java:653)
	at groovy.ui.GroovyMain.run(GroovyMain.java:384)
	at groovy.ui.GroovyMain.process(GroovyMain.java:370)
	at groovy.ui.GroovyMain.processArgs(GroovyMain.java:129)
	at groovy.ui.GroovyMain.main(GroovyMain.java:109)
	at sun.reflect.NativeMethodAccessorImpl.invoke0(Native Method)
	at sun.reflect.NativeMethodAccessorImpl.invoke(NativeMethodAccessorImpl.java:62)
	at sun.reflect.DelegatingMethodAccessorImpl.invoke(DelegatingMethodAccessorImpl.java:43)
	at java.lang.reflect.Method.invoke(Method.java:498)
	at org.codehaus.groovy.tools.GroovyStarter.rootLoader(GroovyStarter.java:109)
	at org.codehaus.groovy.tools.GroovyStarter.main(GroovyStarter.java:131)
)

2018-11-27 14:51:27 - [TEST_STEP][PASSED] - delay: Delayed 1 second(s)

2018-11-27 14:51:28 - [MESSAGE][PASSED] - Delayed 1 second(s)

2018-11-27 14:51:28 - [TEST_STEP][PASSED] - Statement - surveydate = com.kms.katalon.core.testdata.TestDataFactory.findTestData(Holiday).getValue(1, 1): Reading database data with query 'SELECT 
CASE WHEN (SELECT COUNT(*) AS CheckHoliday FROM ( 
				SELECT CONVERT(VARCHAR,HolidayDate,103) AS HolidayDate FROM aab.dbo.Holiday A 
				WHERE A.ActiveStatusID = 1 
				AND A.RowStatus = 0 
				AND (SELECT CONVERT(VARCHAR,HolidayDate,103)) = (SELECT CONVERT(varchar,GETDATE()+1,103)) 
				AND (SELECT DATEPART(DW,GETDATE()+1)) IN (2,3,4,5,6) 
				) AS HOLIDAY 
			) = 0 
			THEN CONVERT(varchar,GETDATE()+1,103) 
	WHEN (SELECT COUNT(*) AS CheckHoliday FROM ( 
				SELECT CONVERT(VARCHAR,HolidayDate,103) AS HolidayDate FROM aab.dbo.Holiday A 
				WHERE A.ActiveStatusID = 1 
				AND A.RowStatus = 0 
				AND (SELECT CONVERT(VARCHAR,HolidayDate,103)) = (SELECT CONVERT(varchar,GETDATE()+2,103)) 
				AND (SELECT DATEPART(DW,GETDATE()+1)) IN (2,3,4,5,6) 
				) AS HOLIDAY 
			) = 0 
			THEN CONVERT(varchar,GETDATE()+2,103) 
	WHEN (SELECT COUNT(*) AS CheckHoliday FROM ( 
				SELECT CONVERT(VARCHAR,HolidayDate,103) AS HolidayDate FROM aab.dbo.Holiday A 
				WHERE A.ActiveStatusID = 1 
				AND A.RowStatus = 0 
				AND (SELECT CONVERT(VARCHAR,HolidayDate,103)) = (SELECT CONVERT(varchar,GETDATE()+3,103)) 
				AND (SELECT DATEPART(DW,GETDATE()+1)) IN (2,3,4,5,6) 
				) AS HOLIDAY 
			) = 0 
			THEN CONVERT(varchar,GETDATE()+3,103) 
END AS SurveySchedule;'

2018-11-27 14:51:29 - [TEST_STEP][PASSED] - Statement - day = surveydate.split("/")[0]: null

2018-11-27 14:51:29 - [TEST_STEP][PASSED] - click: Object: 'Object Repository/Claim MV/Claim MV/EXP_PRODUCT' is clicked on

2018-11-27 14:51:29 - [MESSAGE][PASSED] - Object: 'Object Repository/Claim MV/Claim MV/EXP_PRODUCT' is clicked on

2018-11-27 14:51:29 - [TEST_STEP][PASSED] - delay: Delayed 3 second(s)

2018-11-27 14:51:32 - [MESSAGE][PASSED] - Delayed 3 second(s)

2018-11-27 14:51:32 - [TEST_STEP][PASSED] - click: Object: 'Object Repository/Claim MV/Claim MV/LST_PRODUCT_GO' is clicked on

2018-11-27 14:51:32 - [MESSAGE][PASSED] - Object: 'Object Repository/Claim MV/Claim MV/LST_PRODUCT_GO' is clicked on

2018-11-27 14:51:32 - [TEST_STEP][PASSED] - delay: Delayed 3 second(s)

2018-11-27 14:51:35 - [MESSAGE][PASSED] - Delayed 3 second(s)

2018-11-27 14:51:35 - [TEST_STEP][PASSED] - click: Object: 'Object Repository/Claim MV/Claim MV/EXP_VEHICLE' is clicked on

2018-11-27 14:51:36 - [MESSAGE][PASSED] - Object: 'Object Repository/Claim MV/Claim MV/EXP_VEHICLE' is clicked on

2018-11-27 14:51:36 - [TEST_STEP][PASSED] - delay: Delayed 3 second(s)

2018-11-27 14:51:39 - [MESSAGE][PASSED] - Delayed 3 second(s)

2018-11-27 14:51:39 - [TEST_STEP][PASSED] - click: Object: 'Object Repository/Claim MV/Claim MV/LST_VEHICLE' is clicked on

2018-11-27 14:51:39 - [MESSAGE][PASSED] - Object: 'Object Repository/Claim MV/Claim MV/LST_VEHICLE' is clicked on

2018-11-27 14:51:39 - [TEST_STEP][PASSED] - delay: Delayed 5 second(s)

2018-11-27 14:51:44 - [MESSAGE][PASSED] - Delayed 5 second(s)

2018-11-27 14:51:44 - [TEST_STEP][PASSED] - Statement - driver = com.kms.katalon.core.webui.keyword.WebUiBuiltInKeywords.getAttribute(com.kms.katalon.core.testobject.ObjectRepository.findTestObject(Object Repository/Claim MV/Claim MV/TXT_DRIVER), "value"): Attribute 'value' of object 'Object Repository/Claim MV/Claim MV/TXT_DRIVER' is: 'NAME ON POLICY TAF0040474'

2018-11-27 14:51:44 - [MESSAGE][PASSED] - Attribute 'value' of object 'Object Repository/Claim MV/Claim MV/TXT_DRIVER' is: 'NAME ON POLICY TAF0040474'

2018-11-27 14:51:44 - [TEST_STEP][PASSED] - delay: Delayed 1 second(s)

2018-11-27 14:51:45 - [MESSAGE][PASSED] - Delayed 1 second(s)

2018-11-27 14:51:45 - [TEST_STEP][PASSED] - click: Object: 'Object Repository/Claim MV/Claim MV/EXP_SURVEY_TYPE' is clicked on

2018-11-27 14:51:45 - [MESSAGE][PASSED] - Object: 'Object Repository/Claim MV/Claim MV/EXP_SURVEY_TYPE' is clicked on

2018-11-27 14:51:45 - [TEST_STEP][PASSED] - delay: Delayed 1 second(s)

2018-11-27 14:51:46 - [MESSAGE][PASSED] - Delayed 1 second(s)

2018-11-27 14:51:46 - [TEST_STEP][PASSED] - click: Object: 'Object Repository/Claim MV/Claim MV/LST_SURVEY_TYPE' is clicked on

2018-11-27 14:51:46 - [MESSAGE][PASSED] - Object: 'Object Repository/Claim MV/Claim MV/LST_SURVEY_TYPE' is clicked on

2018-11-27 14:51:47 - [TEST_STEP][PASSED] - delay: Delayed 3 second(s)

2018-11-27 14:51:50 - [MESSAGE][PASSED] - Delayed 3 second(s)

2018-11-27 14:51:50 - [TEST_STEP][PASSED] - Statement - If (surveytype == "Survey-in"): null

2018-11-27 14:51:50 - [TEST_STEP][FAILED] - Statement - Else If (surveytype == "Survey-out"): Unable to click on object 'Object Repository/Claim MV/Claim MV/BTN_SAVE_OK' (Root cause: org.openqa.selenium.ElementNotVisibleException: element not interactable
  (Session info: chrome=70.0.3538.102)
  (Driver info: chromedriver=2.43.600210 (68dcf5eebde37173d4027fa8635e332711d2874a),platform=Windows NT 10.0.16299 x86_64) (WARNING: The server did not provide any stacktrace information)
Command duration or timeout: 0 milliseconds
Build info: version: '3.7.1', revision: '8a0099a', time: '2017-11-06T21:07:36.161Z'
System info: host: 'SMHONB17D34BTE', ip: '10.242.10.118', os.name: 'Windows 10', os.arch: 'amd64', os.version: '10.0', java.version: '1.8.0_181'
Driver info: com.kms.katalon.selenium.driver.CChromeDriver
Capabilities {acceptInsecureCerts: false, acceptSslCerts: false, applicationCacheEnabled: false, browserConnectionEnabled: false, browserName: chrome, chrome: {chromedriverVersion: 2.43.600210 (68dcf5eebde371..., userDataDir: C:\Users\bte\AppData\Local\...}, cssSelectorsEnabled: true, databaseEnabled: false, goog:chromeOptions: {debuggerAddress: localhost:53655}, handlesAlerts: true, hasTouchScreen: false, javascriptEnabled: true, locationContextEnabled: true, mobileEmulationEnabled: false, nativeEvents: true, networkConnectionEnabled: false, pageLoadStrategy: normal, platform: XP, platformName: XP, rotatable: false, setWindowRect: true, takesHeapSnapshot: true, takesScreenshot: true, unexpectedAlertBehaviour: , unhandledPromptBehavior: , version: 70.0.3538.102, webStorageEnabled: true}
Session ID: 6f66d32f426ab578fba594f7c6ee08ce)

2018-11-27 14:51:50 - [TEST_STEP][PASSED] - Statement - If (surveylocation == "Workshop"): Delayed 1 second(s)

2018-11-27 14:51:50 - [TEST_STEP][PASSED] - click: Object: 'Object Repository/Claim MV/Claim MV/BTN_WORKSHOP_LIST' is clicked on

2018-11-27 14:51:50 - [MESSAGE][PASSED] - Object: 'Object Repository/Claim MV/Claim MV/BTN_WORKSHOP_LIST' is clicked on

2018-11-27 14:51:50 - [TEST_STEP][PASSED] - delay: Delayed 3 second(s)

2018-11-27 14:51:53 - [MESSAGE][PASSED] - Delayed 3 second(s)

2018-11-27 14:51:53 - [TEST_STEP][PASSED] - setText: Text 'auto 2000 ciledug' is set on object 'Object Repository/Claim MV/Claim MV/OUT Workshop/TXT_SEARCH_INPUT'

2018-11-27 14:51:53 - [MESSAGE][PASSED] - Text 'auto 2000 ciledug' is set on object 'Object Repository/Claim MV/Claim MV/OUT Workshop/TXT_SEARCH_INPUT'

2018-11-27 14:51:53 - [TEST_STEP][PASSED] - delay: Delayed 1 second(s)

2018-11-27 14:51:54 - [MESSAGE][PASSED] - Delayed 1 second(s)

2018-11-27 14:51:54 - [TEST_STEP][PASSED] - click: Object: 'Object Repository/Claim MV/Claim MV/OUT Workshop/BTN_SEARCH' is clicked on

2018-11-27 14:51:55 - [MESSAGE][PASSED] - Object: 'Object Repository/Claim MV/Claim MV/OUT Workshop/BTN_SEARCH' is clicked on

2018-11-27 14:51:55 - [TEST_STEP][PASSED] - delay: Delayed 5 second(s)

2018-11-27 14:52:00 - [MESSAGE][PASSED] - Delayed 5 second(s)

2018-11-27 14:52:00 - [TEST_STEP][PASSED] - click: Object: 'Object Repository/Claim MV/Claim MV/OUT Workshop/LST_SEARCH_RESULT_1' is clicked on

2018-11-27 14:52:00 - [MESSAGE][PASSED] - Object: 'Object Repository/Claim MV/Claim MV/OUT Workshop/LST_SEARCH_RESULT_1' is clicked on

2018-11-27 14:52:00 - [TEST_STEP][PASSED] - delay: Delayed 1 second(s)

2018-11-27 14:52:01 - [MESSAGE][PASSED] - Delayed 1 second(s)

2018-11-27 14:52:01 - [TEST_STEP][PASSED] - click: Object: 'Object Repository/Claim MV/Claim MV/OUT Workshop/BTN_SELECT' is clicked on

2018-11-27 14:52:08 - [MESSAGE][PASSED] - Object: 'Object Repository/Claim MV/Claim MV/OUT Workshop/BTN_SELECT' is clicked on

2018-11-27 14:52:08 - [TEST_STEP][PASSED] - delay: Delayed 1 second(s)

2018-11-27 14:52:09 - [MESSAGE][PASSED] - Delayed 1 second(s)

2018-11-27 14:52:09 - [TEST_STEP][PASSED] - click: Object: 'Object Repository/Claim MV/Claim MV/BTN_SURVEY_SCHEDULE_IN' is clicked on

2018-11-27 14:52:09 - [MESSAGE][PASSED] - Object: 'Object Repository/Claim MV/Claim MV/BTN_SURVEY_SCHEDULE_IN' is clicked on

2018-11-27 14:52:09 - [TEST_STEP][PASSED] - delay: Delayed 3 second(s)

2018-11-27 14:52:12 - [MESSAGE][PASSED] - Delayed 3 second(s)

2018-11-27 14:52:12 - [TEST_STEP][PASSED] - click: Object: 'Object Repository/Claim MV/Claim MV/BTN_DAY_SURVEY' is clicked on

2018-11-27 14:52:12 - [MESSAGE][PASSED] - Object: 'Object Repository/Claim MV/Claim MV/BTN_DAY_SURVEY' is clicked on

2018-11-27 14:52:12 - [TEST_STEP][PASSED] - delay: Delayed 3 second(s)

2018-11-27 14:52:15 - [MESSAGE][PASSED] - Delayed 3 second(s)

2018-11-27 14:52:15 - [TEST_STEP][PASSED] - click: Object: 'Object Repository/Claim MV/Claim MV/EXP_SURVEY_TIME' is clicked on

2018-11-27 14:52:15 - [MESSAGE][PASSED] - Object: 'Object Repository/Claim MV/Claim MV/EXP_SURVEY_TIME' is clicked on

2018-11-27 14:52:15 - [TEST_STEP][PASSED] - delay: Delayed 1 second(s)

2018-11-27 14:52:16 - [MESSAGE][PASSED] - Delayed 1 second(s)

2018-11-27 14:52:16 - [TEST_STEP][PASSED] - click: Object: 'Object Repository/Claim MV/Claim MV/LST_SURVEY_TIME' is clicked on

2018-11-27 14:52:17 - [MESSAGE][PASSED] - Object: 'Object Repository/Claim MV/Claim MV/LST_SURVEY_TIME' is clicked on

2018-11-27 14:52:17 - [TEST_STEP][PASSED] - delay: Delayed 1 second(s)

2018-11-27 14:52:18 - [MESSAGE][PASSED] - Delayed 1 second(s)

2018-11-27 14:52:18 - [TEST_STEP][PASSED] - setText: Text 'locationaccident' is set on object 'Object Repository/Claim MV/Claim MV/TXT_LOCATION_ACCIDENT'

2018-11-27 14:52:18 - [MESSAGE][PASSED] - Text 'locationaccident' is set on object 'Object Repository/Claim MV/Claim MV/TXT_LOCATION_ACCIDENT'

2018-11-27 14:52:18 - [TEST_STEP][PASSED] - delay: Delayed 1 second(s)

2018-11-27 14:52:19 - [MESSAGE][PASSED] - Delayed 1 second(s)

2018-11-27 14:52:19 - [TEST_STEP][PASSED] - setText: Text 'accidentinfo' is set on object 'Object Repository/Claim MV/Claim MV/TXT_ACCIDENT_INFO'

2018-11-27 14:52:19 - [MESSAGE][PASSED] - Text 'accidentinfo' is set on object 'Object Repository/Claim MV/Claim MV/TXT_ACCIDENT_INFO'

2018-11-27 14:52:19 - [TEST_STEP][PASSED] - delay: Delayed 1 second(s)

2018-11-27 14:52:20 - [MESSAGE][PASSED] - Delayed 1 second(s)

2018-11-27 14:52:20 - [TEST_STEP][PASSED] - click: Object: 'Object Repository/Claim MV/Claim MV/EXP_CAUSE_LOSS' is clicked on

2018-11-27 14:52:21 - [MESSAGE][PASSED] - Object: 'Object Repository/Claim MV/Claim MV/EXP_CAUSE_LOSS' is clicked on

2018-11-27 14:52:21 - [TEST_STEP][PASSED] - delay: Delayed 1 second(s)

2018-11-27 14:52:22 - [MESSAGE][PASSED] - Delayed 1 second(s)

2018-11-27 14:52:22 - [TEST_STEP][PASSED] - click: Object: 'Object Repository/Claim MV/Claim MV/LST_CAUSE_DITABRAK' is clicked on

2018-11-27 14:52:22 - [MESSAGE][PASSED] - Object: 'Object Repository/Claim MV/Claim MV/LST_CAUSE_DITABRAK' is clicked on

2018-11-27 14:52:22 - [TEST_STEP][PASSED] - delay: Delayed 1 second(s)

2018-11-27 14:52:23 - [MESSAGE][PASSED] - Delayed 1 second(s)

2018-11-27 14:52:23 - [TEST_STEP][PASSED] - setText: Text 'customeronlocation' is set on object 'Object Repository/Claim MV/Claim MV/TXT_CUST_ON_LOCATION'

2018-11-27 14:52:23 - [MESSAGE][PASSED] - Text 'customeronlocation' is set on object 'Object Repository/Claim MV/Claim MV/TXT_CUST_ON_LOCATION'

2018-11-27 14:52:23 - [TEST_STEP][PASSED] - delay: Delayed 1 second(s)

2018-11-27 14:52:24 - [MESSAGE][PASSED] - Delayed 1 second(s)

2018-11-27 14:52:24 - [TEST_STEP][PASSED] - setText: Text '081818181' is set on object 'Object Repository/Claim MV/Claim MV/TXT_PIC_PHONE'

2018-11-27 14:52:24 - [MESSAGE][PASSED] - Text '081818181' is set on object 'Object Repository/Claim MV/Claim MV/TXT_PIC_PHONE'

2018-11-27 14:52:25 - [TEST_STEP][PASSED] - delay: Delayed 1 second(s)

2018-11-27 14:52:26 - [MESSAGE][PASSED] - Delayed 1 second(s)

2018-11-27 14:52:26 - [TEST_STEP][PASSED] - Statement - If (surveylocation != "Workshop"): null

2018-11-27 14:52:26 - [TEST_STEP][PASSED] - click: Object: 'Object Repository/Claim MV/Claim MV/CHK_SEND_SMS' is clicked on

2018-11-27 14:52:26 - [MESSAGE][PASSED] - Object: 'Object Repository/Claim MV/Claim MV/CHK_SEND_SMS' is clicked on

2018-11-27 14:52:26 - [TEST_STEP][PASSED] - delay: Delayed 1 second(s)

2018-11-27 14:52:27 - [MESSAGE][PASSED] - Delayed 1 second(s)

2018-11-27 14:52:27 - [TEST_STEP][PASSED] - click: Object: 'Object Repository/Claim MV/Claim MV/EXP_FU_STATUS' is clicked on

2018-11-27 14:52:27 - [MESSAGE][PASSED] - Object: 'Object Repository/Claim MV/Claim MV/EXP_FU_STATUS' is clicked on

2018-11-27 14:52:27 - [TEST_STEP][PASSED] - delay: Delayed 1 second(s)

2018-11-27 14:52:28 - [MESSAGE][PASSED] - Delayed 1 second(s)

2018-11-27 14:52:28 - [TEST_STEP][PASSED] - click: Object: 'Object Repository/Claim MV/Claim MV/LST_FU_CLOSE' is clicked on

2018-11-27 14:52:28 - [MESSAGE][PASSED] - Object: 'Object Repository/Claim MV/Claim MV/LST_FU_CLOSE' is clicked on

2018-11-27 14:52:28 - [TEST_STEP][PASSED] - delay: Delayed 1 second(s)

2018-11-27 14:52:29 - [MESSAGE][PASSED] - Delayed 1 second(s)

2018-11-27 14:52:29 - [TEST_STEP][PASSED] - setText: Text 'remarks' is set on object 'Object Repository/Claim MV/Claim MV/TXT_FU_REMARKS'

2018-11-27 14:52:29 - [MESSAGE][PASSED] - Text 'remarks' is set on object 'Object Repository/Claim MV/Claim MV/TXT_FU_REMARKS'

2018-11-27 14:52:29 - [TEST_STEP][PASSED] - delay: Delayed 1 second(s)

2018-11-27 14:52:30 - [MESSAGE][PASSED] - Delayed 1 second(s)

2018-11-27 14:52:30 - [TEST_STEP][PASSED] - click: Object: 'Object Repository/Claim MV/Claim MV/BTN_SAVE' is clicked on

2018-11-27 14:52:31 - [MESSAGE][PASSED] - Object: 'Object Repository/Claim MV/Claim MV/BTN_SAVE' is clicked on

2018-11-27 14:52:31 - [TEST_STEP][PASSED] - delay: Delayed 350 second(s)

2018-11-27 14:58:21 - [MESSAGE][PASSED] - Delayed 350 second(s)

2018-11-27 14:58:21 - [TEST_STEP][PASSED] - executeSQL.executeScript.checksurveyout: executeSQL.executeScript.checksurveyout is PASSED

2018-11-27 14:58:51 - [MESSAGE][PASSED] - executeSQL.executeScript.checksurveyout is PASSED

2018-11-27 14:58:51 - [TEST_STEP][PASSED] - Statement - If (surveylocation == "Workshop"): executeSQL.executeScript.checkregionareaoutworkshop is PASSED

2018-11-27 14:58:51 - [TEST_STEP][PASSED] - delay: Delayed 1 second(s)

2018-11-27 14:58:52 - [MESSAGE][PASSED] - Delayed 1 second(s)

2018-11-27 14:58:52 - [TEST_STEP][PASSED] - executeSQL.executeScript.checkregionareaoutworkshop: executeSQL.executeScript.checkregionareaoutworkshop is PASSED

2018-11-27 14:58:59 - [MESSAGE][PASSED] - executeSQL.executeScript.checkregionareaoutworkshop is PASSED

2018-11-27 14:58:59 - [TEST_STEP][PASSED] - Statement - If (surveylocation != "Workshop"): null

2018-11-27 14:58:59 - [TEST_STEP][PASSED] - delay: Delayed 1 second(s)

2018-11-27 14:59:00 - [MESSAGE][PASSED] - Delayed 1 second(s)

2018-11-27 14:59:00 - [TEST_STEP][PASSED] - Statement - If (surveylocation != "Workshop"): null

2018-11-27 14:59:00 - [TEST_STEP][FAILED] - click: Unable to click on object 'Object Repository/Claim MV/Claim MV/BTN_SAVE_OK' (Root cause: org.openqa.selenium.ElementNotVisibleException: element not interactable
  (Session info: chrome=70.0.3538.102)
  (Driver info: chromedriver=2.43.600210 (68dcf5eebde37173d4027fa8635e332711d2874a),platform=Windows NT 10.0.16299 x86_64) (WARNING: The server did not provide any stacktrace information)
Command duration or timeout: 0 milliseconds
Build info: version: '3.7.1', revision: '8a0099a', time: '2017-11-06T21:07:36.161Z'
System info: host: 'SMHONB17D34BTE', ip: '10.242.10.118', os.name: 'Windows 10', os.arch: 'amd64', os.version: '10.0', java.version: '1.8.0_181'
Driver info: com.kms.katalon.selenium.driver.CChromeDriver
Capabilities {acceptInsecureCerts: false, acceptSslCerts: false, applicationCacheEnabled: false, browserConnectionEnabled: false, browserName: chrome, chrome: {chromedriverVersion: 2.43.600210 (68dcf5eebde371..., userDataDir: C:\Users\bte\AppData\Local\...}, cssSelectorsEnabled: true, databaseEnabled: false, goog:chromeOptions: {debuggerAddress: localhost:53655}, handlesAlerts: true, hasTouchScreen: false, javascriptEnabled: true, locationContextEnabled: true, mobileEmulationEnabled: false, nativeEvents: true, networkConnectionEnabled: false, pageLoadStrategy: normal, platform: XP, platformName: XP, rotatable: false, setWindowRect: true, takesHeapSnapshot: true, takesScreenshot: true, unexpectedAlertBehaviour: , unhandledPromptBehavior: , version: 70.0.3538.102, webStorageEnabled: true}
Session ID: 6f66d32f426ab578fba594f7c6ee08ce)

2018-11-27 14:59:00 - [MESSAGE][FAILED] - Unable to click on object 'Object Repository/Claim MV/Claim MV/BTN_SAVE_OK' (Root cause: org.openqa.selenium.ElementNotVisibleException: element not interactable
  (Session info: chrome=70.0.3538.102)
  (Driver info: chromedriver=2.43.600210 (68dcf5eebde37173d4027fa8635e332711d2874a),platform=Windows NT 10.0.16299 x86_64) (WARNING: The server did not provide any stacktrace information)
Command duration or timeout: 0 milliseconds
Build info: version: '3.7.1', revision: '8a0099a', time: '2017-11-06T21:07:36.161Z'
System info: host: 'SMHONB17D34BTE', ip: '10.242.10.118', os.name: 'Windows 10', os.arch: 'amd64', os.version: '10.0', java.version: '1.8.0_181'
Driver info: com.kms.katalon.selenium.driver.CChromeDriver
Capabilities {acceptInsecureCerts: false, acceptSslCerts: false, applicationCacheEnabled: false, browserConnectionEnabled: false, browserName: chrome, chrome: {chromedriverVersion: 2.43.600210 (68dcf5eebde371..., userDataDir: C:\Users\bte\AppData\Local\...}, cssSelectorsEnabled: true, databaseEnabled: false, goog:chromeOptions: {debuggerAddress: localhost:53655}, handlesAlerts: true, hasTouchScreen: false, javascriptEnabled: true, locationContextEnabled: true, mobileEmulationEnabled: false, nativeEvents: true, networkConnectionEnabled: false, pageLoadStrategy: normal, platform: XP, platformName: XP, rotatable: false, setWindowRect: true, takesHeapSnapshot: true, takesScreenshot: true, unexpectedAlertBehaviour: , unhandledPromptBehavior: , version: 70.0.3538.102, webStorageEnabled: true}
Session ID: 6f66d32f426ab578fba594f7c6ee08ce)
[[ATTACHMENT|D:\\BTE\\Katalon Studio\\Garda Akses\\Reports\\Run All Claim MV\\20181127_142555\\1543305540271.png]]

2018-11-27 14:59:00 - [MESSAGE][FAILED] - Unable to call Test Case with id 'Test Cases/Screen/Claim MV' (Root cause: Call Test Case 'Test Cases/Screen/Claim MV' failed)]]></system-out>
         <system-err><![CDATA[2018-11-27 14:48:00 - [TEST_CASE][FAILED] - Test Cases/Scenario/Claim MV - Out Workshop: Test Cases/Scenario/Claim MV - Out Workshop FAILED because (of) (Stack trace: com.kms.katalon.core.exception.StepFailedException: Unable to click on object 'Object Repository/Claim MV/Claim MV/BTN_SAVE_OK' (Root cause: org.openqa.selenium.ElementNotVisibleException: element not interactable
  (Session info: chrome=70.0.3538.102)
  (Driver info: chromedriver=2.43.600210 (68dcf5eebde37173d4027fa8635e332711d2874a),platform=Windows NT 10.0.16299 x86_64) (WARNING: The server did not provide any stacktrace information)
Command duration or timeout: 0 milliseconds
Build info: version: '3.7.1', revision: '8a0099a', time: '2017-11-06T21:07:36.161Z'
System info: host: 'SMHONB17D34BTE', ip: '10.242.10.118', os.name: 'Windows 10', os.arch: 'amd64', os.version: '10.0', java.version: '1.8.0_181'
Driver info: com.kms.katalon.selenium.driver.CChromeDriver
Capabilities {acceptInsecureCerts: false, acceptSslCerts: false, applicationCacheEnabled: false, browserConnectionEnabled: false, browserName: chrome, chrome: {chromedriverVersion: 2.43.600210 (68dcf5eebde371..., userDataDir: C:\Users\bte\AppData\Local\...}, cssSelectorsEnabled: true, databaseEnabled: false, goog:chromeOptions: {debuggerAddress: localhost:53655}, handlesAlerts: true, hasTouchScreen: false, javascriptEnabled: true, locationContextEnabled: true, mobileEmulationEnabled: false, nativeEvents: true, networkConnectionEnabled: false, pageLoadStrategy: normal, platform: XP, platformName: XP, rotatable: false, setWindowRect: true, takesHeapSnapshot: true, takesScreenshot: true, unexpectedAlertBehaviour: , unhandledPromptBehavior: , version: 70.0.3538.102, webStorageEnabled: true}
Session ID: 6f66d32f426ab578fba594f7c6ee08ce)
	at com.kms.katalon.core.keyword.internal.KeywordMain.stepFailed(KeywordMain.groovy:36)
	at com.kms.katalon.core.webui.keyword.internal.WebUIKeywordMain.stepFailed(WebUIKeywordMain.groovy:65)
	at com.kms.katalon.core.webui.keyword.internal.WebUIKeywordMain.runKeyword(WebUIKeywordMain.groovy:27)
	at com.kms.katalon.core.webui.keyword.builtin.ClickKeyword.click(ClickKeyword.groovy:86)
	at com.kms.katalon.core.webui.keyword.builtin.ClickKeyword.execute(ClickKeyword.groovy:67)
	at com.kms.katalon.core.keyword.internal.KeywordExecutor.executeKeywordForPlatform(KeywordExecutor.groovy:53)
	at com.kms.katalon.core.webui.keyword.WebUiBuiltInKeywords.click(WebUiBuiltInKeywords.groovy:616)
	at com.kms.katalon.core.webui.keyword.WebUiBuiltInKeywords$click$2.call(Unknown Source)
	at org.codehaus.groovy.runtime.callsite.CallSiteArray.defaultCall(CallSiteArray.java:48)
	at org.codehaus.groovy.runtime.callsite.AbstractCallSite.call(AbstractCallSite.java:113)
	at org.codehaus.groovy.runtime.callsite.AbstractCallSite.call(AbstractCallSite.java:125)
	at Script1542944761693.run(Script1542944761693.groovy:196)
	at com.kms.katalon.core.main.ScriptEngine.run(ScriptEngine.java:183)
	at com.kms.katalon.core.main.ScriptEngine.runScriptAsRawText(ScriptEngine.java:108)
	at com.kms.katalon.core.main.TestCaseExecutor.runScript(TestCaseExecutor.java:294)
	at com.kms.katalon.core.main.TestCaseExecutor.doExecute(TestCaseExecutor.java:285)
	at com.kms.katalon.core.main.TestCaseExecutor.processExecutionPhase(TestCaseExecutor.java:264)
	at com.kms.katalon.core.main.TestCaseExecutor.accessMainPhase(TestCaseExecutor.java:256)
	at com.kms.katalon.core.main.TestCaseExecutor.execute(TestCaseExecutor.java:200)
	at com.kms.katalon.core.main.TestCaseMain.runTestCase(TestCaseMain.java:99)
	at com.kms.katalon.core.keyword.builtin.CallTestCaseKeyword$_callTestCase_closure1.doCall(CallTestCaseKeyword.groovy:60)
	at com.kms.katalon.core.keyword.builtin.CallTestCaseKeyword$_callTestCase_closure1.call(CallTestCaseKeyword.groovy)
	at com.kms.katalon.core.keyword.internal.KeywordMain.runKeyword(KeywordMain.groovy:54)
	at com.kms.katalon.core.keyword.builtin.CallTestCaseKeyword.callTestCase(CallTestCaseKeyword.groovy:81)
	at com.kms.katalon.core.keyword.builtin.CallTestCaseKeyword.execute(CallTestCaseKeyword.groovy:45)
	at com.kms.katalon.core.keyword.internal.KeywordExecutor.executeKeywordForPlatform(KeywordExecutor.groovy:53)
	at com.kms.katalon.core.keyword.BuiltinKeywords.callTestCase(BuiltinKeywords.groovy:334)
	at sun.reflect.GeneratedMethodAccessor13.invoke(Unknown Source)
	at sun.reflect.DelegatingMethodAccessorImpl.invoke(DelegatingMethodAccessorImpl.java:43)
	at java.lang.reflect.Method.invoke(Method.java:498)
	at org.codehaus.groovy.reflection.CachedMethod.invoke(CachedMethod.java:93)
	at groovy.lang.MetaMethod.doMethodInvoke(MetaMethod.java:325)
	at groovy.lang.MetaClassImpl.invokeStaticMethod(MetaClassImpl.java:1469)
	at org.codehaus.groovy.runtime.callsite.StaticMetaClassSite.call(StaticMetaClassSite.java:53)
	at org.codehaus.groovy.runtime.callsite.CallSiteArray.defaultCall(CallSiteArray.java:48)
	at org.codehaus.groovy.runtime.callsite.AbstractCallSite.call(AbstractCallSite.java:113)
	at org.codehaus.groovy.runtime.callsite.AbstractCallSite.call(AbstractCallSite.java:141)
	at Script1543232599436.run(Script1543232599436.groovy:26)
	at com.kms.katalon.core.main.ScriptEngine.run(ScriptEngine.java:183)
	at com.kms.katalon.core.main.ScriptEngine.runScriptAsRawText(ScriptEngine.java:108)
	at com.kms.katalon.core.main.TestCaseExecutor.runScript(TestCaseExecutor.java:294)
	at com.kms.katalon.core.main.TestCaseExecutor.doExecute(TestCaseExecutor.java:285)
	at com.kms.katalon.core.main.TestCaseExecutor.processExecutionPhase(TestCaseExecutor.java:264)
	at com.kms.katalon.core.main.TestCaseExecutor.accessMainPhase(TestCaseExecutor.java:256)
	at com.kms.katalon.core.main.TestCaseExecutor.execute(TestCaseExecutor.java:200)
	at com.kms.katalon.core.main.TestSuiteExecutor.accessTestCaseMainPhase(TestSuiteExecutor.java:129)
	at com.kms.katalon.core.main.TestSuiteExecutor.accessTestSuiteMainPhase(TestSuiteExecutor.java:112)
	at com.kms.katalon.core.main.TestSuiteExecutor.execute(TestSuiteExecutor.java:81)
	at com.kms.katalon.core.main.TestCaseMain.startTestSuite(TestCaseMain.java:142)
	at com.kms.katalon.core.main.TestCaseMain$startTestSuite$0.call(Unknown Source)
	at org.codehaus.groovy.runtime.callsite.CallSiteArray.defaultCall(CallSiteArray.java:48)
	at org.codehaus.groovy.runtime.callsite.AbstractCallSite.call(AbstractCallSite.java:113)
	at org.codehaus.groovy.runtime.callsite.AbstractCallSite.call(AbstractCallSite.java:141)
	at TempTestSuite1543303555032.run(TempTestSuite1543303555032.groovy:36)
	at groovy.lang.GroovyShell.runScriptOrMainOrTestOrRunnable(GroovyShell.java:263)
	at groovy.lang.GroovyShell.run(GroovyShell.java:518)
	at groovy.lang.GroovyShell.run(GroovyShell.java:507)
	at groovy.ui.GroovyMain.processOnce(GroovyMain.java:653)
	at groovy.ui.GroovyMain.run(GroovyMain.java:384)
	at groovy.ui.GroovyMain.process(GroovyMain.java:370)
	at groovy.ui.GroovyMain.processArgs(GroovyMain.java:129)
	at groovy.ui.GroovyMain.main(GroovyMain.java:109)
	at sun.reflect.NativeMethodAccessorImpl.invoke0(Native Method)
	at sun.reflect.NativeMethodAccessorImpl.invoke(NativeMethodAccessorImpl.java:62)
	at sun.reflect.DelegatingMethodAccessorImpl.invoke(DelegatingMethodAccessorImpl.java:43)
	at java.lang.reflect.Method.invoke(Method.java:498)
	at org.codehaus.groovy.tools.GroovyStarter.rootLoader(GroovyStarter.java:109)
	at org.codehaus.groovy.tools.GroovyStarter.main(GroovyStarter.java:131)
)]]></system-err>
      </testcase>
      <system-out><![CDATA[2018-11-27 14:25:58 - [TEST_SUITE][FAILED] - Run All Claim MV: Test Cases/Scenario/Claim MV - In RO FAILED because (of) (Stack trace: com.kms.katalon.core.exception.StepFailedException: Unable to click on object 'Object Repository/Claim MV/Claim MV/BTN_SAVE_OK' (Root cause: org.openqa.selenium.WebDriverException: chrome not reachable
  (Session info: chrome=70.0.3538.102)
  (Driver info: chromedriver=2.43.600210 (68dcf5eebde37173d4027fa8635e332711d2874a),platform=Windows NT 10.0.16299 x86_64) (WARNING: The server did not provide any stacktrace information)
Command duration or timeout: 0 milliseconds
Build info: version: '3.7.1', revision: '8a0099a', time: '2017-11-06T21:07:36.161Z'
System info: host: 'SMHONB17D34BTE', ip: '10.242.10.118', os.name: 'Windows 10', os.arch: 'amd64', os.version: '10.0', java.version: '1.8.0_181'
Driver info: com.kms.katalon.selenium.driver.CChromeDriver
Capabilities {acceptInsecureCerts: false, acceptSslCerts: false, applicationCacheEnabled: false, browserConnectionEnabled: false, browserName: chrome, chrome: {chromedriverVersion: 2.43.600210 (68dcf5eebde371..., userDataDir: C:\Users\bte\AppData\Local\...}, cssSelectorsEnabled: true, databaseEnabled: false, goog:chromeOptions: {debuggerAddress: localhost:53075}, handlesAlerts: true, hasTouchScreen: false, javascriptEnabled: true, locationContextEnabled: true, mobileEmulationEnabled: false, nativeEvents: true, networkConnectionEnabled: false, pageLoadStrategy: normal, platform: XP, platformName: XP, rotatable: false, setWindowRect: true, takesHeapSnapshot: true, takesScreenshot: true, unexpectedAlertBehaviour: , unhandledPromptBehavior: , version: 70.0.3538.102, webStorageEnabled: true}
Session ID: 2ac061aff90f4c740ef82b8d28896a62
*** Element info: {Using=xpath, value=/html/frameset/frame})
	at com.kms.katalon.core.keyword.internal.KeywordMain.stepFailed(KeywordMain.groovy:36)
	at com.kms.katalon.core.webui.keyword.internal.WebUIKeywordMain.stepFailed(WebUIKeywordMain.groovy:65)
	at com.kms.katalon.core.webui.keyword.internal.WebUIKeywordMain.runKeyword(WebUIKeywordMain.groovy:27)
	at com.kms.katalon.core.webui.keyword.builtin.ClickKeyword.click(ClickKeyword.groovy:86)
	at com.kms.katalon.core.webui.keyword.builtin.ClickKeyword.execute(ClickKeyword.groovy:67)
	at com.kms.katalon.core.keyword.internal.KeywordExecutor.executeKeywordForPlatform(KeywordExecutor.groovy:53)
	at com.kms.katalon.core.webui.keyword.WebUiBuiltInKeywords.click(WebUiBuiltInKeywords.groovy:616)
	at com.kms.katalon.core.webui.keyword.WebUiBuiltInKeywords$click$2.call(Unknown Source)
	at org.codehaus.groovy.runtime.callsite.CallSiteArray.defaultCall(CallSiteArray.java:48)
	at org.codehaus.groovy.runtime.callsite.AbstractCallSite.call(AbstractCallSite.java:113)
	at org.codehaus.groovy.runtime.callsite.AbstractCallSite.call(AbstractCallSite.java:125)
	at Script1542944761693.run(Script1542944761693.groovy:116)
	at com.kms.katalon.core.main.ScriptEngine.run(ScriptEngine.java:183)
	at com.kms.katalon.core.main.ScriptEngine.runScriptAsRawText(ScriptEngine.java:108)
	at com.kms.katalon.core.main.TestCaseExecutor.runScript(TestCaseExecutor.java:294)
	at com.kms.katalon.core.main.TestCaseExecutor.doExecute(TestCaseExecutor.java:285)
	at com.kms.katalon.core.main.TestCaseExecutor.processExecutionPhase(TestCaseExecutor.java:264)
	at com.kms.katalon.core.main.TestCaseExecutor.accessMainPhase(TestCaseExecutor.java:256)
	at com.kms.katalon.core.main.TestCaseExecutor.execute(TestCaseExecutor.java:200)
	at com.kms.katalon.core.main.TestCaseMain.runTestCase(TestCaseMain.java:99)
	at com.kms.katalon.core.keyword.builtin.CallTestCaseKeyword$_callTestCase_closure1.doCall(CallTestCaseKeyword.groovy:60)
	at com.kms.katalon.core.keyword.builtin.CallTestCaseKeyword$_callTestCase_closure1.call(CallTestCaseKeyword.groovy)
	at com.kms.katalon.core.keyword.internal.KeywordMain.runKeyword(KeywordMain.groovy:54)
	at com.kms.katalon.core.keyword.builtin.CallTestCaseKeyword.callTestCase(CallTestCaseKeyword.groovy:81)
	at com.kms.katalon.core.keyword.builtin.CallTestCaseKeyword.execute(CallTestCaseKeyword.groovy:45)
	at com.kms.katalon.core.keyword.internal.KeywordExecutor.executeKeywordForPlatform(KeywordExecutor.groovy:53)
	at com.kms.katalon.core.keyword.BuiltinKeywords.callTestCase(BuiltinKeywords.groovy:334)
	at sun.reflect.NativeMethodAccessorImpl.invoke0(Native Method)
	at sun.reflect.NativeMethodAccessorImpl.invoke(NativeMethodAccessorImpl.java:62)
	at sun.reflect.DelegatingMethodAccessorImpl.invoke(DelegatingMethodAccessorImpl.java:43)
	at java.lang.reflect.Method.invoke(Method.java:498)
	at org.codehaus.groovy.reflection.CachedMethod.invoke(CachedMethod.java:93)
	at groovy.lang.MetaMethod.doMethodInvoke(MetaMethod.java:325)
	at groovy.lang.MetaClassImpl.invokeStaticMethod(MetaClassImpl.java:1469)
	at org.codehaus.groovy.runtime.callsite.StaticMetaClassSite.call(StaticMetaClassSite.java:53)
	at org.codehaus.groovy.runtime.callsite.CallSiteArray.defaultCall(CallSiteArray.java:48)
	at org.codehaus.groovy.runtime.callsite.AbstractCallSite.call(AbstractCallSite.java:113)
	at org.codehaus.groovy.runtime.callsite.AbstractCallSite.call(AbstractCallSite.java:141)
	at Script1543289523870.run(Script1543289523870.groovy:26)
	at com.kms.katalon.core.main.ScriptEngine.run(ScriptEngine.java:183)
	at com.kms.katalon.core.main.ScriptEngine.runScriptAsRawText(ScriptEngine.java:108)
	at com.kms.katalon.core.main.TestCaseExecutor.runScript(TestCaseExecutor.java:294)
	at com.kms.katalon.core.main.TestCaseExecutor.doExecute(TestCaseExecutor.java:285)
	at com.kms.katalon.core.main.TestCaseExecutor.processExecutionPhase(TestCaseExecutor.java:264)
	at com.kms.katalon.core.main.TestCaseExecutor.accessMainPhase(TestCaseExecutor.java:256)
	at com.kms.katalon.core.main.TestCaseExecutor.execute(TestCaseExecutor.java:200)
	at com.kms.katalon.core.main.TestSuiteExecutor.accessTestCaseMainPhase(TestSuiteExecutor.java:129)
	at com.kms.katalon.core.main.TestSuiteExecutor.accessTestSuiteMainPhase(TestSuiteExecutor.java:112)
	at com.kms.katalon.core.main.TestSuiteExecutor.execute(TestSuiteExecutor.java:81)
	at com.kms.katalon.core.main.TestCaseMain.startTestSuite(TestCaseMain.java:142)
	at com.kms.katalon.core.main.TestCaseMain$startTestSuite$0.call(Unknown Source)
	at org.codehaus.groovy.runtime.callsite.CallSiteArray.defaultCall(CallSiteArray.java:48)
	at org.codehaus.groovy.runtime.callsite.AbstractCallSite.call(AbstractCallSite.java:113)
	at org.codehaus.groovy.runtime.callsite.AbstractCallSite.call(AbstractCallSite.java:141)
	at TempTestSuite1543303555032.run(TempTestSuite1543303555032.groovy:36)
	at groovy.lang.GroovyShell.runScriptOrMainOrTestOrRunnable(GroovyShell.java:263)
	at groovy.lang.GroovyShell.run(GroovyShell.java:518)
	at groovy.lang.GroovyShell.run(GroovyShell.java:507)
	at groovy.ui.GroovyMain.processOnce(GroovyMain.java:653)
	at groovy.ui.GroovyMain.run(GroovyMain.java:384)
	at groovy.ui.GroovyMain.process(GroovyMain.java:370)
	at groovy.ui.GroovyMain.processArgs(GroovyMain.java:129)
	at groovy.ui.GroovyMain.main(GroovyMain.java:109)
	at sun.reflect.NativeMethodAccessorImpl.invoke0(Native Method)
	at sun.reflect.NativeMethodAccessorImpl.invoke(NativeMethodAccessorImpl.java:62)
	at sun.reflect.DelegatingMethodAccessorImpl.invoke(DelegatingMethodAccessorImpl.java:43)
	at java.lang.reflect.Method.invoke(Method.java:498)
	at org.codehaus.groovy.tools.GroovyStarter.rootLoader(GroovyStarter.java:109)
	at org.codehaus.groovy.tools.GroovyStarter.main(GroovyStarter.java:131)
)]]></system-out>
      <system-err><![CDATA[2018-11-27 14:25:58 - [TEST_SUITE][FAILED] - Run All Claim MV: Test Cases/Scenario/Claim MV - In RO FAILED because (of) (Stack trace: com.kms.katalon.core.exception.StepFailedException: Unable to click on object 'Object Repository/Claim MV/Claim MV/BTN_SAVE_OK' (Root cause: org.openqa.selenium.WebDriverException: chrome not reachable
  (Session info: chrome=70.0.3538.102)
  (Driver info: chromedriver=2.43.600210 (68dcf5eebde37173d4027fa8635e332711d2874a),platform=Windows NT 10.0.16299 x86_64) (WARNING: The server did not provide any stacktrace information)
Command duration or timeout: 0 milliseconds
Build info: version: '3.7.1', revision: '8a0099a', time: '2017-11-06T21:07:36.161Z'
System info: host: 'SMHONB17D34BTE', ip: '10.242.10.118', os.name: 'Windows 10', os.arch: 'amd64', os.version: '10.0', java.version: '1.8.0_181'
Driver info: com.kms.katalon.selenium.driver.CChromeDriver
Capabilities {acceptInsecureCerts: false, acceptSslCerts: false, applicationCacheEnabled: false, browserConnectionEnabled: false, browserName: chrome, chrome: {chromedriverVersion: 2.43.600210 (68dcf5eebde371..., userDataDir: C:\Users\bte\AppData\Local\...}, cssSelectorsEnabled: true, databaseEnabled: false, goog:chromeOptions: {debuggerAddress: localhost:53075}, handlesAlerts: true, hasTouchScreen: false, javascriptEnabled: true, locationContextEnabled: true, mobileEmulationEnabled: false, nativeEvents: true, networkConnectionEnabled: false, pageLoadStrategy: normal, platform: XP, platformName: XP, rotatable: false, setWindowRect: true, takesHeapSnapshot: true, takesScreenshot: true, unexpectedAlertBehaviour: , unhandledPromptBehavior: , version: 70.0.3538.102, webStorageEnabled: true}
Session ID: 2ac061aff90f4c740ef82b8d28896a62
*** Element info: {Using=xpath, value=/html/frameset/frame})
	at com.kms.katalon.core.keyword.internal.KeywordMain.stepFailed(KeywordMain.groovy:36)
	at com.kms.katalon.core.webui.keyword.internal.WebUIKeywordMain.stepFailed(WebUIKeywordMain.groovy:65)
	at com.kms.katalon.core.webui.keyword.internal.WebUIKeywordMain.runKeyword(WebUIKeywordMain.groovy:27)
	at com.kms.katalon.core.webui.keyword.builtin.ClickKeyword.click(ClickKeyword.groovy:86)
	at com.kms.katalon.core.webui.keyword.builtin.ClickKeyword.execute(ClickKeyword.groovy:67)
	at com.kms.katalon.core.keyword.internal.KeywordExecutor.executeKeywordForPlatform(KeywordExecutor.groovy:53)
	at com.kms.katalon.core.webui.keyword.WebUiBuiltInKeywords.click(WebUiBuiltInKeywords.groovy:616)
	at com.kms.katalon.core.webui.keyword.WebUiBuiltInKeywords$click$2.call(Unknown Source)
	at org.codehaus.groovy.runtime.callsite.CallSiteArray.defaultCall(CallSiteArray.java:48)
	at org.codehaus.groovy.runtime.callsite.AbstractCallSite.call(AbstractCallSite.java:113)
	at org.codehaus.groovy.runtime.callsite.AbstractCallSite.call(AbstractCallSite.java:125)
	at Script1542944761693.run(Script1542944761693.groovy:116)
	at com.kms.katalon.core.main.ScriptEngine.run(ScriptEngine.java:183)
	at com.kms.katalon.core.main.ScriptEngine.runScriptAsRawText(ScriptEngine.java:108)
	at com.kms.katalon.core.main.TestCaseExecutor.runScript(TestCaseExecutor.java:294)
	at com.kms.katalon.core.main.TestCaseExecutor.doExecute(TestCaseExecutor.java:285)
	at com.kms.katalon.core.main.TestCaseExecutor.processExecutionPhase(TestCaseExecutor.java:264)
	at com.kms.katalon.core.main.TestCaseExecutor.accessMainPhase(TestCaseExecutor.java:256)
	at com.kms.katalon.core.main.TestCaseExecutor.execute(TestCaseExecutor.java:200)
	at com.kms.katalon.core.main.TestCaseMain.runTestCase(TestCaseMain.java:99)
	at com.kms.katalon.core.keyword.builtin.CallTestCaseKeyword$_callTestCase_closure1.doCall(CallTestCaseKeyword.groovy:60)
	at com.kms.katalon.core.keyword.builtin.CallTestCaseKeyword$_callTestCase_closure1.call(CallTestCaseKeyword.groovy)
	at com.kms.katalon.core.keyword.internal.KeywordMain.runKeyword(KeywordMain.groovy:54)
	at com.kms.katalon.core.keyword.builtin.CallTestCaseKeyword.callTestCase(CallTestCaseKeyword.groovy:81)
	at com.kms.katalon.core.keyword.builtin.CallTestCaseKeyword.execute(CallTestCaseKeyword.groovy:45)
	at com.kms.katalon.core.keyword.internal.KeywordExecutor.executeKeywordForPlatform(KeywordExecutor.groovy:53)
	at com.kms.katalon.core.keyword.BuiltinKeywords.callTestCase(BuiltinKeywords.groovy:334)
	at sun.reflect.NativeMethodAccessorImpl.invoke0(Native Method)
	at sun.reflect.NativeMethodAccessorImpl.invoke(NativeMethodAccessorImpl.java:62)
	at sun.reflect.DelegatingMethodAccessorImpl.invoke(DelegatingMethodAccessorImpl.java:43)
	at java.lang.reflect.Method.invoke(Method.java:498)
	at org.codehaus.groovy.reflection.CachedMethod.invoke(CachedMethod.java:93)
	at groovy.lang.MetaMethod.doMethodInvoke(MetaMethod.java:325)
	at groovy.lang.MetaClassImpl.invokeStaticMethod(MetaClassImpl.java:1469)
	at org.codehaus.groovy.runtime.callsite.StaticMetaClassSite.call(StaticMetaClassSite.java:53)
	at org.codehaus.groovy.runtime.callsite.CallSiteArray.defaultCall(CallSiteArray.java:48)
	at org.codehaus.groovy.runtime.callsite.AbstractCallSite.call(AbstractCallSite.java:113)
	at org.codehaus.groovy.runtime.callsite.AbstractCallSite.call(AbstractCallSite.java:141)
	at Script1543289523870.run(Script1543289523870.groovy:26)
	at com.kms.katalon.core.main.ScriptEngine.run(ScriptEngine.java:183)
	at com.kms.katalon.core.main.ScriptEngine.runScriptAsRawText(ScriptEngine.java:108)
	at com.kms.katalon.core.main.TestCaseExecutor.runScript(TestCaseExecutor.java:294)
	at com.kms.katalon.core.main.TestCaseExecutor.doExecute(TestCaseExecutor.java:285)
	at com.kms.katalon.core.main.TestCaseExecutor.processExecutionPhase(TestCaseExecutor.java:264)
	at com.kms.katalon.core.main.TestCaseExecutor.accessMainPhase(TestCaseExecutor.java:256)
	at com.kms.katalon.core.main.TestCaseExecutor.execute(TestCaseExecutor.java:200)
	at com.kms.katalon.core.main.TestSuiteExecutor.accessTestCaseMainPhase(TestSuiteExecutor.java:129)
	at com.kms.katalon.core.main.TestSuiteExecutor.accessTestSuiteMainPhase(TestSuiteExecutor.java:112)
	at com.kms.katalon.core.main.TestSuiteExecutor.execute(TestSuiteExecutor.java:81)
	at com.kms.katalon.core.main.TestCaseMain.startTestSuite(TestCaseMain.java:142)
	at com.kms.katalon.core.main.TestCaseMain$startTestSuite$0.call(Unknown Source)
	at org.codehaus.groovy.runtime.callsite.CallSiteArray.defaultCall(CallSiteArray.java:48)
	at org.codehaus.groovy.runtime.callsite.AbstractCallSite.call(AbstractCallSite.java:113)
	at org.codehaus.groovy.runtime.callsite.AbstractCallSite.call(AbstractCallSite.java:141)
	at TempTestSuite1543303555032.run(TempTestSuite1543303555032.groovy:36)
	at groovy.lang.GroovyShell.runScriptOrMainOrTestOrRunnable(GroovyShell.java:263)
	at groovy.lang.GroovyShell.run(GroovyShell.java:518)
	at groovy.lang.GroovyShell.run(GroovyShell.java:507)
	at groovy.ui.GroovyMain.processOnce(GroovyMain.java:653)
	at groovy.ui.GroovyMain.run(GroovyMain.java:384)
	at groovy.ui.GroovyMain.process(GroovyMain.java:370)
	at groovy.ui.GroovyMain.processArgs(GroovyMain.java:129)
	at groovy.ui.GroovyMain.main(GroovyMain.java:109)
	at sun.reflect.NativeMethodAccessorImpl.invoke0(Native Method)
	at sun.reflect.NativeMethodAccessorImpl.invoke(NativeMethodAccessorImpl.java:62)
	at sun.reflect.DelegatingMethodAccessorImpl.invoke(DelegatingMethodAccessorImpl.java:43)
	at java.lang.reflect.Method.invoke(Method.java:498)
	at org.codehaus.groovy.tools.GroovyStarter.rootLoader(GroovyStarter.java:109)
	at org.codehaus.groovy.tools.GroovyStarter.main(GroovyStarter.java:131)
)]]></system-err>
   </testsuite>
</testsuites>
