<?xml version="1.0" encoding="UTF-8"?>
<testsuites name="Run All Claim MV" time="3539" tests="4" failures="1" errors="1">
   <testsuite name="Run All Claim MV" tests="4" failures="1" errors="1" time="3539" timestamp="2018-11-27 10:32:47" hostname="BTE - SMHONB17D34BTE.aab.asuransi.astra.co.id" id="Test Suites/Run All Claim MV">
      <properties>
         <property name="deviceName" value=""/>
         <property name="devicePlatform" value=""/>
         <property name="logFolder" value="D:\\BTE\\Katalon Studio\\Garda Akses\\Reports\\Run All Claim MV\\20181127_103244"/>
         <property name="logFiles" value="D:\\BTE\\Katalon Studio\\Garda Akses\\Reports\\Run All Claim MV\\20181127_103244\\execution0.log"/>
         <property name="attachments" value="D:\\BTE\\Katalon Studio\\Garda Akses\\Reports\\Run All Claim MV\\20181127_103244\\1543291113744.png"/>
         <property name="hostName" value="BTE - SMHONB17D34BTE.aab.asuransi.astra.co.id"/>
         <property name="os" value="Windows 10 64bit"/>
         <property name="katalonVersion" value="5.8.6.1"/>
         <property name="browser" value="Chrome 70.0.3538.102"/>
         <property name="dbServerInfo" value="Microsoft SQL Server 11.00.5058"/>
         <property name="hostAddress" value="10.242.10.118"/>
         <property name="sessionId" value="ebdcbb6e6f2c0af04cc3b36b5adbeb3d"/>
         <property name="seleniumVersion" value="3.7.1"/>
         <property name="proxyInformation" value="ProxyInformation{proxyOption=NO_PROXY, proxyServerType=HTTP, password=, proxyServerAddress=, proxyServerPort=0}"/>
         <property name="platform" value="Windows 10"/>
      </properties>
      <testcase name="Test Cases/Scenario/Claim MV - In Branch" classname="Test Cases/Scenario/Claim MV - In Branch" status="PASSED">
         <system-out><![CDATA[2018-11-27 10:32:48 - [TEST_CASE][PASSED] - Test Cases/Scenario/Claim MV - In Branch: Test Cases/Scenario/Claim MV - In Branch

2018-11-27 10:32:49 - [TEST_STEP][PASSED] - callTestCase: Call Test Case 'Test Cases/Screen/Login' successfully

2018-11-27 10:32:49 - [TEST_CASE][PASSED] - Test Cases/Screen/Login: Test Cases/Screen/Login

2018-11-27 10:32:49 - [TEST_STEP][PASSED] - openBrowser: Browser is opened with url: ''

2018-11-27 10:32:54 - [MESSAGE][PASSED] - Browser is opened with url: ''

2018-11-27 10:32:54 - [TEST_STEP][PASSED] - navigateToUrl: Navigate to 'https://gardaakses-qc.asuransiastra.com/gardaakses' successfully

2018-11-27 10:33:09 - [MESSAGE][PASSED] - Navigate to 'https://gardaakses-qc.asuransiastra.com/gardaakses' successfully

2018-11-27 10:33:09 - [TEST_STEP][PASSED] - delay: Delayed 1 second(s)

2018-11-27 10:33:10 - [MESSAGE][PASSED] - Delayed 1 second(s)

2018-11-27 10:33:10 - [TEST_STEP][PASSED] - setText: Text 'tdi' is set on object 'Object Repository/Login/TXT_USERID'

2018-11-27 10:33:11 - [MESSAGE][PASSED] - Text 'tdi' is set on object 'Object Repository/Login/TXT_USERID'

2018-11-27 10:33:11 - [TEST_STEP][PASSED] - delay: Delayed 1 second(s)

2018-11-27 10:33:12 - [MESSAGE][PASSED] - Delayed 1 second(s)

2018-11-27 10:33:12 - [TEST_STEP][PASSED] - setText: Text 'P@ssw0rd' is set on object 'Object Repository/Login/TXT_PASSWORD'

2018-11-27 10:33:12 - [MESSAGE][PASSED] - Text 'P@ssw0rd' is set on object 'Object Repository/Login/TXT_PASSWORD'

2018-11-27 10:33:12 - [TEST_STEP][PASSED] - delay: Delayed 1 second(s)

2018-11-27 10:33:13 - [MESSAGE][PASSED] - Delayed 1 second(s)

2018-11-27 10:33:13 - [TEST_STEP][PASSED] - click: Object: 'Object Repository/Login/BTN_MASUK' is clicked on

2018-11-27 10:33:14 - [MESSAGE][PASSED] - Object: 'Object Repository/Login/BTN_MASUK' is clicked on

2018-11-27 10:33:14 - [TEST_STEP][PASSED] - delay: Delayed 5 second(s)

2018-11-27 10:33:19 - [MESSAGE][PASSED] - Delayed 5 second(s)

2018-11-27 10:33:19 - [MESSAGE][PASSED] - Call Test Case 'Test Cases/Screen/Login' successfully

2018-11-27 10:33:19 - [TEST_STEP][PASSED] - callTestCase: Call Test Case 'Test Cases/Screen/Select Claim MV' successfully

2018-11-27 10:33:19 - [TEST_CASE][PASSED] - Test Cases/Screen/Select Claim MV: Test Cases/Screen/Select Claim MV

2018-11-27 10:33:19 - [TEST_STEP][PASSED] - delay: Delayed 1 second(s)

2018-11-27 10:33:20 - [MESSAGE][PASSED] - Delayed 1 second(s)

2018-11-27 10:33:20 - [TEST_STEP][PASSED] - click: Object: 'Object Repository/Home/HDR_SERVICE_TYPE' is clicked on

2018-11-27 10:33:23 - [MESSAGE][PASSED] - Object: 'Object Repository/Home/HDR_SERVICE_TYPE' is clicked on

2018-11-27 10:33:23 - [TEST_STEP][PASSED] - delay: Delayed 1 second(s)

2018-11-27 10:33:24 - [MESSAGE][PASSED] - Delayed 1 second(s)

2018-11-27 10:33:24 - [TEST_STEP][PASSED] - click: Object: 'Object Repository/Home/BTN_CLAIM_MV' is clicked on

2018-11-27 10:33:35 - [MESSAGE][PASSED] - Object: 'Object Repository/Home/BTN_CLAIM_MV' is clicked on

2018-11-27 10:33:35 - [TEST_STEP][PASSED] - delay: Delayed 20 second(s)

2018-11-27 10:33:55 - [MESSAGE][PASSED] - Delayed 20 second(s)

2018-11-27 10:33:55 - [MESSAGE][PASSED] - Call Test Case 'Test Cases/Screen/Select Claim MV' successfully

2018-11-27 10:33:55 - [TEST_STEP][PASSED] - callTestCase: Call Test Case 'Test Cases/Screen/Create Ticket' successfully

2018-11-27 10:33:55 - [TEST_CASE][PASSED] - Test Cases/Screen/Create Ticket: Test Cases/Screen/Create Ticket

2018-11-27 10:33:56 - [TEST_STEP][PASSED] - delay: Delayed 3 second(s)

2018-11-27 10:33:59 - [MESSAGE][PASSED] - Delayed 3 second(s)

2018-11-27 10:33:59 - [TEST_STEP][PASSED] - setText: Text 'BTE' is set on object 'Object Repository/Claim MV/Create Ticket/TXT_CALLER_NAME'

2018-11-27 10:33:59 - [MESSAGE][PASSED] - Text 'BTE' is set on object 'Object Repository/Claim MV/Create Ticket/TXT_CALLER_NAME'

2018-11-27 10:33:59 - [TEST_STEP][PASSED] - delay: Delayed 1 second(s)

2018-11-27 10:34:00 - [MESSAGE][PASSED] - Delayed 1 second(s)

2018-11-27 10:34:00 - [TEST_STEP][PASSED] - click: Object: 'Object Repository/Claim MV/Create Ticket/RDB_MALE' is clicked on

2018-11-27 10:34:00 - [MESSAGE][PASSED] - Object: 'Object Repository/Claim MV/Create Ticket/RDB_MALE' is clicked on

2018-11-27 10:34:00 - [TEST_STEP][PASSED] - delay: Delayed 1 second(s)

2018-11-27 10:34:01 - [MESSAGE][PASSED] - Delayed 1 second(s)

2018-11-27 10:34:01 - [TEST_STEP][PASSED] - setText: Text 'bte@mailinator.com' is set on object 'Object Repository/Claim MV/Create Ticket/TXT_EMAIL'

2018-11-27 10:34:02 - [MESSAGE][PASSED] - Text 'bte@mailinator.com' is set on object 'Object Repository/Claim MV/Create Ticket/TXT_EMAIL'

2018-11-27 10:34:02 - [TEST_STEP][PASSED] - delay: Delayed 1 second(s)

2018-11-27 10:34:03 - [MESSAGE][PASSED] - Delayed 1 second(s)

2018-11-27 10:34:03 - [TEST_STEP][PASSED] - click: Object: 'Object Repository/Claim MV/Create Ticket/EXP_RELATIONSHIP' is clicked on

2018-11-27 10:34:03 - [MESSAGE][PASSED] - Object: 'Object Repository/Claim MV/Create Ticket/EXP_RELATIONSHIP' is clicked on

2018-11-27 10:34:03 - [TEST_STEP][PASSED] - delay: Delayed 1 second(s)

2018-11-27 10:34:04 - [MESSAGE][PASSED] - Delayed 1 second(s)

2018-11-27 10:34:04 - [TEST_STEP][PASSED] - click: Object: 'Object Repository/Claim MV/Create Ticket/LST_RELATIONSHIP' is clicked on

2018-11-27 10:34:04 - [MESSAGE][PASSED] - Object: 'Object Repository/Claim MV/Create Ticket/LST_RELATIONSHIP' is clicked on

2018-11-27 10:34:04 - [TEST_STEP][PASSED] - delay: Delayed 1 second(s)

2018-11-27 10:34:05 - [MESSAGE][PASSED] - Delayed 1 second(s)

2018-11-27 10:34:05 - [TEST_STEP][PASSED] - setText: Text '62' is set on object 'Object Repository/Claim MV/Create Ticket/TXT_COUNTRY'

2018-11-27 10:34:06 - [MESSAGE][PASSED] - Text '62' is set on object 'Object Repository/Claim MV/Create Ticket/TXT_COUNTRY'

2018-11-27 10:34:06 - [TEST_STEP][PASSED] - delay: Delayed 1 second(s)

2018-11-27 10:34:07 - [MESSAGE][PASSED] - Delayed 1 second(s)

2018-11-27 10:34:07 - [TEST_STEP][PASSED] - setText: Text '21' is set on object 'Object Repository/Claim MV/Create Ticket/TXT_AREA_CODE'

2018-11-27 10:34:07 - [MESSAGE][PASSED] - Text '21' is set on object 'Object Repository/Claim MV/Create Ticket/TXT_AREA_CODE'

2018-11-27 10:34:07 - [TEST_STEP][PASSED] - delay: Delayed 1 second(s)

2018-11-27 10:34:08 - [MESSAGE][PASSED] - Delayed 1 second(s)

2018-11-27 10:34:08 - [TEST_STEP][PASSED] - setText: Text '232323' is set on object 'Object Repository/Claim MV/Create Ticket/TXT_PHONE_NUMBER'

2018-11-27 10:34:08 - [MESSAGE][PASSED] - Text '232323' is set on object 'Object Repository/Claim MV/Create Ticket/TXT_PHONE_NUMBER'

2018-11-27 10:34:08 - [TEST_STEP][PASSED] - delay: Delayed 1 second(s)

2018-11-27 10:34:09 - [MESSAGE][PASSED] - Delayed 1 second(s)

2018-11-27 10:34:09 - [TEST_STEP][PASSED] - click: Object: 'Object Repository/Claim MV/Create Ticket/BTN_NEXT_1' is clicked on

2018-11-27 10:34:10 - [MESSAGE][PASSED] - Object: 'Object Repository/Claim MV/Create Ticket/BTN_NEXT_1' is clicked on

2018-11-27 10:34:10 - [TEST_STEP][PASSED] - delay: Delayed 10 second(s)

2018-11-27 10:34:20 - [MESSAGE][PASSED] - Delayed 10 second(s)

2018-11-27 10:34:20 - [TEST_STEP][PASSED] - click: Object: 'Object Repository/Claim MV/Create Ticket/LST_CALLER_1' is clicked on

2018-11-27 10:34:20 - [MESSAGE][PASSED] - Object: 'Object Repository/Claim MV/Create Ticket/LST_CALLER_1' is clicked on

2018-11-27 10:34:20 - [TEST_STEP][PASSED] - delay: Delayed 1 second(s)

2018-11-27 10:34:21 - [MESSAGE][PASSED] - Delayed 1 second(s)

2018-11-27 10:34:21 - [TEST_STEP][PASSED] - click: Object: 'Object Repository/Claim MV/Create Ticket/BTN_NEXT_2' is clicked on

2018-11-27 10:34:21 - [MESSAGE][PASSED] - Object: 'Object Repository/Claim MV/Create Ticket/BTN_NEXT_2' is clicked on

2018-11-27 10:34:21 - [TEST_STEP][PASSED] - delay: Delayed 8 second(s)

2018-11-27 10:34:29 - [MESSAGE][PASSED] - Delayed 8 second(s)

2018-11-27 10:34:29 - [TEST_STEP][PASSED] - click: Object: 'Object Repository/Claim MV/Create Ticket/BTN_SAVE' is clicked on

2018-11-27 10:34:29 - [MESSAGE][PASSED] - Object: 'Object Repository/Claim MV/Create Ticket/BTN_SAVE' is clicked on

2018-11-27 10:34:29 - [TEST_STEP][PASSED] - delay: Delayed 3 second(s)

2018-11-27 10:34:32 - [MESSAGE][PASSED] - Delayed 3 second(s)

2018-11-27 10:34:32 - [TEST_STEP][PASSED] - click: Object: 'Object Repository/Claim MV/Create Ticket/BTN_SAVE_YES' is clicked on

2018-11-27 10:34:35 - [MESSAGE][PASSED] - Object: 'Object Repository/Claim MV/Create Ticket/BTN_SAVE_YES' is clicked on

2018-11-27 10:34:35 - [TEST_STEP][PASSED] - delay: Delayed 8 second(s)

2018-11-27 10:34:43 - [MESSAGE][PASSED] - Delayed 8 second(s)

2018-11-27 10:34:43 - [MESSAGE][PASSED] - Call Test Case 'Test Cases/Screen/Create Ticket' successfully

2018-11-27 10:34:43 - [TEST_STEP][PASSED] - callTestCase: Call Test Case 'Test Cases/Screen/Select Claim MV' successfully

2018-11-27 10:34:43 - [TEST_CASE][PASSED] - Test Cases/Screen/Select Claim MV: Test Cases/Screen/Select Claim MV

2018-11-27 10:34:43 - [TEST_STEP][PASSED] - delay: Delayed 1 second(s)

2018-11-27 10:34:44 - [MESSAGE][PASSED] - Delayed 1 second(s)

2018-11-27 10:34:44 - [TEST_STEP][PASSED] - click: Object: 'Object Repository/Home/HDR_SERVICE_TYPE' is clicked on

2018-11-27 10:34:45 - [MESSAGE][PASSED] - Object: 'Object Repository/Home/HDR_SERVICE_TYPE' is clicked on

2018-11-27 10:34:45 - [TEST_STEP][PASSED] - delay: Delayed 1 second(s)

2018-11-27 10:34:46 - [MESSAGE][PASSED] - Delayed 1 second(s)

2018-11-27 10:34:46 - [TEST_STEP][PASSED] - click: Object: 'Object Repository/Home/BTN_CLAIM_MV' is clicked on

2018-11-27 10:34:54 - [MESSAGE][PASSED] - Object: 'Object Repository/Home/BTN_CLAIM_MV' is clicked on

2018-11-27 10:34:54 - [TEST_STEP][PASSED] - delay: Delayed 20 second(s)

2018-11-27 10:35:14 - [MESSAGE][PASSED] - Delayed 20 second(s)

2018-11-27 10:35:14 - [MESSAGE][PASSED] - Call Test Case 'Test Cases/Screen/Select Claim MV' successfully

2018-11-27 10:35:14 - [TEST_STEP][PASSED] - callTestCase: Call Test Case 'Test Cases/Screen/Choose Customer' successfully

2018-11-27 10:35:14 - [TEST_CASE][PASSED] - Test Cases/Screen/Choose Customer: Test Cases/Screen/Choose Customer

2018-11-27 10:35:14 - [TEST_STEP][PASSED] - Statement - policyno = com.kms.katalon.core.testdata.TestDataFactory.findTestData(Policy).getValue(1, 1): Reading database data with query 'SELECT top 1 LTRIM(RTRIM(Policy_No)) AS policyno 
FROM aab.dbo.policy 
WHERE GETDATE() BETWEEN Period_From AND Period_To 
AND Policy_No LIKE '17000%' 
ORDER BY Effective_Date desc'

2018-11-27 10:35:15 - [TEST_STEP][PASSED] - delay: Delayed 1 second(s)

2018-11-27 10:35:16 - [MESSAGE][PASSED] - Delayed 1 second(s)

2018-11-27 10:35:16 - [TEST_STEP][PASSED] - click: Object: 'Object Repository/Claim MV/Choose Customer/EXP_SEARCH_BY_PARAMETER' is clicked on

2018-11-27 10:35:17 - [MESSAGE][PASSED] - Object: 'Object Repository/Claim MV/Choose Customer/EXP_SEARCH_BY_PARAMETER' is clicked on

2018-11-27 10:35:17 - [TEST_STEP][PASSED] - delay: Delayed 1 second(s)

2018-11-27 10:35:18 - [MESSAGE][PASSED] - Delayed 1 second(s)

2018-11-27 10:35:18 - [TEST_STEP][PASSED] - click: Object: 'Object Repository/Claim MV/Choose Customer/LST_SEARCH_BY_PARAMETER' is clicked on

2018-11-27 10:35:18 - [MESSAGE][PASSED] - Object: 'Object Repository/Claim MV/Choose Customer/LST_SEARCH_BY_PARAMETER' is clicked on

2018-11-27 10:35:18 - [TEST_STEP][PASSED] - delay: Delayed 1 second(s)

2018-11-27 10:35:19 - [MESSAGE][PASSED] - Delayed 1 second(s)

2018-11-27 10:35:19 - [TEST_STEP][PASSED] - setText: Text '1700010726' is set on object 'Object Repository/Claim MV/Choose Customer/TXT_SEARCH_BY_INPUT'

2018-11-27 10:35:19 - [MESSAGE][PASSED] - Text '1700010726' is set on object 'Object Repository/Claim MV/Choose Customer/TXT_SEARCH_BY_INPUT'

2018-11-27 10:35:19 - [TEST_STEP][PASSED] - delay: Delayed 1 second(s)

2018-11-27 10:35:20 - [MESSAGE][PASSED] - Delayed 1 second(s)

2018-11-27 10:35:20 - [TEST_STEP][PASSED] - click: Object: 'Object Repository/Claim MV/Choose Customer/BTN_SEARCH' is clicked on

2018-11-27 10:35:21 - [MESSAGE][PASSED] - Object: 'Object Repository/Claim MV/Choose Customer/BTN_SEARCH' is clicked on

2018-11-27 10:35:21 - [TEST_STEP][PASSED] - delay: Delayed 15 second(s)

2018-11-27 10:35:36 - [MESSAGE][PASSED] - Delayed 15 second(s)

2018-11-27 10:35:36 - [TEST_STEP][PASSED] - click: Object: 'Object Repository/Claim MV/Choose Customer/LST_POLICY_NUMBER' is clicked on

2018-11-27 10:35:36 - [MESSAGE][PASSED] - Object: 'Object Repository/Claim MV/Choose Customer/LST_POLICY_NUMBER' is clicked on

2018-11-27 10:35:36 - [TEST_STEP][PASSED] - delay: Delayed 1 second(s)

2018-11-27 10:35:37 - [MESSAGE][PASSED] - Delayed 1 second(s)

2018-11-27 10:35:37 - [TEST_STEP][PASSED] - click: Object: 'Object Repository/Claim MV/Choose Customer/BTN_NEXT' is clicked on

2018-11-27 10:35:37 - [MESSAGE][PASSED] - Object: 'Object Repository/Claim MV/Choose Customer/BTN_NEXT' is clicked on

2018-11-27 10:35:37 - [TEST_STEP][PASSED] - delay: Delayed 10 second(s)

2018-11-27 10:35:47 - [MESSAGE][PASSED] - Delayed 10 second(s)

2018-11-27 10:35:47 - [TEST_STEP][PASSED] - click: Object: 'Object Repository/Claim MV/Choose Customer/BTN_FINISH' is clicked on

2018-11-27 10:35:47 - [MESSAGE][PASSED] - Object: 'Object Repository/Claim MV/Choose Customer/BTN_FINISH' is clicked on

2018-11-27 10:35:47 - [TEST_STEP][PASSED] - delay: Delayed 2 second(s)

2018-11-27 10:35:49 - [MESSAGE][PASSED] - Delayed 2 second(s)

2018-11-27 10:35:49 - [TEST_STEP][PASSED] - click: Object: 'Object Repository/Claim MV/Choose Customer/BTN_YES' is clicked on

2018-11-27 10:36:20 - [MESSAGE][PASSED] - Object: 'Object Repository/Claim MV/Choose Customer/BTN_YES' is clicked on

2018-11-27 10:36:20 - [TEST_STEP][PASSED] - delay: Delayed 7 second(s)

2018-11-27 10:36:27 - [MESSAGE][PASSED] - Delayed 7 second(s)

2018-11-27 10:36:27 - [MESSAGE][PASSED] - Call Test Case 'Test Cases/Screen/Choose Customer' successfully

2018-11-27 10:36:27 - [TEST_STEP][PASSED] - callTestCase: Call Test Case 'Test Cases/Screen/Claim MV' successfully

2018-11-27 10:36:27 - [TEST_CASE][PASSED] - Test Cases/Screen/Claim MV: Test Cases/Screen/Claim MV

2018-11-27 10:36:28 - [TEST_STEP][PASSED] - delay: Delayed 1 second(s)

2018-11-27 10:36:29 - [MESSAGE][PASSED] - Delayed 1 second(s)

2018-11-27 10:36:29 - [TEST_STEP][PASSED] - Statement - surveydate = com.kms.katalon.core.testdata.TestDataFactory.findTestData(Holiday).getValue(1, 1): Reading database data with query 'SELECT 
CASE WHEN (SELECT COUNT(*) AS CheckHoliday FROM ( 
				SELECT CONVERT(VARCHAR,HolidayDate,103) AS HolidayDate FROM aab.dbo.Holiday A 
				WHERE A.ActiveStatusID = 1 
				AND A.RowStatus = 0 
				AND (SELECT CONVERT(VARCHAR,HolidayDate,103)) = (SELECT CONVERT(varchar,GETDATE()+1,103)) 
				AND (SELECT DATEPART(DW,GETDATE()+1)) IN (2,3,4,5,6) 
				) AS HOLIDAY 
			) = 0 
			THEN CONVERT(varchar,GETDATE()+1,103) 
	WHEN (SELECT COUNT(*) AS CheckHoliday FROM ( 
				SELECT CONVERT(VARCHAR,HolidayDate,103) AS HolidayDate FROM aab.dbo.Holiday A 
				WHERE A.ActiveStatusID = 1 
				AND A.RowStatus = 0 
				AND (SELECT CONVERT(VARCHAR,HolidayDate,103)) = (SELECT CONVERT(varchar,GETDATE()+2,103)) 
				AND (SELECT DATEPART(DW,GETDATE()+1)) IN (2,3,4,5,6) 
				) AS HOLIDAY 
			) = 0 
			THEN CONVERT(varchar,GETDATE()+2,103) 
	WHEN (SELECT COUNT(*) AS CheckHoliday FROM ( 
				SELECT CONVERT(VARCHAR,HolidayDate,103) AS HolidayDate FROM aab.dbo.Holiday A 
				WHERE A.ActiveStatusID = 1 
				AND A.RowStatus = 0 
				AND (SELECT CONVERT(VARCHAR,HolidayDate,103)) = (SELECT CONVERT(varchar,GETDATE()+3,103)) 
				AND (SELECT DATEPART(DW,GETDATE()+1)) IN (2,3,4,5,6) 
				) AS HOLIDAY 
			) = 0 
			THEN CONVERT(varchar,GETDATE()+3,103) 
END AS SurveySchedule;'

2018-11-27 10:36:29 - [TEST_STEP][PASSED] - Statement - day = surveydate.split("/")[0]: null

2018-11-27 10:36:29 - [TEST_STEP][PASSED] - click: Object: 'Object Repository/Claim MV/Claim MV/EXP_PRODUCT' is clicked on

2018-11-27 10:36:29 - [MESSAGE][PASSED] - Object: 'Object Repository/Claim MV/Claim MV/EXP_PRODUCT' is clicked on

2018-11-27 10:36:29 - [TEST_STEP][PASSED] - delay: Delayed 3 second(s)

2018-11-27 10:36:32 - [MESSAGE][PASSED] - Delayed 3 second(s)

2018-11-27 10:36:32 - [TEST_STEP][PASSED] - click: Object: 'Object Repository/Claim MV/Claim MV/LST_PRODUCT_GO' is clicked on

2018-11-27 10:36:32 - [MESSAGE][PASSED] - Object: 'Object Repository/Claim MV/Claim MV/LST_PRODUCT_GO' is clicked on

2018-11-27 10:36:32 - [TEST_STEP][PASSED] - delay: Delayed 3 second(s)

2018-11-27 10:36:35 - [MESSAGE][PASSED] - Delayed 3 second(s)

2018-11-27 10:36:35 - [TEST_STEP][PASSED] - click: Object: 'Object Repository/Claim MV/Claim MV/EXP_VEHICLE' is clicked on

2018-11-27 10:36:36 - [MESSAGE][PASSED] - Object: 'Object Repository/Claim MV/Claim MV/EXP_VEHICLE' is clicked on

2018-11-27 10:36:36 - [TEST_STEP][PASSED] - delay: Delayed 3 second(s)

2018-11-27 10:36:39 - [MESSAGE][PASSED] - Delayed 3 second(s)

2018-11-27 10:36:39 - [TEST_STEP][PASSED] - click: Object: 'Object Repository/Claim MV/Claim MV/LST_VEHICLE' is clicked on

2018-11-27 10:36:39 - [MESSAGE][PASSED] - Object: 'Object Repository/Claim MV/Claim MV/LST_VEHICLE' is clicked on

2018-11-27 10:36:39 - [TEST_STEP][PASSED] - delay: Delayed 5 second(s)

2018-11-27 10:36:44 - [MESSAGE][PASSED] - Delayed 5 second(s)

2018-11-27 10:36:44 - [TEST_STEP][PASSED] - Statement - driver = com.kms.katalon.core.webui.keyword.WebUiBuiltInKeywords.getAttribute(com.kms.katalon.core.testobject.ObjectRepository.findTestObject(Object Repository/Claim MV/Claim MV/TXT_DRIVER), "value"): Attribute 'value' of object 'Object Repository/Claim MV/Claim MV/TXT_DRIVER' is: 'NAME ON POLICY TAF0040474'

2018-11-27 10:36:44 - [MESSAGE][PASSED] - Attribute 'value' of object 'Object Repository/Claim MV/Claim MV/TXT_DRIVER' is: 'NAME ON POLICY TAF0040474'

2018-11-27 10:36:44 - [TEST_STEP][PASSED] - delay: Delayed 1 second(s)

2018-11-27 10:36:45 - [MESSAGE][PASSED] - Delayed 1 second(s)

2018-11-27 10:36:45 - [TEST_STEP][PASSED] - click: Object: 'Object Repository/Claim MV/Claim MV/EXP_SURVEY_TYPE' is clicked on

2018-11-27 10:36:45 - [MESSAGE][PASSED] - Object: 'Object Repository/Claim MV/Claim MV/EXP_SURVEY_TYPE' is clicked on

2018-11-27 10:36:45 - [TEST_STEP][PASSED] - delay: Delayed 1 second(s)

2018-11-27 10:36:46 - [MESSAGE][PASSED] - Delayed 1 second(s)

2018-11-27 10:36:46 - [TEST_STEP][PASSED] - click: Object: 'Object Repository/Claim MV/Claim MV/LST_SURVEY_TYPE' is clicked on

2018-11-27 10:36:47 - [MESSAGE][PASSED] - Object: 'Object Repository/Claim MV/Claim MV/LST_SURVEY_TYPE' is clicked on

2018-11-27 10:36:47 - [TEST_STEP][PASSED] - delay: Delayed 3 second(s)

2018-11-27 10:36:50 - [MESSAGE][PASSED] - Delayed 3 second(s)

2018-11-27 10:36:50 - [TEST_STEP][PASSED] - Statement - If (surveytype == "Survey-in"): Delayed 10 second(s)

2018-11-27 10:36:50 - [TEST_STEP][PASSED] - click: Object: 'Object Repository/Claim MV/Claim MV/BTN_SURVEY_IN_LOCATION' is clicked on

2018-11-27 10:36:50 - [MESSAGE][PASSED] - Object: 'Object Repository/Claim MV/Claim MV/BTN_SURVEY_IN_LOCATION' is clicked on

2018-11-27 10:36:50 - [TEST_STEP][PASSED] - delay: Delayed 3 second(s)

2018-11-27 10:36:53 - [MESSAGE][PASSED] - Delayed 3 second(s)

2018-11-27 10:36:53 - [TEST_STEP][PASSED] - click: Object: 'Object Repository/Claim MV/Claim MV/IN Location Detail/EXP_SEARCH_BY' is clicked on

2018-11-27 10:36:53 - [MESSAGE][PASSED] - Object: 'Object Repository/Claim MV/Claim MV/IN Location Detail/EXP_SEARCH_BY' is clicked on

2018-11-27 10:36:53 - [TEST_STEP][PASSED] - delay: Delayed 2 second(s)

2018-11-27 10:36:55 - [MESSAGE][PASSED] - Delayed 2 second(s)

2018-11-27 10:36:55 - [TEST_STEP][PASSED] - click: Object: 'Object Repository/Claim MV/Claim MV/IN Location Detail/LST_SEARCH_BY' is clicked on

2018-11-27 10:36:56 - [MESSAGE][PASSED] - Object: 'Object Repository/Claim MV/Claim MV/IN Location Detail/LST_SEARCH_BY' is clicked on

2018-11-27 10:36:56 - [TEST_STEP][PASSED] - delay: Delayed 1 second(s)

2018-11-27 10:36:57 - [MESSAGE][PASSED] - Delayed 1 second(s)

2018-11-27 10:36:57 - [TEST_STEP][PASSED] - Statement - If (surveylocation.toUpperCase() == "GARDA CENTER"): null

2018-11-27 10:36:57 - [TEST_STEP][PASSED] - Statement - Else If (surveylocation.toUpperCase() == "WORKSHOP"): null

2018-11-27 10:36:57 - [TEST_STEP][PASSED] - Statement - Else If (surveylocation.toUpperCase() == "BRANCH"): Text 'tb simatupang' is set on object 'Object Repository/Claim MV/Claim MV/IN Location Detail/TXT_SEARCH_BY_INPUT'

2018-11-27 10:36:57 - [TEST_STEP][PASSED] - Statement - locationname = "tb simatupang": null

2018-11-27 10:36:57 - [TEST_STEP][PASSED] - setText: Text 'tb simatupang' is set on object 'Object Repository/Claim MV/Claim MV/IN Location Detail/TXT_SEARCH_BY_INPUT'

2018-11-27 10:36:57 - [MESSAGE][PASSED] - Text 'tb simatupang' is set on object 'Object Repository/Claim MV/Claim MV/IN Location Detail/TXT_SEARCH_BY_INPUT'

2018-11-27 10:36:57 - [TEST_STEP][PASSED] - click: Object: 'Object Repository/Claim MV/Claim MV/IN Location Detail/BTN_SEARCH' is clicked on

2018-11-27 10:36:57 - [MESSAGE][PASSED] - Object: 'Object Repository/Claim MV/Claim MV/IN Location Detail/BTN_SEARCH' is clicked on

2018-11-27 10:36:57 - [TEST_STEP][PASSED] - delay: Delayed 7 second(s)

2018-11-27 10:37:04 - [MESSAGE][PASSED] - Delayed 7 second(s)

2018-11-27 10:37:04 - [TEST_STEP][PASSED] - click: Object: 'Object Repository/Claim MV/Claim MV/IN Location Detail/LST_SEARCH_RESULT_1' is clicked on

2018-11-27 10:37:05 - [MESSAGE][PASSED] - Object: 'Object Repository/Claim MV/Claim MV/IN Location Detail/LST_SEARCH_RESULT_1' is clicked on

2018-11-27 10:37:05 - [TEST_STEP][PASSED] - delay: Delayed 1 second(s)

2018-11-27 10:37:06 - [MESSAGE][PASSED] - Delayed 1 second(s)

2018-11-27 10:37:06 - [TEST_STEP][PASSED] - click: Object: 'Object Repository/Claim MV/Claim MV/IN Location Detail/BTN_SELECT' is clicked on

2018-11-27 10:37:06 - [MESSAGE][PASSED] - Object: 'Object Repository/Claim MV/Claim MV/IN Location Detail/BTN_SELECT' is clicked on

2018-11-27 10:37:06 - [TEST_STEP][PASSED] - delay: Delayed 1 second(s)

2018-11-27 10:37:07 - [MESSAGE][PASSED] - Delayed 1 second(s)

2018-11-27 10:37:07 - [TEST_STEP][PASSED] - click: Object: 'Object Repository/Claim MV/Claim MV/BTN_SURVEY_SCHEDULE_IN' is clicked on

2018-11-27 10:37:07 - [MESSAGE][PASSED] - Object: 'Object Repository/Claim MV/Claim MV/BTN_SURVEY_SCHEDULE_IN' is clicked on

2018-11-27 10:37:07 - [TEST_STEP][PASSED] - delay: Delayed 1 second(s)

2018-11-27 10:37:08 - [MESSAGE][PASSED] - Delayed 1 second(s)

2018-11-27 10:37:08 - [TEST_STEP][PASSED] - click: Object: 'Object Repository/Claim MV/Claim MV/BTN_DAY_SURVEY' is clicked on

2018-11-27 10:37:09 - [MESSAGE][PASSED] - Object: 'Object Repository/Claim MV/Claim MV/BTN_DAY_SURVEY' is clicked on

2018-11-27 10:37:09 - [TEST_STEP][PASSED] - delay: Delayed 1 second(s)

2018-11-27 10:37:10 - [MESSAGE][PASSED] - Delayed 1 second(s)

2018-11-27 10:37:10 - [TEST_STEP][PASSED] - setText: Text 'locationaccident' is set on object 'Object Repository/Claim MV/Claim MV/TXT_LOCATION_ACCIDENT'

2018-11-27 10:37:10 - [MESSAGE][PASSED] - Text 'locationaccident' is set on object 'Object Repository/Claim MV/Claim MV/TXT_LOCATION_ACCIDENT'

2018-11-27 10:37:10 - [TEST_STEP][PASSED] - delay: Delayed 1 second(s)

2018-11-27 10:37:11 - [MESSAGE][PASSED] - Delayed 1 second(s)

2018-11-27 10:37:11 - [TEST_STEP][PASSED] - setText: Text 'accidentinfo' is set on object 'Object Repository/Claim MV/Claim MV/TXT_ACCIDENT_INFO'

2018-11-27 10:37:12 - [MESSAGE][PASSED] - Text 'accidentinfo' is set on object 'Object Repository/Claim MV/Claim MV/TXT_ACCIDENT_INFO'

2018-11-27 10:37:12 - [TEST_STEP][PASSED] - delay: Delayed 1 second(s)

2018-11-27 10:37:13 - [MESSAGE][PASSED] - Delayed 1 second(s)

2018-11-27 10:37:13 - [TEST_STEP][PASSED] - click: Object: 'Object Repository/Claim MV/Claim MV/EXP_CAUSE_LOSS' is clicked on

2018-11-27 10:37:13 - [MESSAGE][PASSED] - Object: 'Object Repository/Claim MV/Claim MV/EXP_CAUSE_LOSS' is clicked on

2018-11-27 10:37:13 - [TEST_STEP][PASSED] - delay: Delayed 1 second(s)

2018-11-27 10:37:14 - [MESSAGE][PASSED] - Delayed 1 second(s)

2018-11-27 10:37:14 - [TEST_STEP][PASSED] - click: Object: 'Object Repository/Claim MV/Claim MV/LST_CAUSE_DITABRAK' is clicked on

2018-11-27 10:37:14 - [MESSAGE][PASSED] - Object: 'Object Repository/Claim MV/Claim MV/LST_CAUSE_DITABRAK' is clicked on

2018-11-27 10:37:14 - [TEST_STEP][PASSED] - delay: Delayed 1 second(s)

2018-11-27 10:37:15 - [MESSAGE][PASSED] - Delayed 1 second(s)

2018-11-27 10:37:15 - [TEST_STEP][PASSED] - click: Object: 'Object Repository/Claim MV/Claim MV/CHK_SEND_SMS' is clicked on

2018-11-27 10:37:15 - [MESSAGE][PASSED] - Object: 'Object Repository/Claim MV/Claim MV/CHK_SEND_SMS' is clicked on

2018-11-27 10:37:15 - [TEST_STEP][PASSED] - delay: Delayed 1 second(s)

2018-11-27 10:37:16 - [MESSAGE][PASSED] - Delayed 1 second(s)

2018-11-27 10:37:16 - [TEST_STEP][PASSED] - click: Object: 'Object Repository/Claim MV/Claim MV/EXP_FU_STATUS' is clicked on

2018-11-27 10:37:17 - [MESSAGE][PASSED] - Object: 'Object Repository/Claim MV/Claim MV/EXP_FU_STATUS' is clicked on

2018-11-27 10:37:17 - [TEST_STEP][PASSED] - delay: Delayed 1 second(s)

2018-11-27 10:37:18 - [MESSAGE][PASSED] - Delayed 1 second(s)

2018-11-27 10:37:18 - [TEST_STEP][PASSED] - click: Object: 'Object Repository/Claim MV/Claim MV/LST_FU_CLOSE' is clicked on

2018-11-27 10:37:18 - [MESSAGE][PASSED] - Object: 'Object Repository/Claim MV/Claim MV/LST_FU_CLOSE' is clicked on

2018-11-27 10:37:18 - [TEST_STEP][PASSED] - delay: Delayed 1 second(s)

2018-11-27 10:37:19 - [MESSAGE][PASSED] - Delayed 1 second(s)

2018-11-27 10:37:19 - [TEST_STEP][PASSED] - setText: Text 'remarks' is set on object 'Object Repository/Claim MV/Claim MV/TXT_FU_REMARKS'

2018-11-27 10:37:19 - [MESSAGE][PASSED] - Text 'remarks' is set on object 'Object Repository/Claim MV/Claim MV/TXT_FU_REMARKS'

2018-11-27 10:37:19 - [TEST_STEP][PASSED] - delay: Delayed 1 second(s)

2018-11-27 10:37:20 - [MESSAGE][PASSED] - Delayed 1 second(s)

2018-11-27 10:37:20 - [TEST_STEP][PASSED] - click: Object: 'Object Repository/Claim MV/Claim MV/BTN_SAVE' is clicked on

2018-11-27 10:37:20 - [MESSAGE][PASSED] - Object: 'Object Repository/Claim MV/Claim MV/BTN_SAVE' is clicked on

2018-11-27 10:37:20 - [TEST_STEP][PASSED] - delay: Delayed 350 second(s)

2018-11-27 10:43:10 - [MESSAGE][PASSED] - Delayed 350 second(s)

2018-11-27 10:43:10 - [TEST_STEP][PASSED] - executeSQL.executeScript.checksurveyin: executeSQL.executeScript.checksurveyin is PASSED

2018-11-27 10:43:54 - [MESSAGE][PASSED] - executeSQL.executeScript.checksurveyin is PASSED

2018-11-27 10:43:54 - [TEST_STEP][PASSED] - delay: Delayed 1 second(s)

2018-11-27 10:43:55 - [MESSAGE][PASSED] - Delayed 1 second(s)

2018-11-27 10:43:55 - [TEST_STEP][PASSED] - Statement - If (surveylocation.toUpperCase() == "GARDA CENTER"): null

2018-11-27 10:43:55 - [TEST_STEP][PASSED] - Statement - Else If (surveylocation.toUpperCase() == "WORKSHOP"): null

2018-11-27 10:43:55 - [TEST_STEP][PASSED] - Statement - Else If (surveylocation.toUpperCase() == "BRANCH"): Delayed 1 second(s)

2018-11-27 10:43:55 - [TEST_STEP][PASSED] - executeSQL.executeScript.checksurveyinbr: executeSQL.executeScript.checksurveyinbr is PASSED

2018-11-27 10:44:04 - [MESSAGE][PASSED] - executeSQL.executeScript.checksurveyinbr is PASSED

2018-11-27 10:44:04 - [TEST_STEP][PASSED] - delay: Delayed 1 second(s)

2018-11-27 10:44:05 - [MESSAGE][PASSED] - Delayed 1 second(s)

2018-11-27 10:44:05 - [TEST_STEP][PASSED] - delay: Delayed 1 second(s)

2018-11-27 10:44:06 - [MESSAGE][PASSED] - Delayed 1 second(s)

2018-11-27 10:44:06 - [TEST_STEP][PASSED] - click: Object: 'Object Repository/Claim MV/Claim MV/BTN_SAVE_OK' is clicked on

2018-11-27 10:44:06 - [MESSAGE][PASSED] - Object: 'Object Repository/Claim MV/Claim MV/BTN_SAVE_OK' is clicked on

2018-11-27 10:44:06 - [TEST_STEP][PASSED] - delay: Delayed 10 second(s)

2018-11-27 10:44:16 - [MESSAGE][PASSED] - Delayed 10 second(s)

2018-11-27 10:44:16 - [MESSAGE][PASSED] - Call Test Case 'Test Cases/Screen/Claim MV' successfully

2018-11-27 10:44:16 - [TEST_STEP][PASSED] - callTestCase: Call Test Case 'Test Cases/Screen/Logout' successfully

2018-11-27 10:44:16 - [TEST_CASE][PASSED] - Test Cases/Screen/Logout: Test Cases/Screen/Logout

2018-11-27 10:44:16 - [TEST_STEP][PASSED] - delay: Delayed 1 second(s)

2018-11-27 10:44:17 - [MESSAGE][PASSED] - Delayed 1 second(s)

2018-11-27 10:44:17 - [TEST_STEP][PASSED] - click: Object: 'Object Repository/Home/LNK_USER' is clicked on

2018-11-27 10:44:18 - [MESSAGE][PASSED] - Object: 'Object Repository/Home/LNK_USER' is clicked on

2018-11-27 10:44:18 - [TEST_STEP][PASSED] - delay: Delayed 1 second(s)

2018-11-27 10:44:19 - [MESSAGE][PASSED] - Delayed 1 second(s)

2018-11-27 10:44:19 - [TEST_STEP][PASSED] - click: Object: 'Object Repository/Home/LNK_EXIT' is clicked on

2018-11-27 10:44:19 - [MESSAGE][PASSED] - Object: 'Object Repository/Home/LNK_EXIT' is clicked on

2018-11-27 10:44:19 - [TEST_STEP][PASSED] - delay: Delayed 1 second(s)

2018-11-27 10:44:20 - [MESSAGE][PASSED] - Delayed 1 second(s)

2018-11-27 10:44:20 - [TEST_STEP][PASSED] - click: Object: 'Object Repository/Home/BTN_EXIT_YES' is clicked on

2018-11-27 10:44:22 - [MESSAGE][PASSED] - Object: 'Object Repository/Home/BTN_EXIT_YES' is clicked on

2018-11-27 10:44:22 - [TEST_STEP][PASSED] - delay: Delayed 3 second(s)

2018-11-27 10:44:25 - [MESSAGE][PASSED] - Delayed 3 second(s)

2018-11-27 10:44:25 - [MESSAGE][PASSED] - Call Test Case 'Test Cases/Screen/Logout' successfully]]></system-out>
         <system-err><![CDATA[]]></system-err>
      </testcase>
      <testcase name="Test Cases/Scenario/Claim MV - In Garda Center" classname="Test Cases/Scenario/Claim MV - In Garda Center" status="PASSED">
         <system-out><![CDATA[2018-11-27 10:44:25 - [TEST_CASE][PASSED] - Test Cases/Scenario/Claim MV - In Garda Center: Test Cases/Scenario/Claim MV - In Garda Center

2018-11-27 10:44:25 - [TEST_STEP][PASSED] - callTestCase: Call Test Case 'Test Cases/Screen/Login' successfully

2018-11-27 10:44:25 - [TEST_CASE][PASSED] - Test Cases/Screen/Login: Test Cases/Screen/Login

2018-11-27 10:44:25 - [TEST_STEP][PASSED] - openBrowser: Browser is opened with url: ''

2018-11-27 10:44:25 - [MESSAGE][WARNING] - A browser is already opened. Closing browser and opening a new one

2018-11-27 10:44:29 - [MESSAGE][PASSED] - Browser is opened with url: ''

2018-11-27 10:44:29 - [TEST_STEP][PASSED] - navigateToUrl: Navigate to 'https://gardaakses-qc.asuransiastra.com/gardaakses' successfully

2018-11-27 10:45:58 - [MESSAGE][PASSED] - Navigate to 'https://gardaakses-qc.asuransiastra.com/gardaakses' successfully

2018-11-27 10:45:58 - [TEST_STEP][PASSED] - delay: Delayed 1 second(s)

2018-11-27 10:45:59 - [MESSAGE][PASSED] - Delayed 1 second(s)

2018-11-27 10:45:59 - [TEST_STEP][PASSED] - setText: Text 'tdi' is set on object 'Object Repository/Login/TXT_USERID'

2018-11-27 10:45:59 - [MESSAGE][PASSED] - Text 'tdi' is set on object 'Object Repository/Login/TXT_USERID'

2018-11-27 10:45:59 - [TEST_STEP][PASSED] - delay: Delayed 1 second(s)

2018-11-27 10:46:00 - [MESSAGE][PASSED] - Delayed 1 second(s)

2018-11-27 10:46:00 - [TEST_STEP][PASSED] - setText: Text 'P@ssw0rd' is set on object 'Object Repository/Login/TXT_PASSWORD'

2018-11-27 10:46:01 - [MESSAGE][PASSED] - Text 'P@ssw0rd' is set on object 'Object Repository/Login/TXT_PASSWORD'

2018-11-27 10:46:01 - [TEST_STEP][PASSED] - delay: Delayed 1 second(s)

2018-11-27 10:46:02 - [MESSAGE][PASSED] - Delayed 1 second(s)

2018-11-27 10:46:02 - [TEST_STEP][PASSED] - click: Object: 'Object Repository/Login/BTN_MASUK' is clicked on

2018-11-27 10:46:02 - [MESSAGE][PASSED] - Object: 'Object Repository/Login/BTN_MASUK' is clicked on

2018-11-27 10:46:02 - [TEST_STEP][PASSED] - delay: Delayed 5 second(s)

2018-11-27 10:46:07 - [MESSAGE][PASSED] - Delayed 5 second(s)

2018-11-27 10:46:07 - [MESSAGE][PASSED] - Call Test Case 'Test Cases/Screen/Login' successfully

2018-11-27 10:46:07 - [TEST_STEP][PASSED] - callTestCase: Call Test Case 'Test Cases/Screen/Select Claim MV' successfully

2018-11-27 10:46:07 - [TEST_CASE][PASSED] - Test Cases/Screen/Select Claim MV: Test Cases/Screen/Select Claim MV

2018-11-27 10:46:07 - [TEST_STEP][PASSED] - delay: Delayed 1 second(s)

2018-11-27 10:46:08 - [MESSAGE][PASSED] - Delayed 1 second(s)

2018-11-27 10:46:08 - [TEST_STEP][PASSED] - click: Object: 'Object Repository/Home/HDR_SERVICE_TYPE' is clicked on

2018-11-27 10:46:08 - [MESSAGE][PASSED] - Object: 'Object Repository/Home/HDR_SERVICE_TYPE' is clicked on

2018-11-27 10:46:08 - [TEST_STEP][PASSED] - delay: Delayed 1 second(s)

2018-11-27 10:46:09 - [MESSAGE][PASSED] - Delayed 1 second(s)

2018-11-27 10:46:09 - [TEST_STEP][PASSED] - click: Object: 'Object Repository/Home/BTN_CLAIM_MV' is clicked on

2018-11-27 10:46:14 - [MESSAGE][PASSED] - Object: 'Object Repository/Home/BTN_CLAIM_MV' is clicked on

2018-11-27 10:46:14 - [TEST_STEP][PASSED] - delay: Delayed 20 second(s)

2018-11-27 10:46:34 - [MESSAGE][PASSED] - Delayed 20 second(s)

2018-11-27 10:46:34 - [MESSAGE][PASSED] - Call Test Case 'Test Cases/Screen/Select Claim MV' successfully

2018-11-27 10:46:34 - [TEST_STEP][PASSED] - callTestCase: Call Test Case 'Test Cases/Screen/Create Ticket' successfully

2018-11-27 10:46:34 - [TEST_CASE][PASSED] - Test Cases/Screen/Create Ticket: Test Cases/Screen/Create Ticket

2018-11-27 10:46:34 - [TEST_STEP][PASSED] - delay: Delayed 3 second(s)

2018-11-27 10:46:37 - [MESSAGE][PASSED] - Delayed 3 second(s)

2018-11-27 10:46:37 - [TEST_STEP][PASSED] - setText: Text 'BTE' is set on object 'Object Repository/Claim MV/Create Ticket/TXT_CALLER_NAME'

2018-11-27 10:46:38 - [MESSAGE][PASSED] - Text 'BTE' is set on object 'Object Repository/Claim MV/Create Ticket/TXT_CALLER_NAME'

2018-11-27 10:46:38 - [TEST_STEP][PASSED] - delay: Delayed 1 second(s)

2018-11-27 10:46:39 - [MESSAGE][PASSED] - Delayed 1 second(s)

2018-11-27 10:46:39 - [TEST_STEP][PASSED] - click: Object: 'Object Repository/Claim MV/Create Ticket/RDB_MALE' is clicked on

2018-11-27 10:46:39 - [MESSAGE][PASSED] - Object: 'Object Repository/Claim MV/Create Ticket/RDB_MALE' is clicked on

2018-11-27 10:46:39 - [TEST_STEP][PASSED] - delay: Delayed 1 second(s)

2018-11-27 10:46:40 - [MESSAGE][PASSED] - Delayed 1 second(s)

2018-11-27 10:46:40 - [TEST_STEP][PASSED] - setText: Text 'bte@mailinator.com' is set on object 'Object Repository/Claim MV/Create Ticket/TXT_EMAIL'

2018-11-27 10:46:40 - [MESSAGE][PASSED] - Text 'bte@mailinator.com' is set on object 'Object Repository/Claim MV/Create Ticket/TXT_EMAIL'

2018-11-27 10:46:40 - [TEST_STEP][PASSED] - delay: Delayed 1 second(s)

2018-11-27 10:46:41 - [MESSAGE][PASSED] - Delayed 1 second(s)

2018-11-27 10:46:41 - [TEST_STEP][PASSED] - click: Object: 'Object Repository/Claim MV/Create Ticket/EXP_RELATIONSHIP' is clicked on

2018-11-27 10:46:42 - [MESSAGE][PASSED] - Object: 'Object Repository/Claim MV/Create Ticket/EXP_RELATIONSHIP' is clicked on

2018-11-27 10:46:42 - [TEST_STEP][PASSED] - delay: Delayed 1 second(s)

2018-11-27 10:46:43 - [MESSAGE][PASSED] - Delayed 1 second(s)

2018-11-27 10:46:43 - [TEST_STEP][PASSED] - click: Object: 'Object Repository/Claim MV/Create Ticket/LST_RELATIONSHIP' is clicked on

2018-11-27 10:46:43 - [MESSAGE][PASSED] - Object: 'Object Repository/Claim MV/Create Ticket/LST_RELATIONSHIP' is clicked on

2018-11-27 10:46:43 - [TEST_STEP][PASSED] - delay: Delayed 1 second(s)

2018-11-27 10:46:44 - [MESSAGE][PASSED] - Delayed 1 second(s)

2018-11-27 10:46:44 - [TEST_STEP][PASSED] - setText: Text '62' is set on object 'Object Repository/Claim MV/Create Ticket/TXT_COUNTRY'

2018-11-27 10:46:44 - [MESSAGE][PASSED] - Text '62' is set on object 'Object Repository/Claim MV/Create Ticket/TXT_COUNTRY'

2018-11-27 10:46:44 - [TEST_STEP][PASSED] - delay: Delayed 1 second(s)

2018-11-27 10:46:45 - [MESSAGE][PASSED] - Delayed 1 second(s)

2018-11-27 10:46:45 - [TEST_STEP][PASSED] - setText: Text '21' is set on object 'Object Repository/Claim MV/Create Ticket/TXT_AREA_CODE'

2018-11-27 10:46:45 - [MESSAGE][PASSED] - Text '21' is set on object 'Object Repository/Claim MV/Create Ticket/TXT_AREA_CODE'

2018-11-27 10:46:45 - [TEST_STEP][PASSED] - delay: Delayed 1 second(s)

2018-11-27 10:46:46 - [MESSAGE][PASSED] - Delayed 1 second(s)

2018-11-27 10:46:46 - [TEST_STEP][PASSED] - setText: Text '232323' is set on object 'Object Repository/Claim MV/Create Ticket/TXT_PHONE_NUMBER'

2018-11-27 10:46:47 - [MESSAGE][PASSED] - Text '232323' is set on object 'Object Repository/Claim MV/Create Ticket/TXT_PHONE_NUMBER'

2018-11-27 10:46:47 - [TEST_STEP][PASSED] - delay: Delayed 1 second(s)

2018-11-27 10:46:48 - [MESSAGE][PASSED] - Delayed 1 second(s)

2018-11-27 10:46:48 - [TEST_STEP][PASSED] - click: Object: 'Object Repository/Claim MV/Create Ticket/BTN_NEXT_1' is clicked on

2018-11-27 10:46:48 - [MESSAGE][PASSED] - Object: 'Object Repository/Claim MV/Create Ticket/BTN_NEXT_1' is clicked on

2018-11-27 10:46:48 - [TEST_STEP][PASSED] - delay: Delayed 10 second(s)

2018-11-27 10:46:58 - [MESSAGE][PASSED] - Delayed 10 second(s)

2018-11-27 10:46:58 - [TEST_STEP][PASSED] - click: Object: 'Object Repository/Claim MV/Create Ticket/LST_CALLER_1' is clicked on

2018-11-27 10:46:58 - [MESSAGE][PASSED] - Object: 'Object Repository/Claim MV/Create Ticket/LST_CALLER_1' is clicked on

2018-11-27 10:46:58 - [TEST_STEP][PASSED] - delay: Delayed 1 second(s)

2018-11-27 10:46:59 - [MESSAGE][PASSED] - Delayed 1 second(s)

2018-11-27 10:46:59 - [TEST_STEP][PASSED] - click: Object: 'Object Repository/Claim MV/Create Ticket/BTN_NEXT_2' is clicked on

2018-11-27 10:46:59 - [MESSAGE][PASSED] - Object: 'Object Repository/Claim MV/Create Ticket/BTN_NEXT_2' is clicked on

2018-11-27 10:46:59 - [TEST_STEP][PASSED] - delay: Delayed 8 second(s)

2018-11-27 10:47:07 - [MESSAGE][PASSED] - Delayed 8 second(s)

2018-11-27 10:47:07 - [TEST_STEP][PASSED] - click: Object: 'Object Repository/Claim MV/Create Ticket/BTN_SAVE' is clicked on

2018-11-27 10:47:07 - [MESSAGE][PASSED] - Object: 'Object Repository/Claim MV/Create Ticket/BTN_SAVE' is clicked on

2018-11-27 10:47:07 - [TEST_STEP][PASSED] - delay: Delayed 3 second(s)

2018-11-27 10:47:10 - [MESSAGE][PASSED] - Delayed 3 second(s)

2018-11-27 10:47:10 - [TEST_STEP][PASSED] - click: Object: 'Object Repository/Claim MV/Create Ticket/BTN_SAVE_YES' is clicked on

2018-11-27 10:47:12 - [MESSAGE][PASSED] - Object: 'Object Repository/Claim MV/Create Ticket/BTN_SAVE_YES' is clicked on

2018-11-27 10:47:12 - [TEST_STEP][PASSED] - delay: Delayed 8 second(s)

2018-11-27 10:47:20 - [MESSAGE][PASSED] - Delayed 8 second(s)

2018-11-27 10:47:20 - [MESSAGE][PASSED] - Call Test Case 'Test Cases/Screen/Create Ticket' successfully

2018-11-27 10:47:20 - [TEST_STEP][PASSED] - callTestCase: Call Test Case 'Test Cases/Screen/Select Claim MV' successfully

2018-11-27 10:47:20 - [TEST_CASE][PASSED] - Test Cases/Screen/Select Claim MV: Test Cases/Screen/Select Claim MV

2018-11-27 10:47:20 - [TEST_STEP][PASSED] - delay: Delayed 1 second(s)

2018-11-27 10:47:21 - [MESSAGE][PASSED] - Delayed 1 second(s)

2018-11-27 10:47:21 - [TEST_STEP][PASSED] - click: Object: 'Object Repository/Home/HDR_SERVICE_TYPE' is clicked on

2018-11-27 10:47:21 - [MESSAGE][PASSED] - Object: 'Object Repository/Home/HDR_SERVICE_TYPE' is clicked on

2018-11-27 10:47:21 - [TEST_STEP][PASSED] - delay: Delayed 1 second(s)

2018-11-27 10:47:22 - [MESSAGE][PASSED] - Delayed 1 second(s)

2018-11-27 10:47:22 - [TEST_STEP][PASSED] - click: Object: 'Object Repository/Home/BTN_CLAIM_MV' is clicked on

2018-11-27 10:47:27 - [MESSAGE][PASSED] - Object: 'Object Repository/Home/BTN_CLAIM_MV' is clicked on

2018-11-27 10:47:27 - [TEST_STEP][PASSED] - delay: Delayed 20 second(s)

2018-11-27 10:47:47 - [MESSAGE][PASSED] - Delayed 20 second(s)

2018-11-27 10:47:47 - [MESSAGE][PASSED] - Call Test Case 'Test Cases/Screen/Select Claim MV' successfully

2018-11-27 10:47:47 - [TEST_STEP][PASSED] - callTestCase: Call Test Case 'Test Cases/Screen/Choose Customer' successfully

2018-11-27 10:47:47 - [TEST_CASE][PASSED] - Test Cases/Screen/Choose Customer: Test Cases/Screen/Choose Customer

2018-11-27 10:47:47 - [TEST_STEP][PASSED] - Statement - policyno = com.kms.katalon.core.testdata.TestDataFactory.findTestData(Policy).getValue(1, 1): Reading database data with query 'SELECT top 1 LTRIM(RTRIM(Policy_No)) AS policyno 
FROM aab.dbo.policy 
WHERE GETDATE() BETWEEN Period_From AND Period_To 
AND Policy_No LIKE '17000%' 
ORDER BY Effective_Date desc'

2018-11-27 10:47:48 - [TEST_STEP][PASSED] - delay: Delayed 1 second(s)

2018-11-27 10:47:49 - [MESSAGE][PASSED] - Delayed 1 second(s)

2018-11-27 10:47:49 - [TEST_STEP][PASSED] - click: Object: 'Object Repository/Claim MV/Choose Customer/EXP_SEARCH_BY_PARAMETER' is clicked on

2018-11-27 10:47:49 - [MESSAGE][PASSED] - Object: 'Object Repository/Claim MV/Choose Customer/EXP_SEARCH_BY_PARAMETER' is clicked on

2018-11-27 10:47:49 - [TEST_STEP][PASSED] - delay: Delayed 1 second(s)

2018-11-27 10:47:50 - [MESSAGE][PASSED] - Delayed 1 second(s)

2018-11-27 10:47:50 - [TEST_STEP][PASSED] - click: Object: 'Object Repository/Claim MV/Choose Customer/LST_SEARCH_BY_PARAMETER' is clicked on

2018-11-27 10:47:50 - [MESSAGE][PASSED] - Object: 'Object Repository/Claim MV/Choose Customer/LST_SEARCH_BY_PARAMETER' is clicked on

2018-11-27 10:47:50 - [TEST_STEP][PASSED] - delay: Delayed 1 second(s)

2018-11-27 10:47:51 - [MESSAGE][PASSED] - Delayed 1 second(s)

2018-11-27 10:47:51 - [TEST_STEP][PASSED] - setText: Text '1700010726' is set on object 'Object Repository/Claim MV/Choose Customer/TXT_SEARCH_BY_INPUT'

2018-11-27 10:47:51 - [MESSAGE][PASSED] - Text '1700010726' is set on object 'Object Repository/Claim MV/Choose Customer/TXT_SEARCH_BY_INPUT'

2018-11-27 10:47:51 - [TEST_STEP][PASSED] - delay: Delayed 1 second(s)

2018-11-27 10:47:52 - [MESSAGE][PASSED] - Delayed 1 second(s)

2018-11-27 10:47:52 - [TEST_STEP][PASSED] - click: Object: 'Object Repository/Claim MV/Choose Customer/BTN_SEARCH' is clicked on

2018-11-27 10:47:53 - [MESSAGE][PASSED] - Object: 'Object Repository/Claim MV/Choose Customer/BTN_SEARCH' is clicked on

2018-11-27 10:47:53 - [TEST_STEP][PASSED] - delay: Delayed 15 second(s)

2018-11-27 10:48:08 - [MESSAGE][PASSED] - Delayed 15 second(s)

2018-11-27 10:48:08 - [TEST_STEP][PASSED] - click: Object: 'Object Repository/Claim MV/Choose Customer/LST_POLICY_NUMBER' is clicked on

2018-11-27 10:48:08 - [MESSAGE][PASSED] - Object: 'Object Repository/Claim MV/Choose Customer/LST_POLICY_NUMBER' is clicked on

2018-11-27 10:48:08 - [TEST_STEP][PASSED] - delay: Delayed 1 second(s)

2018-11-27 10:48:09 - [MESSAGE][PASSED] - Delayed 1 second(s)

2018-11-27 10:48:09 - [TEST_STEP][PASSED] - click: Object: 'Object Repository/Claim MV/Choose Customer/BTN_NEXT' is clicked on

2018-11-27 10:48:09 - [MESSAGE][PASSED] - Object: 'Object Repository/Claim MV/Choose Customer/BTN_NEXT' is clicked on

2018-11-27 10:48:09 - [TEST_STEP][PASSED] - delay: Delayed 10 second(s)

2018-11-27 10:48:19 - [MESSAGE][PASSED] - Delayed 10 second(s)

2018-11-27 10:48:19 - [TEST_STEP][PASSED] - click: Object: 'Object Repository/Claim MV/Choose Customer/BTN_FINISH' is clicked on

2018-11-27 10:48:19 - [MESSAGE][PASSED] - Object: 'Object Repository/Claim MV/Choose Customer/BTN_FINISH' is clicked on

2018-11-27 10:48:19 - [TEST_STEP][PASSED] - delay: Delayed 2 second(s)

2018-11-27 10:48:21 - [MESSAGE][PASSED] - Delayed 2 second(s)

2018-11-27 10:48:21 - [TEST_STEP][PASSED] - click: Object: 'Object Repository/Claim MV/Choose Customer/BTN_YES' is clicked on

2018-11-27 10:48:25 - [MESSAGE][PASSED] - Object: 'Object Repository/Claim MV/Choose Customer/BTN_YES' is clicked on

2018-11-27 10:48:25 - [TEST_STEP][PASSED] - delay: Delayed 7 second(s)

2018-11-27 10:48:32 - [MESSAGE][PASSED] - Delayed 7 second(s)

2018-11-27 10:48:32 - [MESSAGE][PASSED] - Call Test Case 'Test Cases/Screen/Choose Customer' successfully

2018-11-27 10:48:32 - [TEST_STEP][PASSED] - callTestCase: Call Test Case 'Test Cases/Screen/Claim MV' successfully

2018-11-27 10:48:32 - [TEST_CASE][PASSED] - Test Cases/Screen/Claim MV: Test Cases/Screen/Claim MV

2018-11-27 10:48:33 - [TEST_STEP][PASSED] - delay: Delayed 1 second(s)

2018-11-27 10:48:34 - [MESSAGE][PASSED] - Delayed 1 second(s)

2018-11-27 10:48:34 - [TEST_STEP][PASSED] - Statement - surveydate = com.kms.katalon.core.testdata.TestDataFactory.findTestData(Holiday).getValue(1, 1): Reading database data with query 'SELECT 
CASE WHEN (SELECT COUNT(*) AS CheckHoliday FROM ( 
				SELECT CONVERT(VARCHAR,HolidayDate,103) AS HolidayDate FROM aab.dbo.Holiday A 
				WHERE A.ActiveStatusID = 1 
				AND A.RowStatus = 0 
				AND (SELECT CONVERT(VARCHAR,HolidayDate,103)) = (SELECT CONVERT(varchar,GETDATE()+1,103)) 
				AND (SELECT DATEPART(DW,GETDATE()+1)) IN (2,3,4,5,6) 
				) AS HOLIDAY 
			) = 0 
			THEN CONVERT(varchar,GETDATE()+1,103) 
	WHEN (SELECT COUNT(*) AS CheckHoliday FROM ( 
				SELECT CONVERT(VARCHAR,HolidayDate,103) AS HolidayDate FROM aab.dbo.Holiday A 
				WHERE A.ActiveStatusID = 1 
				AND A.RowStatus = 0 
				AND (SELECT CONVERT(VARCHAR,HolidayDate,103)) = (SELECT CONVERT(varchar,GETDATE()+2,103)) 
				AND (SELECT DATEPART(DW,GETDATE()+1)) IN (2,3,4,5,6) 
				) AS HOLIDAY 
			) = 0 
			THEN CONVERT(varchar,GETDATE()+2,103) 
	WHEN (SELECT COUNT(*) AS CheckHoliday FROM ( 
				SELECT CONVERT(VARCHAR,HolidayDate,103) AS HolidayDate FROM aab.dbo.Holiday A 
				WHERE A.ActiveStatusID = 1 
				AND A.RowStatus = 0 
				AND (SELECT CONVERT(VARCHAR,HolidayDate,103)) = (SELECT CONVERT(varchar,GETDATE()+3,103)) 
				AND (SELECT DATEPART(DW,GETDATE()+1)) IN (2,3,4,5,6) 
				) AS HOLIDAY 
			) = 0 
			THEN CONVERT(varchar,GETDATE()+3,103) 
END AS SurveySchedule;'

2018-11-27 10:48:34 - [TEST_STEP][PASSED] - Statement - day = surveydate.split("/")[0]: null

2018-11-27 10:48:34 - [TEST_STEP][PASSED] - click: Object: 'Object Repository/Claim MV/Claim MV/EXP_PRODUCT' is clicked on

2018-11-27 10:48:34 - [MESSAGE][PASSED] - Object: 'Object Repository/Claim MV/Claim MV/EXP_PRODUCT' is clicked on

2018-11-27 10:48:34 - [TEST_STEP][PASSED] - delay: Delayed 3 second(s)

2018-11-27 10:48:37 - [MESSAGE][PASSED] - Delayed 3 second(s)

2018-11-27 10:48:37 - [TEST_STEP][PASSED] - click: Object: 'Object Repository/Claim MV/Claim MV/LST_PRODUCT_GO' is clicked on

2018-11-27 10:48:37 - [MESSAGE][PASSED] - Object: 'Object Repository/Claim MV/Claim MV/LST_PRODUCT_GO' is clicked on

2018-11-27 10:48:37 - [TEST_STEP][PASSED] - delay: Delayed 3 second(s)

2018-11-27 10:48:40 - [MESSAGE][PASSED] - Delayed 3 second(s)

2018-11-27 10:48:40 - [TEST_STEP][PASSED] - click: Object: 'Object Repository/Claim MV/Claim MV/EXP_VEHICLE' is clicked on

2018-11-27 10:48:41 - [MESSAGE][PASSED] - Object: 'Object Repository/Claim MV/Claim MV/EXP_VEHICLE' is clicked on

2018-11-27 10:48:41 - [TEST_STEP][PASSED] - delay: Delayed 3 second(s)

2018-11-27 10:48:44 - [MESSAGE][PASSED] - Delayed 3 second(s)

2018-11-27 10:48:44 - [TEST_STEP][PASSED] - click: Object: 'Object Repository/Claim MV/Claim MV/LST_VEHICLE' is clicked on

2018-11-27 10:48:44 - [MESSAGE][PASSED] - Object: 'Object Repository/Claim MV/Claim MV/LST_VEHICLE' is clicked on

2018-11-27 10:48:44 - [TEST_STEP][PASSED] - delay: Delayed 5 second(s)

2018-11-27 10:48:49 - [MESSAGE][PASSED] - Delayed 5 second(s)

2018-11-27 10:48:49 - [TEST_STEP][PASSED] - Statement - driver = com.kms.katalon.core.webui.keyword.WebUiBuiltInKeywords.getAttribute(com.kms.katalon.core.testobject.ObjectRepository.findTestObject(Object Repository/Claim MV/Claim MV/TXT_DRIVER), "value"): Attribute 'value' of object 'Object Repository/Claim MV/Claim MV/TXT_DRIVER' is: 'NAME ON POLICY TAF0040474'

2018-11-27 10:48:49 - [MESSAGE][PASSED] - Attribute 'value' of object 'Object Repository/Claim MV/Claim MV/TXT_DRIVER' is: 'NAME ON POLICY TAF0040474'

2018-11-27 10:48:49 - [TEST_STEP][PASSED] - delay: Delayed 1 second(s)

2018-11-27 10:48:50 - [MESSAGE][PASSED] - Delayed 1 second(s)

2018-11-27 10:48:50 - [TEST_STEP][PASSED] - click: Object: 'Object Repository/Claim MV/Claim MV/EXP_SURVEY_TYPE' is clicked on

2018-11-27 10:48:50 - [MESSAGE][PASSED] - Object: 'Object Repository/Claim MV/Claim MV/EXP_SURVEY_TYPE' is clicked on

2018-11-27 10:48:50 - [TEST_STEP][PASSED] - delay: Delayed 1 second(s)

2018-11-27 10:48:51 - [MESSAGE][PASSED] - Delayed 1 second(s)

2018-11-27 10:48:51 - [TEST_STEP][PASSED] - click: Object: 'Object Repository/Claim MV/Claim MV/LST_SURVEY_TYPE' is clicked on

2018-11-27 10:48:52 - [MESSAGE][PASSED] - Object: 'Object Repository/Claim MV/Claim MV/LST_SURVEY_TYPE' is clicked on

2018-11-27 10:48:52 - [TEST_STEP][PASSED] - delay: Delayed 3 second(s)

2018-11-27 10:48:55 - [MESSAGE][PASSED] - Delayed 3 second(s)

2018-11-27 10:48:55 - [TEST_STEP][PASSED] - Statement - If (surveytype == "Survey-in"): Delayed 10 second(s)

2018-11-27 10:48:55 - [TEST_STEP][PASSED] - click: Object: 'Object Repository/Claim MV/Claim MV/BTN_SURVEY_IN_LOCATION' is clicked on

2018-11-27 10:48:55 - [MESSAGE][PASSED] - Object: 'Object Repository/Claim MV/Claim MV/BTN_SURVEY_IN_LOCATION' is clicked on

2018-11-27 10:48:55 - [TEST_STEP][PASSED] - delay: Delayed 3 second(s)

2018-11-27 10:48:58 - [MESSAGE][PASSED] - Delayed 3 second(s)

2018-11-27 10:48:58 - [TEST_STEP][PASSED] - click: Object: 'Object Repository/Claim MV/Claim MV/IN Location Detail/EXP_SEARCH_BY' is clicked on

2018-11-27 10:48:58 - [MESSAGE][PASSED] - Object: 'Object Repository/Claim MV/Claim MV/IN Location Detail/EXP_SEARCH_BY' is clicked on

2018-11-27 10:48:58 - [TEST_STEP][PASSED] - delay: Delayed 2 second(s)

2018-11-27 10:49:00 - [MESSAGE][PASSED] - Delayed 2 second(s)

2018-11-27 10:49:00 - [TEST_STEP][PASSED] - click: Object: 'Object Repository/Claim MV/Claim MV/IN Location Detail/LST_SEARCH_BY' is clicked on

2018-11-27 10:49:00 - [MESSAGE][PASSED] - Object: 'Object Repository/Claim MV/Claim MV/IN Location Detail/LST_SEARCH_BY' is clicked on

2018-11-27 10:49:00 - [TEST_STEP][PASSED] - delay: Delayed 1 second(s)

2018-11-27 10:49:01 - [MESSAGE][PASSED] - Delayed 1 second(s)

2018-11-27 10:49:01 - [TEST_STEP][PASSED] - Statement - If (surveylocation.toUpperCase() == "GARDA CENTER"): Text 'pacific place' is set on object 'Object Repository/Claim MV/Claim MV/IN Location Detail/TXT_SEARCH_BY_INPUT'

2018-11-27 10:49:01 - [TEST_STEP][PASSED] - Statement - locationname = "pacific place": null

2018-11-27 10:49:01 - [TEST_STEP][PASSED] - setText: Text 'pacific place' is set on object 'Object Repository/Claim MV/Claim MV/IN Location Detail/TXT_SEARCH_BY_INPUT'

2018-11-27 10:49:02 - [MESSAGE][PASSED] - Text 'pacific place' is set on object 'Object Repository/Claim MV/Claim MV/IN Location Detail/TXT_SEARCH_BY_INPUT'

2018-11-27 10:49:02 - [TEST_STEP][PASSED] - click: Object: 'Object Repository/Claim MV/Claim MV/IN Location Detail/BTN_SEARCH' is clicked on

2018-11-27 10:49:02 - [MESSAGE][PASSED] - Object: 'Object Repository/Claim MV/Claim MV/IN Location Detail/BTN_SEARCH' is clicked on

2018-11-27 10:49:02 - [TEST_STEP][PASSED] - delay: Delayed 7 second(s)

2018-11-27 10:49:09 - [MESSAGE][PASSED] - Delayed 7 second(s)

2018-11-27 10:49:09 - [TEST_STEP][PASSED] - click: Object: 'Object Repository/Claim MV/Claim MV/IN Location Detail/LST_SEARCH_RESULT_1' is clicked on

2018-11-27 10:49:09 - [MESSAGE][PASSED] - Object: 'Object Repository/Claim MV/Claim MV/IN Location Detail/LST_SEARCH_RESULT_1' is clicked on

2018-11-27 10:49:09 - [TEST_STEP][PASSED] - delay: Delayed 1 second(s)

2018-11-27 10:49:10 - [MESSAGE][PASSED] - Delayed 1 second(s)

2018-11-27 10:49:10 - [TEST_STEP][PASSED] - click: Object: 'Object Repository/Claim MV/Claim MV/IN Location Detail/BTN_SELECT' is clicked on

2018-11-27 10:49:10 - [MESSAGE][PASSED] - Object: 'Object Repository/Claim MV/Claim MV/IN Location Detail/BTN_SELECT' is clicked on

2018-11-27 10:49:10 - [TEST_STEP][PASSED] - delay: Delayed 1 second(s)

2018-11-27 10:49:12 - [MESSAGE][PASSED] - Delayed 1 second(s)

2018-11-27 10:49:12 - [TEST_STEP][PASSED] - click: Object: 'Object Repository/Claim MV/Claim MV/BTN_SURVEY_SCHEDULE_IN' is clicked on

2018-11-27 10:49:12 - [MESSAGE][PASSED] - Object: 'Object Repository/Claim MV/Claim MV/BTN_SURVEY_SCHEDULE_IN' is clicked on

2018-11-27 10:49:12 - [TEST_STEP][PASSED] - delay: Delayed 1 second(s)

2018-11-27 10:49:13 - [MESSAGE][PASSED] - Delayed 1 second(s)

2018-11-27 10:49:13 - [TEST_STEP][PASSED] - click: Object: 'Object Repository/Claim MV/Claim MV/BTN_DAY_SURVEY' is clicked on

2018-11-27 10:49:13 - [MESSAGE][PASSED] - Object: 'Object Repository/Claim MV/Claim MV/BTN_DAY_SURVEY' is clicked on

2018-11-27 10:49:13 - [TEST_STEP][PASSED] - delay: Delayed 1 second(s)

2018-11-27 10:49:14 - [MESSAGE][PASSED] - Delayed 1 second(s)

2018-11-27 10:49:14 - [TEST_STEP][PASSED] - setText: Text 'locationaccident' is set on object 'Object Repository/Claim MV/Claim MV/TXT_LOCATION_ACCIDENT'

2018-11-27 10:49:14 - [MESSAGE][PASSED] - Text 'locationaccident' is set on object 'Object Repository/Claim MV/Claim MV/TXT_LOCATION_ACCIDENT'

2018-11-27 10:49:15 - [TEST_STEP][PASSED] - delay: Delayed 1 second(s)

2018-11-27 10:49:16 - [MESSAGE][PASSED] - Delayed 1 second(s)

2018-11-27 10:49:16 - [TEST_STEP][PASSED] - setText: Text 'accidentinfo' is set on object 'Object Repository/Claim MV/Claim MV/TXT_ACCIDENT_INFO'

2018-11-27 10:49:16 - [MESSAGE][PASSED] - Text 'accidentinfo' is set on object 'Object Repository/Claim MV/Claim MV/TXT_ACCIDENT_INFO'

2018-11-27 10:49:16 - [TEST_STEP][PASSED] - delay: Delayed 1 second(s)

2018-11-27 10:49:17 - [MESSAGE][PASSED] - Delayed 1 second(s)

2018-11-27 10:49:17 - [TEST_STEP][PASSED] - click: Object: 'Object Repository/Claim MV/Claim MV/EXP_CAUSE_LOSS' is clicked on

2018-11-27 10:49:17 - [MESSAGE][PASSED] - Object: 'Object Repository/Claim MV/Claim MV/EXP_CAUSE_LOSS' is clicked on

2018-11-27 10:49:17 - [TEST_STEP][PASSED] - delay: Delayed 1 second(s)

2018-11-27 10:49:18 - [MESSAGE][PASSED] - Delayed 1 second(s)

2018-11-27 10:49:18 - [TEST_STEP][PASSED] - click: Object: 'Object Repository/Claim MV/Claim MV/LST_CAUSE_DITABRAK' is clicked on

2018-11-27 10:49:18 - [MESSAGE][PASSED] - Object: 'Object Repository/Claim MV/Claim MV/LST_CAUSE_DITABRAK' is clicked on

2018-11-27 10:49:18 - [TEST_STEP][PASSED] - delay: Delayed 1 second(s)

2018-11-27 10:49:19 - [MESSAGE][PASSED] - Delayed 1 second(s)

2018-11-27 10:49:19 - [TEST_STEP][PASSED] - click: Object: 'Object Repository/Claim MV/Claim MV/CHK_SEND_SMS' is clicked on

2018-11-27 10:49:19 - [MESSAGE][PASSED] - Object: 'Object Repository/Claim MV/Claim MV/CHK_SEND_SMS' is clicked on

2018-11-27 10:49:20 - [TEST_STEP][PASSED] - delay: Delayed 1 second(s)

2018-11-27 10:49:21 - [MESSAGE][PASSED] - Delayed 1 second(s)

2018-11-27 10:49:21 - [TEST_STEP][PASSED] - click: Object: 'Object Repository/Claim MV/Claim MV/EXP_FU_STATUS' is clicked on

2018-11-27 10:49:21 - [MESSAGE][PASSED] - Object: 'Object Repository/Claim MV/Claim MV/EXP_FU_STATUS' is clicked on

2018-11-27 10:49:21 - [TEST_STEP][PASSED] - delay: Delayed 1 second(s)

2018-11-27 10:49:22 - [MESSAGE][PASSED] - Delayed 1 second(s)

2018-11-27 10:49:22 - [TEST_STEP][PASSED] - click: Object: 'Object Repository/Claim MV/Claim MV/LST_FU_CLOSE' is clicked on

2018-11-27 10:49:22 - [MESSAGE][PASSED] - Object: 'Object Repository/Claim MV/Claim MV/LST_FU_CLOSE' is clicked on

2018-11-27 10:49:22 - [TEST_STEP][PASSED] - delay: Delayed 1 second(s)

2018-11-27 10:49:23 - [MESSAGE][PASSED] - Delayed 1 second(s)

2018-11-27 10:49:23 - [TEST_STEP][PASSED] - setText: Text 'remarks' is set on object 'Object Repository/Claim MV/Claim MV/TXT_FU_REMARKS'

2018-11-27 10:49:23 - [MESSAGE][PASSED] - Text 'remarks' is set on object 'Object Repository/Claim MV/Claim MV/TXT_FU_REMARKS'

2018-11-27 10:49:23 - [TEST_STEP][PASSED] - delay: Delayed 1 second(s)

2018-11-27 10:49:24 - [MESSAGE][PASSED] - Delayed 1 second(s)

2018-11-27 10:49:24 - [TEST_STEP][PASSED] - click: Object: 'Object Repository/Claim MV/Claim MV/BTN_SAVE' is clicked on

2018-11-27 10:49:25 - [MESSAGE][PASSED] - Object: 'Object Repository/Claim MV/Claim MV/BTN_SAVE' is clicked on

2018-11-27 10:49:25 - [TEST_STEP][PASSED] - delay: Delayed 350 second(s)

2018-11-27 10:55:15 - [MESSAGE][PASSED] - Delayed 350 second(s)

2018-11-27 10:55:15 - [TEST_STEP][PASSED] - executeSQL.executeScript.checksurveyin: executeSQL.executeScript.checksurveyin is PASSED

2018-11-27 10:55:48 - [MESSAGE][PASSED] - executeSQL.executeScript.checksurveyin is PASSED

2018-11-27 10:55:48 - [TEST_STEP][PASSED] - delay: Delayed 1 second(s)

2018-11-27 10:55:49 - [MESSAGE][PASSED] - Delayed 1 second(s)

2018-11-27 10:55:49 - [TEST_STEP][PASSED] - Statement - If (surveylocation.toUpperCase() == "GARDA CENTER"): Delayed 1 second(s)

2018-11-27 10:55:49 - [TEST_STEP][PASSED] - executeSQL.executeScript.checksurveyingc: executeSQL.executeScript.checksurveyingc is PASSED

2018-11-27 10:55:57 - [MESSAGE][PASSED] - executeSQL.executeScript.checksurveyingc is PASSED

2018-11-27 10:55:57 - [TEST_STEP][PASSED] - delay: Delayed 1 second(s)

2018-11-27 10:55:58 - [MESSAGE][PASSED] - Delayed 1 second(s)

2018-11-27 10:55:58 - [TEST_STEP][PASSED] - delay: Delayed 1 second(s)

2018-11-27 10:55:59 - [MESSAGE][PASSED] - Delayed 1 second(s)

2018-11-27 10:55:59 - [TEST_STEP][PASSED] - click: Object: 'Object Repository/Claim MV/Claim MV/BTN_SAVE_OK' is clicked on

2018-11-27 10:56:00 - [MESSAGE][PASSED] - Object: 'Object Repository/Claim MV/Claim MV/BTN_SAVE_OK' is clicked on

2018-11-27 10:56:00 - [TEST_STEP][PASSED] - delay: Delayed 10 second(s)

2018-11-27 10:56:10 - [MESSAGE][PASSED] - Delayed 10 second(s)

2018-11-27 10:56:10 - [MESSAGE][PASSED] - Call Test Case 'Test Cases/Screen/Claim MV' successfully

2018-11-27 10:56:10 - [TEST_STEP][PASSED] - callTestCase: Call Test Case 'Test Cases/Screen/Logout' successfully

2018-11-27 10:56:10 - [TEST_CASE][PASSED] - Test Cases/Screen/Logout: Test Cases/Screen/Logout

2018-11-27 10:56:10 - [TEST_STEP][PASSED] - delay: Delayed 1 second(s)

2018-11-27 10:56:11 - [MESSAGE][PASSED] - Delayed 1 second(s)

2018-11-27 10:56:11 - [TEST_STEP][PASSED] - click: Object: 'Object Repository/Home/LNK_USER' is clicked on

2018-11-27 10:56:11 - [MESSAGE][PASSED] - Object: 'Object Repository/Home/LNK_USER' is clicked on

2018-11-27 10:56:11 - [TEST_STEP][PASSED] - delay: Delayed 1 second(s)

2018-11-27 10:56:12 - [MESSAGE][PASSED] - Delayed 1 second(s)

2018-11-27 10:56:12 - [TEST_STEP][PASSED] - click: Object: 'Object Repository/Home/LNK_EXIT' is clicked on

2018-11-27 10:56:12 - [MESSAGE][PASSED] - Object: 'Object Repository/Home/LNK_EXIT' is clicked on

2018-11-27 10:56:12 - [TEST_STEP][PASSED] - delay: Delayed 1 second(s)

2018-11-27 10:56:13 - [MESSAGE][PASSED] - Delayed 1 second(s)

2018-11-27 10:56:13 - [TEST_STEP][PASSED] - click: Object: 'Object Repository/Home/BTN_EXIT_YES' is clicked on

2018-11-27 10:56:14 - [MESSAGE][PASSED] - Object: 'Object Repository/Home/BTN_EXIT_YES' is clicked on

2018-11-27 10:56:14 - [TEST_STEP][PASSED] - delay: Delayed 3 second(s)

2018-11-27 10:56:17 - [MESSAGE][PASSED] - Delayed 3 second(s)

2018-11-27 10:56:17 - [MESSAGE][PASSED] - Call Test Case 'Test Cases/Screen/Logout' successfully]]></system-out>
         <system-err><![CDATA[]]></system-err>
      </testcase>
      <testcase name="Test Cases/Scenario/Claim MV - In RO" classname="Test Cases/Scenario/Claim MV - In RO" status="FAILED">
         <failure type="FAILED" message="(Stack trace: com.kms.katalon.core.exception.StepFailedException: Unable to click on object 'Object Repository/Claim MV/Create Ticket/LST_CALLER_1' (Root cause: org.openqa.selenium.WebDriverException: unknown error: Element &lt;tr data-bind=&quot;style: {height: $parent.rowHeight}, css: {active: $parent.isActive($index())}, singleOrDoubleClick: { delay: 500, click: function(data, event) { $parent.onClick(data, event, $index()) }, dblclick: function(data, event) { $parent.onDoubleClick(data, event, $index()) } }&quot; class=&quot;&quot; style=&quot;height: 26px;&quot;>...&lt;/tr> is not clickable at point (508, 205). Other element would receive the click: &lt;div class=&quot;col-sm-offset-3 col-sm-6 col-md-offset-4 col-md-4 col-xs-12&quot; style=&quot;border-radius:15px;padding:15px;background-color:white;border:1px solid grey;top:75px&quot;>...&lt;/div>
  (Session info: chrome=70.0.3538.102)
  (Driver info: chromedriver=2.43.600210 (68dcf5eebde37173d4027fa8635e332711d2874a),platform=Windows NT 10.0.16299 x86_64) (WARNING: The server did not provide any stacktrace information)
Command duration or timeout: 0 milliseconds
Build info: version: '3.7.1', revision: '8a0099a', time: '2017-11-06T21:07:36.161Z'
System info: host: 'SMHONB17D34BTE', ip: '10.242.10.118', os.name: 'Windows 10', os.arch: 'amd64', os.version: '10.0', java.version: '1.8.0_181'
Driver info: com.kms.katalon.selenium.driver.CChromeDriver
Capabilities {acceptInsecureCerts: false, acceptSslCerts: false, applicationCacheEnabled: false, browserConnectionEnabled: false, browserName: chrome, chrome: {chromedriverVersion: 2.43.600210 (68dcf5eebde371..., userDataDir: C:\Users\bte\AppData\Local\...}, cssSelectorsEnabled: true, databaseEnabled: false, goog:chromeOptions: {debuggerAddress: localhost:64632}, handlesAlerts: true, hasTouchScreen: false, javascriptEnabled: true, locationContextEnabled: true, mobileEmulationEnabled: false, nativeEvents: true, networkConnectionEnabled: false, pageLoadStrategy: normal, platform: XP, platformName: XP, rotatable: false, setWindowRect: true, takesHeapSnapshot: true, takesScreenshot: true, unexpectedAlertBehaviour: , unhandledPromptBehavior: , version: 70.0.3538.102, webStorageEnabled: true}
Session ID: 060f0ae25f62d15d42bd38a720525f61)
	at com.kms.katalon.core.keyword.internal.KeywordMain.stepFailed(KeywordMain.groovy:36)
	at com.kms.katalon.core.webui.keyword.internal.WebUIKeywordMain.stepFailed(WebUIKeywordMain.groovy:65)
	at com.kms.katalon.core.webui.keyword.internal.WebUIKeywordMain.runKeyword(WebUIKeywordMain.groovy:27)
	at com.kms.katalon.core.webui.keyword.builtin.ClickKeyword.click(ClickKeyword.groovy:86)
	at com.kms.katalon.core.webui.keyword.builtin.ClickKeyword.execute(ClickKeyword.groovy:67)
	at com.kms.katalon.core.keyword.internal.KeywordExecutor.executeKeywordForPlatform(KeywordExecutor.groovy:53)
	at com.kms.katalon.core.webui.keyword.WebUiBuiltInKeywords.click(WebUiBuiltInKeywords.groovy:616)
	at com.kms.katalon.core.webui.keyword.WebUiBuiltInKeywords$click$2.call(Unknown Source)
	at Script1542943813551.run(Script1542943813551.groovy:54)
	at com.kms.katalon.core.main.ScriptEngine.run(ScriptEngine.java:183)
	at com.kms.katalon.core.main.ScriptEngine.runScriptAsRawText(ScriptEngine.java:108)
	at com.kms.katalon.core.main.TestCaseExecutor.runScript(TestCaseExecutor.java:294)
	at com.kms.katalon.core.main.TestCaseExecutor.doExecute(TestCaseExecutor.java:285)
	at com.kms.katalon.core.main.TestCaseExecutor.processExecutionPhase(TestCaseExecutor.java:264)
	at com.kms.katalon.core.main.TestCaseExecutor.accessMainPhase(TestCaseExecutor.java:256)
	at com.kms.katalon.core.main.TestCaseExecutor.execute(TestCaseExecutor.java:200)
	at com.kms.katalon.core.main.TestCaseMain.runTestCase(TestCaseMain.java:99)
	at com.kms.katalon.core.keyword.builtin.CallTestCaseKeyword$_callTestCase_closure1.doCall(CallTestCaseKeyword.groovy:60)
	at com.kms.katalon.core.keyword.builtin.CallTestCaseKeyword$_callTestCase_closure1.call(CallTestCaseKeyword.groovy)
	at com.kms.katalon.core.keyword.internal.KeywordMain.runKeyword(KeywordMain.groovy:54)
	at com.kms.katalon.core.keyword.builtin.CallTestCaseKeyword.callTestCase(CallTestCaseKeyword.groovy:81)
	at com.kms.katalon.core.keyword.builtin.CallTestCaseKeyword.execute(CallTestCaseKeyword.groovy:45)
	at com.kms.katalon.core.keyword.internal.KeywordExecutor.executeKeywordForPlatform(KeywordExecutor.groovy:53)
	at com.kms.katalon.core.keyword.BuiltinKeywords.callTestCase(BuiltinKeywords.groovy:334)
	at sun.reflect.GeneratedMethodAccessor13.invoke(Unknown Source)
	at sun.reflect.DelegatingMethodAccessorImpl.invoke(DelegatingMethodAccessorImpl.java:43)
	at java.lang.reflect.Method.invoke(Method.java:498)
	at org.codehaus.groovy.reflection.CachedMethod.invoke(CachedMethod.java:93)
	at groovy.lang.MetaMethod.doMethodInvoke(MetaMethod.java:325)
	at groovy.lang.MetaClassImpl.invokeStaticMethod(MetaClassImpl.java:1469)
	at org.codehaus.groovy.runtime.callsite.StaticMetaClassSite.call(StaticMetaClassSite.java:53)
	at org.codehaus.groovy.runtime.callsite.CallSiteArray.defaultCall(CallSiteArray.java:48)
	at org.codehaus.groovy.runtime.callsite.AbstractCallSite.call(AbstractCallSite.java:113)
	at org.codehaus.groovy.runtime.callsite.AbstractCallSite.call(AbstractCallSite.java:141)
	at Script1543289523870.run(Script1543289523870.groovy:20)
	at com.kms.katalon.core.main.ScriptEngine.run(ScriptEngine.java:183)
	at com.kms.katalon.core.main.ScriptEngine.runScriptAsRawText(ScriptEngine.java:108)
	at com.kms.katalon.core.main.TestCaseExecutor.runScript(TestCaseExecutor.java:294)
	at com.kms.katalon.core.main.TestCaseExecutor.doExecute(TestCaseExecutor.java:285)
	at com.kms.katalon.core.main.TestCaseExecutor.processExecutionPhase(TestCaseExecutor.java:264)
	at com.kms.katalon.core.main.TestCaseExecutor.accessMainPhase(TestCaseExecutor.java:256)
	at com.kms.katalon.core.main.TestCaseExecutor.execute(TestCaseExecutor.java:200)
	at com.kms.katalon.core.main.TestSuiteExecutor.accessTestCaseMainPhase(TestSuiteExecutor.java:129)
	at com.kms.katalon.core.main.TestSuiteExecutor.accessTestSuiteMainPhase(TestSuiteExecutor.java:112)
	at com.kms.katalon.core.main.TestSuiteExecutor.execute(TestSuiteExecutor.java:81)
	at com.kms.katalon.core.main.TestCaseMain.startTestSuite(TestCaseMain.java:142)
	at com.kms.katalon.core.main.TestCaseMain$startTestSuite$0.call(Unknown Source)
	at org.codehaus.groovy.runtime.callsite.CallSiteArray.defaultCall(CallSiteArray.java:48)
	at org.codehaus.groovy.runtime.callsite.AbstractCallSite.call(AbstractCallSite.java:113)
	at org.codehaus.groovy.runtime.callsite.AbstractCallSite.call(AbstractCallSite.java:141)
	at TempTestSuite1543289564685.run(TempTestSuite1543289564685.groovy:36)
	at groovy.lang.GroovyShell.runScriptOrMainOrTestOrRunnable(GroovyShell.java:263)
	at groovy.lang.GroovyShell.run(GroovyShell.java:518)
	at groovy.lang.GroovyShell.run(GroovyShell.java:507)
	at groovy.ui.GroovyMain.processOnce(GroovyMain.java:653)
	at groovy.ui.GroovyMain.run(GroovyMain.java:384)
	at groovy.ui.GroovyMain.process(GroovyMain.java:370)
	at groovy.ui.GroovyMain.processArgs(GroovyMain.java:129)
	at groovy.ui.GroovyMain.main(GroovyMain.java:109)
	at sun.reflect.NativeMethodAccessorImpl.invoke0(Native Method)
	at sun.reflect.NativeMethodAccessorImpl.invoke(NativeMethodAccessorImpl.java:62)
	at sun.reflect.DelegatingMethodAccessorImpl.invoke(DelegatingMethodAccessorImpl.java:43)
	at java.lang.reflect.Method.invoke(Method.java:498)
	at org.codehaus.groovy.tools.GroovyStarter.rootLoader(GroovyStarter.java:109)
	at org.codehaus.groovy.tools.GroovyStarter.main(GroovyStarter.java:131)
)"/>
         <system-out><![CDATA[2018-11-27 10:56:17 - [TEST_CASE][FAILED] - Test Cases/Scenario/Claim MV - In RO: Test Cases/Scenario/Claim MV - In RO FAILED because (of) (Stack trace: com.kms.katalon.core.exception.StepFailedException: Unable to click on object 'Object Repository/Claim MV/Create Ticket/LST_CALLER_1' (Root cause: org.openqa.selenium.WebDriverException: unknown error: Element <tr data-bind="style: {height: $parent.rowHeight}, css: {active: $parent.isActive($index())}, singleOrDoubleClick: { delay: 500, click: function(data, event) { $parent.onClick(data, event, $index()) }, dblclick: function(data, event) { $parent.onDoubleClick(data, event, $index()) } }" class="" style="height: 26px;">...</tr> is not clickable at point (508, 205). Other element would receive the click: <div class="col-sm-offset-3 col-sm-6 col-md-offset-4 col-md-4 col-xs-12" style="border-radius:15px;padding:15px;background-color:white;border:1px solid grey;top:75px">...</div>
  (Session info: chrome=70.0.3538.102)
  (Driver info: chromedriver=2.43.600210 (68dcf5eebde37173d4027fa8635e332711d2874a),platform=Windows NT 10.0.16299 x86_64) (WARNING: The server did not provide any stacktrace information)
Command duration or timeout: 0 milliseconds
Build info: version: '3.7.1', revision: '8a0099a', time: '2017-11-06T21:07:36.161Z'
System info: host: 'SMHONB17D34BTE', ip: '10.242.10.118', os.name: 'Windows 10', os.arch: 'amd64', os.version: '10.0', java.version: '1.8.0_181'
Driver info: com.kms.katalon.selenium.driver.CChromeDriver
Capabilities {acceptInsecureCerts: false, acceptSslCerts: false, applicationCacheEnabled: false, browserConnectionEnabled: false, browserName: chrome, chrome: {chromedriverVersion: 2.43.600210 (68dcf5eebde371..., userDataDir: C:\Users\bte\AppData\Local\...}, cssSelectorsEnabled: true, databaseEnabled: false, goog:chromeOptions: {debuggerAddress: localhost:64632}, handlesAlerts: true, hasTouchScreen: false, javascriptEnabled: true, locationContextEnabled: true, mobileEmulationEnabled: false, nativeEvents: true, networkConnectionEnabled: false, pageLoadStrategy: normal, platform: XP, platformName: XP, rotatable: false, setWindowRect: true, takesHeapSnapshot: true, takesScreenshot: true, unexpectedAlertBehaviour: , unhandledPromptBehavior: , version: 70.0.3538.102, webStorageEnabled: true}
Session ID: 060f0ae25f62d15d42bd38a720525f61)
	at com.kms.katalon.core.keyword.internal.KeywordMain.stepFailed(KeywordMain.groovy:36)
	at com.kms.katalon.core.webui.keyword.internal.WebUIKeywordMain.stepFailed(WebUIKeywordMain.groovy:65)
	at com.kms.katalon.core.webui.keyword.internal.WebUIKeywordMain.runKeyword(WebUIKeywordMain.groovy:27)
	at com.kms.katalon.core.webui.keyword.builtin.ClickKeyword.click(ClickKeyword.groovy:86)
	at com.kms.katalon.core.webui.keyword.builtin.ClickKeyword.execute(ClickKeyword.groovy:67)
	at com.kms.katalon.core.keyword.internal.KeywordExecutor.executeKeywordForPlatform(KeywordExecutor.groovy:53)
	at com.kms.katalon.core.webui.keyword.WebUiBuiltInKeywords.click(WebUiBuiltInKeywords.groovy:616)
	at com.kms.katalon.core.webui.keyword.WebUiBuiltInKeywords$click$2.call(Unknown Source)
	at Script1542943813551.run(Script1542943813551.groovy:54)
	at com.kms.katalon.core.main.ScriptEngine.run(ScriptEngine.java:183)
	at com.kms.katalon.core.main.ScriptEngine.runScriptAsRawText(ScriptEngine.java:108)
	at com.kms.katalon.core.main.TestCaseExecutor.runScript(TestCaseExecutor.java:294)
	at com.kms.katalon.core.main.TestCaseExecutor.doExecute(TestCaseExecutor.java:285)
	at com.kms.katalon.core.main.TestCaseExecutor.processExecutionPhase(TestCaseExecutor.java:264)
	at com.kms.katalon.core.main.TestCaseExecutor.accessMainPhase(TestCaseExecutor.java:256)
	at com.kms.katalon.core.main.TestCaseExecutor.execute(TestCaseExecutor.java:200)
	at com.kms.katalon.core.main.TestCaseMain.runTestCase(TestCaseMain.java:99)
	at com.kms.katalon.core.keyword.builtin.CallTestCaseKeyword$_callTestCase_closure1.doCall(CallTestCaseKeyword.groovy:60)
	at com.kms.katalon.core.keyword.builtin.CallTestCaseKeyword$_callTestCase_closure1.call(CallTestCaseKeyword.groovy)
	at com.kms.katalon.core.keyword.internal.KeywordMain.runKeyword(KeywordMain.groovy:54)
	at com.kms.katalon.core.keyword.builtin.CallTestCaseKeyword.callTestCase(CallTestCaseKeyword.groovy:81)
	at com.kms.katalon.core.keyword.builtin.CallTestCaseKeyword.execute(CallTestCaseKeyword.groovy:45)
	at com.kms.katalon.core.keyword.internal.KeywordExecutor.executeKeywordForPlatform(KeywordExecutor.groovy:53)
	at com.kms.katalon.core.keyword.BuiltinKeywords.callTestCase(BuiltinKeywords.groovy:334)
	at sun.reflect.GeneratedMethodAccessor13.invoke(Unknown Source)
	at sun.reflect.DelegatingMethodAccessorImpl.invoke(DelegatingMethodAccessorImpl.java:43)
	at java.lang.reflect.Method.invoke(Method.java:498)
	at org.codehaus.groovy.reflection.CachedMethod.invoke(CachedMethod.java:93)
	at groovy.lang.MetaMethod.doMethodInvoke(MetaMethod.java:325)
	at groovy.lang.MetaClassImpl.invokeStaticMethod(MetaClassImpl.java:1469)
	at org.codehaus.groovy.runtime.callsite.StaticMetaClassSite.call(StaticMetaClassSite.java:53)
	at org.codehaus.groovy.runtime.callsite.CallSiteArray.defaultCall(CallSiteArray.java:48)
	at org.codehaus.groovy.runtime.callsite.AbstractCallSite.call(AbstractCallSite.java:113)
	at org.codehaus.groovy.runtime.callsite.AbstractCallSite.call(AbstractCallSite.java:141)
	at Script1543289523870.run(Script1543289523870.groovy:20)
	at com.kms.katalon.core.main.ScriptEngine.run(ScriptEngine.java:183)
	at com.kms.katalon.core.main.ScriptEngine.runScriptAsRawText(ScriptEngine.java:108)
	at com.kms.katalon.core.main.TestCaseExecutor.runScript(TestCaseExecutor.java:294)
	at com.kms.katalon.core.main.TestCaseExecutor.doExecute(TestCaseExecutor.java:285)
	at com.kms.katalon.core.main.TestCaseExecutor.processExecutionPhase(TestCaseExecutor.java:264)
	at com.kms.katalon.core.main.TestCaseExecutor.accessMainPhase(TestCaseExecutor.java:256)
	at com.kms.katalon.core.main.TestCaseExecutor.execute(TestCaseExecutor.java:200)
	at com.kms.katalon.core.main.TestSuiteExecutor.accessTestCaseMainPhase(TestSuiteExecutor.java:129)
	at com.kms.katalon.core.main.TestSuiteExecutor.accessTestSuiteMainPhase(TestSuiteExecutor.java:112)
	at com.kms.katalon.core.main.TestSuiteExecutor.execute(TestSuiteExecutor.java:81)
	at com.kms.katalon.core.main.TestCaseMain.startTestSuite(TestCaseMain.java:142)
	at com.kms.katalon.core.main.TestCaseMain$startTestSuite$0.call(Unknown Source)
	at org.codehaus.groovy.runtime.callsite.CallSiteArray.defaultCall(CallSiteArray.java:48)
	at org.codehaus.groovy.runtime.callsite.AbstractCallSite.call(AbstractCallSite.java:113)
	at org.codehaus.groovy.runtime.callsite.AbstractCallSite.call(AbstractCallSite.java:141)
	at TempTestSuite1543289564685.run(TempTestSuite1543289564685.groovy:36)
	at groovy.lang.GroovyShell.runScriptOrMainOrTestOrRunnable(GroovyShell.java:263)
	at groovy.lang.GroovyShell.run(GroovyShell.java:518)
	at groovy.lang.GroovyShell.run(GroovyShell.java:507)
	at groovy.ui.GroovyMain.processOnce(GroovyMain.java:653)
	at groovy.ui.GroovyMain.run(GroovyMain.java:384)
	at groovy.ui.GroovyMain.process(GroovyMain.java:370)
	at groovy.ui.GroovyMain.processArgs(GroovyMain.java:129)
	at groovy.ui.GroovyMain.main(GroovyMain.java:109)
	at sun.reflect.NativeMethodAccessorImpl.invoke0(Native Method)
	at sun.reflect.NativeMethodAccessorImpl.invoke(NativeMethodAccessorImpl.java:62)
	at sun.reflect.DelegatingMethodAccessorImpl.invoke(DelegatingMethodAccessorImpl.java:43)
	at java.lang.reflect.Method.invoke(Method.java:498)
	at org.codehaus.groovy.tools.GroovyStarter.rootLoader(GroovyStarter.java:109)
	at org.codehaus.groovy.tools.GroovyStarter.main(GroovyStarter.java:131)
)

2018-11-27 10:56:17 - [TEST_STEP][PASSED] - callTestCase: Call Test Case 'Test Cases/Screen/Login' successfully

2018-11-27 10:56:17 - [TEST_CASE][PASSED] - Test Cases/Screen/Login: Test Cases/Screen/Login

2018-11-27 10:56:17 - [TEST_STEP][PASSED] - openBrowser: Browser is opened with url: ''

2018-11-27 10:56:17 - [MESSAGE][WARNING] - A browser is already opened. Closing browser and opening a new one

2018-11-27 10:56:21 - [MESSAGE][PASSED] - Browser is opened with url: ''

2018-11-27 10:56:21 - [TEST_STEP][PASSED] - navigateToUrl: Navigate to 'https://gardaakses-qc.asuransiastra.com/gardaakses' successfully

2018-11-27 10:57:01 - [MESSAGE][PASSED] - Navigate to 'https://gardaakses-qc.asuransiastra.com/gardaakses' successfully

2018-11-27 10:57:01 - [TEST_STEP][PASSED] - delay: Delayed 1 second(s)

2018-11-27 10:57:02 - [MESSAGE][PASSED] - Delayed 1 second(s)

2018-11-27 10:57:02 - [TEST_STEP][PASSED] - setText: Text 'tdi' is set on object 'Object Repository/Login/TXT_USERID'

2018-11-27 10:57:02 - [MESSAGE][PASSED] - Text 'tdi' is set on object 'Object Repository/Login/TXT_USERID'

2018-11-27 10:57:02 - [TEST_STEP][PASSED] - delay: Delayed 1 second(s)

2018-11-27 10:57:03 - [MESSAGE][PASSED] - Delayed 1 second(s)

2018-11-27 10:57:03 - [TEST_STEP][PASSED] - setText: Text 'P@ssw0rd' is set on object 'Object Repository/Login/TXT_PASSWORD'

2018-11-27 10:57:04 - [MESSAGE][PASSED] - Text 'P@ssw0rd' is set on object 'Object Repository/Login/TXT_PASSWORD'

2018-11-27 10:57:04 - [TEST_STEP][PASSED] - delay: Delayed 1 second(s)

2018-11-27 10:57:05 - [MESSAGE][PASSED] - Delayed 1 second(s)

2018-11-27 10:57:05 - [TEST_STEP][PASSED] - click: Object: 'Object Repository/Login/BTN_MASUK' is clicked on

2018-11-27 10:57:05 - [MESSAGE][PASSED] - Object: 'Object Repository/Login/BTN_MASUK' is clicked on

2018-11-27 10:57:05 - [TEST_STEP][PASSED] - delay: Delayed 5 second(s)

2018-11-27 10:57:10 - [MESSAGE][PASSED] - Delayed 5 second(s)

2018-11-27 10:57:10 - [MESSAGE][PASSED] - Call Test Case 'Test Cases/Screen/Login' successfully

2018-11-27 10:57:10 - [TEST_STEP][PASSED] - callTestCase: Call Test Case 'Test Cases/Screen/Select Claim MV' successfully

2018-11-27 10:57:10 - [TEST_CASE][PASSED] - Test Cases/Screen/Select Claim MV: Test Cases/Screen/Select Claim MV

2018-11-27 10:57:10 - [TEST_STEP][PASSED] - delay: Delayed 1 second(s)

2018-11-27 10:57:11 - [MESSAGE][PASSED] - Delayed 1 second(s)

2018-11-27 10:57:11 - [TEST_STEP][PASSED] - click: Object: 'Object Repository/Home/HDR_SERVICE_TYPE' is clicked on

2018-11-27 10:57:12 - [MESSAGE][PASSED] - Object: 'Object Repository/Home/HDR_SERVICE_TYPE' is clicked on

2018-11-27 10:57:12 - [TEST_STEP][PASSED] - delay: Delayed 1 second(s)

2018-11-27 10:57:13 - [MESSAGE][PASSED] - Delayed 1 second(s)

2018-11-27 10:57:13 - [TEST_STEP][PASSED] - click: Object: 'Object Repository/Home/BTN_CLAIM_MV' is clicked on

2018-11-27 10:57:48 - [MESSAGE][PASSED] - Object: 'Object Repository/Home/BTN_CLAIM_MV' is clicked on

2018-11-27 10:57:49 - [TEST_STEP][PASSED] - delay: Delayed 20 second(s)

2018-11-27 10:58:09 - [MESSAGE][PASSED] - Delayed 20 second(s)

2018-11-27 10:58:09 - [MESSAGE][PASSED] - Call Test Case 'Test Cases/Screen/Select Claim MV' successfully

2018-11-27 10:58:09 - [TEST_STEP][FAILED] - callTestCase: Unable to call Test Case with id 'Test Cases/Screen/Create Ticket' (Root cause: Call Test Case 'Test Cases/Screen/Create Ticket' failed)

2018-11-27 10:58:09 - [TEST_CASE][FAILED] - Test Cases/Screen/Create Ticket: Test Cases/Screen/Create Ticket FAILED because (of) (Stack trace: com.kms.katalon.core.exception.StepFailedException: Unable to click on object 'Object Repository/Claim MV/Create Ticket/LST_CALLER_1' (Root cause: org.openqa.selenium.WebDriverException: unknown error: Element <tr data-bind="style: {height: $parent.rowHeight}, css: {active: $parent.isActive($index())}, singleOrDoubleClick: { delay: 500, click: function(data, event) { $parent.onClick(data, event, $index()) }, dblclick: function(data, event) { $parent.onDoubleClick(data, event, $index()) } }" class="" style="height: 26px;">...</tr> is not clickable at point (508, 205). Other element would receive the click: <div class="col-sm-offset-3 col-sm-6 col-md-offset-4 col-md-4 col-xs-12" style="border-radius:15px;padding:15px;background-color:white;border:1px solid grey;top:75px">...</div>
  (Session info: chrome=70.0.3538.102)
  (Driver info: chromedriver=2.43.600210 (68dcf5eebde37173d4027fa8635e332711d2874a),platform=Windows NT 10.0.16299 x86_64) (WARNING: The server did not provide any stacktrace information)
Command duration or timeout: 0 milliseconds
Build info: version: '3.7.1', revision: '8a0099a', time: '2017-11-06T21:07:36.161Z'
System info: host: 'SMHONB17D34BTE', ip: '10.242.10.118', os.name: 'Windows 10', os.arch: 'amd64', os.version: '10.0', java.version: '1.8.0_181'
Driver info: com.kms.katalon.selenium.driver.CChromeDriver
Capabilities {acceptInsecureCerts: false, acceptSslCerts: false, applicationCacheEnabled: false, browserConnectionEnabled: false, browserName: chrome, chrome: {chromedriverVersion: 2.43.600210 (68dcf5eebde371..., userDataDir: C:\Users\bte\AppData\Local\...}, cssSelectorsEnabled: true, databaseEnabled: false, goog:chromeOptions: {debuggerAddress: localhost:64632}, handlesAlerts: true, hasTouchScreen: false, javascriptEnabled: true, locationContextEnabled: true, mobileEmulationEnabled: false, nativeEvents: true, networkConnectionEnabled: false, pageLoadStrategy: normal, platform: XP, platformName: XP, rotatable: false, setWindowRect: true, takesHeapSnapshot: true, takesScreenshot: true, unexpectedAlertBehaviour: , unhandledPromptBehavior: , version: 70.0.3538.102, webStorageEnabled: true}
Session ID: 060f0ae25f62d15d42bd38a720525f61)
	at com.kms.katalon.core.keyword.internal.KeywordMain.stepFailed(KeywordMain.groovy:36)
	at com.kms.katalon.core.webui.keyword.internal.WebUIKeywordMain.stepFailed(WebUIKeywordMain.groovy:65)
	at com.kms.katalon.core.webui.keyword.internal.WebUIKeywordMain.runKeyword(WebUIKeywordMain.groovy:27)
	at com.kms.katalon.core.webui.keyword.builtin.ClickKeyword.click(ClickKeyword.groovy:86)
	at com.kms.katalon.core.webui.keyword.builtin.ClickKeyword.execute(ClickKeyword.groovy:67)
	at com.kms.katalon.core.keyword.internal.KeywordExecutor.executeKeywordForPlatform(KeywordExecutor.groovy:53)
	at com.kms.katalon.core.webui.keyword.WebUiBuiltInKeywords.click(WebUiBuiltInKeywords.groovy:616)
	at com.kms.katalon.core.webui.keyword.WebUiBuiltInKeywords$click$2.call(Unknown Source)
	at Script1542943813551.run(Script1542943813551.groovy:54)
	at com.kms.katalon.core.main.ScriptEngine.run(ScriptEngine.java:183)
	at com.kms.katalon.core.main.ScriptEngine.runScriptAsRawText(ScriptEngine.java:108)
	at com.kms.katalon.core.main.TestCaseExecutor.runScript(TestCaseExecutor.java:294)
	at com.kms.katalon.core.main.TestCaseExecutor.doExecute(TestCaseExecutor.java:285)
	at com.kms.katalon.core.main.TestCaseExecutor.processExecutionPhase(TestCaseExecutor.java:264)
	at com.kms.katalon.core.main.TestCaseExecutor.accessMainPhase(TestCaseExecutor.java:256)
	at com.kms.katalon.core.main.TestCaseExecutor.execute(TestCaseExecutor.java:200)
	at com.kms.katalon.core.main.TestCaseMain.runTestCase(TestCaseMain.java:99)
	at com.kms.katalon.core.keyword.builtin.CallTestCaseKeyword$_callTestCase_closure1.doCall(CallTestCaseKeyword.groovy:60)
	at com.kms.katalon.core.keyword.builtin.CallTestCaseKeyword$_callTestCase_closure1.call(CallTestCaseKeyword.groovy)
	at com.kms.katalon.core.keyword.internal.KeywordMain.runKeyword(KeywordMain.groovy:54)
	at com.kms.katalon.core.keyword.builtin.CallTestCaseKeyword.callTestCase(CallTestCaseKeyword.groovy:81)
	at com.kms.katalon.core.keyword.builtin.CallTestCaseKeyword.execute(CallTestCaseKeyword.groovy:45)
	at com.kms.katalon.core.keyword.internal.KeywordExecutor.executeKeywordForPlatform(KeywordExecutor.groovy:53)
	at com.kms.katalon.core.keyword.BuiltinKeywords.callTestCase(BuiltinKeywords.groovy:334)
	at sun.reflect.GeneratedMethodAccessor13.invoke(Unknown Source)
	at sun.reflect.DelegatingMethodAccessorImpl.invoke(DelegatingMethodAccessorImpl.java:43)
	at java.lang.reflect.Method.invoke(Method.java:498)
	at org.codehaus.groovy.reflection.CachedMethod.invoke(CachedMethod.java:93)
	at groovy.lang.MetaMethod.doMethodInvoke(MetaMethod.java:325)
	at groovy.lang.MetaClassImpl.invokeStaticMethod(MetaClassImpl.java:1469)
	at org.codehaus.groovy.runtime.callsite.StaticMetaClassSite.call(StaticMetaClassSite.java:53)
	at org.codehaus.groovy.runtime.callsite.CallSiteArray.defaultCall(CallSiteArray.java:48)
	at org.codehaus.groovy.runtime.callsite.AbstractCallSite.call(AbstractCallSite.java:113)
	at org.codehaus.groovy.runtime.callsite.AbstractCallSite.call(AbstractCallSite.java:141)
	at Script1543289523870.run(Script1543289523870.groovy:20)
	at com.kms.katalon.core.main.ScriptEngine.run(ScriptEngine.java:183)
	at com.kms.katalon.core.main.ScriptEngine.runScriptAsRawText(ScriptEngine.java:108)
	at com.kms.katalon.core.main.TestCaseExecutor.runScript(TestCaseExecutor.java:294)
	at com.kms.katalon.core.main.TestCaseExecutor.doExecute(TestCaseExecutor.java:285)
	at com.kms.katalon.core.main.TestCaseExecutor.processExecutionPhase(TestCaseExecutor.java:264)
	at com.kms.katalon.core.main.TestCaseExecutor.accessMainPhase(TestCaseExecutor.java:256)
	at com.kms.katalon.core.main.TestCaseExecutor.execute(TestCaseExecutor.java:200)
	at com.kms.katalon.core.main.TestSuiteExecutor.accessTestCaseMainPhase(TestSuiteExecutor.java:129)
	at com.kms.katalon.core.main.TestSuiteExecutor.accessTestSuiteMainPhase(TestSuiteExecutor.java:112)
	at com.kms.katalon.core.main.TestSuiteExecutor.execute(TestSuiteExecutor.java:81)
	at com.kms.katalon.core.main.TestCaseMain.startTestSuite(TestCaseMain.java:142)
	at com.kms.katalon.core.main.TestCaseMain$startTestSuite$0.call(Unknown Source)
	at org.codehaus.groovy.runtime.callsite.CallSiteArray.defaultCall(CallSiteArray.java:48)
	at org.codehaus.groovy.runtime.callsite.AbstractCallSite.call(AbstractCallSite.java:113)
	at org.codehaus.groovy.runtime.callsite.AbstractCallSite.call(AbstractCallSite.java:141)
	at TempTestSuite1543289564685.run(TempTestSuite1543289564685.groovy:36)
	at groovy.lang.GroovyShell.runScriptOrMainOrTestOrRunnable(GroovyShell.java:263)
	at groovy.lang.GroovyShell.run(GroovyShell.java:518)
	at groovy.lang.GroovyShell.run(GroovyShell.java:507)
	at groovy.ui.GroovyMain.processOnce(GroovyMain.java:653)
	at groovy.ui.GroovyMain.run(GroovyMain.java:384)
	at groovy.ui.GroovyMain.process(GroovyMain.java:370)
	at groovy.ui.GroovyMain.processArgs(GroovyMain.java:129)
	at groovy.ui.GroovyMain.main(GroovyMain.java:109)
	at sun.reflect.NativeMethodAccessorImpl.invoke0(Native Method)
	at sun.reflect.NativeMethodAccessorImpl.invoke(NativeMethodAccessorImpl.java:62)
	at sun.reflect.DelegatingMethodAccessorImpl.invoke(DelegatingMethodAccessorImpl.java:43)
	at java.lang.reflect.Method.invoke(Method.java:498)
	at org.codehaus.groovy.tools.GroovyStarter.rootLoader(GroovyStarter.java:109)
	at org.codehaus.groovy.tools.GroovyStarter.main(GroovyStarter.java:131)
)

2018-11-27 10:58:09 - [TEST_STEP][PASSED] - delay: Delayed 3 second(s)

2018-11-27 10:58:12 - [MESSAGE][PASSED] - Delayed 3 second(s)

2018-11-27 10:58:12 - [TEST_STEP][PASSED] - setText: Text 'BTE' is set on object 'Object Repository/Claim MV/Create Ticket/TXT_CALLER_NAME'

2018-11-27 10:58:12 - [MESSAGE][PASSED] - Text 'BTE' is set on object 'Object Repository/Claim MV/Create Ticket/TXT_CALLER_NAME'

2018-11-27 10:58:12 - [TEST_STEP][PASSED] - delay: Delayed 1 second(s)

2018-11-27 10:58:13 - [MESSAGE][PASSED] - Delayed 1 second(s)

2018-11-27 10:58:13 - [TEST_STEP][PASSED] - click: Object: 'Object Repository/Claim MV/Create Ticket/RDB_MALE' is clicked on

2018-11-27 10:58:13 - [MESSAGE][PASSED] - Object: 'Object Repository/Claim MV/Create Ticket/RDB_MALE' is clicked on

2018-11-27 10:58:13 - [TEST_STEP][PASSED] - delay: Delayed 1 second(s)

2018-11-27 10:58:14 - [MESSAGE][PASSED] - Delayed 1 second(s)

2018-11-27 10:58:14 - [TEST_STEP][PASSED] - setText: Text 'bte@mailinator.com' is set on object 'Object Repository/Claim MV/Create Ticket/TXT_EMAIL'

2018-11-27 10:58:15 - [MESSAGE][PASSED] - Text 'bte@mailinator.com' is set on object 'Object Repository/Claim MV/Create Ticket/TXT_EMAIL'

2018-11-27 10:58:15 - [TEST_STEP][PASSED] - delay: Delayed 1 second(s)

2018-11-27 10:58:16 - [MESSAGE][PASSED] - Delayed 1 second(s)

2018-11-27 10:58:16 - [TEST_STEP][PASSED] - click: Object: 'Object Repository/Claim MV/Create Ticket/EXP_RELATIONSHIP' is clicked on

2018-11-27 10:58:16 - [MESSAGE][PASSED] - Object: 'Object Repository/Claim MV/Create Ticket/EXP_RELATIONSHIP' is clicked on

2018-11-27 10:58:16 - [TEST_STEP][PASSED] - delay: Delayed 1 second(s)

2018-11-27 10:58:17 - [MESSAGE][PASSED] - Delayed 1 second(s)

2018-11-27 10:58:17 - [TEST_STEP][PASSED] - click: Object: 'Object Repository/Claim MV/Create Ticket/LST_RELATIONSHIP' is clicked on

2018-11-27 10:58:17 - [MESSAGE][PASSED] - Object: 'Object Repository/Claim MV/Create Ticket/LST_RELATIONSHIP' is clicked on

2018-11-27 10:58:17 - [TEST_STEP][PASSED] - delay: Delayed 1 second(s)

2018-11-27 10:58:18 - [MESSAGE][PASSED] - Delayed 1 second(s)

2018-11-27 10:58:18 - [TEST_STEP][PASSED] - setText: Text '62' is set on object 'Object Repository/Claim MV/Create Ticket/TXT_COUNTRY'

2018-11-27 10:58:19 - [MESSAGE][PASSED] - Text '62' is set on object 'Object Repository/Claim MV/Create Ticket/TXT_COUNTRY'

2018-11-27 10:58:19 - [TEST_STEP][PASSED] - delay: Delayed 1 second(s)

2018-11-27 10:58:20 - [MESSAGE][PASSED] - Delayed 1 second(s)

2018-11-27 10:58:20 - [TEST_STEP][PASSED] - setText: Text '21' is set on object 'Object Repository/Claim MV/Create Ticket/TXT_AREA_CODE'

2018-11-27 10:58:20 - [MESSAGE][PASSED] - Text '21' is set on object 'Object Repository/Claim MV/Create Ticket/TXT_AREA_CODE'

2018-11-27 10:58:20 - [TEST_STEP][PASSED] - delay: Delayed 1 second(s)

2018-11-27 10:58:21 - [MESSAGE][PASSED] - Delayed 1 second(s)

2018-11-27 10:58:21 - [TEST_STEP][PASSED] - setText: Text '232323' is set on object 'Object Repository/Claim MV/Create Ticket/TXT_PHONE_NUMBER'

2018-11-27 10:58:21 - [MESSAGE][PASSED] - Text '232323' is set on object 'Object Repository/Claim MV/Create Ticket/TXT_PHONE_NUMBER'

2018-11-27 10:58:21 - [TEST_STEP][PASSED] - delay: Delayed 1 second(s)

2018-11-27 10:58:22 - [MESSAGE][PASSED] - Delayed 1 second(s)

2018-11-27 10:58:22 - [TEST_STEP][PASSED] - click: Object: 'Object Repository/Claim MV/Create Ticket/BTN_NEXT_1' is clicked on

2018-11-27 10:58:22 - [MESSAGE][PASSED] - Object: 'Object Repository/Claim MV/Create Ticket/BTN_NEXT_1' is clicked on

2018-11-27 10:58:22 - [TEST_STEP][PASSED] - delay: Delayed 10 second(s)

2018-11-27 10:58:32 - [MESSAGE][PASSED] - Delayed 10 second(s)

2018-11-27 10:58:32 - [TEST_STEP][FAILED] - click: Unable to click on object 'Object Repository/Claim MV/Create Ticket/LST_CALLER_1' (Root cause: org.openqa.selenium.WebDriverException: unknown error: Element <tr data-bind="style: {height: $parent.rowHeight}, css: {active: $parent.isActive($index())}, singleOrDoubleClick: { delay: 500, click: function(data, event) { $parent.onClick(data, event, $index()) }, dblclick: function(data, event) { $parent.onDoubleClick(data, event, $index()) } }" class="" style="height: 26px;">...</tr> is not clickable at point (508, 205). Other element would receive the click: <div class="col-sm-offset-3 col-sm-6 col-md-offset-4 col-md-4 col-xs-12" style="border-radius:15px;padding:15px;background-color:white;border:1px solid grey;top:75px">...</div>
  (Session info: chrome=70.0.3538.102)
  (Driver info: chromedriver=2.43.600210 (68dcf5eebde37173d4027fa8635e332711d2874a),platform=Windows NT 10.0.16299 x86_64) (WARNING: The server did not provide any stacktrace information)
Command duration or timeout: 0 milliseconds
Build info: version: '3.7.1', revision: '8a0099a', time: '2017-11-06T21:07:36.161Z'
System info: host: 'SMHONB17D34BTE', ip: '10.242.10.118', os.name: 'Windows 10', os.arch: 'amd64', os.version: '10.0', java.version: '1.8.0_181'
Driver info: com.kms.katalon.selenium.driver.CChromeDriver
Capabilities {acceptInsecureCerts: false, acceptSslCerts: false, applicationCacheEnabled: false, browserConnectionEnabled: false, browserName: chrome, chrome: {chromedriverVersion: 2.43.600210 (68dcf5eebde371..., userDataDir: C:\Users\bte\AppData\Local\...}, cssSelectorsEnabled: true, databaseEnabled: false, goog:chromeOptions: {debuggerAddress: localhost:64632}, handlesAlerts: true, hasTouchScreen: false, javascriptEnabled: true, locationContextEnabled: true, mobileEmulationEnabled: false, nativeEvents: true, networkConnectionEnabled: false, pageLoadStrategy: normal, platform: XP, platformName: XP, rotatable: false, setWindowRect: true, takesHeapSnapshot: true, takesScreenshot: true, unexpectedAlertBehaviour: , unhandledPromptBehavior: , version: 70.0.3538.102, webStorageEnabled: true}
Session ID: 060f0ae25f62d15d42bd38a720525f61)

2018-11-27 10:58:34 - [MESSAGE][FAILED] - Unable to click on object 'Object Repository/Claim MV/Create Ticket/LST_CALLER_1' (Root cause: org.openqa.selenium.WebDriverException: unknown error: Element <tr data-bind="style: {height: $parent.rowHeight}, css: {active: $parent.isActive($index())}, singleOrDoubleClick: { delay: 500, click: function(data, event) { $parent.onClick(data, event, $index()) }, dblclick: function(data, event) { $parent.onDoubleClick(data, event, $index()) } }" class="" style="height: 26px;">...</tr> is not clickable at point (508, 205). Other element would receive the click: <div class="col-sm-offset-3 col-sm-6 col-md-offset-4 col-md-4 col-xs-12" style="border-radius:15px;padding:15px;background-color:white;border:1px solid grey;top:75px">...</div>
  (Session info: chrome=70.0.3538.102)
  (Driver info: chromedriver=2.43.600210 (68dcf5eebde37173d4027fa8635e332711d2874a),platform=Windows NT 10.0.16299 x86_64) (WARNING: The server did not provide any stacktrace information)
Command duration or timeout: 0 milliseconds
Build info: version: '3.7.1', revision: '8a0099a', time: '2017-11-06T21:07:36.161Z'
System info: host: 'SMHONB17D34BTE', ip: '10.242.10.118', os.name: 'Windows 10', os.arch: 'amd64', os.version: '10.0', java.version: '1.8.0_181'
Driver info: com.kms.katalon.selenium.driver.CChromeDriver
Capabilities {acceptInsecureCerts: false, acceptSslCerts: false, applicationCacheEnabled: false, browserConnectionEnabled: false, browserName: chrome, chrome: {chromedriverVersion: 2.43.600210 (68dcf5eebde371..., userDataDir: C:\Users\bte\AppData\Local\...}, cssSelectorsEnabled: true, databaseEnabled: false, goog:chromeOptions: {debuggerAddress: localhost:64632}, handlesAlerts: true, hasTouchScreen: false, javascriptEnabled: true, locationContextEnabled: true, mobileEmulationEnabled: false, nativeEvents: true, networkConnectionEnabled: false, pageLoadStrategy: normal, platform: XP, platformName: XP, rotatable: false, setWindowRect: true, takesHeapSnapshot: true, takesScreenshot: true, unexpectedAlertBehaviour: , unhandledPromptBehavior: , version: 70.0.3538.102, webStorageEnabled: true}
Session ID: 060f0ae25f62d15d42bd38a720525f61)
[[ATTACHMENT|D:\\BTE\\Katalon Studio\\Garda Akses\\Reports\\Run All Claim MV\\20181127_103244\\1543291113744.png]]

2018-11-27 10:58:34 - [MESSAGE][FAILED] - Unable to call Test Case with id 'Test Cases/Screen/Create Ticket' (Root cause: Call Test Case 'Test Cases/Screen/Create Ticket' failed)]]></system-out>
         <system-err><![CDATA[2018-11-27 10:56:17 - [TEST_CASE][FAILED] - Test Cases/Scenario/Claim MV - In RO: Test Cases/Scenario/Claim MV - In RO FAILED because (of) (Stack trace: com.kms.katalon.core.exception.StepFailedException: Unable to click on object 'Object Repository/Claim MV/Create Ticket/LST_CALLER_1' (Root cause: org.openqa.selenium.WebDriverException: unknown error: Element <tr data-bind="style: {height: $parent.rowHeight}, css: {active: $parent.isActive($index())}, singleOrDoubleClick: { delay: 500, click: function(data, event) { $parent.onClick(data, event, $index()) }, dblclick: function(data, event) { $parent.onDoubleClick(data, event, $index()) } }" class="" style="height: 26px;">...</tr> is not clickable at point (508, 205). Other element would receive the click: <div class="col-sm-offset-3 col-sm-6 col-md-offset-4 col-md-4 col-xs-12" style="border-radius:15px;padding:15px;background-color:white;border:1px solid grey;top:75px">...</div>
  (Session info: chrome=70.0.3538.102)
  (Driver info: chromedriver=2.43.600210 (68dcf5eebde37173d4027fa8635e332711d2874a),platform=Windows NT 10.0.16299 x86_64) (WARNING: The server did not provide any stacktrace information)
Command duration or timeout: 0 milliseconds
Build info: version: '3.7.1', revision: '8a0099a', time: '2017-11-06T21:07:36.161Z'
System info: host: 'SMHONB17D34BTE', ip: '10.242.10.118', os.name: 'Windows 10', os.arch: 'amd64', os.version: '10.0', java.version: '1.8.0_181'
Driver info: com.kms.katalon.selenium.driver.CChromeDriver
Capabilities {acceptInsecureCerts: false, acceptSslCerts: false, applicationCacheEnabled: false, browserConnectionEnabled: false, browserName: chrome, chrome: {chromedriverVersion: 2.43.600210 (68dcf5eebde371..., userDataDir: C:\Users\bte\AppData\Local\...}, cssSelectorsEnabled: true, databaseEnabled: false, goog:chromeOptions: {debuggerAddress: localhost:64632}, handlesAlerts: true, hasTouchScreen: false, javascriptEnabled: true, locationContextEnabled: true, mobileEmulationEnabled: false, nativeEvents: true, networkConnectionEnabled: false, pageLoadStrategy: normal, platform: XP, platformName: XP, rotatable: false, setWindowRect: true, takesHeapSnapshot: true, takesScreenshot: true, unexpectedAlertBehaviour: , unhandledPromptBehavior: , version: 70.0.3538.102, webStorageEnabled: true}
Session ID: 060f0ae25f62d15d42bd38a720525f61)
	at com.kms.katalon.core.keyword.internal.KeywordMain.stepFailed(KeywordMain.groovy:36)
	at com.kms.katalon.core.webui.keyword.internal.WebUIKeywordMain.stepFailed(WebUIKeywordMain.groovy:65)
	at com.kms.katalon.core.webui.keyword.internal.WebUIKeywordMain.runKeyword(WebUIKeywordMain.groovy:27)
	at com.kms.katalon.core.webui.keyword.builtin.ClickKeyword.click(ClickKeyword.groovy:86)
	at com.kms.katalon.core.webui.keyword.builtin.ClickKeyword.execute(ClickKeyword.groovy:67)
	at com.kms.katalon.core.keyword.internal.KeywordExecutor.executeKeywordForPlatform(KeywordExecutor.groovy:53)
	at com.kms.katalon.core.webui.keyword.WebUiBuiltInKeywords.click(WebUiBuiltInKeywords.groovy:616)
	at com.kms.katalon.core.webui.keyword.WebUiBuiltInKeywords$click$2.call(Unknown Source)
	at Script1542943813551.run(Script1542943813551.groovy:54)
	at com.kms.katalon.core.main.ScriptEngine.run(ScriptEngine.java:183)
	at com.kms.katalon.core.main.ScriptEngine.runScriptAsRawText(ScriptEngine.java:108)
	at com.kms.katalon.core.main.TestCaseExecutor.runScript(TestCaseExecutor.java:294)
	at com.kms.katalon.core.main.TestCaseExecutor.doExecute(TestCaseExecutor.java:285)
	at com.kms.katalon.core.main.TestCaseExecutor.processExecutionPhase(TestCaseExecutor.java:264)
	at com.kms.katalon.core.main.TestCaseExecutor.accessMainPhase(TestCaseExecutor.java:256)
	at com.kms.katalon.core.main.TestCaseExecutor.execute(TestCaseExecutor.java:200)
	at com.kms.katalon.core.main.TestCaseMain.runTestCase(TestCaseMain.java:99)
	at com.kms.katalon.core.keyword.builtin.CallTestCaseKeyword$_callTestCase_closure1.doCall(CallTestCaseKeyword.groovy:60)
	at com.kms.katalon.core.keyword.builtin.CallTestCaseKeyword$_callTestCase_closure1.call(CallTestCaseKeyword.groovy)
	at com.kms.katalon.core.keyword.internal.KeywordMain.runKeyword(KeywordMain.groovy:54)
	at com.kms.katalon.core.keyword.builtin.CallTestCaseKeyword.callTestCase(CallTestCaseKeyword.groovy:81)
	at com.kms.katalon.core.keyword.builtin.CallTestCaseKeyword.execute(CallTestCaseKeyword.groovy:45)
	at com.kms.katalon.core.keyword.internal.KeywordExecutor.executeKeywordForPlatform(KeywordExecutor.groovy:53)
	at com.kms.katalon.core.keyword.BuiltinKeywords.callTestCase(BuiltinKeywords.groovy:334)
	at sun.reflect.GeneratedMethodAccessor13.invoke(Unknown Source)
	at sun.reflect.DelegatingMethodAccessorImpl.invoke(DelegatingMethodAccessorImpl.java:43)
	at java.lang.reflect.Method.invoke(Method.java:498)
	at org.codehaus.groovy.reflection.CachedMethod.invoke(CachedMethod.java:93)
	at groovy.lang.MetaMethod.doMethodInvoke(MetaMethod.java:325)
	at groovy.lang.MetaClassImpl.invokeStaticMethod(MetaClassImpl.java:1469)
	at org.codehaus.groovy.runtime.callsite.StaticMetaClassSite.call(StaticMetaClassSite.java:53)
	at org.codehaus.groovy.runtime.callsite.CallSiteArray.defaultCall(CallSiteArray.java:48)
	at org.codehaus.groovy.runtime.callsite.AbstractCallSite.call(AbstractCallSite.java:113)
	at org.codehaus.groovy.runtime.callsite.AbstractCallSite.call(AbstractCallSite.java:141)
	at Script1543289523870.run(Script1543289523870.groovy:20)
	at com.kms.katalon.core.main.ScriptEngine.run(ScriptEngine.java:183)
	at com.kms.katalon.core.main.ScriptEngine.runScriptAsRawText(ScriptEngine.java:108)
	at com.kms.katalon.core.main.TestCaseExecutor.runScript(TestCaseExecutor.java:294)
	at com.kms.katalon.core.main.TestCaseExecutor.doExecute(TestCaseExecutor.java:285)
	at com.kms.katalon.core.main.TestCaseExecutor.processExecutionPhase(TestCaseExecutor.java:264)
	at com.kms.katalon.core.main.TestCaseExecutor.accessMainPhase(TestCaseExecutor.java:256)
	at com.kms.katalon.core.main.TestCaseExecutor.execute(TestCaseExecutor.java:200)
	at com.kms.katalon.core.main.TestSuiteExecutor.accessTestCaseMainPhase(TestSuiteExecutor.java:129)
	at com.kms.katalon.core.main.TestSuiteExecutor.accessTestSuiteMainPhase(TestSuiteExecutor.java:112)
	at com.kms.katalon.core.main.TestSuiteExecutor.execute(TestSuiteExecutor.java:81)
	at com.kms.katalon.core.main.TestCaseMain.startTestSuite(TestCaseMain.java:142)
	at com.kms.katalon.core.main.TestCaseMain$startTestSuite$0.call(Unknown Source)
	at org.codehaus.groovy.runtime.callsite.CallSiteArray.defaultCall(CallSiteArray.java:48)
	at org.codehaus.groovy.runtime.callsite.AbstractCallSite.call(AbstractCallSite.java:113)
	at org.codehaus.groovy.runtime.callsite.AbstractCallSite.call(AbstractCallSite.java:141)
	at TempTestSuite1543289564685.run(TempTestSuite1543289564685.groovy:36)
	at groovy.lang.GroovyShell.runScriptOrMainOrTestOrRunnable(GroovyShell.java:263)
	at groovy.lang.GroovyShell.run(GroovyShell.java:518)
	at groovy.lang.GroovyShell.run(GroovyShell.java:507)
	at groovy.ui.GroovyMain.processOnce(GroovyMain.java:653)
	at groovy.ui.GroovyMain.run(GroovyMain.java:384)
	at groovy.ui.GroovyMain.process(GroovyMain.java:370)
	at groovy.ui.GroovyMain.processArgs(GroovyMain.java:129)
	at groovy.ui.GroovyMain.main(GroovyMain.java:109)
	at sun.reflect.NativeMethodAccessorImpl.invoke0(Native Method)
	at sun.reflect.NativeMethodAccessorImpl.invoke(NativeMethodAccessorImpl.java:62)
	at sun.reflect.DelegatingMethodAccessorImpl.invoke(DelegatingMethodAccessorImpl.java:43)
	at java.lang.reflect.Method.invoke(Method.java:498)
	at org.codehaus.groovy.tools.GroovyStarter.rootLoader(GroovyStarter.java:109)
	at org.codehaus.groovy.tools.GroovyStarter.main(GroovyStarter.java:131)
)]]></system-err>
      </testcase>
      <testcase name="Test Cases/Scenario/Claim MV - In Workshop" classname="Test Cases/Scenario/Claim MV - In Workshop" status="PASSED">
         <system-out><![CDATA[2018-11-27 10:58:34 - [TEST_CASE][PASSED] - Test Cases/Scenario/Claim MV - In Workshop: Test Cases/Scenario/Claim MV - In Workshop

2018-11-27 10:58:34 - [TEST_STEP][PASSED] - callTestCase: Call Test Case 'Test Cases/Screen/Login' successfully

2018-11-27 10:58:34 - [TEST_CASE][PASSED] - Test Cases/Screen/Login: Test Cases/Screen/Login

2018-11-27 10:58:34 - [TEST_STEP][PASSED] - openBrowser: Browser is opened with url: ''

2018-11-27 10:58:34 - [MESSAGE][WARNING] - A browser is already opened. Closing browser and opening a new one

2018-11-27 10:58:38 - [MESSAGE][PASSED] - Browser is opened with url: ''

2018-11-27 10:58:38 - [TEST_STEP][PASSED] - navigateToUrl: Navigate to 'https://gardaakses-qc.asuransiastra.com/gardaakses' successfully

2018-11-27 10:59:12 - [MESSAGE][PASSED] - Navigate to 'https://gardaakses-qc.asuransiastra.com/gardaakses' successfully

2018-11-27 10:59:12 - [TEST_STEP][PASSED] - delay: Delayed 1 second(s)

2018-11-27 10:59:13 - [MESSAGE][PASSED] - Delayed 1 second(s)

2018-11-27 10:59:13 - [TEST_STEP][PASSED] - setText: Text 'tdi' is set on object 'Object Repository/Login/TXT_USERID'

2018-11-27 10:59:13 - [MESSAGE][PASSED] - Text 'tdi' is set on object 'Object Repository/Login/TXT_USERID'

2018-11-27 10:59:13 - [TEST_STEP][PASSED] - delay: Delayed 1 second(s)

2018-11-27 10:59:14 - [MESSAGE][PASSED] - Delayed 1 second(s)

2018-11-27 10:59:14 - [TEST_STEP][PASSED] - setText: Text 'P@ssw0rd' is set on object 'Object Repository/Login/TXT_PASSWORD'

2018-11-27 10:59:15 - [MESSAGE][PASSED] - Text 'P@ssw0rd' is set on object 'Object Repository/Login/TXT_PASSWORD'

2018-11-27 10:59:15 - [TEST_STEP][PASSED] - delay: Delayed 1 second(s)

2018-11-27 10:59:16 - [MESSAGE][PASSED] - Delayed 1 second(s)

2018-11-27 10:59:16 - [TEST_STEP][PASSED] - click: Object: 'Object Repository/Login/BTN_MASUK' is clicked on

2018-11-27 10:59:16 - [MESSAGE][PASSED] - Object: 'Object Repository/Login/BTN_MASUK' is clicked on

2018-11-27 10:59:16 - [TEST_STEP][PASSED] - delay: Delayed 5 second(s)

2018-11-27 10:59:21 - [MESSAGE][PASSED] - Delayed 5 second(s)

2018-11-27 10:59:21 - [MESSAGE][PASSED] - Call Test Case 'Test Cases/Screen/Login' successfully

2018-11-27 10:59:21 - [TEST_STEP][PASSED] - callTestCase: Call Test Case 'Test Cases/Screen/Select Claim MV' successfully

2018-11-27 10:59:21 - [TEST_CASE][PASSED] - Test Cases/Screen/Select Claim MV: Test Cases/Screen/Select Claim MV

2018-11-27 10:59:21 - [TEST_STEP][PASSED] - delay: Delayed 1 second(s)

2018-11-27 10:59:22 - [MESSAGE][PASSED] - Delayed 1 second(s)

2018-11-27 10:59:22 - [TEST_STEP][PASSED] - click: Object: 'Object Repository/Home/HDR_SERVICE_TYPE' is clicked on

2018-11-27 10:59:22 - [MESSAGE][PASSED] - Object: 'Object Repository/Home/HDR_SERVICE_TYPE' is clicked on

2018-11-27 10:59:22 - [TEST_STEP][PASSED] - delay: Delayed 1 second(s)

2018-11-27 10:59:23 - [MESSAGE][PASSED] - Delayed 1 second(s)

2018-11-27 10:59:23 - [TEST_STEP][PASSED] - click: Object: 'Object Repository/Home/BTN_CLAIM_MV' is clicked on

2018-11-27 10:59:44 - [MESSAGE][PASSED] - Object: 'Object Repository/Home/BTN_CLAIM_MV' is clicked on

2018-11-27 10:59:44 - [TEST_STEP][PASSED] - delay: Delayed 20 second(s)

2018-11-27 11:00:04 - [MESSAGE][PASSED] - Delayed 20 second(s)

2018-11-27 11:00:04 - [MESSAGE][PASSED] - Call Test Case 'Test Cases/Screen/Select Claim MV' successfully

2018-11-27 11:00:04 - [TEST_STEP][PASSED] - callTestCase: Call Test Case 'Test Cases/Screen/Create Ticket' successfully

2018-11-27 11:00:04 - [TEST_CASE][PASSED] - Test Cases/Screen/Create Ticket: Test Cases/Screen/Create Ticket

2018-11-27 11:00:04 - [TEST_STEP][PASSED] - delay: Delayed 3 second(s)

2018-11-27 11:00:07 - [MESSAGE][PASSED] - Delayed 3 second(s)

2018-11-27 11:00:07 - [TEST_STEP][PASSED] - setText: Text 'BTE' is set on object 'Object Repository/Claim MV/Create Ticket/TXT_CALLER_NAME'

2018-11-27 11:00:07 - [MESSAGE][PASSED] - Text 'BTE' is set on object 'Object Repository/Claim MV/Create Ticket/TXT_CALLER_NAME'

2018-11-27 11:00:07 - [TEST_STEP][PASSED] - delay: Delayed 1 second(s)

2018-11-27 11:00:08 - [MESSAGE][PASSED] - Delayed 1 second(s)

2018-11-27 11:00:08 - [TEST_STEP][PASSED] - click: Object: 'Object Repository/Claim MV/Create Ticket/RDB_MALE' is clicked on

2018-11-27 11:00:08 - [MESSAGE][PASSED] - Object: 'Object Repository/Claim MV/Create Ticket/RDB_MALE' is clicked on

2018-11-27 11:00:08 - [TEST_STEP][PASSED] - delay: Delayed 1 second(s)

2018-11-27 11:00:09 - [MESSAGE][PASSED] - Delayed 1 second(s)

2018-11-27 11:00:09 - [TEST_STEP][PASSED] - setText: Text 'bte@mailinator.com' is set on object 'Object Repository/Claim MV/Create Ticket/TXT_EMAIL'

2018-11-27 11:00:10 - [MESSAGE][PASSED] - Text 'bte@mailinator.com' is set on object 'Object Repository/Claim MV/Create Ticket/TXT_EMAIL'

2018-11-27 11:00:10 - [TEST_STEP][PASSED] - delay: Delayed 1 second(s)

2018-11-27 11:00:11 - [MESSAGE][PASSED] - Delayed 1 second(s)

2018-11-27 11:00:11 - [TEST_STEP][PASSED] - click: Object: 'Object Repository/Claim MV/Create Ticket/EXP_RELATIONSHIP' is clicked on

2018-11-27 11:00:11 - [MESSAGE][PASSED] - Object: 'Object Repository/Claim MV/Create Ticket/EXP_RELATIONSHIP' is clicked on

2018-11-27 11:00:11 - [TEST_STEP][PASSED] - delay: Delayed 1 second(s)

2018-11-27 11:00:12 - [MESSAGE][PASSED] - Delayed 1 second(s)

2018-11-27 11:00:12 - [TEST_STEP][PASSED] - click: Object: 'Object Repository/Claim MV/Create Ticket/LST_RELATIONSHIP' is clicked on

2018-11-27 11:00:12 - [MESSAGE][PASSED] - Object: 'Object Repository/Claim MV/Create Ticket/LST_RELATIONSHIP' is clicked on

2018-11-27 11:00:12 - [TEST_STEP][PASSED] - delay: Delayed 1 second(s)

2018-11-27 11:00:13 - [MESSAGE][PASSED] - Delayed 1 second(s)

2018-11-27 11:00:13 - [TEST_STEP][PASSED] - setText: Text '62' is set on object 'Object Repository/Claim MV/Create Ticket/TXT_COUNTRY'

2018-11-27 11:00:14 - [MESSAGE][PASSED] - Text '62' is set on object 'Object Repository/Claim MV/Create Ticket/TXT_COUNTRY'

2018-11-27 11:00:14 - [TEST_STEP][PASSED] - delay: Delayed 1 second(s)

2018-11-27 11:00:15 - [MESSAGE][PASSED] - Delayed 1 second(s)

2018-11-27 11:00:15 - [TEST_STEP][PASSED] - setText: Text '21' is set on object 'Object Repository/Claim MV/Create Ticket/TXT_AREA_CODE'

2018-11-27 11:00:15 - [MESSAGE][PASSED] - Text '21' is set on object 'Object Repository/Claim MV/Create Ticket/TXT_AREA_CODE'

2018-11-27 11:00:15 - [TEST_STEP][PASSED] - delay: Delayed 1 second(s)

2018-11-27 11:00:16 - [MESSAGE][PASSED] - Delayed 1 second(s)

2018-11-27 11:00:16 - [TEST_STEP][PASSED] - setText: Text '232323' is set on object 'Object Repository/Claim MV/Create Ticket/TXT_PHONE_NUMBER'

2018-11-27 11:00:16 - [MESSAGE][PASSED] - Text '232323' is set on object 'Object Repository/Claim MV/Create Ticket/TXT_PHONE_NUMBER'

2018-11-27 11:00:16 - [TEST_STEP][PASSED] - delay: Delayed 1 second(s)

2018-11-27 11:00:17 - [MESSAGE][PASSED] - Delayed 1 second(s)

2018-11-27 11:00:17 - [TEST_STEP][PASSED] - click: Object: 'Object Repository/Claim MV/Create Ticket/BTN_NEXT_1' is clicked on

2018-11-27 11:00:17 - [MESSAGE][PASSED] - Object: 'Object Repository/Claim MV/Create Ticket/BTN_NEXT_1' is clicked on

2018-11-27 11:00:17 - [TEST_STEP][PASSED] - delay: Delayed 10 second(s)

2018-11-27 11:00:27 - [MESSAGE][PASSED] - Delayed 10 second(s)

2018-11-27 11:00:27 - [TEST_STEP][PASSED] - click: Object: 'Object Repository/Claim MV/Create Ticket/LST_CALLER_1' is clicked on

2018-11-27 11:00:28 - [MESSAGE][PASSED] - Object: 'Object Repository/Claim MV/Create Ticket/LST_CALLER_1' is clicked on

2018-11-27 11:00:28 - [TEST_STEP][PASSED] - delay: Delayed 1 second(s)

2018-11-27 11:00:29 - [MESSAGE][PASSED] - Delayed 1 second(s)

2018-11-27 11:00:29 - [TEST_STEP][PASSED] - click: Object: 'Object Repository/Claim MV/Create Ticket/BTN_NEXT_2' is clicked on

2018-11-27 11:00:29 - [MESSAGE][PASSED] - Object: 'Object Repository/Claim MV/Create Ticket/BTN_NEXT_2' is clicked on

2018-11-27 11:00:29 - [TEST_STEP][PASSED] - delay: Delayed 8 second(s)

2018-11-27 11:00:37 - [MESSAGE][PASSED] - Delayed 8 second(s)

2018-11-27 11:00:37 - [TEST_STEP][PASSED] - click: Object: 'Object Repository/Claim MV/Create Ticket/BTN_SAVE' is clicked on

2018-11-27 11:00:37 - [MESSAGE][PASSED] - Object: 'Object Repository/Claim MV/Create Ticket/BTN_SAVE' is clicked on

2018-11-27 11:00:37 - [TEST_STEP][PASSED] - delay: Delayed 3 second(s)

2018-11-27 11:00:40 - [MESSAGE][PASSED] - Delayed 3 second(s)

2018-11-27 11:00:40 - [TEST_STEP][PASSED] - click: Object: 'Object Repository/Claim MV/Create Ticket/BTN_SAVE_YES' is clicked on

2018-11-27 11:00:42 - [MESSAGE][PASSED] - Object: 'Object Repository/Claim MV/Create Ticket/BTN_SAVE_YES' is clicked on

2018-11-27 11:00:42 - [TEST_STEP][PASSED] - delay: Delayed 8 second(s)

2018-11-27 11:00:50 - [MESSAGE][PASSED] - Delayed 8 second(s)

2018-11-27 11:00:50 - [MESSAGE][PASSED] - Call Test Case 'Test Cases/Screen/Create Ticket' successfully

2018-11-27 11:00:50 - [TEST_STEP][PASSED] - callTestCase: Call Test Case 'Test Cases/Screen/Select Claim MV' successfully

2018-11-27 11:00:50 - [TEST_CASE][PASSED] - Test Cases/Screen/Select Claim MV: Test Cases/Screen/Select Claim MV

2018-11-27 11:00:50 - [TEST_STEP][PASSED] - delay: Delayed 1 second(s)

2018-11-27 11:00:51 - [MESSAGE][PASSED] - Delayed 1 second(s)

2018-11-27 11:00:51 - [TEST_STEP][PASSED] - click: Object: 'Object Repository/Home/HDR_SERVICE_TYPE' is clicked on

2018-11-27 11:00:51 - [MESSAGE][PASSED] - Object: 'Object Repository/Home/HDR_SERVICE_TYPE' is clicked on

2018-11-27 11:00:51 - [TEST_STEP][PASSED] - delay: Delayed 1 second(s)

2018-11-27 11:00:52 - [MESSAGE][PASSED] - Delayed 1 second(s)

2018-11-27 11:00:52 - [TEST_STEP][PASSED] - click: Object: 'Object Repository/Home/BTN_CLAIM_MV' is clicked on

2018-11-27 11:01:00 - [MESSAGE][PASSED] - Object: 'Object Repository/Home/BTN_CLAIM_MV' is clicked on

2018-11-27 11:01:00 - [TEST_STEP][PASSED] - delay: Delayed 20 second(s)

2018-11-27 11:01:20 - [MESSAGE][PASSED] - Delayed 20 second(s)

2018-11-27 11:01:20 - [MESSAGE][PASSED] - Call Test Case 'Test Cases/Screen/Select Claim MV' successfully

2018-11-27 11:01:20 - [TEST_STEP][PASSED] - callTestCase: Call Test Case 'Test Cases/Screen/Choose Customer' successfully

2018-11-27 11:01:20 - [TEST_CASE][PASSED] - Test Cases/Screen/Choose Customer: Test Cases/Screen/Choose Customer

2018-11-27 11:01:20 - [TEST_STEP][PASSED] - Statement - policyno = com.kms.katalon.core.testdata.TestDataFactory.findTestData(Policy).getValue(1, 1): Reading database data with query 'SELECT top 1 LTRIM(RTRIM(Policy_No)) AS policyno 
FROM aab.dbo.policy 
WHERE GETDATE() BETWEEN Period_From AND Period_To 
AND Policy_No LIKE '17000%' 
ORDER BY Effective_Date desc'

2018-11-27 11:01:20 - [TEST_STEP][PASSED] - delay: Delayed 1 second(s)

2018-11-27 11:01:21 - [MESSAGE][PASSED] - Delayed 1 second(s)

2018-11-27 11:01:21 - [TEST_STEP][PASSED] - click: Object: 'Object Repository/Claim MV/Choose Customer/EXP_SEARCH_BY_PARAMETER' is clicked on

2018-11-27 11:01:21 - [MESSAGE][PASSED] - Object: 'Object Repository/Claim MV/Choose Customer/EXP_SEARCH_BY_PARAMETER' is clicked on

2018-11-27 11:01:21 - [TEST_STEP][PASSED] - delay: Delayed 1 second(s)

2018-11-27 11:01:22 - [MESSAGE][PASSED] - Delayed 1 second(s)

2018-11-27 11:01:22 - [TEST_STEP][PASSED] - click: Object: 'Object Repository/Claim MV/Choose Customer/LST_SEARCH_BY_PARAMETER' is clicked on

2018-11-27 11:01:23 - [MESSAGE][PASSED] - Object: 'Object Repository/Claim MV/Choose Customer/LST_SEARCH_BY_PARAMETER' is clicked on

2018-11-27 11:01:23 - [TEST_STEP][PASSED] - delay: Delayed 1 second(s)

2018-11-27 11:01:24 - [MESSAGE][PASSED] - Delayed 1 second(s)

2018-11-27 11:01:24 - [TEST_STEP][PASSED] - setText: Text '1700010726' is set on object 'Object Repository/Claim MV/Choose Customer/TXT_SEARCH_BY_INPUT'

2018-11-27 11:01:24 - [MESSAGE][PASSED] - Text '1700010726' is set on object 'Object Repository/Claim MV/Choose Customer/TXT_SEARCH_BY_INPUT'

2018-11-27 11:01:24 - [TEST_STEP][PASSED] - delay: Delayed 1 second(s)

2018-11-27 11:01:25 - [MESSAGE][PASSED] - Delayed 1 second(s)

2018-11-27 11:01:25 - [TEST_STEP][PASSED] - click: Object: 'Object Repository/Claim MV/Choose Customer/BTN_SEARCH' is clicked on

2018-11-27 11:01:25 - [MESSAGE][PASSED] - Object: 'Object Repository/Claim MV/Choose Customer/BTN_SEARCH' is clicked on

2018-11-27 11:01:25 - [TEST_STEP][PASSED] - delay: Delayed 15 second(s)

2018-11-27 11:01:40 - [MESSAGE][PASSED] - Delayed 15 second(s)

2018-11-27 11:01:40 - [TEST_STEP][PASSED] - click: Object: 'Object Repository/Claim MV/Choose Customer/LST_POLICY_NUMBER' is clicked on

2018-11-27 11:01:40 - [MESSAGE][PASSED] - Object: 'Object Repository/Claim MV/Choose Customer/LST_POLICY_NUMBER' is clicked on

2018-11-27 11:01:40 - [TEST_STEP][PASSED] - delay: Delayed 1 second(s)

2018-11-27 11:01:41 - [MESSAGE][PASSED] - Delayed 1 second(s)

2018-11-27 11:01:41 - [TEST_STEP][PASSED] - click: Object: 'Object Repository/Claim MV/Choose Customer/BTN_NEXT' is clicked on

2018-11-27 11:01:42 - [MESSAGE][PASSED] - Object: 'Object Repository/Claim MV/Choose Customer/BTN_NEXT' is clicked on

2018-11-27 11:01:42 - [TEST_STEP][PASSED] - delay: Delayed 10 second(s)

2018-11-27 11:01:52 - [MESSAGE][PASSED] - Delayed 10 second(s)

2018-11-27 11:01:52 - [TEST_STEP][PASSED] - click: Object: 'Object Repository/Claim MV/Choose Customer/BTN_FINISH' is clicked on

2018-11-27 11:01:52 - [MESSAGE][PASSED] - Object: 'Object Repository/Claim MV/Choose Customer/BTN_FINISH' is clicked on

2018-11-27 11:01:52 - [TEST_STEP][PASSED] - delay: Delayed 2 second(s)

2018-11-27 11:01:54 - [MESSAGE][PASSED] - Delayed 2 second(s)

2018-11-27 11:01:54 - [TEST_STEP][PASSED] - click: Object: 'Object Repository/Claim MV/Choose Customer/BTN_YES' is clicked on

2018-11-27 11:02:14 - [MESSAGE][PASSED] - Object: 'Object Repository/Claim MV/Choose Customer/BTN_YES' is clicked on

2018-11-27 11:02:14 - [TEST_STEP][PASSED] - delay: Delayed 7 second(s)

2018-11-27 11:02:21 - [MESSAGE][PASSED] - Delayed 7 second(s)

2018-11-27 11:02:21 - [MESSAGE][PASSED] - Call Test Case 'Test Cases/Screen/Choose Customer' successfully

2018-11-27 11:02:21 - [TEST_STEP][PASSED] - callTestCase: Call Test Case 'Test Cases/Screen/Claim MV' successfully

2018-11-27 11:02:21 - [TEST_CASE][PASSED] - Test Cases/Screen/Claim MV: Test Cases/Screen/Claim MV

2018-11-27 11:02:21 - [TEST_STEP][PASSED] - delay: Delayed 1 second(s)

2018-11-27 11:02:22 - [MESSAGE][PASSED] - Delayed 1 second(s)

2018-11-27 11:02:22 - [TEST_STEP][PASSED] - Statement - surveydate = com.kms.katalon.core.testdata.TestDataFactory.findTestData(Holiday).getValue(1, 1): Reading database data with query 'SELECT 
CASE WHEN (SELECT COUNT(*) AS CheckHoliday FROM ( 
				SELECT CONVERT(VARCHAR,HolidayDate,103) AS HolidayDate FROM aab.dbo.Holiday A 
				WHERE A.ActiveStatusID = 1 
				AND A.RowStatus = 0 
				AND (SELECT CONVERT(VARCHAR,HolidayDate,103)) = (SELECT CONVERT(varchar,GETDATE()+1,103)) 
				AND (SELECT DATEPART(DW,GETDATE()+1)) IN (2,3,4,5,6) 
				) AS HOLIDAY 
			) = 0 
			THEN CONVERT(varchar,GETDATE()+1,103) 
	WHEN (SELECT COUNT(*) AS CheckHoliday FROM ( 
				SELECT CONVERT(VARCHAR,HolidayDate,103) AS HolidayDate FROM aab.dbo.Holiday A 
				WHERE A.ActiveStatusID = 1 
				AND A.RowStatus = 0 
				AND (SELECT CONVERT(VARCHAR,HolidayDate,103)) = (SELECT CONVERT(varchar,GETDATE()+2,103)) 
				AND (SELECT DATEPART(DW,GETDATE()+1)) IN (2,3,4,5,6) 
				) AS HOLIDAY 
			) = 0 
			THEN CONVERT(varchar,GETDATE()+2,103) 
	WHEN (SELECT COUNT(*) AS CheckHoliday FROM ( 
				SELECT CONVERT(VARCHAR,HolidayDate,103) AS HolidayDate FROM aab.dbo.Holiday A 
				WHERE A.ActiveStatusID = 1 
				AND A.RowStatus = 0 
				AND (SELECT CONVERT(VARCHAR,HolidayDate,103)) = (SELECT CONVERT(varchar,GETDATE()+3,103)) 
				AND (SELECT DATEPART(DW,GETDATE()+1)) IN (2,3,4,5,6) 
				) AS HOLIDAY 
			) = 0 
			THEN CONVERT(varchar,GETDATE()+3,103) 
END AS SurveySchedule;'

2018-11-27 11:02:23 - [TEST_STEP][PASSED] - Statement - day = surveydate.split("/")[0]: null

2018-11-27 11:02:23 - [TEST_STEP][PASSED] - click: Object: 'Object Repository/Claim MV/Claim MV/EXP_PRODUCT' is clicked on

2018-11-27 11:02:23 - [MESSAGE][PASSED] - Object: 'Object Repository/Claim MV/Claim MV/EXP_PRODUCT' is clicked on

2018-11-27 11:02:23 - [TEST_STEP][PASSED] - delay: Delayed 3 second(s)

2018-11-27 11:02:26 - [MESSAGE][PASSED] - Delayed 3 second(s)

2018-11-27 11:02:26 - [TEST_STEP][PASSED] - click: Object: 'Object Repository/Claim MV/Claim MV/LST_PRODUCT_GO' is clicked on

2018-11-27 11:02:27 - [MESSAGE][PASSED] - Object: 'Object Repository/Claim MV/Claim MV/LST_PRODUCT_GO' is clicked on

2018-11-27 11:02:27 - [TEST_STEP][PASSED] - delay: Delayed 3 second(s)

2018-11-27 11:02:30 - [MESSAGE][PASSED] - Delayed 3 second(s)

2018-11-27 11:02:30 - [TEST_STEP][PASSED] - click: Object: 'Object Repository/Claim MV/Claim MV/EXP_VEHICLE' is clicked on

2018-11-27 11:02:30 - [MESSAGE][PASSED] - Object: 'Object Repository/Claim MV/Claim MV/EXP_VEHICLE' is clicked on

2018-11-27 11:02:30 - [TEST_STEP][PASSED] - delay: Delayed 3 second(s)

2018-11-27 11:02:33 - [MESSAGE][PASSED] - Delayed 3 second(s)

2018-11-27 11:02:33 - [TEST_STEP][PASSED] - click: Object: 'Object Repository/Claim MV/Claim MV/LST_VEHICLE' is clicked on

2018-11-27 11:02:33 - [MESSAGE][PASSED] - Object: 'Object Repository/Claim MV/Claim MV/LST_VEHICLE' is clicked on

2018-11-27 11:02:33 - [TEST_STEP][PASSED] - delay: Delayed 5 second(s)

2018-11-27 11:02:38 - [MESSAGE][PASSED] - Delayed 5 second(s)

2018-11-27 11:02:38 - [TEST_STEP][PASSED] - Statement - driver = com.kms.katalon.core.webui.keyword.WebUiBuiltInKeywords.getAttribute(com.kms.katalon.core.testobject.ObjectRepository.findTestObject(Object Repository/Claim MV/Claim MV/TXT_DRIVER), "value"): Attribute 'value' of object 'Object Repository/Claim MV/Claim MV/TXT_DRIVER' is: 'NAME ON POLICY TAF0040474'

2018-11-27 11:02:38 - [MESSAGE][PASSED] - Attribute 'value' of object 'Object Repository/Claim MV/Claim MV/TXT_DRIVER' is: 'NAME ON POLICY TAF0040474'

2018-11-27 11:02:38 - [TEST_STEP][PASSED] - delay: Delayed 1 second(s)

2018-11-27 11:02:39 - [MESSAGE][PASSED] - Delayed 1 second(s)

2018-11-27 11:02:39 - [TEST_STEP][PASSED] - click: Object: 'Object Repository/Claim MV/Claim MV/EXP_SURVEY_TYPE' is clicked on

2018-11-27 11:02:39 - [MESSAGE][PASSED] - Object: 'Object Repository/Claim MV/Claim MV/EXP_SURVEY_TYPE' is clicked on

2018-11-27 11:02:39 - [TEST_STEP][PASSED] - delay: Delayed 1 second(s)

2018-11-27 11:02:40 - [MESSAGE][PASSED] - Delayed 1 second(s)

2018-11-27 11:02:40 - [TEST_STEP][PASSED] - click: Object: 'Object Repository/Claim MV/Claim MV/LST_SURVEY_TYPE' is clicked on

2018-11-27 11:02:41 - [MESSAGE][PASSED] - Object: 'Object Repository/Claim MV/Claim MV/LST_SURVEY_TYPE' is clicked on

2018-11-27 11:02:41 - [TEST_STEP][PASSED] - delay: Delayed 3 second(s)

2018-11-27 11:02:44 - [MESSAGE][PASSED] - Delayed 3 second(s)

2018-11-27 11:02:44 - [TEST_STEP][PASSED] - Statement - If (surveytype == "Survey-in"): Delayed 10 second(s)

2018-11-27 11:02:44 - [TEST_STEP][PASSED] - click: Object: 'Object Repository/Claim MV/Claim MV/BTN_SURVEY_IN_LOCATION' is clicked on

2018-11-27 11:02:44 - [MESSAGE][PASSED] - Object: 'Object Repository/Claim MV/Claim MV/BTN_SURVEY_IN_LOCATION' is clicked on

2018-11-27 11:02:44 - [TEST_STEP][PASSED] - delay: Delayed 3 second(s)

2018-11-27 11:02:47 - [MESSAGE][PASSED] - Delayed 3 second(s)

2018-11-27 11:02:47 - [TEST_STEP][PASSED] - click: Object: 'Object Repository/Claim MV/Claim MV/IN Location Detail/EXP_SEARCH_BY' is clicked on

2018-11-27 11:02:47 - [MESSAGE][PASSED] - Object: 'Object Repository/Claim MV/Claim MV/IN Location Detail/EXP_SEARCH_BY' is clicked on

2018-11-27 11:02:47 - [TEST_STEP][PASSED] - delay: Delayed 2 second(s)

2018-11-27 11:02:49 - [MESSAGE][PASSED] - Delayed 2 second(s)

2018-11-27 11:02:49 - [TEST_STEP][PASSED] - click: Object: 'Object Repository/Claim MV/Claim MV/IN Location Detail/LST_SEARCH_BY' is clicked on

2018-11-27 11:02:49 - [MESSAGE][PASSED] - Object: 'Object Repository/Claim MV/Claim MV/IN Location Detail/LST_SEARCH_BY' is clicked on

2018-11-27 11:02:49 - [TEST_STEP][PASSED] - delay: Delayed 1 second(s)

2018-11-27 11:02:50 - [MESSAGE][PASSED] - Delayed 1 second(s)

2018-11-27 11:02:50 - [TEST_STEP][PASSED] - Statement - If (surveylocation.toUpperCase() == "GARDA CENTER"): null

2018-11-27 11:02:50 - [TEST_STEP][PASSED] - Statement - Else If (surveylocation.toUpperCase() == "WORKSHOP"): Text 'auto 2000 sunter' is set on object 'Object Repository/Claim MV/Claim MV/IN Location Detail/TXT_SEARCH_BY_INPUT'

2018-11-27 11:02:50 - [TEST_STEP][PASSED] - Statement - locationname = "auto 2000 sunter": null

2018-11-27 11:02:50 - [TEST_STEP][PASSED] - setText: Text 'auto 2000 sunter' is set on object 'Object Repository/Claim MV/Claim MV/IN Location Detail/TXT_SEARCH_BY_INPUT'

2018-11-27 11:02:51 - [MESSAGE][PASSED] - Text 'auto 2000 sunter' is set on object 'Object Repository/Claim MV/Claim MV/IN Location Detail/TXT_SEARCH_BY_INPUT'

2018-11-27 11:02:51 - [TEST_STEP][PASSED] - click: Object: 'Object Repository/Claim MV/Claim MV/IN Location Detail/BTN_SEARCH' is clicked on

2018-11-27 11:02:51 - [MESSAGE][PASSED] - Object: 'Object Repository/Claim MV/Claim MV/IN Location Detail/BTN_SEARCH' is clicked on

2018-11-27 11:02:51 - [TEST_STEP][PASSED] - delay: Delayed 7 second(s)

2018-11-27 11:02:58 - [MESSAGE][PASSED] - Delayed 7 second(s)

2018-11-27 11:02:58 - [TEST_STEP][PASSED] - click: Object: 'Object Repository/Claim MV/Claim MV/IN Location Detail/LST_SEARCH_RESULT_1' is clicked on

2018-11-27 11:02:58 - [MESSAGE][PASSED] - Object: 'Object Repository/Claim MV/Claim MV/IN Location Detail/LST_SEARCH_RESULT_1' is clicked on

2018-11-27 11:02:59 - [TEST_STEP][PASSED] - delay: Delayed 1 second(s)

2018-11-27 11:03:00 - [MESSAGE][PASSED] - Delayed 1 second(s)

2018-11-27 11:03:00 - [TEST_STEP][PASSED] - click: Object: 'Object Repository/Claim MV/Claim MV/IN Location Detail/BTN_SELECT' is clicked on

2018-11-27 11:03:00 - [MESSAGE][PASSED] - Object: 'Object Repository/Claim MV/Claim MV/IN Location Detail/BTN_SELECT' is clicked on

2018-11-27 11:03:00 - [TEST_STEP][PASSED] - delay: Delayed 1 second(s)

2018-11-27 11:03:01 - [MESSAGE][PASSED] - Delayed 1 second(s)

2018-11-27 11:03:01 - [TEST_STEP][PASSED] - click: Object: 'Object Repository/Claim MV/Claim MV/BTN_SURVEY_SCHEDULE_IN' is clicked on

2018-11-27 11:03:01 - [MESSAGE][PASSED] - Object: 'Object Repository/Claim MV/Claim MV/BTN_SURVEY_SCHEDULE_IN' is clicked on

2018-11-27 11:03:01 - [TEST_STEP][PASSED] - delay: Delayed 1 second(s)

2018-11-27 11:03:02 - [MESSAGE][PASSED] - Delayed 1 second(s)

2018-11-27 11:03:02 - [TEST_STEP][PASSED] - click: Object: 'Object Repository/Claim MV/Claim MV/BTN_DAY_SURVEY' is clicked on

2018-11-27 11:03:02 - [MESSAGE][PASSED] - Object: 'Object Repository/Claim MV/Claim MV/BTN_DAY_SURVEY' is clicked on

2018-11-27 11:03:02 - [TEST_STEP][PASSED] - delay: Delayed 1 second(s)

2018-11-27 11:03:03 - [MESSAGE][PASSED] - Delayed 1 second(s)

2018-11-27 11:03:03 - [TEST_STEP][PASSED] - setText: Text 'locationaccident' is set on object 'Object Repository/Claim MV/Claim MV/TXT_LOCATION_ACCIDENT'

2018-11-27 11:03:04 - [MESSAGE][PASSED] - Text 'locationaccident' is set on object 'Object Repository/Claim MV/Claim MV/TXT_LOCATION_ACCIDENT'

2018-11-27 11:03:04 - [TEST_STEP][PASSED] - delay: Delayed 1 second(s)

2018-11-27 11:03:05 - [MESSAGE][PASSED] - Delayed 1 second(s)

2018-11-27 11:03:05 - [TEST_STEP][PASSED] - setText: Text 'accidentinfo' is set on object 'Object Repository/Claim MV/Claim MV/TXT_ACCIDENT_INFO'

2018-11-27 11:03:05 - [MESSAGE][PASSED] - Text 'accidentinfo' is set on object 'Object Repository/Claim MV/Claim MV/TXT_ACCIDENT_INFO'

2018-11-27 11:03:05 - [TEST_STEP][PASSED] - delay: Delayed 1 second(s)

2018-11-27 11:03:06 - [MESSAGE][PASSED] - Delayed 1 second(s)

2018-11-27 11:03:06 - [TEST_STEP][PASSED] - click: Object: 'Object Repository/Claim MV/Claim MV/EXP_CAUSE_LOSS' is clicked on

2018-11-27 11:03:06 - [MESSAGE][PASSED] - Object: 'Object Repository/Claim MV/Claim MV/EXP_CAUSE_LOSS' is clicked on

2018-11-27 11:03:06 - [TEST_STEP][PASSED] - delay: Delayed 1 second(s)

2018-11-27 11:03:07 - [MESSAGE][PASSED] - Delayed 1 second(s)

2018-11-27 11:03:07 - [TEST_STEP][PASSED] - click: Object: 'Object Repository/Claim MV/Claim MV/LST_CAUSE_DITABRAK' is clicked on

2018-11-27 11:03:08 - [MESSAGE][PASSED] - Object: 'Object Repository/Claim MV/Claim MV/LST_CAUSE_DITABRAK' is clicked on

2018-11-27 11:03:08 - [TEST_STEP][PASSED] - delay: Delayed 1 second(s)

2018-11-27 11:03:09 - [MESSAGE][PASSED] - Delayed 1 second(s)

2018-11-27 11:03:09 - [TEST_STEP][PASSED] - click: Object: 'Object Repository/Claim MV/Claim MV/CHK_SEND_SMS' is clicked on

2018-11-27 11:03:09 - [MESSAGE][PASSED] - Object: 'Object Repository/Claim MV/Claim MV/CHK_SEND_SMS' is clicked on

2018-11-27 11:03:09 - [TEST_STEP][PASSED] - delay: Delayed 1 second(s)

2018-11-27 11:03:10 - [MESSAGE][PASSED] - Delayed 1 second(s)

2018-11-27 11:03:10 - [TEST_STEP][PASSED] - click: Object: 'Object Repository/Claim MV/Claim MV/EXP_FU_STATUS' is clicked on

2018-11-27 11:03:10 - [MESSAGE][PASSED] - Object: 'Object Repository/Claim MV/Claim MV/EXP_FU_STATUS' is clicked on

2018-11-27 11:03:10 - [TEST_STEP][PASSED] - delay: Delayed 1 second(s)

2018-11-27 11:03:11 - [MESSAGE][PASSED] - Delayed 1 second(s)

2018-11-27 11:03:11 - [TEST_STEP][PASSED] - click: Object: 'Object Repository/Claim MV/Claim MV/LST_FU_CLOSE' is clicked on

2018-11-27 11:03:11 - [MESSAGE][PASSED] - Object: 'Object Repository/Claim MV/Claim MV/LST_FU_CLOSE' is clicked on

2018-11-27 11:03:11 - [TEST_STEP][PASSED] - delay: Delayed 1 second(s)

2018-11-27 11:03:12 - [MESSAGE][PASSED] - Delayed 1 second(s)

2018-11-27 11:03:12 - [TEST_STEP][PASSED] - setText: Text 'remarks' is set on object 'Object Repository/Claim MV/Claim MV/TXT_FU_REMARKS'

2018-11-27 11:03:13 - [MESSAGE][PASSED] - Text 'remarks' is set on object 'Object Repository/Claim MV/Claim MV/TXT_FU_REMARKS'

2018-11-27 11:03:13 - [TEST_STEP][PASSED] - delay: Delayed 1 second(s)

2018-11-27 11:03:14 - [MESSAGE][PASSED] - Delayed 1 second(s)

2018-11-27 11:03:14 - [TEST_STEP][PASSED] - click: Object: 'Object Repository/Claim MV/Claim MV/BTN_SAVE' is clicked on

2018-11-27 11:03:14 - [MESSAGE][PASSED] - Object: 'Object Repository/Claim MV/Claim MV/BTN_SAVE' is clicked on

2018-11-27 11:03:14 - [TEST_STEP][PASSED] - delay: Delayed 350 second(s)

2018-11-27 11:09:04 - [MESSAGE][PASSED] - Delayed 350 second(s)

2018-11-27 11:09:04 - [TEST_STEP][PASSED] - executeSQL.executeScript.checksurveyin: executeSQL.executeScript.checksurveyin is PASSED

2018-11-27 11:09:16 - [MESSAGE][PASSED] - executeSQL.executeScript.checksurveyin is PASSED

2018-11-27 11:09:16 - [TEST_STEP][PASSED] - delay: Delayed 1 second(s)

2018-11-27 11:09:17 - [MESSAGE][PASSED] - Delayed 1 second(s)

2018-11-27 11:09:17 - [TEST_STEP][PASSED] - Statement - If (surveylocation.toUpperCase() == "GARDA CENTER"): null

2018-11-27 11:09:17 - [TEST_STEP][PASSED] - Statement - Else If (surveylocation.toUpperCase() == "WORKSHOP"): Delayed 1 second(s)

2018-11-27 11:09:17 - [TEST_STEP][PASSED] - executeSQL.executeScript.checksurveyinws: executeSQL.executeScript.checksurveyinws is PASSED

2018-11-27 11:09:22 - [MESSAGE][PASSED] - executeSQL.executeScript.checksurveyinws is PASSED

2018-11-27 11:09:22 - [TEST_STEP][PASSED] - delay: Delayed 1 second(s)

2018-11-27 11:09:23 - [MESSAGE][PASSED] - Delayed 1 second(s)

2018-11-27 11:09:23 - [TEST_STEP][PASSED] - delay: Delayed 1 second(s)

2018-11-27 11:09:24 - [MESSAGE][PASSED] - Delayed 1 second(s)

2018-11-27 11:09:24 - [TEST_STEP][PASSED] - click: Object: 'Object Repository/Claim MV/Claim MV/BTN_SAVE_OK' is clicked on

2018-11-27 11:09:24 - [MESSAGE][PASSED] - Object: 'Object Repository/Claim MV/Claim MV/BTN_SAVE_OK' is clicked on

2018-11-27 11:09:24 - [TEST_STEP][PASSED] - delay: Delayed 10 second(s)

2018-11-27 11:09:34 - [MESSAGE][PASSED] - Delayed 10 second(s)

2018-11-27 11:09:34 - [MESSAGE][PASSED] - Call Test Case 'Test Cases/Screen/Claim MV' successfully

2018-11-27 11:09:34 - [TEST_STEP][PASSED] - callTestCase: Call Test Case 'Test Cases/Screen/Logout' successfully

2018-11-27 11:09:34 - [TEST_CASE][PASSED] - Test Cases/Screen/Logout: Test Cases/Screen/Logout

2018-11-27 11:09:34 - [TEST_STEP][PASSED] - delay: Delayed 1 second(s)

2018-11-27 11:09:35 - [MESSAGE][PASSED] - Delayed 1 second(s)

2018-11-27 11:09:35 - [TEST_STEP][PASSED] - click: Object: 'Object Repository/Home/LNK_USER' is clicked on

2018-11-27 11:09:35 - [MESSAGE][PASSED] - Object: 'Object Repository/Home/LNK_USER' is clicked on

2018-11-27 11:09:35 - [TEST_STEP][PASSED] - delay: Delayed 1 second(s)

2018-11-27 11:09:36 - [MESSAGE][PASSED] - Delayed 1 second(s)

2018-11-27 11:09:36 - [TEST_STEP][PASSED] - click: Object: 'Object Repository/Home/LNK_EXIT' is clicked on

2018-11-27 11:09:36 - [MESSAGE][PASSED] - Object: 'Object Repository/Home/LNK_EXIT' is clicked on

2018-11-27 11:09:36 - [TEST_STEP][PASSED] - delay: Delayed 1 second(s)

2018-11-27 11:09:37 - [MESSAGE][PASSED] - Delayed 1 second(s)

2018-11-27 11:09:37 - [TEST_STEP][PASSED] - click: Object: 'Object Repository/Home/BTN_EXIT_YES' is clicked on

2018-11-27 11:09:39 - [MESSAGE][PASSED] - Object: 'Object Repository/Home/BTN_EXIT_YES' is clicked on

2018-11-27 11:09:39 - [TEST_STEP][PASSED] - delay: Delayed 3 second(s)

2018-11-27 11:09:42 - [MESSAGE][PASSED] - Delayed 3 second(s)

2018-11-27 11:09:42 - [MESSAGE][PASSED] - Call Test Case 'Test Cases/Screen/Logout' successfully]]></system-out>
         <system-err><![CDATA[]]></system-err>
      </testcase>
      <testcase name="Test Cases/Scenario/Claim MV - Out Non Workshop" classname="Test Cases/Scenario/Claim MV - Out Non Workshop" status="ERROR">
         <error type="ERROR" message="Test Cases/Scenario/Claim MV - Out Non Workshop FAILED because (of) (Stack trace: com.kms.katalon.core.exception.StepErrorException: FORCEDSTOP
	at sun.reflect.NativeConstructorAccessorImpl.newInstance0(Native Method)
	at sun.reflect.NativeConstructorAccessorImpl.newInstance(NativeConstructorAccessorImpl.java:62)
	at sun.reflect.DelegatingConstructorAccessorImpl.newInstance(DelegatingConstructorAccessorImpl.java:45)
	at java.lang.reflect.Constructor.newInstance(Constructor.java:423)
	at org.codehaus.groovy.reflection.CachedConstructor.invoke(CachedConstructor.java:83)
	at org.codehaus.groovy.runtime.callsite.ConstructorSite$ConstructorSiteNoUnwrapNoCoerce.callConstructor(ConstructorSite.java:105)
	at org.codehaus.groovy.runtime.callsite.CallSiteArray.defaultCallConstructor(CallSiteArray.java:60)
	at org.codehaus.groovy.runtime.callsite.AbstractCallSite.callConstructor(AbstractCallSite.java:235)
	at org.codehaus.groovy.runtime.callsite.AbstractCallSite.callConstructor(AbstractCallSite.java:247)
	at forceStop.executeStop.FSTOP(executeStop.groovy:26)
	at forceStop.executeStop$FSTOP.call(Unknown Source)
	at org.codehaus.groovy.runtime.callsite.CallSiteArray.defaultCall(CallSiteArray.java:48)
	at org.codehaus.groovy.runtime.callsite.AbstractCallSite.call(AbstractCallSite.java:113)
	at org.codehaus.groovy.runtime.callsite.AbstractCallSite.call(AbstractCallSite.java:117)
	at executeSQL.executeScript.checkregionareaout(executeScript.groovy:260)
	at sun.reflect.NativeMethodAccessorImpl.invoke0(Native Method)
	at sun.reflect.NativeMethodAccessorImpl.invoke(NativeMethodAccessorImpl.java:62)
	at sun.reflect.DelegatingMethodAccessorImpl.invoke(DelegatingMethodAccessorImpl.java:43)
	at java.lang.reflect.Method.invoke(Method.java:498)
	at org.codehaus.groovy.reflection.CachedMethod.invoke(CachedMethod.java:93)
	at groovy.lang.MetaMethod.doMethodInvoke(MetaMethod.java:325)
	at groovy.lang.MetaClassImpl.invokeMethod(MetaClassImpl.java:1215)
	at groovy.lang.MetaClassImpl.invokeMethod(MetaClassImpl.java:1024)
	at groovy.lang.MetaClassImpl.invokeMethod(MetaClassImpl.java:812)
	at groovy.lang.DelegatingMetaClass.invokeMethod(DelegatingMetaClass.java:144)
	at executeSQL.executeScript.invokeMethod(executeScript.groovy)
	at com.kms.katalon.core.main.CustomKeywordDelegatingMetaClass.invokeStaticMethod(CustomKeywordDelegatingMetaClass.java:46)
	at org.codehaus.groovy.runtime.callsite.StaticMetaClassSite.call(StaticMetaClassSite.java:53)
	at org.codehaus.groovy.runtime.callsite.CallSiteArray.defaultCall(CallSiteArray.java:48)
	at org.codehaus.groovy.runtime.callsite.AbstractCallSite.call(AbstractCallSite.java:113)
	at org.codehaus.groovy.runtime.callsite.AbstractCallSite.call(AbstractCallSite.java:117)
	at Script1542944761693.run(Script1542944761693.groovy:189)
	at com.kms.katalon.core.main.ScriptEngine.run(ScriptEngine.java:183)
	at com.kms.katalon.core.main.ScriptEngine.runScriptAsRawText(ScriptEngine.java:108)
	at com.kms.katalon.core.main.TestCaseExecutor.runScript(TestCaseExecutor.java:294)
	at com.kms.katalon.core.main.TestCaseExecutor.doExecute(TestCaseExecutor.java:285)
	at com.kms.katalon.core.main.TestCaseExecutor.processExecutionPhase(TestCaseExecutor.java:264)
	at com.kms.katalon.core.main.TestCaseExecutor.accessMainPhase(TestCaseExecutor.java:256)
	at com.kms.katalon.core.main.TestCaseExecutor.execute(TestCaseExecutor.java:200)
	at com.kms.katalon.core.main.TestCaseMain.runTestCase(TestCaseMain.java:99)
	at com.kms.katalon.core.keyword.builtin.CallTestCaseKeyword$_callTestCase_closure1.doCall(CallTestCaseKeyword.groovy:60)
	at com.kms.katalon.core.keyword.builtin.CallTestCaseKeyword$_callTestCase_closure1.call(CallTestCaseKeyword.groovy)
	at com.kms.katalon.core.keyword.internal.KeywordMain.runKeyword(KeywordMain.groovy:54)
	at com.kms.katalon.core.keyword.builtin.CallTestCaseKeyword.callTestCase(CallTestCaseKeyword.groovy:81)
	at com.kms.katalon.core.keyword.builtin.CallTestCaseKeyword.execute(CallTestCaseKeyword.groovy:45)
	at com.kms.katalon.core.keyword.internal.KeywordExecutor.executeKeywordForPlatform(KeywordExecutor.groovy:53)
	at com.kms.katalon.core.keyword.BuiltinKeywords.callTestCase(BuiltinKeywords.groovy:334)
	at sun.reflect.GeneratedMethodAccessor13.invoke(Unknown Source)
	at sun.reflect.DelegatingMethodAccessorImpl.invoke(DelegatingMethodAccessorImpl.java:43)
	at java.lang.reflect.Method.invoke(Method.java:498)
	at org.codehaus.groovy.reflection.CachedMethod.invoke(CachedMethod.java:93)
	at groovy.lang.MetaMethod.doMethodInvoke(MetaMethod.java:325)
	at groovy.lang.MetaClassImpl.invokeStaticMethod(MetaClassImpl.java:1469)
	at org.codehaus.groovy.runtime.callsite.StaticMetaClassSite.call(StaticMetaClassSite.java:53)
	at org.codehaus.groovy.runtime.callsite.CallSiteArray.defaultCall(CallSiteArray.java:48)
	at org.codehaus.groovy.runtime.callsite.AbstractCallSite.call(AbstractCallSite.java:113)
	at org.codehaus.groovy.runtime.callsite.AbstractCallSite.call(AbstractCallSite.java:141)
	at Script1543232585374.run(Script1543232585374.groovy:26)
	at com.kms.katalon.core.main.ScriptEngine.run(ScriptEngine.java:183)
	at com.kms.katalon.core.main.ScriptEngine.runScriptAsRawText(ScriptEngine.java:108)
	at com.kms.katalon.core.main.TestCaseExecutor.runScript(TestCaseExecutor.java:294)
	at com.kms.katalon.core.main.TestCaseExecutor.doExecute(TestCaseExecutor.java:285)
	at com.kms.katalon.core.main.TestCaseExecutor.processExecutionPhase(TestCaseExecutor.java:264)
	at com.kms.katalon.core.main.TestCaseExecutor.accessMainPhase(TestCaseExecutor.java:256)
	at com.kms.katalon.core.main.TestCaseExecutor.execute(TestCaseExecutor.java:200)
	at com.kms.katalon.core.main.TestSuiteExecutor.accessTestCaseMainPhase(TestSuiteExecutor.java:129)
	at com.kms.katalon.core.main.TestSuiteExecutor.accessTestSuiteMainPhase(TestSuiteExecutor.java:112)
	at com.kms.katalon.core.main.TestSuiteExecutor.execute(TestSuiteExecutor.java:81)
	at com.kms.katalon.core.main.TestCaseMain.startTestSuite(TestCaseMain.java:142)
	at com.kms.katalon.core.main.TestCaseMain$startTestSuite$0.call(Unknown Source)
	at org.codehaus.groovy.runtime.callsite.CallSiteArray.defaultCall(CallSiteArray.java:48)
	at org.codehaus.groovy.runtime.callsite.AbstractCallSite.call(AbstractCallSite.java:113)
	at org.codehaus.groovy.runtime.callsite.AbstractCallSite.call(AbstractCallSite.java:141)
	at TempTestSuite1543289564685.run(TempTestSuite1543289564685.groovy:36)
	at groovy.lang.GroovyShell.runScriptOrMainOrTestOrRunnable(GroovyShell.java:263)
	at groovy.lang.GroovyShell.run(GroovyShell.java:518)
	at groovy.lang.GroovyShell.run(GroovyShell.java:507)
	at groovy.ui.GroovyMain.processOnce(GroovyMain.java:653)
	at groovy.ui.GroovyMain.run(GroovyMain.java:384)
	at groovy.ui.GroovyMain.process(GroovyMain.java:370)
	at groovy.ui.GroovyMain.processArgs(GroovyMain.java:129)
	at groovy.ui.GroovyMain.main(GroovyMain.java:109)
	at sun.reflect.NativeMethodAccessorImpl.invoke0(Native Method)
	at sun.reflect.NativeMethodAccessorImpl.invoke(NativeMethodAccessorImpl.java:62)
	at sun.reflect.DelegatingMethodAccessorImpl.invoke(DelegatingMethodAccessorImpl.java:43)
	at java.lang.reflect.Method.invoke(Method.java:498)
	at org.codehaus.groovy.tools.GroovyStarter.rootLoader(GroovyStarter.java:109)
	at org.codehaus.groovy.tools.GroovyStarter.main(GroovyStarter.java:131)
)"/>
         <system-out><![CDATA[2018-11-27 11:09:42 - [TEST_CASE][ERROR] - Test Cases/Scenario/Claim MV - Out Non Workshop: Test Cases/Scenario/Claim MV - Out Non Workshop FAILED because (of) (Stack trace: com.kms.katalon.core.exception.StepErrorException: FORCEDSTOP
	at sun.reflect.NativeConstructorAccessorImpl.newInstance0(Native Method)
	at sun.reflect.NativeConstructorAccessorImpl.newInstance(NativeConstructorAccessorImpl.java:62)
	at sun.reflect.DelegatingConstructorAccessorImpl.newInstance(DelegatingConstructorAccessorImpl.java:45)
	at java.lang.reflect.Constructor.newInstance(Constructor.java:423)
	at org.codehaus.groovy.reflection.CachedConstructor.invoke(CachedConstructor.java:83)
	at org.codehaus.groovy.runtime.callsite.ConstructorSite$ConstructorSiteNoUnwrapNoCoerce.callConstructor(ConstructorSite.java:105)
	at org.codehaus.groovy.runtime.callsite.CallSiteArray.defaultCallConstructor(CallSiteArray.java:60)
	at org.codehaus.groovy.runtime.callsite.AbstractCallSite.callConstructor(AbstractCallSite.java:235)
	at org.codehaus.groovy.runtime.callsite.AbstractCallSite.callConstructor(AbstractCallSite.java:247)
	at forceStop.executeStop.FSTOP(executeStop.groovy:26)
	at forceStop.executeStop$FSTOP.call(Unknown Source)
	at org.codehaus.groovy.runtime.callsite.CallSiteArray.defaultCall(CallSiteArray.java:48)
	at org.codehaus.groovy.runtime.callsite.AbstractCallSite.call(AbstractCallSite.java:113)
	at org.codehaus.groovy.runtime.callsite.AbstractCallSite.call(AbstractCallSite.java:117)
	at executeSQL.executeScript.checkregionareaout(executeScript.groovy:260)
	at sun.reflect.NativeMethodAccessorImpl.invoke0(Native Method)
	at sun.reflect.NativeMethodAccessorImpl.invoke(NativeMethodAccessorImpl.java:62)
	at sun.reflect.DelegatingMethodAccessorImpl.invoke(DelegatingMethodAccessorImpl.java:43)
	at java.lang.reflect.Method.invoke(Method.java:498)
	at org.codehaus.groovy.reflection.CachedMethod.invoke(CachedMethod.java:93)
	at groovy.lang.MetaMethod.doMethodInvoke(MetaMethod.java:325)
	at groovy.lang.MetaClassImpl.invokeMethod(MetaClassImpl.java:1215)
	at groovy.lang.MetaClassImpl.invokeMethod(MetaClassImpl.java:1024)
	at groovy.lang.MetaClassImpl.invokeMethod(MetaClassImpl.java:812)
	at groovy.lang.DelegatingMetaClass.invokeMethod(DelegatingMetaClass.java:144)
	at executeSQL.executeScript.invokeMethod(executeScript.groovy)
	at com.kms.katalon.core.main.CustomKeywordDelegatingMetaClass.invokeStaticMethod(CustomKeywordDelegatingMetaClass.java:46)
	at org.codehaus.groovy.runtime.callsite.StaticMetaClassSite.call(StaticMetaClassSite.java:53)
	at org.codehaus.groovy.runtime.callsite.CallSiteArray.defaultCall(CallSiteArray.java:48)
	at org.codehaus.groovy.runtime.callsite.AbstractCallSite.call(AbstractCallSite.java:113)
	at org.codehaus.groovy.runtime.callsite.AbstractCallSite.call(AbstractCallSite.java:117)
	at Script1542944761693.run(Script1542944761693.groovy:189)
	at com.kms.katalon.core.main.ScriptEngine.run(ScriptEngine.java:183)
	at com.kms.katalon.core.main.ScriptEngine.runScriptAsRawText(ScriptEngine.java:108)
	at com.kms.katalon.core.main.TestCaseExecutor.runScript(TestCaseExecutor.java:294)
	at com.kms.katalon.core.main.TestCaseExecutor.doExecute(TestCaseExecutor.java:285)
	at com.kms.katalon.core.main.TestCaseExecutor.processExecutionPhase(TestCaseExecutor.java:264)
	at com.kms.katalon.core.main.TestCaseExecutor.accessMainPhase(TestCaseExecutor.java:256)
	at com.kms.katalon.core.main.TestCaseExecutor.execute(TestCaseExecutor.java:200)
	at com.kms.katalon.core.main.TestCaseMain.runTestCase(TestCaseMain.java:99)
	at com.kms.katalon.core.keyword.builtin.CallTestCaseKeyword$_callTestCase_closure1.doCall(CallTestCaseKeyword.groovy:60)
	at com.kms.katalon.core.keyword.builtin.CallTestCaseKeyword$_callTestCase_closure1.call(CallTestCaseKeyword.groovy)
	at com.kms.katalon.core.keyword.internal.KeywordMain.runKeyword(KeywordMain.groovy:54)
	at com.kms.katalon.core.keyword.builtin.CallTestCaseKeyword.callTestCase(CallTestCaseKeyword.groovy:81)
	at com.kms.katalon.core.keyword.builtin.CallTestCaseKeyword.execute(CallTestCaseKeyword.groovy:45)
	at com.kms.katalon.core.keyword.internal.KeywordExecutor.executeKeywordForPlatform(KeywordExecutor.groovy:53)
	at com.kms.katalon.core.keyword.BuiltinKeywords.callTestCase(BuiltinKeywords.groovy:334)
	at sun.reflect.GeneratedMethodAccessor13.invoke(Unknown Source)
	at sun.reflect.DelegatingMethodAccessorImpl.invoke(DelegatingMethodAccessorImpl.java:43)
	at java.lang.reflect.Method.invoke(Method.java:498)
	at org.codehaus.groovy.reflection.CachedMethod.invoke(CachedMethod.java:93)
	at groovy.lang.MetaMethod.doMethodInvoke(MetaMethod.java:325)
	at groovy.lang.MetaClassImpl.invokeStaticMethod(MetaClassImpl.java:1469)
	at org.codehaus.groovy.runtime.callsite.StaticMetaClassSite.call(StaticMetaClassSite.java:53)
	at org.codehaus.groovy.runtime.callsite.CallSiteArray.defaultCall(CallSiteArray.java:48)
	at org.codehaus.groovy.runtime.callsite.AbstractCallSite.call(AbstractCallSite.java:113)
	at org.codehaus.groovy.runtime.callsite.AbstractCallSite.call(AbstractCallSite.java:141)
	at Script1543232585374.run(Script1543232585374.groovy:26)
	at com.kms.katalon.core.main.ScriptEngine.run(ScriptEngine.java:183)
	at com.kms.katalon.core.main.ScriptEngine.runScriptAsRawText(ScriptEngine.java:108)
	at com.kms.katalon.core.main.TestCaseExecutor.runScript(TestCaseExecutor.java:294)
	at com.kms.katalon.core.main.TestCaseExecutor.doExecute(TestCaseExecutor.java:285)
	at com.kms.katalon.core.main.TestCaseExecutor.processExecutionPhase(TestCaseExecutor.java:264)
	at com.kms.katalon.core.main.TestCaseExecutor.accessMainPhase(TestCaseExecutor.java:256)
	at com.kms.katalon.core.main.TestCaseExecutor.execute(TestCaseExecutor.java:200)
	at com.kms.katalon.core.main.TestSuiteExecutor.accessTestCaseMainPhase(TestSuiteExecutor.java:129)
	at com.kms.katalon.core.main.TestSuiteExecutor.accessTestSuiteMainPhase(TestSuiteExecutor.java:112)
	at com.kms.katalon.core.main.TestSuiteExecutor.execute(TestSuiteExecutor.java:81)
	at com.kms.katalon.core.main.TestCaseMain.startTestSuite(TestCaseMain.java:142)
	at com.kms.katalon.core.main.TestCaseMain$startTestSuite$0.call(Unknown Source)
	at org.codehaus.groovy.runtime.callsite.CallSiteArray.defaultCall(CallSiteArray.java:48)
	at org.codehaus.groovy.runtime.callsite.AbstractCallSite.call(AbstractCallSite.java:113)
	at org.codehaus.groovy.runtime.callsite.AbstractCallSite.call(AbstractCallSite.java:141)
	at TempTestSuite1543289564685.run(TempTestSuite1543289564685.groovy:36)
	at groovy.lang.GroovyShell.runScriptOrMainOrTestOrRunnable(GroovyShell.java:263)
	at groovy.lang.GroovyShell.run(GroovyShell.java:518)
	at groovy.lang.GroovyShell.run(GroovyShell.java:507)
	at groovy.ui.GroovyMain.processOnce(GroovyMain.java:653)
	at groovy.ui.GroovyMain.run(GroovyMain.java:384)
	at groovy.ui.GroovyMain.process(GroovyMain.java:370)
	at groovy.ui.GroovyMain.processArgs(GroovyMain.java:129)
	at groovy.ui.GroovyMain.main(GroovyMain.java:109)
	at sun.reflect.NativeMethodAccessorImpl.invoke0(Native Method)
	at sun.reflect.NativeMethodAccessorImpl.invoke(NativeMethodAccessorImpl.java:62)
	at sun.reflect.DelegatingMethodAccessorImpl.invoke(DelegatingMethodAccessorImpl.java:43)
	at java.lang.reflect.Method.invoke(Method.java:498)
	at org.codehaus.groovy.tools.GroovyStarter.rootLoader(GroovyStarter.java:109)
	at org.codehaus.groovy.tools.GroovyStarter.main(GroovyStarter.java:131)
)

2018-11-27 11:09:42 - [TEST_STEP][PASSED] - callTestCase: Call Test Case 'Test Cases/Screen/Login' successfully

2018-11-27 11:09:42 - [TEST_CASE][PASSED] - Test Cases/Screen/Login: Test Cases/Screen/Login

2018-11-27 11:09:42 - [TEST_STEP][PASSED] - openBrowser: Browser is opened with url: ''

2018-11-27 11:09:42 - [MESSAGE][WARNING] - A browser is already opened. Closing browser and opening a new one

2018-11-27 11:09:46 - [MESSAGE][PASSED] - Browser is opened with url: ''

2018-11-27 11:09:46 - [TEST_STEP][PASSED] - navigateToUrl: Navigate to 'https://gardaakses-qc.asuransiastra.com/gardaakses' successfully

2018-11-27 11:10:14 - [MESSAGE][PASSED] - Navigate to 'https://gardaakses-qc.asuransiastra.com/gardaakses' successfully

2018-11-27 11:10:14 - [TEST_STEP][PASSED] - delay: Delayed 1 second(s)

2018-11-27 11:10:15 - [MESSAGE][PASSED] - Delayed 1 second(s)

2018-11-27 11:10:15 - [TEST_STEP][PASSED] - setText: Text 'tdi' is set on object 'Object Repository/Login/TXT_USERID'

2018-11-27 11:10:15 - [MESSAGE][PASSED] - Text 'tdi' is set on object 'Object Repository/Login/TXT_USERID'

2018-11-27 11:10:15 - [TEST_STEP][PASSED] - delay: Delayed 1 second(s)

2018-11-27 11:10:16 - [MESSAGE][PASSED] - Delayed 1 second(s)

2018-11-27 11:10:16 - [TEST_STEP][PASSED] - setText: Text 'P@ssw0rd' is set on object 'Object Repository/Login/TXT_PASSWORD'

2018-11-27 11:10:17 - [MESSAGE][PASSED] - Text 'P@ssw0rd' is set on object 'Object Repository/Login/TXT_PASSWORD'

2018-11-27 11:10:17 - [TEST_STEP][PASSED] - delay: Delayed 1 second(s)

2018-11-27 11:10:18 - [MESSAGE][PASSED] - Delayed 1 second(s)

2018-11-27 11:10:18 - [TEST_STEP][PASSED] - click: Object: 'Object Repository/Login/BTN_MASUK' is clicked on

2018-11-27 11:10:18 - [MESSAGE][PASSED] - Object: 'Object Repository/Login/BTN_MASUK' is clicked on

2018-11-27 11:10:18 - [TEST_STEP][PASSED] - delay: Delayed 5 second(s)

2018-11-27 11:10:23 - [MESSAGE][PASSED] - Delayed 5 second(s)

2018-11-27 11:10:23 - [MESSAGE][PASSED] - Call Test Case 'Test Cases/Screen/Login' successfully

2018-11-27 11:10:23 - [TEST_STEP][PASSED] - callTestCase: Call Test Case 'Test Cases/Screen/Select Claim MV' successfully

2018-11-27 11:10:23 - [TEST_CASE][PASSED] - Test Cases/Screen/Select Claim MV: Test Cases/Screen/Select Claim MV

2018-11-27 11:10:23 - [TEST_STEP][PASSED] - delay: Delayed 1 second(s)

2018-11-27 11:10:24 - [MESSAGE][PASSED] - Delayed 1 second(s)

2018-11-27 11:10:24 - [TEST_STEP][PASSED] - click: Object: 'Object Repository/Home/HDR_SERVICE_TYPE' is clicked on

2018-11-27 11:10:52 - [MESSAGE][PASSED] - Object: 'Object Repository/Home/HDR_SERVICE_TYPE' is clicked on

2018-11-27 11:10:52 - [TEST_STEP][PASSED] - delay: Delayed 1 second(s)

2018-11-27 11:10:53 - [MESSAGE][PASSED] - Delayed 1 second(s)

2018-11-27 11:10:53 - [TEST_STEP][PASSED] - click: Object: 'Object Repository/Home/BTN_CLAIM_MV' is clicked on

2018-11-27 11:11:28 - [MESSAGE][PASSED] - Object: 'Object Repository/Home/BTN_CLAIM_MV' is clicked on

2018-11-27 11:11:28 - [TEST_STEP][PASSED] - delay: Delayed 20 second(s)

2018-11-27 11:11:48 - [MESSAGE][PASSED] - Delayed 20 second(s)

2018-11-27 11:11:48 - [MESSAGE][PASSED] - Call Test Case 'Test Cases/Screen/Select Claim MV' successfully

2018-11-27 11:11:48 - [TEST_STEP][PASSED] - callTestCase: Call Test Case 'Test Cases/Screen/Create Ticket' successfully

2018-11-27 11:11:48 - [TEST_CASE][PASSED] - Test Cases/Screen/Create Ticket: Test Cases/Screen/Create Ticket

2018-11-27 11:11:48 - [TEST_STEP][PASSED] - delay: Delayed 3 second(s)

2018-11-27 11:11:51 - [MESSAGE][PASSED] - Delayed 3 second(s)

2018-11-27 11:11:51 - [TEST_STEP][PASSED] - setText: Text 'BTE' is set on object 'Object Repository/Claim MV/Create Ticket/TXT_CALLER_NAME'

2018-11-27 11:11:52 - [MESSAGE][PASSED] - Text 'BTE' is set on object 'Object Repository/Claim MV/Create Ticket/TXT_CALLER_NAME'

2018-11-27 11:11:52 - [TEST_STEP][PASSED] - delay: Delayed 1 second(s)

2018-11-27 11:11:53 - [MESSAGE][PASSED] - Delayed 1 second(s)

2018-11-27 11:11:53 - [TEST_STEP][PASSED] - click: Object: 'Object Repository/Claim MV/Create Ticket/RDB_MALE' is clicked on

2018-11-27 11:11:53 - [MESSAGE][PASSED] - Object: 'Object Repository/Claim MV/Create Ticket/RDB_MALE' is clicked on

2018-11-27 11:11:53 - [TEST_STEP][PASSED] - delay: Delayed 1 second(s)

2018-11-27 11:11:54 - [MESSAGE][PASSED] - Delayed 1 second(s)

2018-11-27 11:11:54 - [TEST_STEP][PASSED] - setText: Text 'bte@mailinator.com' is set on object 'Object Repository/Claim MV/Create Ticket/TXT_EMAIL'

2018-11-27 11:11:54 - [MESSAGE][PASSED] - Text 'bte@mailinator.com' is set on object 'Object Repository/Claim MV/Create Ticket/TXT_EMAIL'

2018-11-27 11:11:54 - [TEST_STEP][PASSED] - delay: Delayed 1 second(s)

2018-11-27 11:11:55 - [MESSAGE][PASSED] - Delayed 1 second(s)

2018-11-27 11:11:55 - [TEST_STEP][PASSED] - click: Object: 'Object Repository/Claim MV/Create Ticket/EXP_RELATIONSHIP' is clicked on

2018-11-27 11:11:56 - [MESSAGE][PASSED] - Object: 'Object Repository/Claim MV/Create Ticket/EXP_RELATIONSHIP' is clicked on

2018-11-27 11:11:56 - [TEST_STEP][PASSED] - delay: Delayed 1 second(s)

2018-11-27 11:11:57 - [MESSAGE][PASSED] - Delayed 1 second(s)

2018-11-27 11:11:57 - [TEST_STEP][PASSED] - click: Object: 'Object Repository/Claim MV/Create Ticket/LST_RELATIONSHIP' is clicked on

2018-11-27 11:11:57 - [MESSAGE][PASSED] - Object: 'Object Repository/Claim MV/Create Ticket/LST_RELATIONSHIP' is clicked on

2018-11-27 11:11:57 - [TEST_STEP][PASSED] - delay: Delayed 1 second(s)

2018-11-27 11:11:58 - [MESSAGE][PASSED] - Delayed 1 second(s)

2018-11-27 11:11:58 - [TEST_STEP][PASSED] - setText: Text '62' is set on object 'Object Repository/Claim MV/Create Ticket/TXT_COUNTRY'

2018-11-27 11:11:58 - [MESSAGE][PASSED] - Text '62' is set on object 'Object Repository/Claim MV/Create Ticket/TXT_COUNTRY'

2018-11-27 11:11:58 - [TEST_STEP][PASSED] - delay: Delayed 1 second(s)

2018-11-27 11:11:59 - [MESSAGE][PASSED] - Delayed 1 second(s)

2018-11-27 11:11:59 - [TEST_STEP][PASSED] - setText: Text '21' is set on object 'Object Repository/Claim MV/Create Ticket/TXT_AREA_CODE'

2018-11-27 11:11:59 - [MESSAGE][PASSED] - Text '21' is set on object 'Object Repository/Claim MV/Create Ticket/TXT_AREA_CODE'

2018-11-27 11:11:59 - [TEST_STEP][PASSED] - delay: Delayed 1 second(s)

2018-11-27 11:12:00 - [MESSAGE][PASSED] - Delayed 1 second(s)

2018-11-27 11:12:00 - [TEST_STEP][PASSED] - setText: Text '232323' is set on object 'Object Repository/Claim MV/Create Ticket/TXT_PHONE_NUMBER'

2018-11-27 11:12:00 - [MESSAGE][PASSED] - Text '232323' is set on object 'Object Repository/Claim MV/Create Ticket/TXT_PHONE_NUMBER'

2018-11-27 11:12:00 - [TEST_STEP][PASSED] - delay: Delayed 1 second(s)

2018-11-27 11:12:01 - [MESSAGE][PASSED] - Delayed 1 second(s)

2018-11-27 11:12:01 - [TEST_STEP][PASSED] - click: Object: 'Object Repository/Claim MV/Create Ticket/BTN_NEXT_1' is clicked on

2018-11-27 11:12:02 - [MESSAGE][PASSED] - Object: 'Object Repository/Claim MV/Create Ticket/BTN_NEXT_1' is clicked on

2018-11-27 11:12:02 - [TEST_STEP][PASSED] - delay: Delayed 10 second(s)

2018-11-27 11:12:12 - [MESSAGE][PASSED] - Delayed 10 second(s)

2018-11-27 11:12:12 - [TEST_STEP][PASSED] - click: Object: 'Object Repository/Claim MV/Create Ticket/LST_CALLER_1' is clicked on

2018-11-27 11:12:12 - [MESSAGE][PASSED] - Object: 'Object Repository/Claim MV/Create Ticket/LST_CALLER_1' is clicked on

2018-11-27 11:12:12 - [TEST_STEP][PASSED] - delay: Delayed 1 second(s)

2018-11-27 11:12:13 - [MESSAGE][PASSED] - Delayed 1 second(s)

2018-11-27 11:12:13 - [TEST_STEP][PASSED] - click: Object: 'Object Repository/Claim MV/Create Ticket/BTN_NEXT_2' is clicked on

2018-11-27 11:12:13 - [MESSAGE][PASSED] - Object: 'Object Repository/Claim MV/Create Ticket/BTN_NEXT_2' is clicked on

2018-11-27 11:12:13 - [TEST_STEP][PASSED] - delay: Delayed 8 second(s)

2018-11-27 11:12:21 - [MESSAGE][PASSED] - Delayed 8 second(s)

2018-11-27 11:12:21 - [TEST_STEP][PASSED] - click: Object: 'Object Repository/Claim MV/Create Ticket/BTN_SAVE' is clicked on

2018-11-27 11:12:21 - [MESSAGE][PASSED] - Object: 'Object Repository/Claim MV/Create Ticket/BTN_SAVE' is clicked on

2018-11-27 11:12:21 - [TEST_STEP][PASSED] - delay: Delayed 3 second(s)

2018-11-27 11:12:24 - [MESSAGE][PASSED] - Delayed 3 second(s)

2018-11-27 11:12:24 - [TEST_STEP][PASSED] - click: Object: 'Object Repository/Claim MV/Create Ticket/BTN_SAVE_YES' is clicked on

2018-11-27 11:12:26 - [MESSAGE][PASSED] - Object: 'Object Repository/Claim MV/Create Ticket/BTN_SAVE_YES' is clicked on

2018-11-27 11:12:26 - [TEST_STEP][PASSED] - delay: Delayed 8 second(s)

2018-11-27 11:12:34 - [MESSAGE][PASSED] - Delayed 8 second(s)

2018-11-27 11:12:34 - [MESSAGE][PASSED] - Call Test Case 'Test Cases/Screen/Create Ticket' successfully

2018-11-27 11:12:34 - [TEST_STEP][PASSED] - callTestCase: Call Test Case 'Test Cases/Screen/Select Claim MV' successfully

2018-11-27 11:12:34 - [TEST_CASE][PASSED] - Test Cases/Screen/Select Claim MV: Test Cases/Screen/Select Claim MV

2018-11-27 11:12:34 - [TEST_STEP][PASSED] - delay: Delayed 1 second(s)

2018-11-27 11:12:35 - [MESSAGE][PASSED] - Delayed 1 second(s)

2018-11-27 11:12:35 - [TEST_STEP][PASSED] - click: Object: 'Object Repository/Home/HDR_SERVICE_TYPE' is clicked on

2018-11-27 11:12:35 - [MESSAGE][PASSED] - Object: 'Object Repository/Home/HDR_SERVICE_TYPE' is clicked on

2018-11-27 11:12:35 - [TEST_STEP][PASSED] - delay: Delayed 1 second(s)

2018-11-27 11:12:36 - [MESSAGE][PASSED] - Delayed 1 second(s)

2018-11-27 11:12:36 - [TEST_STEP][PASSED] - click: Object: 'Object Repository/Home/BTN_CLAIM_MV' is clicked on

2018-11-27 11:12:50 - [MESSAGE][PASSED] - Object: 'Object Repository/Home/BTN_CLAIM_MV' is clicked on

2018-11-27 11:12:50 - [TEST_STEP][PASSED] - delay: Delayed 20 second(s)

2018-11-27 11:13:10 - [MESSAGE][PASSED] - Delayed 20 second(s)

2018-11-27 11:13:10 - [MESSAGE][PASSED] - Call Test Case 'Test Cases/Screen/Select Claim MV' successfully

2018-11-27 11:13:10 - [TEST_STEP][PASSED] - callTestCase: Call Test Case 'Test Cases/Screen/Choose Customer' successfully

2018-11-27 11:13:10 - [TEST_CASE][PASSED] - Test Cases/Screen/Choose Customer: Test Cases/Screen/Choose Customer

2018-11-27 11:13:10 - [TEST_STEP][PASSED] - Statement - policyno = com.kms.katalon.core.testdata.TestDataFactory.findTestData(Policy).getValue(1, 1): Reading database data with query 'SELECT top 1 LTRIM(RTRIM(Policy_No)) AS policyno 
FROM aab.dbo.policy 
WHERE GETDATE() BETWEEN Period_From AND Period_To 
AND Policy_No LIKE '17000%' 
ORDER BY Effective_Date desc'

2018-11-27 11:13:10 - [TEST_STEP][PASSED] - delay: Delayed 1 second(s)

2018-11-27 11:13:11 - [MESSAGE][PASSED] - Delayed 1 second(s)

2018-11-27 11:13:11 - [TEST_STEP][PASSED] - click: Object: 'Object Repository/Claim MV/Choose Customer/EXP_SEARCH_BY_PARAMETER' is clicked on

2018-11-27 11:13:12 - [MESSAGE][PASSED] - Object: 'Object Repository/Claim MV/Choose Customer/EXP_SEARCH_BY_PARAMETER' is clicked on

2018-11-27 11:13:12 - [TEST_STEP][PASSED] - delay: Delayed 1 second(s)

2018-11-27 11:13:13 - [MESSAGE][PASSED] - Delayed 1 second(s)

2018-11-27 11:13:13 - [TEST_STEP][PASSED] - click: Object: 'Object Repository/Claim MV/Choose Customer/LST_SEARCH_BY_PARAMETER' is clicked on

2018-11-27 11:13:13 - [MESSAGE][PASSED] - Object: 'Object Repository/Claim MV/Choose Customer/LST_SEARCH_BY_PARAMETER' is clicked on

2018-11-27 11:13:13 - [TEST_STEP][PASSED] - delay: Delayed 1 second(s)

2018-11-27 11:13:14 - [MESSAGE][PASSED] - Delayed 1 second(s)

2018-11-27 11:13:14 - [TEST_STEP][PASSED] - setText: Text '1700010726' is set on object 'Object Repository/Claim MV/Choose Customer/TXT_SEARCH_BY_INPUT'

2018-11-27 11:13:14 - [MESSAGE][PASSED] - Text '1700010726' is set on object 'Object Repository/Claim MV/Choose Customer/TXT_SEARCH_BY_INPUT'

2018-11-27 11:13:14 - [TEST_STEP][PASSED] - delay: Delayed 1 second(s)

2018-11-27 11:13:15 - [MESSAGE][PASSED] - Delayed 1 second(s)

2018-11-27 11:13:15 - [TEST_STEP][PASSED] - click: Object: 'Object Repository/Claim MV/Choose Customer/BTN_SEARCH' is clicked on

2018-11-27 11:13:15 - [MESSAGE][PASSED] - Object: 'Object Repository/Claim MV/Choose Customer/BTN_SEARCH' is clicked on

2018-11-27 11:13:15 - [TEST_STEP][PASSED] - delay: Delayed 15 second(s)

2018-11-27 11:13:30 - [MESSAGE][PASSED] - Delayed 15 second(s)

2018-11-27 11:13:30 - [TEST_STEP][PASSED] - click: Object: 'Object Repository/Claim MV/Choose Customer/LST_POLICY_NUMBER' is clicked on

2018-11-27 11:13:31 - [MESSAGE][PASSED] - Object: 'Object Repository/Claim MV/Choose Customer/LST_POLICY_NUMBER' is clicked on

2018-11-27 11:13:31 - [TEST_STEP][PASSED] - delay: Delayed 1 second(s)

2018-11-27 11:13:32 - [MESSAGE][PASSED] - Delayed 1 second(s)

2018-11-27 11:13:32 - [TEST_STEP][PASSED] - click: Object: 'Object Repository/Claim MV/Choose Customer/BTN_NEXT' is clicked on

2018-11-27 11:13:32 - [MESSAGE][PASSED] - Object: 'Object Repository/Claim MV/Choose Customer/BTN_NEXT' is clicked on

2018-11-27 11:13:32 - [TEST_STEP][PASSED] - delay: Delayed 10 second(s)

2018-11-27 11:13:42 - [MESSAGE][PASSED] - Delayed 10 second(s)

2018-11-27 11:13:42 - [TEST_STEP][PASSED] - click: Object: 'Object Repository/Claim MV/Choose Customer/BTN_FINISH' is clicked on

2018-11-27 11:13:42 - [MESSAGE][PASSED] - Object: 'Object Repository/Claim MV/Choose Customer/BTN_FINISH' is clicked on

2018-11-27 11:13:42 - [TEST_STEP][PASSED] - delay: Delayed 2 second(s)

2018-11-27 11:13:44 - [MESSAGE][PASSED] - Delayed 2 second(s)

2018-11-27 11:13:44 - [TEST_STEP][PASSED] - click: Object: 'Object Repository/Claim MV/Choose Customer/BTN_YES' is clicked on

2018-11-27 11:13:49 - [MESSAGE][PASSED] - Object: 'Object Repository/Claim MV/Choose Customer/BTN_YES' is clicked on

2018-11-27 11:13:49 - [TEST_STEP][PASSED] - delay: Delayed 7 second(s)

2018-11-27 11:13:56 - [MESSAGE][PASSED] - Delayed 7 second(s)

2018-11-27 11:13:56 - [MESSAGE][PASSED] - Call Test Case 'Test Cases/Screen/Choose Customer' successfully

2018-11-27 11:13:56 - [TEST_STEP][FAILED] - callTestCase: Unable to call Test Case with id 'Test Cases/Screen/Claim MV' (Root cause: Call Test Case 'Test Cases/Screen/Claim MV' failed because of error(s))

2018-11-27 11:13:56 - [TEST_CASE][ERROR] - Test Cases/Screen/Claim MV: Test Cases/Screen/Claim MV FAILED because (of) (Stack trace: com.kms.katalon.core.exception.StepErrorException: FORCEDSTOP
	at sun.reflect.NativeConstructorAccessorImpl.newInstance0(Native Method)
	at sun.reflect.NativeConstructorAccessorImpl.newInstance(NativeConstructorAccessorImpl.java:62)
	at sun.reflect.DelegatingConstructorAccessorImpl.newInstance(DelegatingConstructorAccessorImpl.java:45)
	at java.lang.reflect.Constructor.newInstance(Constructor.java:423)
	at org.codehaus.groovy.reflection.CachedConstructor.invoke(CachedConstructor.java:83)
	at org.codehaus.groovy.runtime.callsite.ConstructorSite$ConstructorSiteNoUnwrapNoCoerce.callConstructor(ConstructorSite.java:105)
	at org.codehaus.groovy.runtime.callsite.CallSiteArray.defaultCallConstructor(CallSiteArray.java:60)
	at org.codehaus.groovy.runtime.callsite.AbstractCallSite.callConstructor(AbstractCallSite.java:235)
	at org.codehaus.groovy.runtime.callsite.AbstractCallSite.callConstructor(AbstractCallSite.java:247)
	at forceStop.executeStop.FSTOP(executeStop.groovy:26)
	at forceStop.executeStop$FSTOP.call(Unknown Source)
	at org.codehaus.groovy.runtime.callsite.CallSiteArray.defaultCall(CallSiteArray.java:48)
	at org.codehaus.groovy.runtime.callsite.AbstractCallSite.call(AbstractCallSite.java:113)
	at org.codehaus.groovy.runtime.callsite.AbstractCallSite.call(AbstractCallSite.java:117)
	at executeSQL.executeScript.checkregionareaout(executeScript.groovy:260)
	at sun.reflect.NativeMethodAccessorImpl.invoke0(Native Method)
	at sun.reflect.NativeMethodAccessorImpl.invoke(NativeMethodAccessorImpl.java:62)
	at sun.reflect.DelegatingMethodAccessorImpl.invoke(DelegatingMethodAccessorImpl.java:43)
	at java.lang.reflect.Method.invoke(Method.java:498)
	at org.codehaus.groovy.reflection.CachedMethod.invoke(CachedMethod.java:93)
	at groovy.lang.MetaMethod.doMethodInvoke(MetaMethod.java:325)
	at groovy.lang.MetaClassImpl.invokeMethod(MetaClassImpl.java:1215)
	at groovy.lang.MetaClassImpl.invokeMethod(MetaClassImpl.java:1024)
	at groovy.lang.MetaClassImpl.invokeMethod(MetaClassImpl.java:812)
	at groovy.lang.DelegatingMetaClass.invokeMethod(DelegatingMetaClass.java:144)
	at executeSQL.executeScript.invokeMethod(executeScript.groovy)
	at com.kms.katalon.core.main.CustomKeywordDelegatingMetaClass.invokeStaticMethod(CustomKeywordDelegatingMetaClass.java:46)
	at org.codehaus.groovy.runtime.callsite.StaticMetaClassSite.call(StaticMetaClassSite.java:53)
	at org.codehaus.groovy.runtime.callsite.CallSiteArray.defaultCall(CallSiteArray.java:48)
	at org.codehaus.groovy.runtime.callsite.AbstractCallSite.call(AbstractCallSite.java:113)
	at org.codehaus.groovy.runtime.callsite.AbstractCallSite.call(AbstractCallSite.java:117)
	at Script1542944761693.run(Script1542944761693.groovy:189)
	at com.kms.katalon.core.main.ScriptEngine.run(ScriptEngine.java:183)
	at com.kms.katalon.core.main.ScriptEngine.runScriptAsRawText(ScriptEngine.java:108)
	at com.kms.katalon.core.main.TestCaseExecutor.runScript(TestCaseExecutor.java:294)
	at com.kms.katalon.core.main.TestCaseExecutor.doExecute(TestCaseExecutor.java:285)
	at com.kms.katalon.core.main.TestCaseExecutor.processExecutionPhase(TestCaseExecutor.java:264)
	at com.kms.katalon.core.main.TestCaseExecutor.accessMainPhase(TestCaseExecutor.java:256)
	at com.kms.katalon.core.main.TestCaseExecutor.execute(TestCaseExecutor.java:200)
	at com.kms.katalon.core.main.TestCaseMain.runTestCase(TestCaseMain.java:99)
	at com.kms.katalon.core.keyword.builtin.CallTestCaseKeyword$_callTestCase_closure1.doCall(CallTestCaseKeyword.groovy:60)
	at com.kms.katalon.core.keyword.builtin.CallTestCaseKeyword$_callTestCase_closure1.call(CallTestCaseKeyword.groovy)
	at com.kms.katalon.core.keyword.internal.KeywordMain.runKeyword(KeywordMain.groovy:54)
	at com.kms.katalon.core.keyword.builtin.CallTestCaseKeyword.callTestCase(CallTestCaseKeyword.groovy:81)
	at com.kms.katalon.core.keyword.builtin.CallTestCaseKeyword.execute(CallTestCaseKeyword.groovy:45)
	at com.kms.katalon.core.keyword.internal.KeywordExecutor.executeKeywordForPlatform(KeywordExecutor.groovy:53)
	at com.kms.katalon.core.keyword.BuiltinKeywords.callTestCase(BuiltinKeywords.groovy:334)
	at sun.reflect.GeneratedMethodAccessor13.invoke(Unknown Source)
	at sun.reflect.DelegatingMethodAccessorImpl.invoke(DelegatingMethodAccessorImpl.java:43)
	at java.lang.reflect.Method.invoke(Method.java:498)
	at org.codehaus.groovy.reflection.CachedMethod.invoke(CachedMethod.java:93)
	at groovy.lang.MetaMethod.doMethodInvoke(MetaMethod.java:325)
	at groovy.lang.MetaClassImpl.invokeStaticMethod(MetaClassImpl.java:1469)
	at org.codehaus.groovy.runtime.callsite.StaticMetaClassSite.call(StaticMetaClassSite.java:53)
	at org.codehaus.groovy.runtime.callsite.CallSiteArray.defaultCall(CallSiteArray.java:48)
	at org.codehaus.groovy.runtime.callsite.AbstractCallSite.call(AbstractCallSite.java:113)
	at org.codehaus.groovy.runtime.callsite.AbstractCallSite.call(AbstractCallSite.java:141)
	at Script1543232585374.run(Script1543232585374.groovy:26)
	at com.kms.katalon.core.main.ScriptEngine.run(ScriptEngine.java:183)
	at com.kms.katalon.core.main.ScriptEngine.runScriptAsRawText(ScriptEngine.java:108)
	at com.kms.katalon.core.main.TestCaseExecutor.runScript(TestCaseExecutor.java:294)
	at com.kms.katalon.core.main.TestCaseExecutor.doExecute(TestCaseExecutor.java:285)
	at com.kms.katalon.core.main.TestCaseExecutor.processExecutionPhase(TestCaseExecutor.java:264)
	at com.kms.katalon.core.main.TestCaseExecutor.accessMainPhase(TestCaseExecutor.java:256)
	at com.kms.katalon.core.main.TestCaseExecutor.execute(TestCaseExecutor.java:200)
	at com.kms.katalon.core.main.TestSuiteExecutor.accessTestCaseMainPhase(TestSuiteExecutor.java:129)
	at com.kms.katalon.core.main.TestSuiteExecutor.accessTestSuiteMainPhase(TestSuiteExecutor.java:112)
	at com.kms.katalon.core.main.TestSuiteExecutor.execute(TestSuiteExecutor.java:81)
	at com.kms.katalon.core.main.TestCaseMain.startTestSuite(TestCaseMain.java:142)
	at com.kms.katalon.core.main.TestCaseMain$startTestSuite$0.call(Unknown Source)
	at org.codehaus.groovy.runtime.callsite.CallSiteArray.defaultCall(CallSiteArray.java:48)
	at org.codehaus.groovy.runtime.callsite.AbstractCallSite.call(AbstractCallSite.java:113)
	at org.codehaus.groovy.runtime.callsite.AbstractCallSite.call(AbstractCallSite.java:141)
	at TempTestSuite1543289564685.run(TempTestSuite1543289564685.groovy:36)
	at groovy.lang.GroovyShell.runScriptOrMainOrTestOrRunnable(GroovyShell.java:263)
	at groovy.lang.GroovyShell.run(GroovyShell.java:518)
	at groovy.lang.GroovyShell.run(GroovyShell.java:507)
	at groovy.ui.GroovyMain.processOnce(GroovyMain.java:653)
	at groovy.ui.GroovyMain.run(GroovyMain.java:384)
	at groovy.ui.GroovyMain.process(GroovyMain.java:370)
	at groovy.ui.GroovyMain.processArgs(GroovyMain.java:129)
	at groovy.ui.GroovyMain.main(GroovyMain.java:109)
	at sun.reflect.NativeMethodAccessorImpl.invoke0(Native Method)
	at sun.reflect.NativeMethodAccessorImpl.invoke(NativeMethodAccessorImpl.java:62)
	at sun.reflect.DelegatingMethodAccessorImpl.invoke(DelegatingMethodAccessorImpl.java:43)
	at java.lang.reflect.Method.invoke(Method.java:498)
	at org.codehaus.groovy.tools.GroovyStarter.rootLoader(GroovyStarter.java:109)
	at org.codehaus.groovy.tools.GroovyStarter.main(GroovyStarter.java:131)
)

2018-11-27 11:13:56 - [TEST_STEP][PASSED] - delay: Delayed 1 second(s)

2018-11-27 11:13:57 - [MESSAGE][PASSED] - Delayed 1 second(s)

2018-11-27 11:13:57 - [TEST_STEP][PASSED] - Statement - surveydate = com.kms.katalon.core.testdata.TestDataFactory.findTestData(Holiday).getValue(1, 1): Reading database data with query 'SELECT 
CASE WHEN (SELECT COUNT(*) AS CheckHoliday FROM ( 
				SELECT CONVERT(VARCHAR,HolidayDate,103) AS HolidayDate FROM aab.dbo.Holiday A 
				WHERE A.ActiveStatusID = 1 
				AND A.RowStatus = 0 
				AND (SELECT CONVERT(VARCHAR,HolidayDate,103)) = (SELECT CONVERT(varchar,GETDATE()+1,103)) 
				AND (SELECT DATEPART(DW,GETDATE()+1)) IN (2,3,4,5,6) 
				) AS HOLIDAY 
			) = 0 
			THEN CONVERT(varchar,GETDATE()+1,103) 
	WHEN (SELECT COUNT(*) AS CheckHoliday FROM ( 
				SELECT CONVERT(VARCHAR,HolidayDate,103) AS HolidayDate FROM aab.dbo.Holiday A 
				WHERE A.ActiveStatusID = 1 
				AND A.RowStatus = 0 
				AND (SELECT CONVERT(VARCHAR,HolidayDate,103)) = (SELECT CONVERT(varchar,GETDATE()+2,103)) 
				AND (SELECT DATEPART(DW,GETDATE()+1)) IN (2,3,4,5,6) 
				) AS HOLIDAY 
			) = 0 
			THEN CONVERT(varchar,GETDATE()+2,103) 
	WHEN (SELECT COUNT(*) AS CheckHoliday FROM ( 
				SELECT CONVERT(VARCHAR,HolidayDate,103) AS HolidayDate FROM aab.dbo.Holiday A 
				WHERE A.ActiveStatusID = 1 
				AND A.RowStatus = 0 
				AND (SELECT CONVERT(VARCHAR,HolidayDate,103)) = (SELECT CONVERT(varchar,GETDATE()+3,103)) 
				AND (SELECT DATEPART(DW,GETDATE()+1)) IN (2,3,4,5,6) 
				) AS HOLIDAY 
			) = 0 
			THEN CONVERT(varchar,GETDATE()+3,103) 
END AS SurveySchedule;'

2018-11-27 11:13:58 - [TEST_STEP][PASSED] - Statement - day = surveydate.split("/")[0]: null

2018-11-27 11:13:58 - [TEST_STEP][PASSED] - click: Object: 'Object Repository/Claim MV/Claim MV/EXP_PRODUCT' is clicked on

2018-11-27 11:13:59 - [MESSAGE][PASSED] - Object: 'Object Repository/Claim MV/Claim MV/EXP_PRODUCT' is clicked on

2018-11-27 11:13:59 - [TEST_STEP][PASSED] - delay: Delayed 3 second(s)

2018-11-27 11:14:02 - [MESSAGE][PASSED] - Delayed 3 second(s)

2018-11-27 11:14:02 - [TEST_STEP][PASSED] - click: Object: 'Object Repository/Claim MV/Claim MV/LST_PRODUCT_GO' is clicked on

2018-11-27 11:14:02 - [MESSAGE][PASSED] - Object: 'Object Repository/Claim MV/Claim MV/LST_PRODUCT_GO' is clicked on

2018-11-27 11:14:02 - [TEST_STEP][PASSED] - delay: Delayed 3 second(s)

2018-11-27 11:14:05 - [MESSAGE][PASSED] - Delayed 3 second(s)

2018-11-27 11:14:05 - [TEST_STEP][PASSED] - click: Object: 'Object Repository/Claim MV/Claim MV/EXP_VEHICLE' is clicked on

2018-11-27 11:14:05 - [MESSAGE][PASSED] - Object: 'Object Repository/Claim MV/Claim MV/EXP_VEHICLE' is clicked on

2018-11-27 11:14:05 - [TEST_STEP][PASSED] - delay: Delayed 3 second(s)

2018-11-27 11:14:08 - [MESSAGE][PASSED] - Delayed 3 second(s)

2018-11-27 11:14:08 - [TEST_STEP][PASSED] - click: Object: 'Object Repository/Claim MV/Claim MV/LST_VEHICLE' is clicked on

2018-11-27 11:14:08 - [MESSAGE][PASSED] - Object: 'Object Repository/Claim MV/Claim MV/LST_VEHICLE' is clicked on

2018-11-27 11:14:08 - [TEST_STEP][PASSED] - delay: Delayed 5 second(s)

2018-11-27 11:14:13 - [MESSAGE][PASSED] - Delayed 5 second(s)

2018-11-27 11:14:13 - [TEST_STEP][PASSED] - Statement - driver = com.kms.katalon.core.webui.keyword.WebUiBuiltInKeywords.getAttribute(com.kms.katalon.core.testobject.ObjectRepository.findTestObject(Object Repository/Claim MV/Claim MV/TXT_DRIVER), "value"): Attribute 'value' of object 'Object Repository/Claim MV/Claim MV/TXT_DRIVER' is: 'NAME ON POLICY TAF0040474'

2018-11-27 11:14:14 - [MESSAGE][PASSED] - Attribute 'value' of object 'Object Repository/Claim MV/Claim MV/TXT_DRIVER' is: 'NAME ON POLICY TAF0040474'

2018-11-27 11:14:14 - [TEST_STEP][PASSED] - delay: Delayed 1 second(s)

2018-11-27 11:14:15 - [MESSAGE][PASSED] - Delayed 1 second(s)

2018-11-27 11:14:15 - [TEST_STEP][PASSED] - click: Object: 'Object Repository/Claim MV/Claim MV/EXP_SURVEY_TYPE' is clicked on

2018-11-27 11:14:15 - [MESSAGE][PASSED] - Object: 'Object Repository/Claim MV/Claim MV/EXP_SURVEY_TYPE' is clicked on

2018-11-27 11:14:15 - [TEST_STEP][PASSED] - delay: Delayed 1 second(s)

2018-11-27 11:14:16 - [MESSAGE][PASSED] - Delayed 1 second(s)

2018-11-27 11:14:16 - [TEST_STEP][PASSED] - click: Object: 'Object Repository/Claim MV/Claim MV/LST_SURVEY_TYPE' is clicked on

2018-11-27 11:14:16 - [MESSAGE][PASSED] - Object: 'Object Repository/Claim MV/Claim MV/LST_SURVEY_TYPE' is clicked on

2018-11-27 11:14:16 - [TEST_STEP][PASSED] - delay: Delayed 3 second(s)

2018-11-27 11:14:19 - [MESSAGE][PASSED] - Delayed 3 second(s)

2018-11-27 11:14:19 - [TEST_STEP][PASSED] - Statement - If (surveytype == "Survey-in"): null

2018-11-27 11:14:19 - [TEST_STEP][ERROR] - Statement - Else If (surveytype == "Survey-out"): FORCEDSTOP

2018-11-27 11:14:19 - [TEST_STEP][PASSED] - Statement - If (surveylocation == "Workshop"): null

2018-11-27 11:14:19 - [TEST_STEP][PASSED] - Statement - Else If (surveylocation != "Workshop"): Delayed 3 second(s)

2018-11-27 11:14:19 - [TEST_STEP][PASSED] - click: Object: 'Object Repository/Claim MV/Claim MV/BTN_POSTAL_CODE' is clicked on

2018-11-27 11:14:19 - [MESSAGE][PASSED] - Object: 'Object Repository/Claim MV/Claim MV/BTN_POSTAL_CODE' is clicked on

2018-11-27 11:14:19 - [TEST_STEP][PASSED] - delay: Delayed 3 second(s)

2018-11-27 11:14:22 - [MESSAGE][PASSED] - Delayed 3 second(s)

2018-11-27 11:14:22 - [TEST_STEP][PASSED] - click: Object: 'Object Repository/Claim MV/Claim MV/OUT Postal Code/EXP_SEARCH_BY' is clicked on

2018-11-27 11:14:23 - [MESSAGE][PASSED] - Object: 'Object Repository/Claim MV/Claim MV/OUT Postal Code/EXP_SEARCH_BY' is clicked on

2018-11-27 11:14:23 - [TEST_STEP][PASSED] - delay: Delayed 1 second(s)

2018-11-27 11:14:24 - [MESSAGE][PASSED] - Delayed 1 second(s)

2018-11-27 11:14:24 - [TEST_STEP][PASSED] - click: Object: 'Object Repository/Claim MV/Claim MV/OUT Postal Code/LST_SEARCH_BY' is clicked on

2018-11-27 11:14:24 - [MESSAGE][PASSED] - Object: 'Object Repository/Claim MV/Claim MV/OUT Postal Code/LST_SEARCH_BY' is clicked on

2018-11-27 11:14:24 - [TEST_STEP][PASSED] - delay: Delayed 1 second(s)

2018-11-27 11:14:25 - [MESSAGE][PASSED] - Delayed 1 second(s)

2018-11-27 11:14:25 - [TEST_STEP][PASSED] - setText: Text '12270' is set on object 'Object Repository/Claim MV/Claim MV/OUT Postal Code/TXT_SEARCH_BY_INPUT'

2018-11-27 11:14:25 - [MESSAGE][PASSED] - Text '12270' is set on object 'Object Repository/Claim MV/Claim MV/OUT Postal Code/TXT_SEARCH_BY_INPUT'

2018-11-27 11:14:25 - [TEST_STEP][PASSED] - delay: Delayed 1 second(s)

2018-11-27 11:14:26 - [MESSAGE][PASSED] - Delayed 1 second(s)

2018-11-27 11:14:26 - [TEST_STEP][PASSED] - click: Object: 'Object Repository/Claim MV/Claim MV/OUT Postal Code/BTN_SEARCH' is clicked on

2018-11-27 11:14:26 - [MESSAGE][PASSED] - Object: 'Object Repository/Claim MV/Claim MV/OUT Postal Code/BTN_SEARCH' is clicked on

2018-11-27 11:14:26 - [TEST_STEP][PASSED] - delay: Delayed 8 second(s)

2018-11-27 11:14:34 - [MESSAGE][PASSED] - Delayed 8 second(s)

2018-11-27 11:14:34 - [TEST_STEP][PASSED] - click: Object: 'Object Repository/Claim MV/Claim MV/OUT Postal Code/LST_SEARCH_RESULT_1' is clicked on

2018-11-27 11:14:35 - [MESSAGE][PASSED] - Object: 'Object Repository/Claim MV/Claim MV/OUT Postal Code/LST_SEARCH_RESULT_1' is clicked on

2018-11-27 11:14:35 - [TEST_STEP][PASSED] - delay: Delayed 1 second(s)

2018-11-27 11:14:36 - [MESSAGE][PASSED] - Delayed 1 second(s)

2018-11-27 11:14:36 - [TEST_STEP][PASSED] - click: Object: 'Object Repository/Claim MV/Claim MV/OUT Postal Code/BTN_ADD' is clicked on

2018-11-27 11:14:39 - [MESSAGE][PASSED] - Object: 'Object Repository/Claim MV/Claim MV/OUT Postal Code/BTN_ADD' is clicked on

2018-11-27 11:14:39 - [TEST_STEP][PASSED] - delay: Delayed 3 second(s)

2018-11-27 11:14:42 - [MESSAGE][PASSED] - Delayed 3 second(s)

2018-11-27 11:14:42 - [TEST_STEP][PASSED] - click: Object: 'Object Repository/Claim MV/Claim MV/BTN_SURVEY_SCHEDULE_IN' is clicked on

2018-11-27 11:14:42 - [MESSAGE][PASSED] - Object: 'Object Repository/Claim MV/Claim MV/BTN_SURVEY_SCHEDULE_IN' is clicked on

2018-11-27 11:14:42 - [TEST_STEP][PASSED] - delay: Delayed 3 second(s)

2018-11-27 11:14:45 - [MESSAGE][PASSED] - Delayed 3 second(s)

2018-11-27 11:14:45 - [TEST_STEP][PASSED] - click: Object: 'Object Repository/Claim MV/Claim MV/BTN_DAY_SURVEY' is clicked on

2018-11-27 11:14:46 - [MESSAGE][PASSED] - Object: 'Object Repository/Claim MV/Claim MV/BTN_DAY_SURVEY' is clicked on

2018-11-27 11:14:46 - [TEST_STEP][PASSED] - delay: Delayed 3 second(s)

2018-11-27 11:14:49 - [MESSAGE][PASSED] - Delayed 3 second(s)

2018-11-27 11:14:49 - [TEST_STEP][PASSED] - click: Object: 'Object Repository/Claim MV/Claim MV/EXP_SURVEY_TIME' is clicked on

2018-11-27 11:14:49 - [MESSAGE][PASSED] - Object: 'Object Repository/Claim MV/Claim MV/EXP_SURVEY_TIME' is clicked on

2018-11-27 11:14:49 - [TEST_STEP][PASSED] - delay: Delayed 1 second(s)

2018-11-27 11:14:50 - [MESSAGE][PASSED] - Delayed 1 second(s)

2018-11-27 11:14:50 - [TEST_STEP][PASSED] - click: Object: 'Object Repository/Claim MV/Claim MV/LST_SURVEY_TIME' is clicked on

2018-11-27 11:14:50 - [MESSAGE][PASSED] - Object: 'Object Repository/Claim MV/Claim MV/LST_SURVEY_TIME' is clicked on

2018-11-27 11:14:50 - [TEST_STEP][PASSED] - delay: Delayed 1 second(s)

2018-11-27 11:14:51 - [MESSAGE][PASSED] - Delayed 1 second(s)

2018-11-27 11:14:51 - [TEST_STEP][PASSED] - setText: Text 'locationaccident' is set on object 'Object Repository/Claim MV/Claim MV/TXT_LOCATION_ACCIDENT'

2018-11-27 11:14:52 - [MESSAGE][PASSED] - Text 'locationaccident' is set on object 'Object Repository/Claim MV/Claim MV/TXT_LOCATION_ACCIDENT'

2018-11-27 11:14:52 - [TEST_STEP][PASSED] - delay: Delayed 1 second(s)

2018-11-27 11:14:53 - [MESSAGE][PASSED] - Delayed 1 second(s)

2018-11-27 11:14:53 - [TEST_STEP][PASSED] - setText: Text 'accidentinfo' is set on object 'Object Repository/Claim MV/Claim MV/TXT_ACCIDENT_INFO'

2018-11-27 11:14:53 - [MESSAGE][PASSED] - Text 'accidentinfo' is set on object 'Object Repository/Claim MV/Claim MV/TXT_ACCIDENT_INFO'

2018-11-27 11:14:53 - [TEST_STEP][PASSED] - delay: Delayed 1 second(s)

2018-11-27 11:14:54 - [MESSAGE][PASSED] - Delayed 1 second(s)

2018-11-27 11:14:54 - [TEST_STEP][PASSED] - click: Object: 'Object Repository/Claim MV/Claim MV/EXP_CAUSE_LOSS' is clicked on

2018-11-27 11:14:54 - [MESSAGE][PASSED] - Object: 'Object Repository/Claim MV/Claim MV/EXP_CAUSE_LOSS' is clicked on

2018-11-27 11:14:54 - [TEST_STEP][PASSED] - delay: Delayed 1 second(s)

2018-11-27 11:14:55 - [MESSAGE][PASSED] - Delayed 1 second(s)

2018-11-27 11:14:55 - [TEST_STEP][PASSED] - click: Object: 'Object Repository/Claim MV/Claim MV/LST_CAUSE_DITABRAK' is clicked on

2018-11-27 11:14:55 - [MESSAGE][PASSED] - Object: 'Object Repository/Claim MV/Claim MV/LST_CAUSE_DITABRAK' is clicked on

2018-11-27 11:14:55 - [TEST_STEP][PASSED] - delay: Delayed 1 second(s)

2018-11-27 11:14:56 - [MESSAGE][PASSED] - Delayed 1 second(s)

2018-11-27 11:14:56 - [TEST_STEP][PASSED] - setText: Text 'customeronlocation' is set on object 'Object Repository/Claim MV/Claim MV/TXT_CUST_ON_LOCATION'

2018-11-27 11:14:57 - [MESSAGE][PASSED] - Text 'customeronlocation' is set on object 'Object Repository/Claim MV/Claim MV/TXT_CUST_ON_LOCATION'

2018-11-27 11:14:57 - [TEST_STEP][PASSED] - delay: Delayed 1 second(s)

2018-11-27 11:14:58 - [MESSAGE][PASSED] - Delayed 1 second(s)

2018-11-27 11:14:58 - [TEST_STEP][PASSED] - setText: Text '081818181' is set on object 'Object Repository/Claim MV/Claim MV/TXT_PIC_PHONE'

2018-11-27 11:14:58 - [MESSAGE][PASSED] - Text '081818181' is set on object 'Object Repository/Claim MV/Claim MV/TXT_PIC_PHONE'

2018-11-27 11:14:58 - [TEST_STEP][PASSED] - delay: Delayed 1 second(s)

2018-11-27 11:14:59 - [MESSAGE][PASSED] - Delayed 1 second(s)

2018-11-27 11:14:59 - [TEST_STEP][PASSED] - Statement - If (surveylocation != "Workshop"): Delayed 1 second(s)

2018-11-27 11:14:59 - [TEST_STEP][PASSED] - setText: Text 'survey address' is set on object 'Object Repository/Claim MV/Claim MV/TXT_SURVEY_ADDRESS'

2018-11-27 11:14:59 - [MESSAGE][PASSED] - Text 'survey address' is set on object 'Object Repository/Claim MV/Claim MV/TXT_SURVEY_ADDRESS'

2018-11-27 11:14:59 - [TEST_STEP][PASSED] - delay: Delayed 1 second(s)

2018-11-27 11:15:00 - [MESSAGE][PASSED] - Delayed 1 second(s)

2018-11-27 11:15:00 - [TEST_STEP][PASSED] - click: Object: 'Object Repository/Claim MV/Claim MV/CHK_SEND_SMS' is clicked on

2018-11-27 11:15:01 - [MESSAGE][PASSED] - Object: 'Object Repository/Claim MV/Claim MV/CHK_SEND_SMS' is clicked on

2018-11-27 11:15:01 - [TEST_STEP][PASSED] - delay: Delayed 1 second(s)

2018-11-27 11:15:02 - [MESSAGE][PASSED] - Delayed 1 second(s)

2018-11-27 11:15:02 - [TEST_STEP][PASSED] - click: Object: 'Object Repository/Claim MV/Claim MV/EXP_FU_STATUS' is clicked on

2018-11-27 11:15:02 - [MESSAGE][PASSED] - Object: 'Object Repository/Claim MV/Claim MV/EXP_FU_STATUS' is clicked on

2018-11-27 11:15:02 - [TEST_STEP][PASSED] - delay: Delayed 1 second(s)

2018-11-27 11:15:03 - [MESSAGE][PASSED] - Delayed 1 second(s)

2018-11-27 11:15:03 - [TEST_STEP][PASSED] - click: Object: 'Object Repository/Claim MV/Claim MV/LST_FU_CLOSE' is clicked on

2018-11-27 11:15:03 - [MESSAGE][PASSED] - Object: 'Object Repository/Claim MV/Claim MV/LST_FU_CLOSE' is clicked on

2018-11-27 11:15:03 - [TEST_STEP][PASSED] - delay: Delayed 1 second(s)

2018-11-27 11:15:04 - [MESSAGE][PASSED] - Delayed 1 second(s)

2018-11-27 11:15:04 - [TEST_STEP][PASSED] - setText: Text 'remarks' is set on object 'Object Repository/Claim MV/Claim MV/TXT_FU_REMARKS'

2018-11-27 11:15:04 - [MESSAGE][PASSED] - Text 'remarks' is set on object 'Object Repository/Claim MV/Claim MV/TXT_FU_REMARKS'

2018-11-27 11:15:04 - [TEST_STEP][PASSED] - delay: Delayed 1 second(s)

2018-11-27 11:15:05 - [MESSAGE][PASSED] - Delayed 1 second(s)

2018-11-27 11:15:05 - [TEST_STEP][PASSED] - click: Object: 'Object Repository/Claim MV/Claim MV/BTN_SAVE' is clicked on

2018-11-27 11:15:06 - [MESSAGE][PASSED] - Object: 'Object Repository/Claim MV/Claim MV/BTN_SAVE' is clicked on

2018-11-27 11:15:06 - [TEST_STEP][PASSED] - delay: Delayed 350 second(s)

2018-11-27 11:20:56 - [MESSAGE][PASSED] - Delayed 350 second(s)

2018-11-27 11:20:56 - [TEST_STEP][PASSED] - executeSQL.executeScript.checksurveyout: executeSQL.executeScript.checksurveyout is PASSED

2018-11-27 11:21:16 - [MESSAGE][PASSED] - executeSQL.executeScript.checksurveyout is PASSED

2018-11-27 11:21:16 - [TEST_STEP][PASSED] - Statement - If (surveylocation == "Workshop"): null

2018-11-27 11:21:16 - [TEST_STEP][ERROR] - Statement - If (surveylocation != "Workshop"): FORCEDSTOP

2018-11-27 11:21:16 - [TEST_STEP][PASSED] - delay: Delayed 1 second(s)

2018-11-27 11:21:17 - [MESSAGE][PASSED] - Delayed 1 second(s)

2018-11-27 11:21:17 - [TEST_STEP][ERROR] - executeSQL.executeScript.checkregionareaout: FORCEDSTOP

2018-11-27 11:21:20 - [MESSAGE][ERROR] - FORCEDSTOP

2018-11-27 11:21:20 - [MESSAGE][FAILED] - Unable to call Test Case with id 'Test Cases/Screen/Claim MV' (Root cause: Call Test Case 'Test Cases/Screen/Claim MV' failed because of error(s))]]></system-out>
         <system-err><![CDATA[2018-11-27 11:09:42 - [TEST_CASE][ERROR] - Test Cases/Scenario/Claim MV - Out Non Workshop: Test Cases/Scenario/Claim MV - Out Non Workshop FAILED because (of) (Stack trace: com.kms.katalon.core.exception.StepErrorException: FORCEDSTOP
	at sun.reflect.NativeConstructorAccessorImpl.newInstance0(Native Method)
	at sun.reflect.NativeConstructorAccessorImpl.newInstance(NativeConstructorAccessorImpl.java:62)
	at sun.reflect.DelegatingConstructorAccessorImpl.newInstance(DelegatingConstructorAccessorImpl.java:45)
	at java.lang.reflect.Constructor.newInstance(Constructor.java:423)
	at org.codehaus.groovy.reflection.CachedConstructor.invoke(CachedConstructor.java:83)
	at org.codehaus.groovy.runtime.callsite.ConstructorSite$ConstructorSiteNoUnwrapNoCoerce.callConstructor(ConstructorSite.java:105)
	at org.codehaus.groovy.runtime.callsite.CallSiteArray.defaultCallConstructor(CallSiteArray.java:60)
	at org.codehaus.groovy.runtime.callsite.AbstractCallSite.callConstructor(AbstractCallSite.java:235)
	at org.codehaus.groovy.runtime.callsite.AbstractCallSite.callConstructor(AbstractCallSite.java:247)
	at forceStop.executeStop.FSTOP(executeStop.groovy:26)
	at forceStop.executeStop$FSTOP.call(Unknown Source)
	at org.codehaus.groovy.runtime.callsite.CallSiteArray.defaultCall(CallSiteArray.java:48)
	at org.codehaus.groovy.runtime.callsite.AbstractCallSite.call(AbstractCallSite.java:113)
	at org.codehaus.groovy.runtime.callsite.AbstractCallSite.call(AbstractCallSite.java:117)
	at executeSQL.executeScript.checkregionareaout(executeScript.groovy:260)
	at sun.reflect.NativeMethodAccessorImpl.invoke0(Native Method)
	at sun.reflect.NativeMethodAccessorImpl.invoke(NativeMethodAccessorImpl.java:62)
	at sun.reflect.DelegatingMethodAccessorImpl.invoke(DelegatingMethodAccessorImpl.java:43)
	at java.lang.reflect.Method.invoke(Method.java:498)
	at org.codehaus.groovy.reflection.CachedMethod.invoke(CachedMethod.java:93)
	at groovy.lang.MetaMethod.doMethodInvoke(MetaMethod.java:325)
	at groovy.lang.MetaClassImpl.invokeMethod(MetaClassImpl.java:1215)
	at groovy.lang.MetaClassImpl.invokeMethod(MetaClassImpl.java:1024)
	at groovy.lang.MetaClassImpl.invokeMethod(MetaClassImpl.java:812)
	at groovy.lang.DelegatingMetaClass.invokeMethod(DelegatingMetaClass.java:144)
	at executeSQL.executeScript.invokeMethod(executeScript.groovy)
	at com.kms.katalon.core.main.CustomKeywordDelegatingMetaClass.invokeStaticMethod(CustomKeywordDelegatingMetaClass.java:46)
	at org.codehaus.groovy.runtime.callsite.StaticMetaClassSite.call(StaticMetaClassSite.java:53)
	at org.codehaus.groovy.runtime.callsite.CallSiteArray.defaultCall(CallSiteArray.java:48)
	at org.codehaus.groovy.runtime.callsite.AbstractCallSite.call(AbstractCallSite.java:113)
	at org.codehaus.groovy.runtime.callsite.AbstractCallSite.call(AbstractCallSite.java:117)
	at Script1542944761693.run(Script1542944761693.groovy:189)
	at com.kms.katalon.core.main.ScriptEngine.run(ScriptEngine.java:183)
	at com.kms.katalon.core.main.ScriptEngine.runScriptAsRawText(ScriptEngine.java:108)
	at com.kms.katalon.core.main.TestCaseExecutor.runScript(TestCaseExecutor.java:294)
	at com.kms.katalon.core.main.TestCaseExecutor.doExecute(TestCaseExecutor.java:285)
	at com.kms.katalon.core.main.TestCaseExecutor.processExecutionPhase(TestCaseExecutor.java:264)
	at com.kms.katalon.core.main.TestCaseExecutor.accessMainPhase(TestCaseExecutor.java:256)
	at com.kms.katalon.core.main.TestCaseExecutor.execute(TestCaseExecutor.java:200)
	at com.kms.katalon.core.main.TestCaseMain.runTestCase(TestCaseMain.java:99)
	at com.kms.katalon.core.keyword.builtin.CallTestCaseKeyword$_callTestCase_closure1.doCall(CallTestCaseKeyword.groovy:60)
	at com.kms.katalon.core.keyword.builtin.CallTestCaseKeyword$_callTestCase_closure1.call(CallTestCaseKeyword.groovy)
	at com.kms.katalon.core.keyword.internal.KeywordMain.runKeyword(KeywordMain.groovy:54)
	at com.kms.katalon.core.keyword.builtin.CallTestCaseKeyword.callTestCase(CallTestCaseKeyword.groovy:81)
	at com.kms.katalon.core.keyword.builtin.CallTestCaseKeyword.execute(CallTestCaseKeyword.groovy:45)
	at com.kms.katalon.core.keyword.internal.KeywordExecutor.executeKeywordForPlatform(KeywordExecutor.groovy:53)
	at com.kms.katalon.core.keyword.BuiltinKeywords.callTestCase(BuiltinKeywords.groovy:334)
	at sun.reflect.GeneratedMethodAccessor13.invoke(Unknown Source)
	at sun.reflect.DelegatingMethodAccessorImpl.invoke(DelegatingMethodAccessorImpl.java:43)
	at java.lang.reflect.Method.invoke(Method.java:498)
	at org.codehaus.groovy.reflection.CachedMethod.invoke(CachedMethod.java:93)
	at groovy.lang.MetaMethod.doMethodInvoke(MetaMethod.java:325)
	at groovy.lang.MetaClassImpl.invokeStaticMethod(MetaClassImpl.java:1469)
	at org.codehaus.groovy.runtime.callsite.StaticMetaClassSite.call(StaticMetaClassSite.java:53)
	at org.codehaus.groovy.runtime.callsite.CallSiteArray.defaultCall(CallSiteArray.java:48)
	at org.codehaus.groovy.runtime.callsite.AbstractCallSite.call(AbstractCallSite.java:113)
	at org.codehaus.groovy.runtime.callsite.AbstractCallSite.call(AbstractCallSite.java:141)
	at Script1543232585374.run(Script1543232585374.groovy:26)
	at com.kms.katalon.core.main.ScriptEngine.run(ScriptEngine.java:183)
	at com.kms.katalon.core.main.ScriptEngine.runScriptAsRawText(ScriptEngine.java:108)
	at com.kms.katalon.core.main.TestCaseExecutor.runScript(TestCaseExecutor.java:294)
	at com.kms.katalon.core.main.TestCaseExecutor.doExecute(TestCaseExecutor.java:285)
	at com.kms.katalon.core.main.TestCaseExecutor.processExecutionPhase(TestCaseExecutor.java:264)
	at com.kms.katalon.core.main.TestCaseExecutor.accessMainPhase(TestCaseExecutor.java:256)
	at com.kms.katalon.core.main.TestCaseExecutor.execute(TestCaseExecutor.java:200)
	at com.kms.katalon.core.main.TestSuiteExecutor.accessTestCaseMainPhase(TestSuiteExecutor.java:129)
	at com.kms.katalon.core.main.TestSuiteExecutor.accessTestSuiteMainPhase(TestSuiteExecutor.java:112)
	at com.kms.katalon.core.main.TestSuiteExecutor.execute(TestSuiteExecutor.java:81)
	at com.kms.katalon.core.main.TestCaseMain.startTestSuite(TestCaseMain.java:142)
	at com.kms.katalon.core.main.TestCaseMain$startTestSuite$0.call(Unknown Source)
	at org.codehaus.groovy.runtime.callsite.CallSiteArray.defaultCall(CallSiteArray.java:48)
	at org.codehaus.groovy.runtime.callsite.AbstractCallSite.call(AbstractCallSite.java:113)
	at org.codehaus.groovy.runtime.callsite.AbstractCallSite.call(AbstractCallSite.java:141)
	at TempTestSuite1543289564685.run(TempTestSuite1543289564685.groovy:36)
	at groovy.lang.GroovyShell.runScriptOrMainOrTestOrRunnable(GroovyShell.java:263)
	at groovy.lang.GroovyShell.run(GroovyShell.java:518)
	at groovy.lang.GroovyShell.run(GroovyShell.java:507)
	at groovy.ui.GroovyMain.processOnce(GroovyMain.java:653)
	at groovy.ui.GroovyMain.run(GroovyMain.java:384)
	at groovy.ui.GroovyMain.process(GroovyMain.java:370)
	at groovy.ui.GroovyMain.processArgs(GroovyMain.java:129)
	at groovy.ui.GroovyMain.main(GroovyMain.java:109)
	at sun.reflect.NativeMethodAccessorImpl.invoke0(Native Method)
	at sun.reflect.NativeMethodAccessorImpl.invoke(NativeMethodAccessorImpl.java:62)
	at sun.reflect.DelegatingMethodAccessorImpl.invoke(DelegatingMethodAccessorImpl.java:43)
	at java.lang.reflect.Method.invoke(Method.java:498)
	at org.codehaus.groovy.tools.GroovyStarter.rootLoader(GroovyStarter.java:109)
	at org.codehaus.groovy.tools.GroovyStarter.main(GroovyStarter.java:131)
)]]></system-err>
      </testcase>
      <testcase name="Test Cases/Scenario/Claim MV - Out Workshop" classname="Test Cases/Scenario/Claim MV - Out Workshop" status="PASSED">
         <system-out><![CDATA[2018-11-27 11:21:20 - [TEST_CASE][PASSED] - Test Cases/Scenario/Claim MV - Out Workshop: Test Cases/Scenario/Claim MV - Out Workshop

2018-11-27 11:21:20 - [TEST_STEP][PASSED] - callTestCase: Call Test Case 'Test Cases/Screen/Login' successfully

2018-11-27 11:21:20 - [TEST_CASE][PASSED] - Test Cases/Screen/Login: Test Cases/Screen/Login

2018-11-27 11:21:20 - [TEST_STEP][PASSED] - openBrowser: Browser is opened with url: ''

2018-11-27 11:21:20 - [MESSAGE][WARNING] - A browser is already opened. Closing browser and opening a new one

2018-11-27 11:21:24 - [MESSAGE][PASSED] - Browser is opened with url: ''

2018-11-27 11:21:24 - [TEST_STEP][PASSED] - navigateToUrl: Navigate to 'https://gardaakses-qc.asuransiastra.com/gardaakses' successfully

2018-11-27 11:21:48 - [MESSAGE][PASSED] - Navigate to 'https://gardaakses-qc.asuransiastra.com/gardaakses' successfully

2018-11-27 11:21:48 - [TEST_STEP][PASSED] - delay: Delayed 1 second(s)

2018-11-27 11:21:49 - [MESSAGE][PASSED] - Delayed 1 second(s)

2018-11-27 11:21:49 - [TEST_STEP][PASSED] - setText: Text 'tdi' is set on object 'Object Repository/Login/TXT_USERID'

2018-11-27 11:21:50 - [MESSAGE][PASSED] - Text 'tdi' is set on object 'Object Repository/Login/TXT_USERID'

2018-11-27 11:21:50 - [TEST_STEP][PASSED] - delay: Delayed 1 second(s)

2018-11-27 11:21:51 - [MESSAGE][PASSED] - Delayed 1 second(s)

2018-11-27 11:21:51 - [TEST_STEP][PASSED] - setText: Text 'P@ssw0rd' is set on object 'Object Repository/Login/TXT_PASSWORD'

2018-11-27 11:21:51 - [MESSAGE][PASSED] - Text 'P@ssw0rd' is set on object 'Object Repository/Login/TXT_PASSWORD'

2018-11-27 11:21:51 - [TEST_STEP][PASSED] - delay: Delayed 1 second(s)

2018-11-27 11:21:52 - [MESSAGE][PASSED] - Delayed 1 second(s)

2018-11-27 11:21:52 - [TEST_STEP][PASSED] - click: Object: 'Object Repository/Login/BTN_MASUK' is clicked on

2018-11-27 11:21:52 - [MESSAGE][PASSED] - Object: 'Object Repository/Login/BTN_MASUK' is clicked on

2018-11-27 11:21:52 - [TEST_STEP][PASSED] - delay: Delayed 5 second(s)

2018-11-27 11:21:57 - [MESSAGE][PASSED] - Delayed 5 second(s)

2018-11-27 11:21:57 - [MESSAGE][PASSED] - Call Test Case 'Test Cases/Screen/Login' successfully

2018-11-27 11:21:57 - [TEST_STEP][PASSED] - callTestCase: Call Test Case 'Test Cases/Screen/Select Claim MV' successfully

2018-11-27 11:21:57 - [TEST_CASE][PASSED] - Test Cases/Screen/Select Claim MV: Test Cases/Screen/Select Claim MV

2018-11-27 11:21:57 - [TEST_STEP][PASSED] - delay: Delayed 1 second(s)

2018-11-27 11:21:58 - [MESSAGE][PASSED] - Delayed 1 second(s)

2018-11-27 11:21:58 - [TEST_STEP][PASSED] - click: Object: 'Object Repository/Home/HDR_SERVICE_TYPE' is clicked on

2018-11-27 11:21:59 - [MESSAGE][PASSED] - Object: 'Object Repository/Home/HDR_SERVICE_TYPE' is clicked on

2018-11-27 11:21:59 - [TEST_STEP][PASSED] - delay: Delayed 1 second(s)

2018-11-27 11:22:00 - [MESSAGE][PASSED] - Delayed 1 second(s)

2018-11-27 11:22:00 - [TEST_STEP][PASSED] - click: Object: 'Object Repository/Home/BTN_CLAIM_MV' is clicked on

2018-11-27 11:22:07 - [MESSAGE][PASSED] - Object: 'Object Repository/Home/BTN_CLAIM_MV' is clicked on

2018-11-27 11:22:07 - [TEST_STEP][PASSED] - delay: Delayed 20 second(s)

2018-11-27 11:22:27 - [MESSAGE][PASSED] - Delayed 20 second(s)

2018-11-27 11:22:27 - [MESSAGE][PASSED] - Call Test Case 'Test Cases/Screen/Select Claim MV' successfully

2018-11-27 11:22:27 - [TEST_STEP][PASSED] - callTestCase: Call Test Case 'Test Cases/Screen/Create Ticket' successfully

2018-11-27 11:22:27 - [TEST_CASE][PASSED] - Test Cases/Screen/Create Ticket: Test Cases/Screen/Create Ticket

2018-11-27 11:22:27 - [TEST_STEP][PASSED] - delay: Delayed 3 second(s)

2018-11-27 11:22:30 - [MESSAGE][PASSED] - Delayed 3 second(s)

2018-11-27 11:22:30 - [TEST_STEP][PASSED] - setText: Text 'BTE' is set on object 'Object Repository/Claim MV/Create Ticket/TXT_CALLER_NAME'

2018-11-27 11:22:30 - [MESSAGE][PASSED] - Text 'BTE' is set on object 'Object Repository/Claim MV/Create Ticket/TXT_CALLER_NAME'

2018-11-27 11:22:30 - [TEST_STEP][PASSED] - delay: Delayed 1 second(s)

2018-11-27 11:22:31 - [MESSAGE][PASSED] - Delayed 1 second(s)

2018-11-27 11:22:31 - [TEST_STEP][PASSED] - click: Object: 'Object Repository/Claim MV/Create Ticket/RDB_MALE' is clicked on

2018-11-27 11:22:31 - [MESSAGE][PASSED] - Object: 'Object Repository/Claim MV/Create Ticket/RDB_MALE' is clicked on

2018-11-27 11:22:31 - [TEST_STEP][PASSED] - delay: Delayed 1 second(s)

2018-11-27 11:22:32 - [MESSAGE][PASSED] - Delayed 1 second(s)

2018-11-27 11:22:32 - [TEST_STEP][PASSED] - setText: Text 'bte@mailinator.com' is set on object 'Object Repository/Claim MV/Create Ticket/TXT_EMAIL'

2018-11-27 11:22:33 - [MESSAGE][PASSED] - Text 'bte@mailinator.com' is set on object 'Object Repository/Claim MV/Create Ticket/TXT_EMAIL'

2018-11-27 11:22:33 - [TEST_STEP][PASSED] - delay: Delayed 1 second(s)

2018-11-27 11:22:34 - [MESSAGE][PASSED] - Delayed 1 second(s)

2018-11-27 11:22:34 - [TEST_STEP][PASSED] - click: Object: 'Object Repository/Claim MV/Create Ticket/EXP_RELATIONSHIP' is clicked on

2018-11-27 11:22:34 - [MESSAGE][PASSED] - Object: 'Object Repository/Claim MV/Create Ticket/EXP_RELATIONSHIP' is clicked on

2018-11-27 11:22:34 - [TEST_STEP][PASSED] - delay: Delayed 1 second(s)

2018-11-27 11:22:35 - [MESSAGE][PASSED] - Delayed 1 second(s)

2018-11-27 11:22:35 - [TEST_STEP][PASSED] - click: Object: 'Object Repository/Claim MV/Create Ticket/LST_RELATIONSHIP' is clicked on

2018-11-27 11:22:35 - [MESSAGE][PASSED] - Object: 'Object Repository/Claim MV/Create Ticket/LST_RELATIONSHIP' is clicked on

2018-11-27 11:22:35 - [TEST_STEP][PASSED] - delay: Delayed 1 second(s)

2018-11-27 11:22:36 - [MESSAGE][PASSED] - Delayed 1 second(s)

2018-11-27 11:22:36 - [TEST_STEP][PASSED] - setText: Text '62' is set on object 'Object Repository/Claim MV/Create Ticket/TXT_COUNTRY'

2018-11-27 11:22:36 - [MESSAGE][PASSED] - Text '62' is set on object 'Object Repository/Claim MV/Create Ticket/TXT_COUNTRY'

2018-11-27 11:22:36 - [TEST_STEP][PASSED] - delay: Delayed 1 second(s)

2018-11-27 11:22:37 - [MESSAGE][PASSED] - Delayed 1 second(s)

2018-11-27 11:22:37 - [TEST_STEP][PASSED] - setText: Text '21' is set on object 'Object Repository/Claim MV/Create Ticket/TXT_AREA_CODE'

2018-11-27 11:22:38 - [MESSAGE][PASSED] - Text '21' is set on object 'Object Repository/Claim MV/Create Ticket/TXT_AREA_CODE'

2018-11-27 11:22:38 - [TEST_STEP][PASSED] - delay: Delayed 1 second(s)

2018-11-27 11:22:39 - [MESSAGE][PASSED] - Delayed 1 second(s)

2018-11-27 11:22:39 - [TEST_STEP][PASSED] - setText: Text '232323' is set on object 'Object Repository/Claim MV/Create Ticket/TXT_PHONE_NUMBER'

2018-11-27 11:22:39 - [MESSAGE][PASSED] - Text '232323' is set on object 'Object Repository/Claim MV/Create Ticket/TXT_PHONE_NUMBER'

2018-11-27 11:22:39 - [TEST_STEP][PASSED] - delay: Delayed 1 second(s)

2018-11-27 11:22:40 - [MESSAGE][PASSED] - Delayed 1 second(s)

2018-11-27 11:22:40 - [TEST_STEP][PASSED] - click: Object: 'Object Repository/Claim MV/Create Ticket/BTN_NEXT_1' is clicked on

2018-11-27 11:22:40 - [MESSAGE][PASSED] - Object: 'Object Repository/Claim MV/Create Ticket/BTN_NEXT_1' is clicked on

2018-11-27 11:22:40 - [TEST_STEP][PASSED] - delay: Delayed 10 second(s)

2018-11-27 11:22:50 - [MESSAGE][PASSED] - Delayed 10 second(s)

2018-11-27 11:22:50 - [TEST_STEP][PASSED] - click: Object: 'Object Repository/Claim MV/Create Ticket/LST_CALLER_1' is clicked on

2018-11-27 11:22:50 - [MESSAGE][PASSED] - Object: 'Object Repository/Claim MV/Create Ticket/LST_CALLER_1' is clicked on

2018-11-27 11:22:50 - [TEST_STEP][PASSED] - delay: Delayed 1 second(s)

2018-11-27 11:22:51 - [MESSAGE][PASSED] - Delayed 1 second(s)

2018-11-27 11:22:51 - [TEST_STEP][PASSED] - click: Object: 'Object Repository/Claim MV/Create Ticket/BTN_NEXT_2' is clicked on

2018-11-27 11:22:52 - [MESSAGE][PASSED] - Object: 'Object Repository/Claim MV/Create Ticket/BTN_NEXT_2' is clicked on

2018-11-27 11:22:52 - [TEST_STEP][PASSED] - delay: Delayed 8 second(s)

2018-11-27 11:23:00 - [MESSAGE][PASSED] - Delayed 8 second(s)

2018-11-27 11:23:00 - [TEST_STEP][PASSED] - click: Object: 'Object Repository/Claim MV/Create Ticket/BTN_SAVE' is clicked on

2018-11-27 11:23:00 - [MESSAGE][PASSED] - Object: 'Object Repository/Claim MV/Create Ticket/BTN_SAVE' is clicked on

2018-11-27 11:23:00 - [TEST_STEP][PASSED] - delay: Delayed 3 second(s)

2018-11-27 11:23:03 - [MESSAGE][PASSED] - Delayed 3 second(s)

2018-11-27 11:23:03 - [TEST_STEP][PASSED] - click: Object: 'Object Repository/Claim MV/Create Ticket/BTN_SAVE_YES' is clicked on

2018-11-27 11:23:04 - [MESSAGE][PASSED] - Object: 'Object Repository/Claim MV/Create Ticket/BTN_SAVE_YES' is clicked on

2018-11-27 11:23:04 - [TEST_STEP][PASSED] - delay: Delayed 8 second(s)

2018-11-27 11:23:12 - [MESSAGE][PASSED] - Delayed 8 second(s)

2018-11-27 11:23:12 - [MESSAGE][PASSED] - Call Test Case 'Test Cases/Screen/Create Ticket' successfully

2018-11-27 11:23:12 - [TEST_STEP][PASSED] - callTestCase: Call Test Case 'Test Cases/Screen/Select Claim MV' successfully

2018-11-27 11:23:12 - [TEST_CASE][PASSED] - Test Cases/Screen/Select Claim MV: Test Cases/Screen/Select Claim MV

2018-11-27 11:23:12 - [TEST_STEP][PASSED] - delay: Delayed 1 second(s)

2018-11-27 11:23:13 - [MESSAGE][PASSED] - Delayed 1 second(s)

2018-11-27 11:23:13 - [TEST_STEP][PASSED] - click: Object: 'Object Repository/Home/HDR_SERVICE_TYPE' is clicked on

2018-11-27 11:23:13 - [MESSAGE][PASSED] - Object: 'Object Repository/Home/HDR_SERVICE_TYPE' is clicked on

2018-11-27 11:23:13 - [TEST_STEP][PASSED] - delay: Delayed 1 second(s)

2018-11-27 11:23:14 - [MESSAGE][PASSED] - Delayed 1 second(s)

2018-11-27 11:23:14 - [TEST_STEP][PASSED] - click: Object: 'Object Repository/Home/BTN_CLAIM_MV' is clicked on

2018-11-27 11:23:19 - [MESSAGE][PASSED] - Object: 'Object Repository/Home/BTN_CLAIM_MV' is clicked on

2018-11-27 11:23:19 - [TEST_STEP][PASSED] - delay: Delayed 20 second(s)

2018-11-27 11:23:39 - [MESSAGE][PASSED] - Delayed 20 second(s)

2018-11-27 11:23:39 - [MESSAGE][PASSED] - Call Test Case 'Test Cases/Screen/Select Claim MV' successfully

2018-11-27 11:23:39 - [TEST_STEP][PASSED] - callTestCase: Call Test Case 'Test Cases/Screen/Choose Customer' successfully

2018-11-27 11:23:39 - [TEST_CASE][PASSED] - Test Cases/Screen/Choose Customer: Test Cases/Screen/Choose Customer

2018-11-27 11:23:39 - [TEST_STEP][PASSED] - Statement - policyno = com.kms.katalon.core.testdata.TestDataFactory.findTestData(Policy).getValue(1, 1): Reading database data with query 'SELECT top 1 LTRIM(RTRIM(Policy_No)) AS policyno 
FROM aab.dbo.policy 
WHERE GETDATE() BETWEEN Period_From AND Period_To 
AND Policy_No LIKE '17000%' 
ORDER BY Effective_Date desc'

2018-11-27 11:23:40 - [TEST_STEP][PASSED] - delay: Delayed 1 second(s)

2018-11-27 11:23:41 - [MESSAGE][PASSED] - Delayed 1 second(s)

2018-11-27 11:23:41 - [TEST_STEP][PASSED] - click: Object: 'Object Repository/Claim MV/Choose Customer/EXP_SEARCH_BY_PARAMETER' is clicked on

2018-11-27 11:23:41 - [MESSAGE][PASSED] - Object: 'Object Repository/Claim MV/Choose Customer/EXP_SEARCH_BY_PARAMETER' is clicked on

2018-11-27 11:23:41 - [TEST_STEP][PASSED] - delay: Delayed 1 second(s)

2018-11-27 11:23:42 - [MESSAGE][PASSED] - Delayed 1 second(s)

2018-11-27 11:23:42 - [TEST_STEP][PASSED] - click: Object: 'Object Repository/Claim MV/Choose Customer/LST_SEARCH_BY_PARAMETER' is clicked on

2018-11-27 11:23:42 - [MESSAGE][PASSED] - Object: 'Object Repository/Claim MV/Choose Customer/LST_SEARCH_BY_PARAMETER' is clicked on

2018-11-27 11:23:42 - [TEST_STEP][PASSED] - delay: Delayed 1 second(s)

2018-11-27 11:23:43 - [MESSAGE][PASSED] - Delayed 1 second(s)

2018-11-27 11:23:43 - [TEST_STEP][PASSED] - setText: Text '1700010726' is set on object 'Object Repository/Claim MV/Choose Customer/TXT_SEARCH_BY_INPUT'

2018-11-27 11:23:43 - [MESSAGE][PASSED] - Text '1700010726' is set on object 'Object Repository/Claim MV/Choose Customer/TXT_SEARCH_BY_INPUT'

2018-11-27 11:23:43 - [TEST_STEP][PASSED] - delay: Delayed 1 second(s)

2018-11-27 11:23:44 - [MESSAGE][PASSED] - Delayed 1 second(s)

2018-11-27 11:23:44 - [TEST_STEP][PASSED] - click: Object: 'Object Repository/Claim MV/Choose Customer/BTN_SEARCH' is clicked on

2018-11-27 11:23:45 - [MESSAGE][PASSED] - Object: 'Object Repository/Claim MV/Choose Customer/BTN_SEARCH' is clicked on

2018-11-27 11:23:45 - [TEST_STEP][PASSED] - delay: Delayed 15 second(s)

2018-11-27 11:24:00 - [MESSAGE][PASSED] - Delayed 15 second(s)

2018-11-27 11:24:00 - [TEST_STEP][PASSED] - click: Object: 'Object Repository/Claim MV/Choose Customer/LST_POLICY_NUMBER' is clicked on

2018-11-27 11:24:00 - [MESSAGE][PASSED] - Object: 'Object Repository/Claim MV/Choose Customer/LST_POLICY_NUMBER' is clicked on

2018-11-27 11:24:00 - [TEST_STEP][PASSED] - delay: Delayed 1 second(s)

2018-11-27 11:24:01 - [MESSAGE][PASSED] - Delayed 1 second(s)

2018-11-27 11:24:01 - [TEST_STEP][PASSED] - click: Object: 'Object Repository/Claim MV/Choose Customer/BTN_NEXT' is clicked on

2018-11-27 11:24:01 - [MESSAGE][PASSED] - Object: 'Object Repository/Claim MV/Choose Customer/BTN_NEXT' is clicked on

2018-11-27 11:24:01 - [TEST_STEP][PASSED] - delay: Delayed 10 second(s)

2018-11-27 11:24:11 - [MESSAGE][PASSED] - Delayed 10 second(s)

2018-11-27 11:24:11 - [TEST_STEP][PASSED] - click: Object: 'Object Repository/Claim MV/Choose Customer/BTN_FINISH' is clicked on

2018-11-27 11:24:11 - [MESSAGE][PASSED] - Object: 'Object Repository/Claim MV/Choose Customer/BTN_FINISH' is clicked on

2018-11-27 11:24:11 - [TEST_STEP][PASSED] - delay: Delayed 2 second(s)

2018-11-27 11:24:13 - [MESSAGE][PASSED] - Delayed 2 second(s)

2018-11-27 11:24:13 - [TEST_STEP][PASSED] - click: Object: 'Object Repository/Claim MV/Choose Customer/BTN_YES' is clicked on

2018-11-27 11:24:17 - [MESSAGE][PASSED] - Object: 'Object Repository/Claim MV/Choose Customer/BTN_YES' is clicked on

2018-11-27 11:24:17 - [TEST_STEP][PASSED] - delay: Delayed 7 second(s)

2018-11-27 11:24:24 - [MESSAGE][PASSED] - Delayed 7 second(s)

2018-11-27 11:24:24 - [MESSAGE][PASSED] - Call Test Case 'Test Cases/Screen/Choose Customer' successfully

2018-11-27 11:24:24 - [TEST_STEP][PASSED] - callTestCase: Call Test Case 'Test Cases/Screen/Claim MV' successfully

2018-11-27 11:24:24 - [TEST_CASE][PASSED] - Test Cases/Screen/Claim MV: Test Cases/Screen/Claim MV

2018-11-27 11:24:24 - [TEST_STEP][PASSED] - delay: Delayed 1 second(s)

2018-11-27 11:24:25 - [MESSAGE][PASSED] - Delayed 1 second(s)

2018-11-27 11:24:25 - [TEST_STEP][PASSED] - Statement - surveydate = com.kms.katalon.core.testdata.TestDataFactory.findTestData(Holiday).getValue(1, 1): Reading database data with query 'SELECT 
CASE WHEN (SELECT COUNT(*) AS CheckHoliday FROM ( 
				SELECT CONVERT(VARCHAR,HolidayDate,103) AS HolidayDate FROM aab.dbo.Holiday A 
				WHERE A.ActiveStatusID = 1 
				AND A.RowStatus = 0 
				AND (SELECT CONVERT(VARCHAR,HolidayDate,103)) = (SELECT CONVERT(varchar,GETDATE()+1,103)) 
				AND (SELECT DATEPART(DW,GETDATE()+1)) IN (2,3,4,5,6) 
				) AS HOLIDAY 
			) = 0 
			THEN CONVERT(varchar,GETDATE()+1,103) 
	WHEN (SELECT COUNT(*) AS CheckHoliday FROM ( 
				SELECT CONVERT(VARCHAR,HolidayDate,103) AS HolidayDate FROM aab.dbo.Holiday A 
				WHERE A.ActiveStatusID = 1 
				AND A.RowStatus = 0 
				AND (SELECT CONVERT(VARCHAR,HolidayDate,103)) = (SELECT CONVERT(varchar,GETDATE()+2,103)) 
				AND (SELECT DATEPART(DW,GETDATE()+1)) IN (2,3,4,5,6) 
				) AS HOLIDAY 
			) = 0 
			THEN CONVERT(varchar,GETDATE()+2,103) 
	WHEN (SELECT COUNT(*) AS CheckHoliday FROM ( 
				SELECT CONVERT(VARCHAR,HolidayDate,103) AS HolidayDate FROM aab.dbo.Holiday A 
				WHERE A.ActiveStatusID = 1 
				AND A.RowStatus = 0 
				AND (SELECT CONVERT(VARCHAR,HolidayDate,103)) = (SELECT CONVERT(varchar,GETDATE()+3,103)) 
				AND (SELECT DATEPART(DW,GETDATE()+1)) IN (2,3,4,5,6) 
				) AS HOLIDAY 
			) = 0 
			THEN CONVERT(varchar,GETDATE()+3,103) 
END AS SurveySchedule;'

2018-11-27 11:24:25 - [TEST_STEP][PASSED] - Statement - day = surveydate.split("/")[0]: null

2018-11-27 11:24:25 - [TEST_STEP][PASSED] - click: Object: 'Object Repository/Claim MV/Claim MV/EXP_PRODUCT' is clicked on

2018-11-27 11:24:26 - [MESSAGE][PASSED] - Object: 'Object Repository/Claim MV/Claim MV/EXP_PRODUCT' is clicked on

2018-11-27 11:24:26 - [TEST_STEP][PASSED] - delay: Delayed 3 second(s)

2018-11-27 11:24:29 - [MESSAGE][PASSED] - Delayed 3 second(s)

2018-11-27 11:24:29 - [TEST_STEP][PASSED] - click: Object: 'Object Repository/Claim MV/Claim MV/LST_PRODUCT_GO' is clicked on

2018-11-27 11:24:29 - [MESSAGE][PASSED] - Object: 'Object Repository/Claim MV/Claim MV/LST_PRODUCT_GO' is clicked on

2018-11-27 11:24:29 - [TEST_STEP][PASSED] - delay: Delayed 3 second(s)

2018-11-27 11:24:32 - [MESSAGE][PASSED] - Delayed 3 second(s)

2018-11-27 11:24:32 - [TEST_STEP][PASSED] - click: Object: 'Object Repository/Claim MV/Claim MV/EXP_VEHICLE' is clicked on

2018-11-27 11:24:32 - [MESSAGE][PASSED] - Object: 'Object Repository/Claim MV/Claim MV/EXP_VEHICLE' is clicked on

2018-11-27 11:24:32 - [TEST_STEP][PASSED] - delay: Delayed 3 second(s)

2018-11-27 11:24:35 - [MESSAGE][PASSED] - Delayed 3 second(s)

2018-11-27 11:24:35 - [TEST_STEP][PASSED] - click: Object: 'Object Repository/Claim MV/Claim MV/LST_VEHICLE' is clicked on

2018-11-27 11:24:35 - [MESSAGE][PASSED] - Object: 'Object Repository/Claim MV/Claim MV/LST_VEHICLE' is clicked on

2018-11-27 11:24:35 - [TEST_STEP][PASSED] - delay: Delayed 5 second(s)

2018-11-27 11:24:40 - [MESSAGE][PASSED] - Delayed 5 second(s)

2018-11-27 11:24:40 - [TEST_STEP][PASSED] - Statement - driver = com.kms.katalon.core.webui.keyword.WebUiBuiltInKeywords.getAttribute(com.kms.katalon.core.testobject.ObjectRepository.findTestObject(Object Repository/Claim MV/Claim MV/TXT_DRIVER), "value"): Attribute 'value' of object 'Object Repository/Claim MV/Claim MV/TXT_DRIVER' is: 'NAME ON POLICY TAF0040474'

2018-11-27 11:24:40 - [MESSAGE][PASSED] - Attribute 'value' of object 'Object Repository/Claim MV/Claim MV/TXT_DRIVER' is: 'NAME ON POLICY TAF0040474'

2018-11-27 11:24:40 - [TEST_STEP][PASSED] - delay: Delayed 1 second(s)

2018-11-27 11:24:41 - [MESSAGE][PASSED] - Delayed 1 second(s)

2018-11-27 11:24:41 - [TEST_STEP][PASSED] - click: Object: 'Object Repository/Claim MV/Claim MV/EXP_SURVEY_TYPE' is clicked on

2018-11-27 11:24:42 - [MESSAGE][PASSED] - Object: 'Object Repository/Claim MV/Claim MV/EXP_SURVEY_TYPE' is clicked on

2018-11-27 11:24:42 - [TEST_STEP][PASSED] - delay: Delayed 1 second(s)

2018-11-27 11:24:43 - [MESSAGE][PASSED] - Delayed 1 second(s)

2018-11-27 11:24:43 - [TEST_STEP][PASSED] - click: Object: 'Object Repository/Claim MV/Claim MV/LST_SURVEY_TYPE' is clicked on

2018-11-27 11:24:43 - [MESSAGE][PASSED] - Object: 'Object Repository/Claim MV/Claim MV/LST_SURVEY_TYPE' is clicked on

2018-11-27 11:24:43 - [TEST_STEP][PASSED] - delay: Delayed 3 second(s)

2018-11-27 11:24:46 - [MESSAGE][PASSED] - Delayed 3 second(s)

2018-11-27 11:24:46 - [TEST_STEP][PASSED] - Statement - If (surveytype == "Survey-in"): null

2018-11-27 11:24:46 - [TEST_STEP][PASSED] - Statement - Else If (surveytype == "Survey-out"): Delayed 10 second(s)

2018-11-27 11:24:46 - [TEST_STEP][PASSED] - Statement - If (surveylocation == "Workshop"): Delayed 1 second(s)

2018-11-27 11:24:46 - [TEST_STEP][PASSED] - click: Object: 'Object Repository/Claim MV/Claim MV/BTN_WORKSHOP_LIST' is clicked on

2018-11-27 11:24:46 - [MESSAGE][PASSED] - Object: 'Object Repository/Claim MV/Claim MV/BTN_WORKSHOP_LIST' is clicked on

2018-11-27 11:24:46 - [TEST_STEP][PASSED] - delay: Delayed 3 second(s)

2018-11-27 11:24:49 - [MESSAGE][PASSED] - Delayed 3 second(s)

2018-11-27 11:24:49 - [TEST_STEP][PASSED] - setText: Text 'auto 2000 ciledug' is set on object 'Object Repository/Claim MV/Claim MV/OUT Workshop/TXT_SEARCH_INPUT'

2018-11-27 11:24:50 - [MESSAGE][PASSED] - Text 'auto 2000 ciledug' is set on object 'Object Repository/Claim MV/Claim MV/OUT Workshop/TXT_SEARCH_INPUT'

2018-11-27 11:24:50 - [TEST_STEP][PASSED] - delay: Delayed 1 second(s)

2018-11-27 11:24:51 - [MESSAGE][PASSED] - Delayed 1 second(s)

2018-11-27 11:24:51 - [TEST_STEP][PASSED] - click: Object: 'Object Repository/Claim MV/Claim MV/OUT Workshop/BTN_SEARCH' is clicked on

2018-11-27 11:24:51 - [MESSAGE][PASSED] - Object: 'Object Repository/Claim MV/Claim MV/OUT Workshop/BTN_SEARCH' is clicked on

2018-11-27 11:24:51 - [TEST_STEP][PASSED] - delay: Delayed 5 second(s)

2018-11-27 11:24:56 - [MESSAGE][PASSED] - Delayed 5 second(s)

2018-11-27 11:24:56 - [TEST_STEP][PASSED] - click: Object: 'Object Repository/Claim MV/Claim MV/OUT Workshop/LST_SEARCH_RESULT_1' is clicked on

2018-11-27 11:24:56 - [MESSAGE][PASSED] - Object: 'Object Repository/Claim MV/Claim MV/OUT Workshop/LST_SEARCH_RESULT_1' is clicked on

2018-11-27 11:24:56 - [TEST_STEP][PASSED] - delay: Delayed 1 second(s)

2018-11-27 11:24:57 - [MESSAGE][PASSED] - Delayed 1 second(s)

2018-11-27 11:24:57 - [TEST_STEP][PASSED] - click: Object: 'Object Repository/Claim MV/Claim MV/OUT Workshop/BTN_SELECT' is clicked on

2018-11-27 11:24:58 - [MESSAGE][PASSED] - Object: 'Object Repository/Claim MV/Claim MV/OUT Workshop/BTN_SELECT' is clicked on

2018-11-27 11:24:58 - [TEST_STEP][PASSED] - delay: Delayed 1 second(s)

2018-11-27 11:24:59 - [MESSAGE][PASSED] - Delayed 1 second(s)

2018-11-27 11:24:59 - [TEST_STEP][PASSED] - click: Object: 'Object Repository/Claim MV/Claim MV/BTN_SURVEY_SCHEDULE_IN' is clicked on

2018-11-27 11:24:59 - [MESSAGE][PASSED] - Object: 'Object Repository/Claim MV/Claim MV/BTN_SURVEY_SCHEDULE_IN' is clicked on

2018-11-27 11:24:59 - [TEST_STEP][PASSED] - delay: Delayed 3 second(s)

2018-11-27 11:25:02 - [MESSAGE][PASSED] - Delayed 3 second(s)

2018-11-27 11:25:02 - [TEST_STEP][PASSED] - click: Object: 'Object Repository/Claim MV/Claim MV/BTN_DAY_SURVEY' is clicked on

2018-11-27 11:25:02 - [MESSAGE][PASSED] - Object: 'Object Repository/Claim MV/Claim MV/BTN_DAY_SURVEY' is clicked on

2018-11-27 11:25:02 - [TEST_STEP][PASSED] - delay: Delayed 3 second(s)

2018-11-27 11:25:05 - [MESSAGE][PASSED] - Delayed 3 second(s)

2018-11-27 11:25:05 - [TEST_STEP][PASSED] - click: Object: 'Object Repository/Claim MV/Claim MV/EXP_SURVEY_TIME' is clicked on

2018-11-27 11:25:05 - [MESSAGE][PASSED] - Object: 'Object Repository/Claim MV/Claim MV/EXP_SURVEY_TIME' is clicked on

2018-11-27 11:25:05 - [TEST_STEP][PASSED] - delay: Delayed 1 second(s)

2018-11-27 11:25:06 - [MESSAGE][PASSED] - Delayed 1 second(s)

2018-11-27 11:25:06 - [TEST_STEP][PASSED] - click: Object: 'Object Repository/Claim MV/Claim MV/LST_SURVEY_TIME' is clicked on

2018-11-27 11:25:07 - [MESSAGE][PASSED] - Object: 'Object Repository/Claim MV/Claim MV/LST_SURVEY_TIME' is clicked on

2018-11-27 11:25:07 - [TEST_STEP][PASSED] - delay: Delayed 1 second(s)

2018-11-27 11:25:08 - [MESSAGE][PASSED] - Delayed 1 second(s)

2018-11-27 11:25:08 - [TEST_STEP][PASSED] - setText: Text 'locationaccident' is set on object 'Object Repository/Claim MV/Claim MV/TXT_LOCATION_ACCIDENT'

2018-11-27 11:25:08 - [MESSAGE][PASSED] - Text 'locationaccident' is set on object 'Object Repository/Claim MV/Claim MV/TXT_LOCATION_ACCIDENT'

2018-11-27 11:25:08 - [TEST_STEP][PASSED] - delay: Delayed 1 second(s)

2018-11-27 11:25:09 - [MESSAGE][PASSED] - Delayed 1 second(s)

2018-11-27 11:25:09 - [TEST_STEP][PASSED] - setText: Text 'accidentinfo' is set on object 'Object Repository/Claim MV/Claim MV/TXT_ACCIDENT_INFO'

2018-11-27 11:25:09 - [MESSAGE][PASSED] - Text 'accidentinfo' is set on object 'Object Repository/Claim MV/Claim MV/TXT_ACCIDENT_INFO'

2018-11-27 11:25:09 - [TEST_STEP][PASSED] - delay: Delayed 1 second(s)

2018-11-27 11:25:10 - [MESSAGE][PASSED] - Delayed 1 second(s)

2018-11-27 11:25:10 - [TEST_STEP][PASSED] - click: Object: 'Object Repository/Claim MV/Claim MV/EXP_CAUSE_LOSS' is clicked on

2018-11-27 11:25:11 - [MESSAGE][PASSED] - Object: 'Object Repository/Claim MV/Claim MV/EXP_CAUSE_LOSS' is clicked on

2018-11-27 11:25:11 - [TEST_STEP][PASSED] - delay: Delayed 1 second(s)

2018-11-27 11:25:12 - [MESSAGE][PASSED] - Delayed 1 second(s)

2018-11-27 11:25:12 - [TEST_STEP][PASSED] - click: Object: 'Object Repository/Claim MV/Claim MV/LST_CAUSE_DITABRAK' is clicked on

2018-11-27 11:25:12 - [MESSAGE][PASSED] - Object: 'Object Repository/Claim MV/Claim MV/LST_CAUSE_DITABRAK' is clicked on

2018-11-27 11:25:12 - [TEST_STEP][PASSED] - delay: Delayed 1 second(s)

2018-11-27 11:25:13 - [MESSAGE][PASSED] - Delayed 1 second(s)

2018-11-27 11:25:13 - [TEST_STEP][PASSED] - setText: Text 'customeronlocation' is set on object 'Object Repository/Claim MV/Claim MV/TXT_CUST_ON_LOCATION'

2018-11-27 11:25:13 - [MESSAGE][PASSED] - Text 'customeronlocation' is set on object 'Object Repository/Claim MV/Claim MV/TXT_CUST_ON_LOCATION'

2018-11-27 11:25:13 - [TEST_STEP][PASSED] - delay: Delayed 1 second(s)

2018-11-27 11:25:14 - [MESSAGE][PASSED] - Delayed 1 second(s)

2018-11-27 11:25:14 - [TEST_STEP][PASSED] - setText: Text '081818181' is set on object 'Object Repository/Claim MV/Claim MV/TXT_PIC_PHONE'

2018-11-27 11:25:15 - [MESSAGE][PASSED] - Text '081818181' is set on object 'Object Repository/Claim MV/Claim MV/TXT_PIC_PHONE'

2018-11-27 11:25:15 - [TEST_STEP][PASSED] - delay: Delayed 1 second(s)

2018-11-27 11:25:16 - [MESSAGE][PASSED] - Delayed 1 second(s)

2018-11-27 11:25:16 - [TEST_STEP][PASSED] - Statement - If (surveylocation != "Workshop"): null

2018-11-27 11:25:16 - [TEST_STEP][PASSED] - click: Object: 'Object Repository/Claim MV/Claim MV/CHK_SEND_SMS' is clicked on

2018-11-27 11:25:16 - [MESSAGE][PASSED] - Object: 'Object Repository/Claim MV/Claim MV/CHK_SEND_SMS' is clicked on

2018-11-27 11:25:16 - [TEST_STEP][PASSED] - delay: Delayed 1 second(s)

2018-11-27 11:25:17 - [MESSAGE][PASSED] - Delayed 1 second(s)

2018-11-27 11:25:17 - [TEST_STEP][PASSED] - click: Object: 'Object Repository/Claim MV/Claim MV/EXP_FU_STATUS' is clicked on

2018-11-27 11:25:17 - [MESSAGE][PASSED] - Object: 'Object Repository/Claim MV/Claim MV/EXP_FU_STATUS' is clicked on

2018-11-27 11:25:17 - [TEST_STEP][PASSED] - delay: Delayed 1 second(s)

2018-11-27 11:25:18 - [MESSAGE][PASSED] - Delayed 1 second(s)

2018-11-27 11:25:18 - [TEST_STEP][PASSED] - click: Object: 'Object Repository/Claim MV/Claim MV/LST_FU_CLOSE' is clicked on

2018-11-27 11:25:18 - [MESSAGE][PASSED] - Object: 'Object Repository/Claim MV/Claim MV/LST_FU_CLOSE' is clicked on

2018-11-27 11:25:18 - [TEST_STEP][PASSED] - delay: Delayed 1 second(s)

2018-11-27 11:25:19 - [MESSAGE][PASSED] - Delayed 1 second(s)

2018-11-27 11:25:19 - [TEST_STEP][PASSED] - setText: Text 'remarks' is set on object 'Object Repository/Claim MV/Claim MV/TXT_FU_REMARKS'

2018-11-27 11:25:20 - [MESSAGE][PASSED] - Text 'remarks' is set on object 'Object Repository/Claim MV/Claim MV/TXT_FU_REMARKS'

2018-11-27 11:25:20 - [TEST_STEP][PASSED] - delay: Delayed 1 second(s)

2018-11-27 11:25:21 - [MESSAGE][PASSED] - Delayed 1 second(s)

2018-11-27 11:25:21 - [TEST_STEP][PASSED] - click: Object: 'Object Repository/Claim MV/Claim MV/BTN_SAVE' is clicked on

2018-11-27 11:25:21 - [MESSAGE][PASSED] - Object: 'Object Repository/Claim MV/Claim MV/BTN_SAVE' is clicked on

2018-11-27 11:25:21 - [TEST_STEP][PASSED] - delay: Delayed 350 second(s)

2018-11-27 11:31:11 - [MESSAGE][PASSED] - Delayed 350 second(s)

2018-11-27 11:31:11 - [TEST_STEP][PASSED] - executeSQL.executeScript.checksurveyout: executeSQL.executeScript.checksurveyout is PASSED

2018-11-27 11:31:23 - [MESSAGE][PASSED] - executeSQL.executeScript.checksurveyout is PASSED

2018-11-27 11:31:23 - [TEST_STEP][PASSED] - Statement - If (surveylocation == "Workshop"): executeSQL.executeScript.checkregionareaoutworkshop is PASSED

2018-11-27 11:31:23 - [TEST_STEP][PASSED] - delay: Delayed 1 second(s)

2018-11-27 11:31:24 - [MESSAGE][PASSED] - Delayed 1 second(s)

2018-11-27 11:31:24 - [TEST_STEP][PASSED] - executeSQL.executeScript.checkregionareaoutworkshop: executeSQL.executeScript.checkregionareaoutworkshop is PASSED

2018-11-27 11:31:27 - [MESSAGE][PASSED] - executeSQL.executeScript.checkregionareaoutworkshop is PASSED

2018-11-27 11:31:27 - [TEST_STEP][PASSED] - Statement - If (surveylocation != "Workshop"): null

2018-11-27 11:31:27 - [TEST_STEP][PASSED] - delay: Delayed 1 second(s)

2018-11-27 11:31:28 - [MESSAGE][PASSED] - Delayed 1 second(s)

2018-11-27 11:31:28 - [TEST_STEP][PASSED] - Statement - If (surveylocation != "Workshop"): null

2018-11-27 11:31:28 - [TEST_STEP][PASSED] - click: Object: 'Object Repository/Claim MV/Claim MV/BTN_SAVE_OK' is clicked on

2018-11-27 11:31:28 - [MESSAGE][PASSED] - Object: 'Object Repository/Claim MV/Claim MV/BTN_SAVE_OK' is clicked on

2018-11-27 11:31:28 - [TEST_STEP][PASSED] - delay: Delayed 10 second(s)

2018-11-27 11:31:38 - [MESSAGE][PASSED] - Delayed 10 second(s)

2018-11-27 11:31:38 - [MESSAGE][PASSED] - Call Test Case 'Test Cases/Screen/Claim MV' successfully

2018-11-27 11:31:38 - [TEST_STEP][PASSED] - callTestCase: Call Test Case 'Test Cases/Screen/Logout' successfully

2018-11-27 11:31:38 - [TEST_CASE][PASSED] - Test Cases/Screen/Logout: Test Cases/Screen/Logout

2018-11-27 11:31:38 - [TEST_STEP][PASSED] - delay: Delayed 1 second(s)

2018-11-27 11:31:39 - [MESSAGE][PASSED] - Delayed 1 second(s)

2018-11-27 11:31:39 - [TEST_STEP][PASSED] - click: Object: 'Object Repository/Home/LNK_USER' is clicked on

2018-11-27 11:31:39 - [MESSAGE][PASSED] - Object: 'Object Repository/Home/LNK_USER' is clicked on

2018-11-27 11:31:39 - [TEST_STEP][PASSED] - delay: Delayed 1 second(s)

2018-11-27 11:31:40 - [MESSAGE][PASSED] - Delayed 1 second(s)

2018-11-27 11:31:40 - [TEST_STEP][PASSED] - click: Object: 'Object Repository/Home/LNK_EXIT' is clicked on

2018-11-27 11:31:40 - [MESSAGE][PASSED] - Object: 'Object Repository/Home/LNK_EXIT' is clicked on

2018-11-27 11:31:40 - [TEST_STEP][PASSED] - delay: Delayed 1 second(s)

2018-11-27 11:31:41 - [MESSAGE][PASSED] - Delayed 1 second(s)

2018-11-27 11:31:41 - [TEST_STEP][PASSED] - click: Object: 'Object Repository/Home/BTN_EXIT_YES' is clicked on

2018-11-27 11:31:43 - [MESSAGE][PASSED] - Object: 'Object Repository/Home/BTN_EXIT_YES' is clicked on

2018-11-27 11:31:43 - [TEST_STEP][PASSED] - delay: Delayed 3 second(s)

2018-11-27 11:31:46 - [MESSAGE][PASSED] - Delayed 3 second(s)

2018-11-27 11:31:46 - [MESSAGE][PASSED] - Call Test Case 'Test Cases/Screen/Logout' successfully]]></system-out>
         <system-err><![CDATA[]]></system-err>
      </testcase>
      <system-out><![CDATA[2018-11-27 10:32:47 - [TEST_SUITE][FAILED] - Run All Claim MV: Test Cases/Scenario/Claim MV - In RO FAILED because (of) (Stack trace: com.kms.katalon.core.exception.StepFailedException: Unable to click on object 'Object Repository/Claim MV/Create Ticket/LST_CALLER_1' (Root cause: org.openqa.selenium.WebDriverException: unknown error: Element <tr data-bind="style: {height: $parent.rowHeight}, css: {active: $parent.isActive($index())}, singleOrDoubleClick: { delay: 500, click: function(data, event) { $parent.onClick(data, event, $index()) }, dblclick: function(data, event) { $parent.onDoubleClick(data, event, $index()) } }" class="" style="height: 26px;">...</tr> is not clickable at point (508, 205). Other element would receive the click: <div class="col-sm-offset-3 col-sm-6 col-md-offset-4 col-md-4 col-xs-12" style="border-radius:15px;padding:15px;background-color:white;border:1px solid grey;top:75px">...</div>
  (Session info: chrome=70.0.3538.102)
  (Driver info: chromedriver=2.43.600210 (68dcf5eebde37173d4027fa8635e332711d2874a),platform=Windows NT 10.0.16299 x86_64) (WARNING: The server did not provide any stacktrace information)
Command duration or timeout: 0 milliseconds
Build info: version: '3.7.1', revision: '8a0099a', time: '2017-11-06T21:07:36.161Z'
System info: host: 'SMHONB17D34BTE', ip: '10.242.10.118', os.name: 'Windows 10', os.arch: 'amd64', os.version: '10.0', java.version: '1.8.0_181'
Driver info: com.kms.katalon.selenium.driver.CChromeDriver
Capabilities {acceptInsecureCerts: false, acceptSslCerts: false, applicationCacheEnabled: false, browserConnectionEnabled: false, browserName: chrome, chrome: {chromedriverVersion: 2.43.600210 (68dcf5eebde371..., userDataDir: C:\Users\bte\AppData\Local\...}, cssSelectorsEnabled: true, databaseEnabled: false, goog:chromeOptions: {debuggerAddress: localhost:64632}, handlesAlerts: true, hasTouchScreen: false, javascriptEnabled: true, locationContextEnabled: true, mobileEmulationEnabled: false, nativeEvents: true, networkConnectionEnabled: false, pageLoadStrategy: normal, platform: XP, platformName: XP, rotatable: false, setWindowRect: true, takesHeapSnapshot: true, takesScreenshot: true, unexpectedAlertBehaviour: , unhandledPromptBehavior: , version: 70.0.3538.102, webStorageEnabled: true}
Session ID: 060f0ae25f62d15d42bd38a720525f61)
	at com.kms.katalon.core.keyword.internal.KeywordMain.stepFailed(KeywordMain.groovy:36)
	at com.kms.katalon.core.webui.keyword.internal.WebUIKeywordMain.stepFailed(WebUIKeywordMain.groovy:65)
	at com.kms.katalon.core.webui.keyword.internal.WebUIKeywordMain.runKeyword(WebUIKeywordMain.groovy:27)
	at com.kms.katalon.core.webui.keyword.builtin.ClickKeyword.click(ClickKeyword.groovy:86)
	at com.kms.katalon.core.webui.keyword.builtin.ClickKeyword.execute(ClickKeyword.groovy:67)
	at com.kms.katalon.core.keyword.internal.KeywordExecutor.executeKeywordForPlatform(KeywordExecutor.groovy:53)
	at com.kms.katalon.core.webui.keyword.WebUiBuiltInKeywords.click(WebUiBuiltInKeywords.groovy:616)
	at com.kms.katalon.core.webui.keyword.WebUiBuiltInKeywords$click$2.call(Unknown Source)
	at Script1542943813551.run(Script1542943813551.groovy:54)
	at com.kms.katalon.core.main.ScriptEngine.run(ScriptEngine.java:183)
	at com.kms.katalon.core.main.ScriptEngine.runScriptAsRawText(ScriptEngine.java:108)
	at com.kms.katalon.core.main.TestCaseExecutor.runScript(TestCaseExecutor.java:294)
	at com.kms.katalon.core.main.TestCaseExecutor.doExecute(TestCaseExecutor.java:285)
	at com.kms.katalon.core.main.TestCaseExecutor.processExecutionPhase(TestCaseExecutor.java:264)
	at com.kms.katalon.core.main.TestCaseExecutor.accessMainPhase(TestCaseExecutor.java:256)
	at com.kms.katalon.core.main.TestCaseExecutor.execute(TestCaseExecutor.java:200)
	at com.kms.katalon.core.main.TestCaseMain.runTestCase(TestCaseMain.java:99)
	at com.kms.katalon.core.keyword.builtin.CallTestCaseKeyword$_callTestCase_closure1.doCall(CallTestCaseKeyword.groovy:60)
	at com.kms.katalon.core.keyword.builtin.CallTestCaseKeyword$_callTestCase_closure1.call(CallTestCaseKeyword.groovy)
	at com.kms.katalon.core.keyword.internal.KeywordMain.runKeyword(KeywordMain.groovy:54)
	at com.kms.katalon.core.keyword.builtin.CallTestCaseKeyword.callTestCase(CallTestCaseKeyword.groovy:81)
	at com.kms.katalon.core.keyword.builtin.CallTestCaseKeyword.execute(CallTestCaseKeyword.groovy:45)
	at com.kms.katalon.core.keyword.internal.KeywordExecutor.executeKeywordForPlatform(KeywordExecutor.groovy:53)
	at com.kms.katalon.core.keyword.BuiltinKeywords.callTestCase(BuiltinKeywords.groovy:334)
	at sun.reflect.GeneratedMethodAccessor13.invoke(Unknown Source)
	at sun.reflect.DelegatingMethodAccessorImpl.invoke(DelegatingMethodAccessorImpl.java:43)
	at java.lang.reflect.Method.invoke(Method.java:498)
	at org.codehaus.groovy.reflection.CachedMethod.invoke(CachedMethod.java:93)
	at groovy.lang.MetaMethod.doMethodInvoke(MetaMethod.java:325)
	at groovy.lang.MetaClassImpl.invokeStaticMethod(MetaClassImpl.java:1469)
	at org.codehaus.groovy.runtime.callsite.StaticMetaClassSite.call(StaticMetaClassSite.java:53)
	at org.codehaus.groovy.runtime.callsite.CallSiteArray.defaultCall(CallSiteArray.java:48)
	at org.codehaus.groovy.runtime.callsite.AbstractCallSite.call(AbstractCallSite.java:113)
	at org.codehaus.groovy.runtime.callsite.AbstractCallSite.call(AbstractCallSite.java:141)
	at Script1543289523870.run(Script1543289523870.groovy:20)
	at com.kms.katalon.core.main.ScriptEngine.run(ScriptEngine.java:183)
	at com.kms.katalon.core.main.ScriptEngine.runScriptAsRawText(ScriptEngine.java:108)
	at com.kms.katalon.core.main.TestCaseExecutor.runScript(TestCaseExecutor.java:294)
	at com.kms.katalon.core.main.TestCaseExecutor.doExecute(TestCaseExecutor.java:285)
	at com.kms.katalon.core.main.TestCaseExecutor.processExecutionPhase(TestCaseExecutor.java:264)
	at com.kms.katalon.core.main.TestCaseExecutor.accessMainPhase(TestCaseExecutor.java:256)
	at com.kms.katalon.core.main.TestCaseExecutor.execute(TestCaseExecutor.java:200)
	at com.kms.katalon.core.main.TestSuiteExecutor.accessTestCaseMainPhase(TestSuiteExecutor.java:129)
	at com.kms.katalon.core.main.TestSuiteExecutor.accessTestSuiteMainPhase(TestSuiteExecutor.java:112)
	at com.kms.katalon.core.main.TestSuiteExecutor.execute(TestSuiteExecutor.java:81)
	at com.kms.katalon.core.main.TestCaseMain.startTestSuite(TestCaseMain.java:142)
	at com.kms.katalon.core.main.TestCaseMain$startTestSuite$0.call(Unknown Source)
	at org.codehaus.groovy.runtime.callsite.CallSiteArray.defaultCall(CallSiteArray.java:48)
	at org.codehaus.groovy.runtime.callsite.AbstractCallSite.call(AbstractCallSite.java:113)
	at org.codehaus.groovy.runtime.callsite.AbstractCallSite.call(AbstractCallSite.java:141)
	at TempTestSuite1543289564685.run(TempTestSuite1543289564685.groovy:36)
	at groovy.lang.GroovyShell.runScriptOrMainOrTestOrRunnable(GroovyShell.java:263)
	at groovy.lang.GroovyShell.run(GroovyShell.java:518)
	at groovy.lang.GroovyShell.run(GroovyShell.java:507)
	at groovy.ui.GroovyMain.processOnce(GroovyMain.java:653)
	at groovy.ui.GroovyMain.run(GroovyMain.java:384)
	at groovy.ui.GroovyMain.process(GroovyMain.java:370)
	at groovy.ui.GroovyMain.processArgs(GroovyMain.java:129)
	at groovy.ui.GroovyMain.main(GroovyMain.java:109)
	at sun.reflect.NativeMethodAccessorImpl.invoke0(Native Method)
	at sun.reflect.NativeMethodAccessorImpl.invoke(NativeMethodAccessorImpl.java:62)
	at sun.reflect.DelegatingMethodAccessorImpl.invoke(DelegatingMethodAccessorImpl.java:43)
	at java.lang.reflect.Method.invoke(Method.java:498)
	at org.codehaus.groovy.tools.GroovyStarter.rootLoader(GroovyStarter.java:109)
	at org.codehaus.groovy.tools.GroovyStarter.main(GroovyStarter.java:131)
)]]></system-out>
      <system-err><![CDATA[2018-11-27 10:32:47 - [TEST_SUITE][FAILED] - Run All Claim MV: Test Cases/Scenario/Claim MV - In RO FAILED because (of) (Stack trace: com.kms.katalon.core.exception.StepFailedException: Unable to click on object 'Object Repository/Claim MV/Create Ticket/LST_CALLER_1' (Root cause: org.openqa.selenium.WebDriverException: unknown error: Element <tr data-bind="style: {height: $parent.rowHeight}, css: {active: $parent.isActive($index())}, singleOrDoubleClick: { delay: 500, click: function(data, event) { $parent.onClick(data, event, $index()) }, dblclick: function(data, event) { $parent.onDoubleClick(data, event, $index()) } }" class="" style="height: 26px;">...</tr> is not clickable at point (508, 205). Other element would receive the click: <div class="col-sm-offset-3 col-sm-6 col-md-offset-4 col-md-4 col-xs-12" style="border-radius:15px;padding:15px;background-color:white;border:1px solid grey;top:75px">...</div>
  (Session info: chrome=70.0.3538.102)
  (Driver info: chromedriver=2.43.600210 (68dcf5eebde37173d4027fa8635e332711d2874a),platform=Windows NT 10.0.16299 x86_64) (WARNING: The server did not provide any stacktrace information)
Command duration or timeout: 0 milliseconds
Build info: version: '3.7.1', revision: '8a0099a', time: '2017-11-06T21:07:36.161Z'
System info: host: 'SMHONB17D34BTE', ip: '10.242.10.118', os.name: 'Windows 10', os.arch: 'amd64', os.version: '10.0', java.version: '1.8.0_181'
Driver info: com.kms.katalon.selenium.driver.CChromeDriver
Capabilities {acceptInsecureCerts: false, acceptSslCerts: false, applicationCacheEnabled: false, browserConnectionEnabled: false, browserName: chrome, chrome: {chromedriverVersion: 2.43.600210 (68dcf5eebde371..., userDataDir: C:\Users\bte\AppData\Local\...}, cssSelectorsEnabled: true, databaseEnabled: false, goog:chromeOptions: {debuggerAddress: localhost:64632}, handlesAlerts: true, hasTouchScreen: false, javascriptEnabled: true, locationContextEnabled: true, mobileEmulationEnabled: false, nativeEvents: true, networkConnectionEnabled: false, pageLoadStrategy: normal, platform: XP, platformName: XP, rotatable: false, setWindowRect: true, takesHeapSnapshot: true, takesScreenshot: true, unexpectedAlertBehaviour: , unhandledPromptBehavior: , version: 70.0.3538.102, webStorageEnabled: true}
Session ID: 060f0ae25f62d15d42bd38a720525f61)
	at com.kms.katalon.core.keyword.internal.KeywordMain.stepFailed(KeywordMain.groovy:36)
	at com.kms.katalon.core.webui.keyword.internal.WebUIKeywordMain.stepFailed(WebUIKeywordMain.groovy:65)
	at com.kms.katalon.core.webui.keyword.internal.WebUIKeywordMain.runKeyword(WebUIKeywordMain.groovy:27)
	at com.kms.katalon.core.webui.keyword.builtin.ClickKeyword.click(ClickKeyword.groovy:86)
	at com.kms.katalon.core.webui.keyword.builtin.ClickKeyword.execute(ClickKeyword.groovy:67)
	at com.kms.katalon.core.keyword.internal.KeywordExecutor.executeKeywordForPlatform(KeywordExecutor.groovy:53)
	at com.kms.katalon.core.webui.keyword.WebUiBuiltInKeywords.click(WebUiBuiltInKeywords.groovy:616)
	at com.kms.katalon.core.webui.keyword.WebUiBuiltInKeywords$click$2.call(Unknown Source)
	at Script1542943813551.run(Script1542943813551.groovy:54)
	at com.kms.katalon.core.main.ScriptEngine.run(ScriptEngine.java:183)
	at com.kms.katalon.core.main.ScriptEngine.runScriptAsRawText(ScriptEngine.java:108)
	at com.kms.katalon.core.main.TestCaseExecutor.runScript(TestCaseExecutor.java:294)
	at com.kms.katalon.core.main.TestCaseExecutor.doExecute(TestCaseExecutor.java:285)
	at com.kms.katalon.core.main.TestCaseExecutor.processExecutionPhase(TestCaseExecutor.java:264)
	at com.kms.katalon.core.main.TestCaseExecutor.accessMainPhase(TestCaseExecutor.java:256)
	at com.kms.katalon.core.main.TestCaseExecutor.execute(TestCaseExecutor.java:200)
	at com.kms.katalon.core.main.TestCaseMain.runTestCase(TestCaseMain.java:99)
	at com.kms.katalon.core.keyword.builtin.CallTestCaseKeyword$_callTestCase_closure1.doCall(CallTestCaseKeyword.groovy:60)
	at com.kms.katalon.core.keyword.builtin.CallTestCaseKeyword$_callTestCase_closure1.call(CallTestCaseKeyword.groovy)
	at com.kms.katalon.core.keyword.internal.KeywordMain.runKeyword(KeywordMain.groovy:54)
	at com.kms.katalon.core.keyword.builtin.CallTestCaseKeyword.callTestCase(CallTestCaseKeyword.groovy:81)
	at com.kms.katalon.core.keyword.builtin.CallTestCaseKeyword.execute(CallTestCaseKeyword.groovy:45)
	at com.kms.katalon.core.keyword.internal.KeywordExecutor.executeKeywordForPlatform(KeywordExecutor.groovy:53)
	at com.kms.katalon.core.keyword.BuiltinKeywords.callTestCase(BuiltinKeywords.groovy:334)
	at sun.reflect.GeneratedMethodAccessor13.invoke(Unknown Source)
	at sun.reflect.DelegatingMethodAccessorImpl.invoke(DelegatingMethodAccessorImpl.java:43)
	at java.lang.reflect.Method.invoke(Method.java:498)
	at org.codehaus.groovy.reflection.CachedMethod.invoke(CachedMethod.java:93)
	at groovy.lang.MetaMethod.doMethodInvoke(MetaMethod.java:325)
	at groovy.lang.MetaClassImpl.invokeStaticMethod(MetaClassImpl.java:1469)
	at org.codehaus.groovy.runtime.callsite.StaticMetaClassSite.call(StaticMetaClassSite.java:53)
	at org.codehaus.groovy.runtime.callsite.CallSiteArray.defaultCall(CallSiteArray.java:48)
	at org.codehaus.groovy.runtime.callsite.AbstractCallSite.call(AbstractCallSite.java:113)
	at org.codehaus.groovy.runtime.callsite.AbstractCallSite.call(AbstractCallSite.java:141)
	at Script1543289523870.run(Script1543289523870.groovy:20)
	at com.kms.katalon.core.main.ScriptEngine.run(ScriptEngine.java:183)
	at com.kms.katalon.core.main.ScriptEngine.runScriptAsRawText(ScriptEngine.java:108)
	at com.kms.katalon.core.main.TestCaseExecutor.runScript(TestCaseExecutor.java:294)
	at com.kms.katalon.core.main.TestCaseExecutor.doExecute(TestCaseExecutor.java:285)
	at com.kms.katalon.core.main.TestCaseExecutor.processExecutionPhase(TestCaseExecutor.java:264)
	at com.kms.katalon.core.main.TestCaseExecutor.accessMainPhase(TestCaseExecutor.java:256)
	at com.kms.katalon.core.main.TestCaseExecutor.execute(TestCaseExecutor.java:200)
	at com.kms.katalon.core.main.TestSuiteExecutor.accessTestCaseMainPhase(TestSuiteExecutor.java:129)
	at com.kms.katalon.core.main.TestSuiteExecutor.accessTestSuiteMainPhase(TestSuiteExecutor.java:112)
	at com.kms.katalon.core.main.TestSuiteExecutor.execute(TestSuiteExecutor.java:81)
	at com.kms.katalon.core.main.TestCaseMain.startTestSuite(TestCaseMain.java:142)
	at com.kms.katalon.core.main.TestCaseMain$startTestSuite$0.call(Unknown Source)
	at org.codehaus.groovy.runtime.callsite.CallSiteArray.defaultCall(CallSiteArray.java:48)
	at org.codehaus.groovy.runtime.callsite.AbstractCallSite.call(AbstractCallSite.java:113)
	at org.codehaus.groovy.runtime.callsite.AbstractCallSite.call(AbstractCallSite.java:141)
	at TempTestSuite1543289564685.run(TempTestSuite1543289564685.groovy:36)
	at groovy.lang.GroovyShell.runScriptOrMainOrTestOrRunnable(GroovyShell.java:263)
	at groovy.lang.GroovyShell.run(GroovyShell.java:518)
	at groovy.lang.GroovyShell.run(GroovyShell.java:507)
	at groovy.ui.GroovyMain.processOnce(GroovyMain.java:653)
	at groovy.ui.GroovyMain.run(GroovyMain.java:384)
	at groovy.ui.GroovyMain.process(GroovyMain.java:370)
	at groovy.ui.GroovyMain.processArgs(GroovyMain.java:129)
	at groovy.ui.GroovyMain.main(GroovyMain.java:109)
	at sun.reflect.NativeMethodAccessorImpl.invoke0(Native Method)
	at sun.reflect.NativeMethodAccessorImpl.invoke(NativeMethodAccessorImpl.java:62)
	at sun.reflect.DelegatingMethodAccessorImpl.invoke(DelegatingMethodAccessorImpl.java:43)
	at java.lang.reflect.Method.invoke(Method.java:498)
	at org.codehaus.groovy.tools.GroovyStarter.rootLoader(GroovyStarter.java:109)
	at org.codehaus.groovy.tools.GroovyStarter.main(GroovyStarter.java:131)
)]]></system-err>
   </testsuite>
</testsuites>
